[2026-01-22T20:04:09.096+0000] {taskinstance.py:1157} INFO - Dependencies all met for dep_context=non-requeueable deps ti=<TaskInstance: 3_mlops_full_pipeline.mlflow_training manual__2026-01-22T19:41:13.961943+00:00 [queued]>
[2026-01-22T20:04:09.105+0000] {taskinstance.py:1157} INFO - Dependencies all met for dep_context=requeueable deps ti=<TaskInstance: 3_mlops_full_pipeline.mlflow_training manual__2026-01-22T19:41:13.961943+00:00 [queued]>
[2026-01-22T20:04:09.105+0000] {taskinstance.py:1359} INFO - Starting attempt 2 of 2
[2026-01-22T20:04:09.117+0000] {taskinstance.py:1380} INFO - Executing <Task(BashOperator): mlflow_training> on 2026-01-22 19:41:13.961943+00:00
[2026-01-22T20:04:09.122+0000] {standard_task_runner.py:57} INFO - Started process 1976 to run task
[2026-01-22T20:04:09.125+0000] {standard_task_runner.py:84} INFO - Running: ['***', 'tasks', 'run', '3_mlops_full_pipeline', 'mlflow_training', 'manual__2026-01-22T19:41:13.961943+00:00', '--job-id', '48', '--raw', '--subdir', 'DAGS_FOLDER/mlops_pipeline.py', '--cfg-path', '/tmp/tmptgzbap5y']
[2026-01-22T20:04:09.137+0000] {standard_task_runner.py:85} INFO - Job 48: Subtask mlflow_training
[2026-01-22T20:04:09.262+0000] {task_command.py:415} INFO - Running <TaskInstance: 3_mlops_full_pipeline.mlflow_training manual__2026-01-22T19:41:13.961943+00:00 [running]> on host 4fbdf2312f2b
[2026-01-22T20:04:09.360+0000] {taskinstance.py:1660} INFO - Exporting env vars: AIRFLOW_CTX_DAG_OWNER='***' AIRFLOW_CTX_DAG_ID='3_mlops_full_pipeline' AIRFLOW_CTX_TASK_ID='mlflow_training' AIRFLOW_CTX_EXECUTION_DATE='2026-01-22T19:41:13.961943+00:00' AIRFLOW_CTX_TRY_NUMBER='2' AIRFLOW_CTX_DAG_RUN_ID='manual__2026-01-22T19:41:13.961943+00:00'
[2026-01-22T20:04:09.362+0000] {subprocess.py:63} INFO - Tmp dir root location: /tmp
[2026-01-22T20:04:09.363+0000] {subprocess.py:75} INFO - Running command: ['/bin/bash', '-c', 'python /opt/***/dags/train_model.py']
[2026-01-22T20:04:09.378+0000] {subprocess.py:86} INFO - Output:
[2026-01-22T20:04:14.317+0000] {subprocess.py:93} INFO - 2026/01/22 20:04:14 INFO mlflow.tracking.fluent: Experiment with name 'Product_Demand_Prediction' does not exist. Creating a new experiment.
[2026-01-22T20:04:15.792+0000] {subprocess.py:93} INFO - 2026/01/22 20:04:15 WARNING mlflow.utils.git_utils: Failed to import Git (the Git executable is probably not on your PATH), so Git SHA is not available. Error: Failed to initialize: Bad git executable.
[2026-01-22T20:04:15.792+0000] {subprocess.py:93} INFO - The git executable must be specified in one of the following ways:
[2026-01-22T20:04:15.792+0000] {subprocess.py:93} INFO -     - be included in your $PATH
[2026-01-22T20:04:15.793+0000] {subprocess.py:93} INFO -     - be set via $GIT_PYTHON_GIT_EXECUTABLE
[2026-01-22T20:04:15.793+0000] {subprocess.py:93} INFO -     - explicitly set via git.refresh(<full-path-to-git-executable>)
[2026-01-22T20:04:15.793+0000] {subprocess.py:93} INFO - 
[2026-01-22T20:04:15.793+0000] {subprocess.py:93} INFO - All git commands will error until this is rectified.
[2026-01-22T20:04:15.793+0000] {subprocess.py:93} INFO - 
[2026-01-22T20:04:15.793+0000] {subprocess.py:93} INFO - This initial message can be silenced or aggravated in the future by setting the
[2026-01-22T20:04:15.793+0000] {subprocess.py:93} INFO - $GIT_PYTHON_REFRESH environment variable. Use one of the following values:
[2026-01-22T20:04:15.794+0000] {subprocess.py:93} INFO -     - quiet|q|silence|s|silent|none|n|0: for no message or exception
[2026-01-22T20:04:15.794+0000] {subprocess.py:93} INFO -     - warn|w|warning|log|l|1: for a warning message (logging level CRITICAL, displayed by default)
[2026-01-22T20:04:15.794+0000] {subprocess.py:93} INFO -     - error|e|exception|raise|r|2: for a raised exception
[2026-01-22T20:04:15.794+0000] {subprocess.py:93} INFO - 
[2026-01-22T20:04:15.794+0000] {subprocess.py:93} INFO - Example:
[2026-01-22T20:04:15.794+0000] {subprocess.py:93} INFO -     export GIT_PYTHON_REFRESH=quiet
[2026-01-22T20:04:15.794+0000] {subprocess.py:93} INFO - 
[2026-01-22T20:04:24.592+0000] {subprocess.py:93} INFO - 2026/01/22 20:04:24 WARNING mlflow.models.model: Model logged without a signature and input example. Please set `input_example` parameter when logging the model to auto infer the model signature.
[2026-01-22T20:04:24.845+0000] {subprocess.py:93} INFO - 2026/01/22 20:04:24 INFO mlflow.tracking._tracking_service.client: 🏃 View run omniscient-eel-481 at: http://mlflow:5000/#/experiments/1/runs/ec57d0eef7484b9486d23817b2c7b2e3.
[2026-01-22T20:04:24.845+0000] {subprocess.py:93} INFO - 2026/01/22 20:04:24 INFO mlflow.tracking._tracking_service.client: 🧪 View experiment at: http://mlflow:5000/#/experiments/1.
[2026-01-22T20:04:24.869+0000] {subprocess.py:93} INFO - >>> Pobieranie danych treningowych z Gold...
[2026-01-22T20:04:24.869+0000] {subprocess.py:93} INFO - >>> Trenowanie modelu...
[2026-01-22T20:04:24.870+0000] {subprocess.py:93} INFO - Metrics: MSE=106.63676478765132, R2=-4.266013075933398
[2026-01-22T20:04:24.893+0000] {subprocess.py:93} INFO - Traceback (most recent call last):
[2026-01-22T20:04:24.893+0000] {subprocess.py:93} INFO -   File "/home/***/.local/lib/python3.8/site-packages/boto3/s3/transfer.py", line 292, in upload_file
[2026-01-22T20:04:24.894+0000] {subprocess.py:93} INFO -     future.result()
[2026-01-22T20:04:24.894+0000] {subprocess.py:93} INFO -   File "/home/***/.local/lib/python3.8/site-packages/s3transfer/futures.py", line 103, in result
[2026-01-22T20:04:24.894+0000] {subprocess.py:93} INFO -     return self._coordinator.result()
[2026-01-22T20:04:24.894+0000] {subprocess.py:93} INFO -   File "/home/***/.local/lib/python3.8/site-packages/s3transfer/futures.py", line 266, in result
[2026-01-22T20:04:24.895+0000] {subprocess.py:93} INFO -     raise self._exception
[2026-01-22T20:04:24.895+0000] {subprocess.py:93} INFO -   File "/home/***/.local/lib/python3.8/site-packages/s3transfer/tasks.py", line 139, in __call__
[2026-01-22T20:04:24.895+0000] {subprocess.py:93} INFO -     return self._execute_main(kwargs)
[2026-01-22T20:04:24.895+0000] {subprocess.py:93} INFO -   File "/home/***/.local/lib/python3.8/site-packages/s3transfer/tasks.py", line 162, in _execute_main
[2026-01-22T20:04:24.895+0000] {subprocess.py:93} INFO -     return_value = self._main(**kwargs)
[2026-01-22T20:04:24.896+0000] {subprocess.py:93} INFO -   File "/home/***/.local/lib/python3.8/site-packages/s3transfer/upload.py", line 758, in _main
[2026-01-22T20:04:24.896+0000] {subprocess.py:93} INFO -     client.put_object(Bucket=bucket, Key=key, Body=body, **extra_args)
[2026-01-22T20:04:24.896+0000] {subprocess.py:93} INFO -   File "/home/***/.local/lib/python3.8/site-packages/botocore/client.py", line 535, in _api_call
[2026-01-22T20:04:24.896+0000] {subprocess.py:93} INFO -     return self._make_api_call(operation_name, kwargs)
[2026-01-22T20:04:24.896+0000] {subprocess.py:93} INFO -   File "/home/***/.local/lib/python3.8/site-packages/botocore/client.py", line 980, in _make_api_call
[2026-01-22T20:04:24.896+0000] {subprocess.py:93} INFO -     raise error_class(parsed_response, operation_name)
[2026-01-22T20:04:24.897+0000] {subprocess.py:93} INFO - botocore.errorfactory.NoSuchBucket: An error occurred (NoSuchBucket) when calling the PutObject operation: The specified bucket does not exist
[2026-01-22T20:04:24.897+0000] {subprocess.py:93} INFO - 
[2026-01-22T20:04:24.897+0000] {subprocess.py:93} INFO - During handling of the above exception, another exception occurred:
[2026-01-22T20:04:24.897+0000] {subprocess.py:93} INFO - 
[2026-01-22T20:04:24.897+0000] {subprocess.py:93} INFO - Traceback (most recent call last):
[2026-01-22T20:04:24.897+0000] {subprocess.py:93} INFO -   File "/opt/***/dags/train_model.py", line 59, in <module>
[2026-01-22T20:04:24.897+0000] {subprocess.py:93} INFO -     train()
[2026-01-22T20:04:24.897+0000] {subprocess.py:93} INFO -   File "/opt/***/dags/train_model.py", line 54, in train
[2026-01-22T20:04:24.898+0000] {subprocess.py:93} INFO -     mlflow.sklearn.log_model(model, "model", registered_model_name="ProductDemandModel")
[2026-01-22T20:04:24.898+0000] {subprocess.py:93} INFO -   File "/home/***/.local/lib/python3.8/site-packages/mlflow/sklearn/__init__.py", line 413, in log_model
[2026-01-22T20:04:24.898+0000] {subprocess.py:93} INFO -     return Model.log(
[2026-01-22T20:04:24.898+0000] {subprocess.py:93} INFO -   File "/home/***/.local/lib/python3.8/site-packages/mlflow/models/model.py", line 744, in log
[2026-01-22T20:04:24.898+0000] {subprocess.py:93} INFO -     mlflow.tracking.fluent.log_artifacts(local_path, mlflow_model.artifact_path, run_id)
[2026-01-22T20:04:24.898+0000] {subprocess.py:93} INFO -   File "/home/***/.local/lib/python3.8/site-packages/mlflow/tracking/fluent.py", line 1170, in log_artifacts
[2026-01-22T20:04:24.898+0000] {subprocess.py:93} INFO -     MlflowClient().log_artifacts(run_id, local_dir, artifact_path)
[2026-01-22T20:04:24.899+0000] {subprocess.py:93} INFO -   File "/home/***/.local/lib/python3.8/site-packages/mlflow/tracking/client.py", line 1977, in log_artifacts
[2026-01-22T20:04:24.899+0000] {subprocess.py:93} INFO -     self._tracking_client.log_artifacts(run_id, local_dir, artifact_path)
[2026-01-22T20:04:24.899+0000] {subprocess.py:93} INFO -   File "/home/***/.local/lib/python3.8/site-packages/mlflow/tracking/_tracking_service/client.py", line 874, in log_artifacts
[2026-01-22T20:04:24.899+0000] {subprocess.py:93} INFO -     self._get_artifact_repo(run_id).log_artifacts(local_dir, artifact_path)
[2026-01-22T20:04:24.899+0000] {subprocess.py:93} INFO -   File "/home/***/.local/lib/python3.8/site-packages/mlflow/store/artifact/s3_artifact_repo.py", line 194, in log_artifacts
[2026-01-22T20:04:24.899+0000] {subprocess.py:93} INFO -     self._upload_file(
[2026-01-22T20:04:24.899+0000] {subprocess.py:93} INFO -   File "/home/***/.local/lib/python3.8/site-packages/mlflow/store/artifact/s3_artifact_repo.py", line 169, in _upload_file
[2026-01-22T20:04:24.900+0000] {subprocess.py:93} INFO -     s3_client.upload_file(Filename=local_file, Bucket=bucket, Key=key, ExtraArgs=extra_args)
[2026-01-22T20:04:24.900+0000] {subprocess.py:93} INFO -   File "/home/***/.local/lib/python3.8/site-packages/boto3/s3/inject.py", line 143, in upload_file
[2026-01-22T20:04:24.900+0000] {subprocess.py:93} INFO -     return transfer.upload_file(
[2026-01-22T20:04:24.900+0000] {subprocess.py:93} INFO -   File "/home/***/.local/lib/python3.8/site-packages/boto3/s3/transfer.py", line 298, in upload_file
[2026-01-22T20:04:24.900+0000] {subprocess.py:93} INFO -     raise S3UploadFailedError(
[2026-01-22T20:04:24.900+0000] {subprocess.py:93} INFO - boto3.exceptions.S3UploadFailedError: Failed to upload /tmp/tmp6ivgsq54/model/python_env.yaml to mlflow/1/ec57d0eef7484b9486d23817b2c7b2e3/artifacts/model/python_env.yaml: An error occurred (NoSuchBucket) when calling the PutObject operation: The specified bucket does not exist
[2026-01-22T20:04:25.468+0000] {subprocess.py:97} INFO - Command exited with return code 1
[2026-01-22T20:04:25.477+0000] {taskinstance.py:1935} ERROR - Task failed with exception
Traceback (most recent call last):
  File "/home/airflow/.local/lib/python3.8/site-packages/airflow/operators/bash.py", line 210, in execute
    raise AirflowException(
airflow.exceptions.AirflowException: Bash command failed. The command returned a non-zero exit code 1.
[2026-01-22T20:04:25.481+0000] {taskinstance.py:1398} INFO - Marking task as FAILED. dag_id=3_mlops_full_pipeline, task_id=mlflow_training, execution_date=20260122T194113, start_date=20260122T200409, end_date=20260122T200425
[2026-01-22T20:04:25.495+0000] {standard_task_runner.py:104} ERROR - Failed to execute job 48 for task mlflow_training (Bash command failed. The command returned a non-zero exit code 1.; 1976)
[2026-01-22T20:04:25.514+0000] {local_task_job_runner.py:228} INFO - Task exited with return code 1
[2026-01-22T20:04:25.526+0000] {taskinstance.py:2776} INFO - 0 downstream tasks scheduled from follow-on schedule check
