[2026-01-23T16:16:11.215+0000] {taskinstance.py:1157} INFO - Dependencies all met for dep_context=non-requeueable deps ti=<TaskInstance: 3_mlops_full_pipeline.ingest_to_bronze manual__2026-01-23T16:14:45+00:00 [queued]>
[2026-01-23T16:16:11.228+0000] {taskinstance.py:1157} INFO - Dependencies all met for dep_context=requeueable deps ti=<TaskInstance: 3_mlops_full_pipeline.ingest_to_bronze manual__2026-01-23T16:14:45+00:00 [queued]>
[2026-01-23T16:16:11.228+0000] {taskinstance.py:1359} INFO - Starting attempt 1 of 1
[2026-01-23T16:16:11.246+0000] {taskinstance.py:1380} INFO - Executing <Task(BashOperator): ingest_to_bronze> on 2026-01-23 16:14:45+00:00
[2026-01-23T16:16:11.253+0000] {standard_task_runner.py:57} INFO - Started process 324 to run task
[2026-01-23T16:16:11.257+0000] {standard_task_runner.py:84} INFO - Running: ['***', 'tasks', 'run', '3_mlops_full_pipeline', 'ingest_to_bronze', 'manual__2026-01-23T16:14:45+00:00', '--job-id', '4', '--raw', '--subdir', 'DAGS_FOLDER/mlops_pipeline.py', '--cfg-path', '/tmp/tmpv6ym31iy']
[2026-01-23T16:16:11.260+0000] {standard_task_runner.py:85} INFO - Job 4: Subtask ingest_to_bronze
[2026-01-23T16:16:11.318+0000] {task_command.py:415} INFO - Running <TaskInstance: 3_mlops_full_pipeline.ingest_to_bronze manual__2026-01-23T16:14:45+00:00 [running]> on host 9b26c2287a34
[2026-01-23T16:16:11.425+0000] {taskinstance.py:1660} INFO - Exporting env vars: AIRFLOW_CTX_DAG_OWNER='***' AIRFLOW_CTX_DAG_ID='3_mlops_full_pipeline' AIRFLOW_CTX_TASK_ID='ingest_to_bronze' AIRFLOW_CTX_EXECUTION_DATE='2026-01-23T16:14:45+00:00' AIRFLOW_CTX_TRY_NUMBER='1' AIRFLOW_CTX_DAG_RUN_ID='manual__2026-01-23T16:14:45+00:00'
[2026-01-23T16:16:11.427+0000] {subprocess.py:63} INFO - Tmp dir root location: /tmp
[2026-01-23T16:16:11.427+0000] {subprocess.py:75} INFO - Running command: ['/bin/bash', '-c', 'python /opt/***/dags/ingest_postgres_to_bronze.py']
[2026-01-23T16:16:11.440+0000] {subprocess.py:86} INFO - Output:
[2026-01-23T16:16:15.625+0000] {subprocess.py:93} INFO - /opt/***/dags/ingest_postgres_to_bronze.py:19: UserWarning: pandas only supports SQLAlchemy connectable (engine/connection) or database string URI or sqlite3 DBAPI2 connection. Other DBAPI2 objects are not tested. Please consider using SQLAlchemy.
[2026-01-23T16:16:15.626+0000] {subprocess.py:93} INFO -   df = pd.read_sql(query, conn)
[2026-01-23T16:16:15.627+0000] {subprocess.py:93} INFO - >>> [Ingest] Connecting to Postgres...
[2026-01-23T16:16:15.627+0000] {subprocess.py:93} INFO - >>> [Ingest] Saving 20 rows to: s3://bronze/data/orders/orders_20260123161612.parquet
[2026-01-23T16:16:15.628+0000] {subprocess.py:93} INFO - >>> Success!
[2026-01-23T16:16:15.874+0000] {subprocess.py:97} INFO - Command exited with return code 0
[2026-01-23T16:16:15.909+0000] {taskinstance.py:1398} INFO - Marking task as SUCCESS. dag_id=3_mlops_full_pipeline, task_id=ingest_to_bronze, execution_date=20260123T161445, start_date=20260123T161611, end_date=20260123T161615
[2026-01-23T16:16:15.955+0000] {local_task_job_runner.py:228} INFO - Task exited with return code 0
[2026-01-23T16:16:15.991+0000] {taskinstance.py:2776} INFO - 1 downstream tasks scheduled from follow-on schedule check
