[2026-01-22T19:43:22.319+0000] {taskinstance.py:1157} INFO - Dependencies all met for dep_context=non-requeueable deps ti=<TaskInstance: 3_mlops_full_pipeline.install_requirements manual__2026-01-22T19:41:13.961943+00:00 [queued]>
[2026-01-22T19:43:22.329+0000] {taskinstance.py:1157} INFO - Dependencies all met for dep_context=requeueable deps ti=<TaskInstance: 3_mlops_full_pipeline.install_requirements manual__2026-01-22T19:41:13.961943+00:00 [queued]>
[2026-01-22T19:43:22.329+0000] {taskinstance.py:1359} INFO - Starting attempt 2 of 2
[2026-01-22T19:43:22.345+0000] {taskinstance.py:1380} INFO - Executing <Task(BashOperator): install_requirements> on 2026-01-22 19:41:13.961943+00:00
[2026-01-22T19:43:22.351+0000] {standard_task_runner.py:57} INFO - Started process 1294 to run task
[2026-01-22T19:43:22.354+0000] {standard_task_runner.py:84} INFO - Running: ['***', 'tasks', 'run', '3_mlops_full_pipeline', 'install_requirements', 'manual__2026-01-22T19:41:13.961943+00:00', '--job-id', '43', '--raw', '--subdir', 'DAGS_FOLDER/mlops_pipeline.py', '--cfg-path', '/tmp/tmp_b941eei']
[2026-01-22T19:43:22.357+0000] {standard_task_runner.py:85} INFO - Job 43: Subtask install_requirements
[2026-01-22T19:43:22.408+0000] {task_command.py:415} INFO - Running <TaskInstance: 3_mlops_full_pipeline.install_requirements manual__2026-01-22T19:41:13.961943+00:00 [running]> on host 4fbdf2312f2b
[2026-01-22T19:43:22.480+0000] {taskinstance.py:1660} INFO - Exporting env vars: AIRFLOW_CTX_DAG_OWNER='***' AIRFLOW_CTX_DAG_ID='3_mlops_full_pipeline' AIRFLOW_CTX_TASK_ID='install_requirements' AIRFLOW_CTX_EXECUTION_DATE='2026-01-22T19:41:13.961943+00:00' AIRFLOW_CTX_TRY_NUMBER='2' AIRFLOW_CTX_DAG_RUN_ID='manual__2026-01-22T19:41:13.961943+00:00'
[2026-01-22T19:43:22.481+0000] {subprocess.py:63} INFO - Tmp dir root location: /tmp
[2026-01-22T19:43:22.482+0000] {subprocess.py:75} INFO - Running command: ['/bin/bash', '-c', 'pip install pandas s3fs pyarrow great_expectations mlflow scikit-learn boto3']
[2026-01-22T19:43:22.492+0000] {subprocess.py:86} INFO - Output:
[2026-01-22T19:43:23.552+0000] {subprocess.py:93} INFO - Defaulting to user installation because normal site-packages is not writeable
[2026-01-22T19:43:23.756+0000] {subprocess.py:93} INFO - Requirement already satisfied: pandas in /home/***/.local/lib/python3.8/site-packages (2.0.3)
[2026-01-22T19:43:23.756+0000] {subprocess.py:93} INFO - Requirement already satisfied: s3fs in /home/***/.local/lib/python3.8/site-packages (2024.10.0)
[2026-01-22T19:43:23.756+0000] {subprocess.py:93} INFO - Requirement already satisfied: pyarrow in /home/***/.local/lib/python3.8/site-packages (11.0.0)
[2026-01-22T19:43:23.757+0000] {subprocess.py:93} INFO - Requirement already satisfied: great_expectations in /home/***/.local/lib/python3.8/site-packages (1.1.0)
[2026-01-22T19:43:23.757+0000] {subprocess.py:93} INFO - Requirement already satisfied: mlflow in /home/***/.local/lib/python3.8/site-packages (2.17.2)
[2026-01-22T19:43:23.757+0000] {subprocess.py:93} INFO - Requirement already satisfied: scikit-learn in /home/***/.local/lib/python3.8/site-packages (1.3.2)
[2026-01-22T19:43:23.758+0000] {subprocess.py:93} INFO - Requirement already satisfied: boto3 in /home/***/.local/lib/python3.8/site-packages (1.28.17)
[2026-01-22T19:43:23.817+0000] {subprocess.py:93} INFO - Requirement already satisfied: python-dateutil>=2.8.2 in /home/***/.local/lib/python3.8/site-packages (from pandas) (2.8.2)
[2026-01-22T19:43:23.817+0000] {subprocess.py:93} INFO - Requirement already satisfied: tzdata>=2022.1 in /home/***/.local/lib/python3.8/site-packages (from pandas) (2023.3)
[2026-01-22T19:43:23.819+0000] {subprocess.py:93} INFO - Requirement already satisfied: numpy>=1.20.3 in /home/***/.local/lib/python3.8/site-packages (from pandas) (1.24.4)
[2026-01-22T19:43:23.819+0000] {subprocess.py:93} INFO - Requirement already satisfied: pytz>=2020.1 in /home/***/.local/lib/python3.8/site-packages (from pandas) (2023.3)
[2026-01-22T19:43:23.824+0000] {subprocess.py:93} INFO - Requirement already satisfied: fsspec==2024.10.0.* in /home/***/.local/lib/python3.8/site-packages (from s3fs) (2024.10.0)
[2026-01-22T19:43:23.825+0000] {subprocess.py:93} INFO - Requirement already satisfied: aiobotocore<3.0.0,>=2.5.4 in /home/***/.local/lib/python3.8/site-packages (from s3fs) (2.6.0)
[2026-01-22T19:43:23.825+0000] {subprocess.py:93} INFO - Requirement already satisfied: aiohttp!=4.0.0a0,!=4.0.0a1 in /home/***/.local/lib/python3.8/site-packages (from s3fs) (3.8.5)
[2026-01-22T19:43:24.036+0000] {subprocess.py:93} INFO - Requirement already satisfied: altair<5.0.0,>=4.2.1 in /home/***/.local/lib/python3.8/site-packages (from great_expectations) (4.2.2)
[2026-01-22T19:43:24.037+0000] {subprocess.py:93} INFO - Requirement already satisfied: makefun<2,>=1.7.0 in /home/***/.local/lib/python3.8/site-packages (from great_expectations) (1.16.0)
[2026-01-22T19:43:24.038+0000] {subprocess.py:93} INFO - Requirement already satisfied: pyparsing>=2.4 in /home/***/.local/lib/python3.8/site-packages (from great_expectations) (3.1.1)
[2026-01-22T19:43:24.039+0000] {subprocess.py:93} INFO - Requirement already satisfied: pydantic>=1.10.7 in /home/***/.local/lib/python3.8/site-packages (from great_expectations) (2.3.0)
[2026-01-22T19:43:24.039+0000] {subprocess.py:93} INFO - Requirement already satisfied: requests>=2.20 in /home/***/.local/lib/python3.8/site-packages (from great_expectations) (2.31.0)
[2026-01-22T19:43:24.040+0000] {subprocess.py:93} INFO - Requirement already satisfied: mistune>=0.8.4 in /home/***/.local/lib/python3.8/site-packages (from great_expectations) (3.2.0)
[2026-01-22T19:43:24.040+0000] {subprocess.py:93} INFO - Requirement already satisfied: marshmallow<4.0.0,>=3.7.1 in /home/***/.local/lib/python3.8/site-packages (from great_expectations) (3.20.1)
[2026-01-22T19:43:24.041+0000] {subprocess.py:93} INFO - Requirement already satisfied: scipy>=1.6.0 in /home/***/.local/lib/python3.8/site-packages (from great_expectations) (1.10.1)
[2026-01-22T19:43:24.041+0000] {subprocess.py:93} INFO - Requirement already satisfied: tzlocal>=1.2 in /home/***/.local/lib/python3.8/site-packages (from great_expectations) (5.2)
[2026-01-22T19:43:24.042+0000] {subprocess.py:93} INFO - Requirement already satisfied: typing-extensions>=4.1.0 in /home/***/.local/lib/python3.8/site-packages (from great_expectations) (4.7.1)
[2026-01-22T19:43:24.042+0000] {subprocess.py:93} INFO - Requirement already satisfied: jinja2>=2.10 in /home/***/.local/lib/python3.8/site-packages (from great_expectations) (3.1.2)
[2026-01-22T19:43:24.043+0000] {subprocess.py:93} INFO - Requirement already satisfied: jsonschema>=2.5.1 in /home/***/.local/lib/python3.8/site-packages (from great_expectations) (4.19.0)
[2026-01-22T19:43:24.043+0000] {subprocess.py:93} INFO - Requirement already satisfied: packaging in /home/***/.local/lib/python3.8/site-packages (from great_expectations) (23.1)
[2026-01-22T19:43:24.044+0000] {subprocess.py:93} INFO - Requirement already satisfied: ipywidgets>=7.5.1 in /home/***/.local/lib/python3.8/site-packages (from great_expectations) (8.1.8)
[2026-01-22T19:43:24.044+0000] {subprocess.py:93} INFO - Requirement already satisfied: Ipython>=7.16.3 in /home/***/.local/lib/python3.8/site-packages (from great_expectations) (8.12.3)
[2026-01-22T19:43:24.045+0000] {subprocess.py:93} INFO - Requirement already satisfied: ruamel.yaml>=0.16 in /home/***/.local/lib/python3.8/site-packages (from great_expectations) (0.18.16)
[2026-01-22T19:43:24.046+0000] {subprocess.py:93} INFO - Requirement already satisfied: tqdm>=4.59.0 in /home/***/.local/lib/python3.8/site-packages (from great_expectations) (4.67.1)
[2026-01-22T19:43:24.046+0000] {subprocess.py:93} INFO - Requirement already satisfied: cryptography>=3.2 in /home/***/.local/lib/python3.8/site-packages (from great_expectations) (41.0.3)
[2026-01-22T19:43:24.047+0000] {subprocess.py:93} INFO - Requirement already satisfied: urllib3>=1.26 in /home/***/.local/lib/python3.8/site-packages (from great_expectations) (1.26.16)
[2026-01-22T19:43:24.047+0000] {subprocess.py:93} INFO - Requirement already satisfied: posthog<3,>=2.1.0 in /home/***/.local/lib/python3.8/site-packages (from great_expectations) (2.5.0)
[2026-01-22T19:43:24.090+0000] {subprocess.py:93} INFO - Requirement already satisfied: mlflow-skinny==2.17.2 in /home/***/.local/lib/python3.8/site-packages (from mlflow) (2.17.2)
[2026-01-22T19:43:24.091+0000] {subprocess.py:93} INFO - Requirement already satisfied: gunicorn<24 in /home/***/.local/lib/python3.8/site-packages (from mlflow) (21.2.0)
[2026-01-22T19:43:24.091+0000] {subprocess.py:93} INFO - Requirement already satisfied: alembic!=1.10.0,<2 in /home/***/.local/lib/python3.8/site-packages (from mlflow) (1.12.0)
[2026-01-22T19:43:24.092+0000] {subprocess.py:93} INFO - Requirement already satisfied: docker<8,>=4.0.0 in /home/***/.local/lib/python3.8/site-packages (from mlflow) (6.1.3)
[2026-01-22T19:43:24.092+0000] {subprocess.py:93} INFO - Requirement already satisfied: sqlalchemy<3,>=1.4.0 in /home/***/.local/lib/python3.8/site-packages (from mlflow) (1.4.49)
[2026-01-22T19:43:24.093+0000] {subprocess.py:93} INFO - Requirement already satisfied: graphene<4 in /home/***/.local/lib/python3.8/site-packages (from mlflow) (3.4.3)
[2026-01-22T19:43:24.094+0000] {subprocess.py:93} INFO - Requirement already satisfied: Flask<4 in /home/***/.local/lib/python3.8/site-packages (from mlflow) (2.2.5)
[2026-01-22T19:43:24.094+0000] {subprocess.py:93} INFO - Requirement already satisfied: matplotlib<4 in /home/***/.local/lib/python3.8/site-packages (from mlflow) (3.7.5)
[2026-01-22T19:43:24.095+0000] {subprocess.py:93} INFO - Requirement already satisfied: markdown<4,>=3.3 in /home/***/.local/lib/python3.8/site-packages (from mlflow) (3.4.4)
[2026-01-22T19:43:24.127+0000] {subprocess.py:93} INFO - Requirement already satisfied: databricks-sdk<1,>=0.20.0 in /home/***/.local/lib/python3.8/site-packages (from mlflow-skinny==2.17.2->mlflow) (0.79.0)
[2026-01-22T19:43:24.128+0000] {subprocess.py:93} INFO - Requirement already satisfied: gitpython<4,>=3.1.9 in /home/***/.local/lib/python3.8/site-packages (from mlflow-skinny==2.17.2->mlflow) (3.1.46)
[2026-01-22T19:43:24.128+0000] {subprocess.py:93} INFO - Requirement already satisfied: sqlparse<1,>=0.4.0 in /home/***/.local/lib/python3.8/site-packages (from mlflow-skinny==2.17.2->mlflow) (0.4.4)
[2026-01-22T19:43:24.129+0000] {subprocess.py:93} INFO - Requirement already satisfied: cloudpickle<4 in /home/***/.local/lib/python3.8/site-packages (from mlflow-skinny==2.17.2->mlflow) (2.2.1)
[2026-01-22T19:43:24.129+0000] {subprocess.py:93} INFO - Requirement already satisfied: pyyaml<7,>=5.1 in /home/***/.local/lib/python3.8/site-packages (from mlflow-skinny==2.17.2->mlflow) (6.0.1)
[2026-01-22T19:43:24.130+0000] {subprocess.py:93} INFO - Requirement already satisfied: click<9,>=7.0 in /home/***/.local/lib/python3.8/site-packages (from mlflow-skinny==2.17.2->mlflow) (8.1.7)
[2026-01-22T19:43:24.131+0000] {subprocess.py:93} INFO - Requirement already satisfied: importlib-metadata!=4.7.0,<9,>=3.7.0 in /home/***/.local/lib/python3.8/site-packages (from mlflow-skinny==2.17.2->mlflow) (6.8.0)
[2026-01-22T19:43:24.131+0000] {subprocess.py:93} INFO - Requirement already satisfied: opentelemetry-api<3,>=1.9.0 in /home/***/.local/lib/python3.8/site-packages (from mlflow-skinny==2.17.2->mlflow) (1.20.0)
[2026-01-22T19:43:24.132+0000] {subprocess.py:93} INFO - Requirement already satisfied: opentelemetry-sdk<3,>=1.9.0 in /home/***/.local/lib/python3.8/site-packages (from mlflow-skinny==2.17.2->mlflow) (1.20.0)
[2026-01-22T19:43:24.132+0000] {subprocess.py:93} INFO - Requirement already satisfied: cachetools<6,>=5.0.0 in /home/***/.local/lib/python3.8/site-packages (from mlflow-skinny==2.17.2->mlflow) (5.3.1)
[2026-01-22T19:43:24.133+0000] {subprocess.py:93} INFO - Requirement already satisfied: protobuf<6,>=3.12.0 in /home/***/.local/lib/python3.8/site-packages (from mlflow-skinny==2.17.2->mlflow) (5.29.5)
[2026-01-22T19:43:24.156+0000] {subprocess.py:93} INFO - Requirement already satisfied: joblib>=1.1.1 in /home/***/.local/lib/python3.8/site-packages (from scikit-learn) (1.4.2)
[2026-01-22T19:43:24.156+0000] {subprocess.py:93} INFO - Requirement already satisfied: threadpoolctl>=2.0.0 in /home/***/.local/lib/python3.8/site-packages (from scikit-learn) (3.5.0)
[2026-01-22T19:43:24.162+0000] {subprocess.py:93} INFO - Requirement already satisfied: jmespath<2.0.0,>=0.7.1 in /home/***/.local/lib/python3.8/site-packages (from boto3) (0.10.0)
[2026-01-22T19:43:24.162+0000] {subprocess.py:93} INFO - Requirement already satisfied: s3transfer<0.7.0,>=0.6.0 in /home/***/.local/lib/python3.8/site-packages (from boto3) (0.6.2)
[2026-01-22T19:43:24.163+0000] {subprocess.py:93} INFO - Requirement already satisfied: botocore<1.32.0,>=1.31.17 in /home/***/.local/lib/python3.8/site-packages (from boto3) (1.31.17)
[2026-01-22T19:43:24.169+0000] {subprocess.py:93} INFO - Requirement already satisfied: wrapt<2.0.0,>=1.10.10 in /home/***/.local/lib/python3.8/site-packages (from aiobotocore<3.0.0,>=2.5.4->s3fs) (1.15.0)
[2026-01-22T19:43:24.170+0000] {subprocess.py:93} INFO - Requirement already satisfied: aioitertools<1.0.0,>=0.5.1 in /home/***/.local/lib/python3.8/site-packages (from aiobotocore<3.0.0,>=2.5.4->s3fs) (0.11.0)
[2026-01-22T19:43:24.181+0000] {subprocess.py:93} INFO - Requirement already satisfied: charset-normalizer<4.0,>=2.0 in /home/***/.local/lib/python3.8/site-packages (from aiohttp!=4.0.0a0,!=4.0.0a1->s3fs) (3.2.0)
[2026-01-22T19:43:24.182+0000] {subprocess.py:93} INFO - Requirement already satisfied: frozenlist>=1.1.1 in /home/***/.local/lib/python3.8/site-packages (from aiohttp!=4.0.0a0,!=4.0.0a1->s3fs) (1.4.0)
[2026-01-22T19:43:24.182+0000] {subprocess.py:93} INFO - Requirement already satisfied: yarl<2.0,>=1.0 in /home/***/.local/lib/python3.8/site-packages (from aiohttp!=4.0.0a0,!=4.0.0a1->s3fs) (1.9.2)
[2026-01-22T19:43:24.183+0000] {subprocess.py:93} INFO - Requirement already satisfied: async-timeout<5.0,>=4.0.0a3 in /home/***/.local/lib/python3.8/site-packages (from aiohttp!=4.0.0a0,!=4.0.0a1->s3fs) (4.0.3)
[2026-01-22T19:43:24.183+0000] {subprocess.py:93} INFO - Requirement already satisfied: attrs>=17.3.0 in /home/***/.local/lib/python3.8/site-packages (from aiohttp!=4.0.0a0,!=4.0.0a1->s3fs) (23.1.0)
[2026-01-22T19:43:24.184+0000] {subprocess.py:93} INFO - Requirement already satisfied: multidict<7.0,>=4.5 in /home/***/.local/lib/python3.8/site-packages (from aiohttp!=4.0.0a0,!=4.0.0a1->s3fs) (6.0.4)
[2026-01-22T19:43:24.184+0000] {subprocess.py:93} INFO - Requirement already satisfied: aiosignal>=1.1.2 in /home/***/.local/lib/python3.8/site-packages (from aiohttp!=4.0.0a0,!=4.0.0a1->s3fs) (1.3.1)
[2026-01-22T19:43:24.190+0000] {subprocess.py:93} INFO - Requirement already satisfied: Mako in /home/***/.local/lib/python3.8/site-packages (from alembic!=1.10.0,<2->mlflow) (1.2.4)
[2026-01-22T19:43:24.192+0000] {subprocess.py:93} INFO - Requirement already satisfied: importlib-resources in /home/***/.local/lib/python3.8/site-packages (from alembic!=1.10.0,<2->mlflow) (6.0.1)
[2026-01-22T19:43:24.201+0000] {subprocess.py:93} INFO - Requirement already satisfied: toolz in /home/***/.local/lib/python3.8/site-packages (from altair<5.0.0,>=4.2.1->great_expectations) (0.12.0)
[2026-01-22T19:43:24.202+0000] {subprocess.py:93} INFO - Requirement already satisfied: entrypoints in /home/***/.local/lib/python3.8/site-packages (from altair<5.0.0,>=4.2.1->great_expectations) (0.4)
[2026-01-22T19:43:24.219+0000] {subprocess.py:93} INFO - Requirement already satisfied: cffi>=1.12 in /home/***/.local/lib/python3.8/site-packages (from cryptography>=3.2->great_expectations) (1.15.1)
[2026-01-22T19:43:24.224+0000] {subprocess.py:93} INFO - Requirement already satisfied: websocket-client>=0.32.0 in /home/***/.local/lib/python3.8/site-packages (from docker<8,>=4.0.0->mlflow) (1.6.2)
[2026-01-22T19:43:24.232+0000] {subprocess.py:93} INFO - Requirement already satisfied: Werkzeug>=2.2.2 in /home/***/.local/lib/python3.8/site-packages (from Flask<4->mlflow) (2.2.3)
[2026-01-22T19:43:24.232+0000] {subprocess.py:93} INFO - Requirement already satisfied: itsdangerous>=2.0 in /home/***/.local/lib/python3.8/site-packages (from Flask<4->mlflow) (2.1.2)
[2026-01-22T19:43:24.249+0000] {subprocess.py:93} INFO - Requirement already satisfied: graphql-relay<3.3,>=3.1 in /home/***/.local/lib/python3.8/site-packages (from graphene<4->mlflow) (3.2.0)
[2026-01-22T19:43:24.249+0000] {subprocess.py:93} INFO - Requirement already satisfied: graphql-core<3.3,>=3.1 in /home/***/.local/lib/python3.8/site-packages (from graphene<4->mlflow) (3.2.7)
[2026-01-22T19:43:24.298+0000] {subprocess.py:93} INFO - Requirement already satisfied: stack-data in /home/***/.local/lib/python3.8/site-packages (from Ipython>=7.16.3->great_expectations) (0.6.3)
[2026-01-22T19:43:24.299+0000] {subprocess.py:93} INFO - Requirement already satisfied: matplotlib-inline in /home/***/.local/lib/python3.8/site-packages (from Ipython>=7.16.3->great_expectations) (0.1.7)
[2026-01-22T19:43:24.299+0000] {subprocess.py:93} INFO - Requirement already satisfied: jedi>=0.16 in /home/***/.local/lib/python3.8/site-packages (from Ipython>=7.16.3->great_expectations) (0.19.2)
[2026-01-22T19:43:24.300+0000] {subprocess.py:93} INFO - Requirement already satisfied: prompt-toolkit!=3.0.37,<3.1.0,>=3.0.30 in /home/***/.local/lib/python3.8/site-packages (from Ipython>=7.16.3->great_expectations) (3.0.39)
[2026-01-22T19:43:24.300+0000] {subprocess.py:93} INFO - Requirement already satisfied: backcall in /home/***/.local/lib/python3.8/site-packages (from Ipython>=7.16.3->great_expectations) (0.2.0)
[2026-01-22T19:43:24.301+0000] {subprocess.py:93} INFO - Requirement already satisfied: pickleshare in /home/***/.local/lib/python3.8/site-packages (from Ipython>=7.16.3->great_expectations) (0.7.5)
[2026-01-22T19:43:24.301+0000] {subprocess.py:93} INFO - Requirement already satisfied: traitlets>=5 in /home/***/.local/lib/python3.8/site-packages (from Ipython>=7.16.3->great_expectations) (5.14.3)
[2026-01-22T19:43:24.302+0000] {subprocess.py:93} INFO - Requirement already satisfied: pexpect>4.3 in /home/***/.local/lib/python3.8/site-packages (from Ipython>=7.16.3->great_expectations) (4.9.0)
[2026-01-22T19:43:24.302+0000] {subprocess.py:93} INFO - Requirement already satisfied: decorator in /home/***/.local/lib/python3.8/site-packages (from Ipython>=7.16.3->great_expectations) (5.1.1)
[2026-01-22T19:43:24.303+0000] {subprocess.py:93} INFO - Requirement already satisfied: pygments>=2.4.0 in /home/***/.local/lib/python3.8/site-packages (from Ipython>=7.16.3->great_expectations) (2.16.1)
[2026-01-22T19:43:24.311+0000] {subprocess.py:93} INFO - Requirement already satisfied: widgetsnbextension~=4.0.14 in /home/***/.local/lib/python3.8/site-packages (from ipywidgets>=7.5.1->great_expectations) (4.0.15)
[2026-01-22T19:43:24.311+0000] {subprocess.py:93} INFO - Requirement already satisfied: jupyterlab_widgets~=3.0.15 in /home/***/.local/lib/python3.8/site-packages (from ipywidgets>=7.5.1->great_expectations) (3.0.16)
[2026-01-22T19:43:24.312+0000] {subprocess.py:93} INFO - Requirement already satisfied: comm>=0.1.3 in /home/***/.local/lib/python3.8/site-packages (from ipywidgets>=7.5.1->great_expectations) (0.2.3)
[2026-01-22T19:43:24.316+0000] {subprocess.py:93} INFO - Requirement already satisfied: MarkupSafe>=2.0 in /home/***/.local/lib/python3.8/site-packages (from jinja2>=2.10->great_expectations) (2.1.3)
[2026-01-22T19:43:24.358+0000] {subprocess.py:93} INFO - Requirement already satisfied: jsonschema-specifications>=2023.03.6 in /home/***/.local/lib/python3.8/site-packages (from jsonschema>=2.5.1->great_expectations) (2023.7.1)
[2026-01-22T19:43:24.359+0000] {subprocess.py:93} INFO - Requirement already satisfied: rpds-py>=0.7.1 in /home/***/.local/lib/python3.8/site-packages (from jsonschema>=2.5.1->great_expectations) (0.10.2)
[2026-01-22T19:43:24.360+0000] {subprocess.py:93} INFO - Requirement already satisfied: pkgutil-resolve-name>=1.3.10 in /home/***/.local/lib/python3.8/site-packages (from jsonschema>=2.5.1->great_expectations) (1.3.10)
[2026-01-22T19:43:24.361+0000] {subprocess.py:93} INFO - Requirement already satisfied: referencing>=0.28.4 in /home/***/.local/lib/python3.8/site-packages (from jsonschema>=2.5.1->great_expectations) (0.30.2)
[2026-01-22T19:43:24.393+0000] {subprocess.py:93} INFO - Requirement already satisfied: cycler>=0.10 in /home/***/.local/lib/python3.8/site-packages (from matplotlib<4->mlflow) (0.12.1)
[2026-01-22T19:43:24.395+0000] {subprocess.py:93} INFO - Requirement already satisfied: kiwisolver>=1.0.1 in /home/***/.local/lib/python3.8/site-packages (from matplotlib<4->mlflow) (1.4.7)
[2026-01-22T19:43:24.395+0000] {subprocess.py:93} INFO - Requirement already satisfied: contourpy>=1.0.1 in /home/***/.local/lib/python3.8/site-packages (from matplotlib<4->mlflow) (1.1.1)
[2026-01-22T19:43:24.396+0000] {subprocess.py:93} INFO - Requirement already satisfied: fonttools>=4.22.0 in /home/***/.local/lib/python3.8/site-packages (from matplotlib<4->mlflow) (4.57.0)
[2026-01-22T19:43:24.396+0000] {subprocess.py:93} INFO - Requirement already satisfied: pillow>=6.2.0 in /home/***/.local/lib/python3.8/site-packages (from matplotlib<4->mlflow) (10.4.0)
[2026-01-22T19:43:24.418+0000] {subprocess.py:93} INFO - Requirement already satisfied: monotonic>=1.5 in /home/***/.local/lib/python3.8/site-packages (from posthog<3,>=2.1.0->great_expectations) (1.6)
[2026-01-22T19:43:24.419+0000] {subprocess.py:93} INFO - Requirement already satisfied: six>=1.5 in /home/***/.local/lib/python3.8/site-packages (from posthog<3,>=2.1.0->great_expectations) (1.16.0)
[2026-01-22T19:43:24.419+0000] {subprocess.py:93} INFO - Requirement already satisfied: backoff>=1.10.0 in /home/***/.local/lib/python3.8/site-packages (from posthog<3,>=2.1.0->great_expectations) (1.10.0)
[2026-01-22T19:43:24.428+0000] {subprocess.py:93} INFO - Requirement already satisfied: pydantic-core==2.6.3 in /home/***/.local/lib/python3.8/site-packages (from pydantic>=1.10.7->great_expectations) (2.6.3)
[2026-01-22T19:43:24.429+0000] {subprocess.py:93} INFO - Requirement already satisfied: annotated-types>=0.4.0 in /home/***/.local/lib/python3.8/site-packages (from pydantic>=1.10.7->great_expectations) (0.5.0)
[2026-01-22T19:43:24.450+0000] {subprocess.py:93} INFO - Requirement already satisfied: idna<4,>=2.5 in /home/***/.local/lib/python3.8/site-packages (from requests>=2.20->great_expectations) (3.4)
[2026-01-22T19:43:24.451+0000] {subprocess.py:93} INFO - Requirement already satisfied: certifi>=2017.4.17 in /home/***/.local/lib/python3.8/site-packages (from requests>=2.20->great_expectations) (2023.7.22)
[2026-01-22T19:43:24.460+0000] {subprocess.py:93} INFO - Requirement already satisfied: ruamel.yaml.clib>=0.2.7 in /home/***/.local/lib/python3.8/site-packages (from ruamel.yaml>=0.16->great_expectations) (0.2.8)
[2026-01-22T19:43:24.529+0000] {subprocess.py:93} INFO - Requirement already satisfied: greenlet!=0.4.17 in /home/***/.local/lib/python3.8/site-packages (from sqlalchemy<3,>=1.4.0->mlflow) (2.0.2)
[2026-01-22T19:43:24.557+0000] {subprocess.py:93} INFO - Requirement already satisfied: backports.zoneinfo in /home/***/.local/lib/python3.8/site-packages (from tzlocal>=1.2->great_expectations) (0.2.1)
[2026-01-22T19:43:24.621+0000] {subprocess.py:93} INFO - Requirement already satisfied: pycparser in /home/***/.local/lib/python3.8/site-packages (from cffi>=1.12->cryptography>=3.2->great_expectations) (2.21)
[2026-01-22T19:43:24.688+0000] {subprocess.py:93} INFO - Requirement already satisfied: google-auth~=2.0 in /home/***/.local/lib/python3.8/site-packages (from databricks-sdk<1,>=0.20.0->mlflow-skinny==2.17.2->mlflow) (2.22.0)
[2026-01-22T19:43:24.741+0000] {subprocess.py:93} INFO - Requirement already satisfied: gitdb<5,>=4.0.1 in /home/***/.local/lib/python3.8/site-packages (from gitpython<4,>=3.1.9->mlflow-skinny==2.17.2->mlflow) (4.0.12)
[2026-01-22T19:43:24.784+0000] {subprocess.py:93} INFO - Requirement already satisfied: zipp>=0.5 in /home/***/.local/lib/python3.8/site-packages (from importlib-metadata!=4.7.0,<9,>=3.7.0->mlflow-skinny==2.17.2->mlflow) (3.16.2)
[2026-01-22T19:43:24.827+0000] {subprocess.py:93} INFO - Requirement already satisfied: parso<0.9.0,>=0.8.4 in /home/***/.local/lib/python3.8/site-packages (from jedi>=0.16->Ipython>=7.16.3->great_expectations) (0.8.5)
[2026-01-22T19:43:25.917+0000] {subprocess.py:93} INFO - Requirement already satisfied: deprecated>=1.2.6 in /home/***/.local/lib/python3.8/site-packages (from opentelemetry-api<3,>=1.9.0->mlflow-skinny==2.17.2->mlflow) (1.2.14)
[2026-01-22T19:43:25.925+0000] {subprocess.py:93} INFO - Requirement already satisfied: opentelemetry-semantic-conventions==0.41b0 in /home/***/.local/lib/python3.8/site-packages (from opentelemetry-sdk<3,>=1.9.0->mlflow-skinny==2.17.2->mlflow) (0.41b0)
[2026-01-22T19:43:25.937+0000] {subprocess.py:93} INFO - Requirement already satisfied: ptyprocess>=0.5 in /home/***/.local/lib/python3.8/site-packages (from pexpect>4.3->Ipython>=7.16.3->great_expectations) (0.7.0)
[2026-01-22T19:43:27.108+0000] {subprocess.py:93} INFO - Requirement already satisfied: wcwidth in /home/***/.local/lib/python3.8/site-packages (from prompt-toolkit!=3.0.37,<3.1.0,>=3.0.30->Ipython>=7.16.3->great_expectations) (0.2.6)
[2026-01-22T19:43:27.270+0000] {subprocess.py:93} INFO - Requirement already satisfied: asttokens>=2.1.0 in /home/***/.local/lib/python3.8/site-packages (from stack-data->Ipython>=7.16.3->great_expectations) (3.0.1)
[2026-01-22T19:43:27.271+0000] {subprocess.py:93} INFO - Requirement already satisfied: executing>=1.2.0 in /home/***/.local/lib/python3.8/site-packages (from stack-data->Ipython>=7.16.3->great_expectations) (2.2.1)
[2026-01-22T19:43:27.271+0000] {subprocess.py:93} INFO - Requirement already satisfied: pure-eval in /home/***/.local/lib/python3.8/site-packages (from stack-data->Ipython>=7.16.3->great_expectations) (0.2.3)
[2026-01-22T19:43:27.313+0000] {subprocess.py:93} INFO - Requirement already satisfied: smmap<6,>=3.0.1 in /home/***/.local/lib/python3.8/site-packages (from gitdb<5,>=4.0.1->gitpython<4,>=3.1.9->mlflow-skinny==2.17.2->mlflow) (5.0.2)
[2026-01-22T19:43:27.328+0000] {subprocess.py:93} INFO - Requirement already satisfied: rsa<5,>=3.1.4 in /home/***/.local/lib/python3.8/site-packages (from google-auth~=2.0->databricks-sdk<1,>=0.20.0->mlflow-skinny==2.17.2->mlflow) (4.9)
[2026-01-22T19:43:27.328+0000] {subprocess.py:93} INFO - Requirement already satisfied: pyasn1-modules>=0.2.1 in /home/***/.local/lib/python3.8/site-packages (from google-auth~=2.0->databricks-sdk<1,>=0.20.0->mlflow-skinny==2.17.2->mlflow) (0.2.8)
[2026-01-22T19:43:27.390+0000] {subprocess.py:93} INFO - Requirement already satisfied: pyasn1<0.5.0,>=0.4.6 in /home/***/.local/lib/python3.8/site-packages (from pyasn1-modules>=0.2.1->google-auth~=2.0->databricks-sdk<1,>=0.20.0->mlflow-skinny==2.17.2->mlflow) (0.4.8)
[2026-01-22T19:43:30.882+0000] {subprocess.py:93} INFO - 
[2026-01-22T19:43:30.883+0000] {subprocess.py:93} INFO - [notice] A new release of pip is available: 23.0.1 -> 25.0.1
[2026-01-22T19:43:30.883+0000] {subprocess.py:93} INFO - [notice] To update, run: pip install --upgrade pip
[2026-01-22T19:43:31.099+0000] {subprocess.py:97} INFO - Command exited with return code 0
[2026-01-22T19:43:31.127+0000] {taskinstance.py:1398} INFO - Marking task as SUCCESS. dag_id=3_mlops_full_pipeline, task_id=install_requirements, execution_date=20260122T194113, start_date=20260122T194322, end_date=20260122T194331
[2026-01-22T19:43:31.181+0000] {local_task_job_runner.py:228} INFO - Task exited with return code 0
[2026-01-22T19:43:31.203+0000] {taskinstance.py:2776} INFO - 1 downstream tasks scheduled from follow-on schedule check
