[2026-01-22T23:30:06.867+0000] {taskinstance.py:1157} INFO - Dependencies all met for dep_context=non-requeueable deps ti=<TaskInstance: 3_mlops_full_pipeline.run_simulation manual__2026-01-22T23:29:04+00:00 [queued]>
[2026-01-22T23:30:06.880+0000] {taskinstance.py:1157} INFO - Dependencies all met for dep_context=requeueable deps ti=<TaskInstance: 3_mlops_full_pipeline.run_simulation manual__2026-01-22T23:29:04+00:00 [queued]>
[2026-01-22T23:30:06.881+0000] {taskinstance.py:1359} INFO - Starting attempt 1 of 1
[2026-01-22T23:30:06.898+0000] {taskinstance.py:1380} INFO - Executing <Task(BashOperator): run_simulation> on 2026-01-22 23:29:04+00:00
[2026-01-22T23:30:06.907+0000] {standard_task_runner.py:57} INFO - Started process 299 to run task
[2026-01-22T23:30:06.911+0000] {standard_task_runner.py:84} INFO - Running: ['***', 'tasks', 'run', '3_mlops_full_pipeline', 'run_simulation', 'manual__2026-01-22T23:29:04+00:00', '--job-id', '3', '--raw', '--subdir', 'DAGS_FOLDER/mlops_pipeline.py', '--cfg-path', '/tmp/tmpetwu5nr6']
[2026-01-22T23:30:06.914+0000] {standard_task_runner.py:85} INFO - Job 3: Subtask run_simulation
[2026-01-22T23:30:06.973+0000] {task_command.py:415} INFO - Running <TaskInstance: 3_mlops_full_pipeline.run_simulation manual__2026-01-22T23:29:04+00:00 [running]> on host c636ac6d211b
[2026-01-22T23:30:07.079+0000] {taskinstance.py:1660} INFO - Exporting env vars: AIRFLOW_CTX_DAG_OWNER='***' AIRFLOW_CTX_DAG_ID='3_mlops_full_pipeline' AIRFLOW_CTX_TASK_ID='run_simulation' AIRFLOW_CTX_EXECUTION_DATE='2026-01-22T23:29:04+00:00' AIRFLOW_CTX_TRY_NUMBER='1' AIRFLOW_CTX_DAG_RUN_ID='manual__2026-01-22T23:29:04+00:00'
[2026-01-22T23:30:07.080+0000] {subprocess.py:63} INFO - Tmp dir root location: /tmp
[2026-01-22T23:30:07.081+0000] {subprocess.py:75} INFO - Running command: ['/bin/bash', '-c', 'python /opt/***/dags/simulate_process.py']
[2026-01-22T23:30:07.096+0000] {subprocess.py:86} INFO - Output:
[2026-01-22T23:30:10.839+0000] {subprocess.py:93} INFO - >>> Tabela orders gotowa.
[2026-01-22T23:30:10.840+0000] {subprocess.py:93} INFO - >>> Rozpoczynam generowanie paczki danych (20 rekordów)...
[2026-01-22T23:30:10.840+0000] {subprocess.py:93} INFO - Dodano: Monitor | Klient: Jennifer Myers
[2026-01-22T23:30:10.840+0000] {subprocess.py:93} INFO - Dodano: Monitor | Klient: Mrs. Alicia Nelson
[2026-01-22T23:30:10.840+0000] {subprocess.py:93} INFO - Dodano: Laptop | Klient: Dalton Henry
[2026-01-22T23:30:10.840+0000] {subprocess.py:93} INFO - Dodano: Monitor | Klient: Jennifer Fitzpatrick DDS
[2026-01-22T23:30:10.840+0000] {subprocess.py:93} INFO - Dodano: Keyboard | Klient: Mariah Friedman
[2026-01-22T23:30:10.840+0000] {subprocess.py:93} INFO - Dodano: Laptop | Klient: Andrew Cook
[2026-01-22T23:30:10.840+0000] {subprocess.py:93} INFO - Dodano: Mouse | Klient: Colleen Hicks
[2026-01-22T23:30:10.840+0000] {subprocess.py:93} INFO - Dodano: Monitor | Klient: Erin Mckenzie
[2026-01-22T23:30:10.841+0000] {subprocess.py:93} INFO - Dodano: Headphones | Klient: Vincent Paul
[2026-01-22T23:30:10.841+0000] {subprocess.py:93} INFO - Dodano: Headphones | Klient: Barbara Welch
[2026-01-22T23:30:10.841+0000] {subprocess.py:93} INFO - Dodano: Mouse | Klient: Heidi Ramos
[2026-01-22T23:30:10.841+0000] {subprocess.py:93} INFO - Dodano: Mouse | Klient: Emily Daniels
[2026-01-22T23:30:10.841+0000] {subprocess.py:93} INFO - Dodano: Mouse | Klient: Laura Harrison
[2026-01-22T23:30:10.841+0000] {subprocess.py:93} INFO - Dodano: Laptop | Klient: Dominique Pham
[2026-01-22T23:30:10.842+0000] {subprocess.py:93} INFO - Dodano: Mouse | Klient: Nicole Stewart
[2026-01-22T23:30:10.842+0000] {subprocess.py:93} INFO - Dodano: Keyboard | Klient: Gary Stafford
[2026-01-22T23:30:10.842+0000] {subprocess.py:93} INFO - Dodano: Mouse | Klient: Juan Michael
[2026-01-22T23:30:10.842+0000] {subprocess.py:93} INFO - Dodano: Mouse | Klient: Stephen Mccullough
[2026-01-22T23:30:10.842+0000] {subprocess.py:93} INFO - Dodano: Headphones | Klient: Jean Miller
[2026-01-22T23:30:10.842+0000] {subprocess.py:93} INFO - Dodano: Headphones | Klient: Ryan Aguirre
[2026-01-22T23:30:10.842+0000] {subprocess.py:93} INFO - >>> Zakończono generowanie danych.
[2026-01-22T23:30:10.867+0000] {subprocess.py:97} INFO - Command exited with return code 0
[2026-01-22T23:30:10.899+0000] {taskinstance.py:1398} INFO - Marking task as SUCCESS. dag_id=3_mlops_full_pipeline, task_id=run_simulation, execution_date=20260122T232904, start_date=20260122T233006, end_date=20260122T233010
[2026-01-22T23:30:10.939+0000] {local_task_job_runner.py:228} INFO - Task exited with return code 0
[2026-01-22T23:30:10.969+0000] {taskinstance.py:2776} INFO - 1 downstream tasks scheduled from follow-on schedule check
