[2026-01-22T22:11:16.970+0000] {taskinstance.py:1157} INFO - Dependencies all met for dep_context=non-requeueable deps ti=<TaskInstance: 3_mlops_full_pipeline.run_simulation manual__2026-01-22T22:11:05.476573+00:00 [queued]>
[2026-01-22T22:11:16.979+0000] {taskinstance.py:1157} INFO - Dependencies all met for dep_context=requeueable deps ti=<TaskInstance: 3_mlops_full_pipeline.run_simulation manual__2026-01-22T22:11:05.476573+00:00 [queued]>
[2026-01-22T22:11:16.980+0000] {taskinstance.py:1359} INFO - Starting attempt 1 of 1
[2026-01-22T22:11:16.994+0000] {taskinstance.py:1380} INFO - Executing <Task(BashOperator): run_simulation> on 2026-01-22 22:11:05.476573+00:00
[2026-01-22T22:11:16.999+0000] {standard_task_runner.py:57} INFO - Started process 1757 to run task
[2026-01-22T22:11:17.002+0000] {standard_task_runner.py:84} INFO - Running: ['***', 'tasks', 'run', '3_mlops_full_pipeline', 'run_simulation', 'manual__2026-01-22T22:11:05.476573+00:00', '--job-id', '91', '--raw', '--subdir', 'DAGS_FOLDER/mlops_pipeline.py', '--cfg-path', '/tmp/tmpqgihwfqo']
[2026-01-22T22:11:17.004+0000] {standard_task_runner.py:85} INFO - Job 91: Subtask run_simulation
[2026-01-22T22:11:17.052+0000] {task_command.py:415} INFO - Running <TaskInstance: 3_mlops_full_pipeline.run_simulation manual__2026-01-22T22:11:05.476573+00:00 [running]> on host 24f0deffc5ba
[2026-01-22T22:11:17.128+0000] {taskinstance.py:1660} INFO - Exporting env vars: AIRFLOW_CTX_DAG_OWNER='***' AIRFLOW_CTX_DAG_ID='3_mlops_full_pipeline' AIRFLOW_CTX_TASK_ID='run_simulation' AIRFLOW_CTX_EXECUTION_DATE='2026-01-22T22:11:05.476573+00:00' AIRFLOW_CTX_TRY_NUMBER='1' AIRFLOW_CTX_DAG_RUN_ID='manual__2026-01-22T22:11:05.476573+00:00'
[2026-01-22T22:11:17.129+0000] {subprocess.py:63} INFO - Tmp dir root location: /tmp
[2026-01-22T22:11:17.130+0000] {subprocess.py:75} INFO - Running command: ['/bin/bash', '-c', 'python /opt/***/dags/simulate_process.py']
[2026-01-22T22:11:17.140+0000] {subprocess.py:86} INFO - Output:
[2026-01-22T22:11:39.438+0000] {subprocess.py:93} INFO - >>> Tabela orders gotowa.
[2026-01-22T22:11:39.439+0000] {subprocess.py:93} INFO - >>> Rozpoczynam generowanie paczki danych (20 rekordów)...
[2026-01-22T22:11:39.439+0000] {subprocess.py:93} INFO - Dodano: Laptop | Klient: Lori Mendez
[2026-01-22T22:11:39.439+0000] {subprocess.py:93} INFO - Dodano: Laptop | Klient: Charlene Delgado
[2026-01-22T22:11:39.439+0000] {subprocess.py:93} INFO - Dodano: Headphones | Klient: Arthur Cabrera
[2026-01-22T22:11:39.439+0000] {subprocess.py:93} INFO - Dodano: Mouse | Klient: Russell Martin
[2026-01-22T22:11:39.439+0000] {subprocess.py:93} INFO - Dodano: Keyboard | Klient: Katie Spears
[2026-01-22T22:11:39.439+0000] {subprocess.py:93} INFO - Dodano: Headphones | Klient: Angela Morales
[2026-01-22T22:11:39.439+0000] {subprocess.py:93} INFO - Dodano: Mouse | Klient: Douglas Byrd
[2026-01-22T22:11:39.439+0000] {subprocess.py:93} INFO - Dodano: Keyboard | Klient: Brett Henson
[2026-01-22T22:11:39.440+0000] {subprocess.py:93} INFO - Dodano: Keyboard | Klient: Jonathan Camacho
[2026-01-22T22:11:39.440+0000] {subprocess.py:93} INFO - Dodano: Monitor | Klient: Toni Martinez
[2026-01-22T22:11:39.440+0000] {subprocess.py:93} INFO - Dodano: Mouse | Klient: William Burgess
[2026-01-22T22:11:39.440+0000] {subprocess.py:93} INFO - Dodano: Monitor | Klient: Leslie Vazquez
[2026-01-22T22:11:39.440+0000] {subprocess.py:93} INFO - Dodano: Monitor | Klient: Mackenzie Butler
[2026-01-22T22:11:39.440+0000] {subprocess.py:93} INFO - Dodano: Keyboard | Klient: Michael Sanchez
[2026-01-22T22:11:39.440+0000] {subprocess.py:93} INFO - Dodano: Monitor | Klient: Ashley Nguyen
[2026-01-22T22:11:39.440+0000] {subprocess.py:93} INFO - Dodano: Mouse | Klient: Jeanette Hamilton
[2026-01-22T22:11:39.440+0000] {subprocess.py:93} INFO - Dodano: Keyboard | Klient: Richard Henderson
[2026-01-22T22:11:39.440+0000] {subprocess.py:93} INFO - Dodano: Monitor | Klient: Carol James
[2026-01-22T22:11:39.440+0000] {subprocess.py:93} INFO - Dodano: Mouse | Klient: Tabitha Woods
[2026-01-22T22:11:39.440+0000] {subprocess.py:93} INFO - Dodano: Mouse | Klient: Tony Diaz
[2026-01-22T22:11:39.440+0000] {subprocess.py:93} INFO - Dodano: Monitor | Klient: Marie Simpson
[2026-01-22T22:11:39.441+0000] {subprocess.py:93} INFO - Dodano: Laptop | Klient: Stephen Barton
[2026-01-22T22:11:39.441+0000] {subprocess.py:93} INFO - Dodano: Mouse | Klient: Kevin Robinson
[2026-01-22T22:11:39.441+0000] {subprocess.py:93} INFO - Dodano: Laptop | Klient: Paul Harding
[2026-01-22T22:11:39.441+0000] {subprocess.py:93} INFO - Dodano: Laptop | Klient: Anne Rosario
[2026-01-22T22:11:39.441+0000] {subprocess.py:93} INFO - Dodano: Keyboard | Klient: Deborah Bradley
[2026-01-22T22:11:39.441+0000] {subprocess.py:93} INFO - Dodano: Monitor | Klient: Robert Walker
[2026-01-22T22:11:39.441+0000] {subprocess.py:93} INFO - Dodano: Laptop | Klient: Stephen Sparks
[2026-01-22T22:11:39.441+0000] {subprocess.py:93} INFO - Dodano: Headphones | Klient: Bridget Hunt
[2026-01-22T22:11:39.441+0000] {subprocess.py:93} INFO - Dodano: Mouse | Klient: Vicki Anderson
[2026-01-22T22:11:39.441+0000] {subprocess.py:93} INFO - Dodano: Keyboard | Klient: Chelsea Williams
[2026-01-22T22:11:39.441+0000] {subprocess.py:93} INFO - Dodano: Keyboard | Klient: Stephanie Kline
[2026-01-22T22:11:39.441+0000] {subprocess.py:93} INFO - Dodano: Monitor | Klient: Daniel Zimmerman
[2026-01-22T22:11:39.441+0000] {subprocess.py:93} INFO - Dodano: Mouse | Klient: Morgan Moore
[2026-01-22T22:11:39.441+0000] {subprocess.py:93} INFO - Dodano: Keyboard | Klient: Mackenzie Bailey
[2026-01-22T22:11:39.441+0000] {subprocess.py:93} INFO - Dodano: Mouse | Klient: Yvonne Reynolds
[2026-01-22T22:11:39.441+0000] {subprocess.py:93} INFO - Dodano: Laptop | Klient: Anthony Wood
[2026-01-22T22:11:39.441+0000] {subprocess.py:93} INFO - Dodano: Laptop | Klient: Mathew Parrish
[2026-01-22T22:11:39.442+0000] {subprocess.py:93} INFO - Dodano: Monitor | Klient: Susan Miranda
[2026-01-22T22:11:39.442+0000] {subprocess.py:93} INFO - Dodano: Mouse | Klient: Ernest Morgan
[2026-01-22T22:11:39.442+0000] {subprocess.py:93} INFO - Dodano: Monitor | Klient: Robin Flores
[2026-01-22T22:11:39.442+0000] {subprocess.py:93} INFO - Dodano: Keyboard | Klient: Theresa Hernandez
[2026-01-22T22:11:39.442+0000] {subprocess.py:93} INFO - Dodano: Keyboard | Klient: Kayla Cruz
[2026-01-22T22:11:39.442+0000] {subprocess.py:93} INFO - Dodano: Mouse | Klient: Brenda Jones
[2026-01-22T22:11:39.442+0000] {subprocess.py:93} INFO - Dodano: Monitor | Klient: Joseph Jones
[2026-01-22T22:11:39.442+0000] {subprocess.py:93} INFO - Dodano: Laptop | Klient: Kimberly Jennings
[2026-01-22T22:11:39.442+0000] {subprocess.py:93} INFO - Dodano: Mouse | Klient: Michael Arnold
[2026-01-22T22:11:39.442+0000] {subprocess.py:93} INFO - Dodano: Keyboard | Klient: Terry Lucas
[2026-01-22T22:11:39.442+0000] {subprocess.py:93} INFO - Dodano: Monitor | Klient: John Chen
[2026-01-22T22:11:39.442+0000] {subprocess.py:93} INFO - Dodano: Monitor | Klient: James Guzman
[2026-01-22T22:11:39.442+0000] {subprocess.py:93} INFO - Dodano: Keyboard | Klient: Cristina Sanchez
[2026-01-22T22:11:39.442+0000] {subprocess.py:93} INFO - Dodano: Headphones | Klient: Martin Duarte
[2026-01-22T22:11:39.442+0000] {subprocess.py:93} INFO - Dodano: Mouse | Klient: Nina Garrison DDS
[2026-01-22T22:11:39.443+0000] {subprocess.py:93} INFO - Dodano: Headphones | Klient: Mark Benson
[2026-01-22T22:11:39.443+0000] {subprocess.py:93} INFO - Dodano: Mouse | Klient: Steven Stanley
[2026-01-22T22:11:39.443+0000] {subprocess.py:93} INFO - Dodano: Mouse | Klient: Kenneth Smith
[2026-01-22T22:11:39.443+0000] {subprocess.py:93} INFO - Dodano: Mouse | Klient: Leslie Moss
[2026-01-22T22:11:39.443+0000] {subprocess.py:93} INFO - Dodano: Monitor | Klient: Caitlin Wells
[2026-01-22T22:11:39.443+0000] {subprocess.py:93} INFO - Dodano: Keyboard | Klient: Ashley Nguyen
[2026-01-22T22:11:39.443+0000] {subprocess.py:93} INFO - Dodano: Mouse | Klient: Mark Jackson
[2026-01-22T22:11:39.443+0000] {subprocess.py:93} INFO - Dodano: Headphones | Klient: Jody Ayers
[2026-01-22T22:11:39.443+0000] {subprocess.py:93} INFO - Dodano: Headphones | Klient: Matthew Miller
[2026-01-22T22:11:39.443+0000] {subprocess.py:93} INFO - Dodano: Monitor | Klient: Jeremiah Bryant
[2026-01-22T22:11:39.444+0000] {subprocess.py:93} INFO - Dodano: Monitor | Klient: Mason Harvey
[2026-01-22T22:11:39.444+0000] {subprocess.py:93} INFO - Dodano: Headphones | Klient: Alexander Morales
[2026-01-22T22:11:39.444+0000] {subprocess.py:93} INFO - Dodano: Headphones | Klient: Lori Ruiz
[2026-01-22T22:11:39.444+0000] {subprocess.py:93} INFO - Dodano: Headphones | Klient: Zachary Hooper
[2026-01-22T22:11:39.444+0000] {subprocess.py:93} INFO - Dodano: Keyboard | Klient: Mark Price
[2026-01-22T22:11:39.444+0000] {subprocess.py:93} INFO - Dodano: Keyboard | Klient: Kristen Holmes
[2026-01-22T22:11:39.444+0000] {subprocess.py:93} INFO - Dodano: Headphones | Klient: Megan Cruz MD
[2026-01-22T22:11:39.444+0000] {subprocess.py:93} INFO - Dodano: Headphones | Klient: Bobby Lane
[2026-01-22T22:11:39.445+0000] {subprocess.py:93} INFO - Dodano: Keyboard | Klient: Rodney Smith
[2026-01-22T22:11:39.445+0000] {subprocess.py:93} INFO - Dodano: Mouse | Klient: Valerie Wilson
[2026-01-22T22:11:39.445+0000] {subprocess.py:93} INFO - Dodano: Mouse | Klient: Raymond Potter
[2026-01-22T22:11:39.445+0000] {subprocess.py:93} INFO - Dodano: Keyboard | Klient: Anna Miller
[2026-01-22T22:11:39.445+0000] {subprocess.py:93} INFO - Dodano: Mouse | Klient: Lisa Mccoy
[2026-01-22T22:11:39.445+0000] {subprocess.py:93} INFO - Dodano: Keyboard | Klient: Devin Blair
[2026-01-22T22:11:39.445+0000] {subprocess.py:93} INFO - Dodano: Keyboard | Klient: Eric Best
[2026-01-22T22:11:39.445+0000] {subprocess.py:93} INFO - Dodano: Keyboard | Klient: Ryan Hill
[2026-01-22T22:11:39.445+0000] {subprocess.py:93} INFO - Dodano: Keyboard | Klient: Shawn Santiago
[2026-01-22T22:11:39.445+0000] {subprocess.py:93} INFO - Dodano: Monitor | Klient: Daniel Jones
[2026-01-22T22:11:39.445+0000] {subprocess.py:93} INFO - Dodano: Monitor | Klient: Larry Rose
[2026-01-22T22:11:39.445+0000] {subprocess.py:93} INFO - Dodano: Monitor | Klient: Martin Walker
[2026-01-22T22:11:39.445+0000] {subprocess.py:93} INFO - Dodano: Keyboard | Klient: Roberto Perry
[2026-01-22T22:11:39.445+0000] {subprocess.py:93} INFO - Dodano: Monitor | Klient: Nicholas Acevedo
[2026-01-22T22:11:39.446+0000] {subprocess.py:93} INFO - Dodano: Laptop | Klient: Stephanie Thomas
[2026-01-22T22:11:39.446+0000] {subprocess.py:93} INFO - Dodano: Keyboard | Klient: Julie Hartman
[2026-01-22T22:11:39.446+0000] {subprocess.py:93} INFO - Dodano: Mouse | Klient: Stephen Brooks
[2026-01-22T22:11:39.446+0000] {subprocess.py:93} INFO - Dodano: Headphones | Klient: Cindy Gilbert
[2026-01-22T22:11:39.446+0000] {subprocess.py:93} INFO - Dodano: Laptop | Klient: Diana Doyle
[2026-01-22T22:11:39.446+0000] {subprocess.py:93} INFO - Dodano: Headphones | Klient: Jessica Sloan
[2026-01-22T22:11:39.446+0000] {subprocess.py:93} INFO - Dodano: Keyboard | Klient: Clinton Frank
[2026-01-22T22:11:39.446+0000] {subprocess.py:93} INFO - Dodano: Keyboard | Klient: Laura Morris
[2026-01-22T22:11:39.446+0000] {subprocess.py:93} INFO - Dodano: Mouse | Klient: Tammy Reed
[2026-01-22T22:11:39.446+0000] {subprocess.py:93} INFO - Dodano: Keyboard | Klient: Heidi Gray
[2026-01-22T22:11:39.446+0000] {subprocess.py:93} INFO - Dodano: Headphones | Klient: Michael Cook
[2026-01-22T22:11:39.446+0000] {subprocess.py:93} INFO - Dodano: Monitor | Klient: Jeremy Brown
[2026-01-22T22:11:39.446+0000] {subprocess.py:93} INFO - Dodano: Mouse | Klient: James Craig
[2026-01-22T22:11:39.446+0000] {subprocess.py:93} INFO - Dodano: Laptop | Klient: Michael Wilson
[2026-01-22T22:11:39.446+0000] {subprocess.py:93} INFO - Dodano: Keyboard | Klient: Jennifer Lynn
[2026-01-22T22:11:39.447+0000] {subprocess.py:93} INFO - Dodano: Monitor | Klient: Shirley Olson
[2026-01-22T22:11:39.447+0000] {subprocess.py:93} INFO - Dodano: Keyboard | Klient: Eric Holland
[2026-01-22T22:11:39.447+0000] {subprocess.py:93} INFO - Dodano: Keyboard | Klient: Tyler Beard
[2026-01-22T22:11:39.447+0000] {subprocess.py:93} INFO - Dodano: Laptop | Klient: John Ayala
[2026-01-22T22:11:39.447+0000] {subprocess.py:93} INFO - Dodano: Laptop | Klient: Duane Chandler
[2026-01-22T22:11:39.447+0000] {subprocess.py:93} INFO - Dodano: Monitor | Klient: Miguel Williams
[2026-01-22T22:11:39.447+0000] {subprocess.py:93} INFO - Dodano: Keyboard | Klient: Katie Levine
[2026-01-22T22:11:39.447+0000] {subprocess.py:93} INFO - Dodano: Headphones | Klient: Jessica Davidson
[2026-01-22T22:11:39.447+0000] {subprocess.py:93} INFO - Dodano: Laptop | Klient: Brittany James
[2026-01-22T22:11:39.447+0000] {subprocess.py:93} INFO - Dodano: Laptop | Klient: Matthew White
[2026-01-22T22:11:39.447+0000] {subprocess.py:93} INFO - Dodano: Monitor | Klient: Hayden Cook
[2026-01-22T22:11:39.447+0000] {subprocess.py:93} INFO - Dodano: Keyboard | Klient: Calvin Salinas
[2026-01-22T22:11:39.447+0000] {subprocess.py:93} INFO - Dodano: Headphones | Klient: Jennifer Charles
[2026-01-22T22:11:39.447+0000] {subprocess.py:93} INFO - Dodano: Laptop | Klient: Paul Gonzalez
[2026-01-22T22:11:39.448+0000] {subprocess.py:93} INFO - Dodano: Monitor | Klient: Daniel Mathis
[2026-01-22T22:11:39.448+0000] {subprocess.py:93} INFO - Dodano: Laptop | Klient: Bradley Reid
[2026-01-22T22:11:39.448+0000] {subprocess.py:93} INFO - Dodano: Keyboard | Klient: John Simpson
[2026-01-22T22:11:39.448+0000] {subprocess.py:93} INFO - Dodano: Monitor | Klient: Taylor Davis
[2026-01-22T22:11:39.448+0000] {subprocess.py:93} INFO - Dodano: Monitor | Klient: Brenda Woods
[2026-01-22T22:11:39.448+0000] {subprocess.py:93} INFO - Dodano: Laptop | Klient: Christian Werner
[2026-01-22T22:11:39.448+0000] {subprocess.py:93} INFO - Dodano: Monitor | Klient: Luke Newman
[2026-01-22T22:11:39.448+0000] {subprocess.py:93} INFO - Dodano: Keyboard | Klient: Douglas Andrade
[2026-01-22T22:11:39.448+0000] {subprocess.py:93} INFO - Dodano: Mouse | Klient: Lawrence Singleton
[2026-01-22T22:11:39.448+0000] {subprocess.py:93} INFO - Dodano: Monitor | Klient: Jeremy Blake
[2026-01-22T22:11:39.448+0000] {subprocess.py:93} INFO - Dodano: Mouse | Klient: Meagan Davis
[2026-01-22T22:11:39.448+0000] {subprocess.py:93} INFO - Dodano: Headphones | Klient: Matthew Reed
[2026-01-22T22:11:39.449+0000] {subprocess.py:93} INFO - Dodano: Mouse | Klient: Alice Palmer
[2026-01-22T22:11:39.449+0000] {subprocess.py:93} INFO - Dodano: Keyboard | Klient: Michael Turner
[2026-01-22T22:11:39.449+0000] {subprocess.py:93} INFO - Dodano: Keyboard | Klient: Michael Gallegos
[2026-01-22T22:11:39.449+0000] {subprocess.py:93} INFO - Dodano: Monitor | Klient: Dr. Susan Duncan MD
[2026-01-22T22:11:39.449+0000] {subprocess.py:93} INFO - Dodano: Monitor | Klient: Gregory Bowen
[2026-01-22T22:11:39.449+0000] {subprocess.py:93} INFO - Dodano: Laptop | Klient: Rachael Miller
[2026-01-22T22:11:39.449+0000] {subprocess.py:93} INFO - Dodano: Headphones | Klient: Whitney Miller
[2026-01-22T22:11:39.449+0000] {subprocess.py:93} INFO - Dodano: Headphones | Klient: Sean Ramirez
[2026-01-22T22:11:39.449+0000] {subprocess.py:93} INFO - Dodano: Keyboard | Klient: Sharon Whitaker
[2026-01-22T22:11:39.449+0000] {subprocess.py:93} INFO - Dodano: Mouse | Klient: Mark Bowers
[2026-01-22T22:11:39.449+0000] {subprocess.py:93} INFO - Dodano: Mouse | Klient: Gregg Knight
[2026-01-22T22:11:39.449+0000] {subprocess.py:93} INFO - Dodano: Headphones | Klient: Anne Gomez
[2026-01-22T22:11:39.449+0000] {subprocess.py:93} INFO - Dodano: Monitor | Klient: Tony Carter
[2026-01-22T22:11:39.449+0000] {subprocess.py:93} INFO - Dodano: Monitor | Klient: Julie Wallace
[2026-01-22T22:11:39.449+0000] {subprocess.py:93} INFO - Dodano: Mouse | Klient: Antonio Petersen
[2026-01-22T22:11:39.450+0000] {subprocess.py:93} INFO - Dodano: Keyboard | Klient: Angela Carter
[2026-01-22T22:11:39.450+0000] {subprocess.py:93} INFO - Dodano: Monitor | Klient: Rebecca Vargas
[2026-01-22T22:11:39.450+0000] {subprocess.py:93} INFO - Dodano: Laptop | Klient: Joseph Thomas
[2026-01-22T22:11:39.450+0000] {subprocess.py:93} INFO - Dodano: Laptop | Klient: Dr. Jessica Byrd
[2026-01-22T22:11:39.450+0000] {subprocess.py:93} INFO - Dodano: Monitor | Klient: Christopher Peck
[2026-01-22T22:11:39.450+0000] {subprocess.py:93} INFO - Dodano: Headphones | Klient: Melanie Jones
[2026-01-22T22:11:39.450+0000] {subprocess.py:93} INFO - Dodano: Headphones | Klient: Anna Blackburn
[2026-01-22T22:11:39.450+0000] {subprocess.py:93} INFO - Dodano: Keyboard | Klient: Tami Wang
[2026-01-22T22:11:39.450+0000] {subprocess.py:93} INFO - Dodano: Keyboard | Klient: Andrea Bates
[2026-01-22T22:11:39.450+0000] {subprocess.py:93} INFO - Dodano: Keyboard | Klient: Karen Bell
[2026-01-22T22:11:39.451+0000] {subprocess.py:93} INFO - Dodano: Laptop | Klient: Jerome Hamilton
[2026-01-22T22:11:39.451+0000] {subprocess.py:93} INFO - Dodano: Keyboard | Klient: Michael Johnson
[2026-01-22T22:11:39.451+0000] {subprocess.py:93} INFO - Dodano: Keyboard | Klient: Kimberly Leblanc
[2026-01-22T22:11:39.451+0000] {subprocess.py:93} INFO - Dodano: Mouse | Klient: Terry Gutierrez
[2026-01-22T22:11:39.451+0000] {subprocess.py:93} INFO - Dodano: Monitor | Klient: Timothy Castillo
[2026-01-22T22:11:39.451+0000] {subprocess.py:93} INFO - Dodano: Monitor | Klient: Kristen Cruz
[2026-01-22T22:11:39.451+0000] {subprocess.py:93} INFO - Dodano: Laptop | Klient: Cindy Lewis
[2026-01-22T22:11:39.451+0000] {subprocess.py:93} INFO - Dodano: Headphones | Klient: Katherine Wolfe
[2026-01-22T22:11:39.451+0000] {subprocess.py:93} INFO - Dodano: Laptop | Klient: Mark Coleman
[2026-01-22T22:11:39.451+0000] {subprocess.py:93} INFO - Dodano: Laptop | Klient: Michael Wallace
[2026-01-22T22:11:39.451+0000] {subprocess.py:93} INFO - Dodano: Laptop | Klient: Frank Larson
[2026-01-22T22:11:39.451+0000] {subprocess.py:93} INFO - Dodano: Monitor | Klient: Brooke Burke
[2026-01-22T22:11:39.451+0000] {subprocess.py:93} INFO - Dodano: Monitor | Klient: Drew Casey
[2026-01-22T22:11:39.451+0000] {subprocess.py:93} INFO - Dodano: Headphones | Klient: Carol Aguirre
[2026-01-22T22:11:39.451+0000] {subprocess.py:93} INFO - Dodano: Keyboard | Klient: Dustin Davidson
[2026-01-22T22:11:39.451+0000] {subprocess.py:93} INFO - Dodano: Monitor | Klient: Julie Clark
[2026-01-22T22:11:39.452+0000] {subprocess.py:93} INFO - Dodano: Laptop | Klient: Brittany Combs
[2026-01-22T22:11:39.452+0000] {subprocess.py:93} INFO - Dodano: Monitor | Klient: Brenda Olson
[2026-01-22T22:11:39.452+0000] {subprocess.py:93} INFO - Dodano: Monitor | Klient: Dr. Thomas Smith PhD
[2026-01-22T22:11:39.452+0000] {subprocess.py:93} INFO - Dodano: Monitor | Klient: Todd Allen
[2026-01-22T22:11:39.452+0000] {subprocess.py:93} INFO - Dodano: Keyboard | Klient: Ricky Wu
[2026-01-22T22:11:39.452+0000] {subprocess.py:93} INFO - Dodano: Mouse | Klient: Louis Dunlap
[2026-01-22T22:11:39.452+0000] {subprocess.py:93} INFO - Dodano: Headphones | Klient: James Morgan
[2026-01-22T22:11:39.452+0000] {subprocess.py:93} INFO - Dodano: Keyboard | Klient: Roger Ho
[2026-01-22T22:11:39.452+0000] {subprocess.py:93} INFO - Dodano: Keyboard | Klient: Daniel Smith
[2026-01-22T22:11:39.452+0000] {subprocess.py:93} INFO - Dodano: Headphones | Klient: Catherine Anderson
[2026-01-22T22:11:39.452+0000] {subprocess.py:93} INFO - Dodano: Keyboard | Klient: Stephen Brown
[2026-01-22T22:11:39.453+0000] {subprocess.py:93} INFO - Dodano: Mouse | Klient: Denise Nichols
[2026-01-22T22:11:39.453+0000] {subprocess.py:93} INFO - Dodano: Mouse | Klient: Matthew Barker
[2026-01-22T22:11:39.453+0000] {subprocess.py:93} INFO - Dodano: Monitor | Klient: Rebecca Chapman
[2026-01-22T22:11:39.453+0000] {subprocess.py:93} INFO - Dodano: Monitor | Klient: Robert Murray
[2026-01-22T22:11:39.453+0000] {subprocess.py:93} INFO - Dodano: Mouse | Klient: Zachary Williams
[2026-01-22T22:11:39.453+0000] {subprocess.py:93} INFO - Dodano: Headphones | Klient: Kathleen Hood
[2026-01-22T22:11:39.453+0000] {subprocess.py:93} INFO - Dodano: Headphones | Klient: Elizabeth Melton
[2026-01-22T22:11:39.453+0000] {subprocess.py:93} INFO - Dodano: Keyboard | Klient: John Horne
[2026-01-22T22:11:39.453+0000] {subprocess.py:93} INFO - Dodano: Keyboard | Klient: Joseph Salinas
[2026-01-22T22:11:39.453+0000] {subprocess.py:93} INFO - Dodano: Keyboard | Klient: Isaiah Rocha
[2026-01-22T22:11:39.453+0000] {subprocess.py:93} INFO - Dodano: Mouse | Klient: Teresa Jordan
[2026-01-22T22:11:39.454+0000] {subprocess.py:93} INFO - Dodano: Mouse | Klient: Travis Frederick
[2026-01-22T22:11:39.454+0000] {subprocess.py:93} INFO - Dodano: Laptop | Klient: Amber Johnson
[2026-01-22T22:11:39.454+0000] {subprocess.py:93} INFO - Dodano: Laptop | Klient: Renee Ortega
[2026-01-22T22:11:39.454+0000] {subprocess.py:93} INFO - Dodano: Headphones | Klient: Ethan Myers
[2026-01-22T22:11:39.454+0000] {subprocess.py:93} INFO - Dodano: Headphones | Klient: Stacy Oconnor
[2026-01-22T22:11:39.454+0000] {subprocess.py:93} INFO - Dodano: Mouse | Klient: Caitlyn Tran
[2026-01-22T22:11:39.454+0000] {subprocess.py:93} INFO - Dodano: Keyboard | Klient: Christine Collins
[2026-01-22T22:11:39.454+0000] {subprocess.py:93} INFO - Dodano: Mouse | Klient: Samantha Wallace
[2026-01-22T22:11:39.454+0000] {subprocess.py:93} INFO - Dodano: Laptop | Klient: Hunter Strickland
[2026-01-22T22:11:39.454+0000] {subprocess.py:93} INFO - Dodano: Monitor | Klient: Robert Gutierrez
[2026-01-22T22:11:39.454+0000] {subprocess.py:93} INFO - Dodano: Monitor | Klient: James Gomez
[2026-01-22T22:11:39.454+0000] {subprocess.py:93} INFO - >>> Zakończono generowanie danych.
[2026-01-22T22:11:39.460+0000] {subprocess.py:97} INFO - Command exited with return code 0
[2026-01-22T22:11:39.490+0000] {taskinstance.py:1398} INFO - Marking task as SUCCESS. dag_id=3_mlops_full_pipeline, task_id=run_simulation, execution_date=20260122T221105, start_date=20260122T221116, end_date=20260122T221139
[2026-01-22T22:11:39.538+0000] {local_task_job_runner.py:228} INFO - Task exited with return code 0
[2026-01-22T22:11:39.558+0000] {taskinstance.py:2776} INFO - 0 downstream tasks scheduled from follow-on schedule check
