[2026-01-23T15:13:03.520+0000] {taskinstance.py:1157} INFO - Dependencies all met for dep_context=non-requeueable deps ti=<TaskInstance: 3_mlops_full_pipeline.spark_bronze_to_silver manual__2026-01-23T15:11:52+00:00 [queued]>
[2026-01-23T15:13:03.531+0000] {taskinstance.py:1157} INFO - Dependencies all met for dep_context=requeueable deps ti=<TaskInstance: 3_mlops_full_pipeline.spark_bronze_to_silver manual__2026-01-23T15:11:52+00:00 [queued]>
[2026-01-23T15:13:03.532+0000] {taskinstance.py:1359} INFO - Starting attempt 1 of 1
[2026-01-23T15:13:03.545+0000] {taskinstance.py:1380} INFO - Executing <Task(BashOperator): spark_bronze_to_silver> on 2026-01-23 15:11:52+00:00
[2026-01-23T15:13:03.551+0000] {standard_task_runner.py:57} INFO - Started process 341 to run task
[2026-01-23T15:13:03.554+0000] {standard_task_runner.py:84} INFO - Running: ['***', 'tasks', 'run', '3_mlops_full_pipeline', 'spark_bronze_to_silver', 'manual__2026-01-23T15:11:52+00:00', '--job-id', '5', '--raw', '--subdir', 'DAGS_FOLDER/mlops_pipeline.py', '--cfg-path', '/tmp/tmp89syl_t1']
[2026-01-23T15:13:03.557+0000] {standard_task_runner.py:85} INFO - Job 5: Subtask spark_bronze_to_silver
[2026-01-23T15:13:03.605+0000] {task_command.py:415} INFO - Running <TaskInstance: 3_mlops_full_pipeline.spark_bronze_to_silver manual__2026-01-23T15:11:52+00:00 [running]> on host e0c013157951
[2026-01-23T15:13:03.679+0000] {taskinstance.py:1660} INFO - Exporting env vars: AIRFLOW_CTX_DAG_OWNER='***' AIRFLOW_CTX_DAG_ID='3_mlops_full_pipeline' AIRFLOW_CTX_TASK_ID='spark_bronze_to_silver' AIRFLOW_CTX_EXECUTION_DATE='2026-01-23T15:11:52+00:00' AIRFLOW_CTX_TRY_NUMBER='1' AIRFLOW_CTX_DAG_RUN_ID='manual__2026-01-23T15:11:52+00:00'
[2026-01-23T15:13:03.680+0000] {subprocess.py:63} INFO - Tmp dir root location: /tmp
[2026-01-23T15:13:03.681+0000] {subprocess.py:75} INFO - Running command: ['/bin/bash', '-c', '\n        # Added \'-u 0\' flag to run as root\n        docker exec -u 0 -i spark-master /opt/spark/bin/spark-submit         --packages io.delta:delta-spark_2.12:3.1.0,org.apache.hadoop:hadoop-aws:3.3.4         --conf "spark.sql.extensions=io.delta.sql.DeltaSparkSessionExtension"         --conf "spark.sql.catalog.spark_catalog=org.apache.spark.sql.delta.catalog.DeltaCatalog"         /opt/spark-jobs/bronze_to_silver.py\n        ']
[2026-01-23T15:13:03.692+0000] {subprocess.py:86} INFO - Output:
[2026-01-23T15:13:03.708+0000] {subprocess.py:93} INFO - permission denied while trying to connect to the docker API at unix:///var/run/docker.sock
[2026-01-23T15:13:03.710+0000] {subprocess.py:97} INFO - Command exited with return code 1
[2026-01-23T15:13:03.721+0000] {taskinstance.py:1935} ERROR - Task failed with exception
Traceback (most recent call last):
  File "/home/airflow/.local/lib/python3.8/site-packages/airflow/operators/bash.py", line 210, in execute
    raise AirflowException(
airflow.exceptions.AirflowException: Bash command failed. The command returned a non-zero exit code 1.
[2026-01-23T15:13:03.725+0000] {taskinstance.py:1398} INFO - Marking task as FAILED. dag_id=3_mlops_full_pipeline, task_id=spark_bronze_to_silver, execution_date=20260123T151152, start_date=20260123T151303, end_date=20260123T151303
[2026-01-23T15:13:03.738+0000] {standard_task_runner.py:104} ERROR - Failed to execute job 5 for task spark_bronze_to_silver (Bash command failed. The command returned a non-zero exit code 1.; 341)
[2026-01-23T15:13:03.766+0000] {local_task_job_runner.py:228} INFO - Task exited with return code 1
[2026-01-23T15:13:03.784+0000] {taskinstance.py:2776} INFO - 0 downstream tasks scheduled from follow-on schedule check
