[2026-01-23T15:13:00.729+0000] {taskinstance.py:1157} INFO - Dependencies all met for dep_context=non-requeueable deps ti=<TaskInstance: 3_mlops_full_pipeline.ingest_to_bronze manual__2026-01-23T15:11:52+00:00 [queued]>
[2026-01-23T15:13:00.737+0000] {taskinstance.py:1157} INFO - Dependencies all met for dep_context=requeueable deps ti=<TaskInstance: 3_mlops_full_pipeline.ingest_to_bronze manual__2026-01-23T15:11:52+00:00 [queued]>
[2026-01-23T15:13:00.738+0000] {taskinstance.py:1359} INFO - Starting attempt 1 of 1
[2026-01-23T15:13:00.750+0000] {taskinstance.py:1380} INFO - Executing <Task(BashOperator): ingest_to_bronze> on 2026-01-23 15:11:52+00:00
[2026-01-23T15:13:00.755+0000] {standard_task_runner.py:57} INFO - Started process 317 to run task
[2026-01-23T15:13:00.758+0000] {standard_task_runner.py:84} INFO - Running: ['***', 'tasks', 'run', '3_mlops_full_pipeline', 'ingest_to_bronze', 'manual__2026-01-23T15:11:52+00:00', '--job-id', '4', '--raw', '--subdir', 'DAGS_FOLDER/mlops_pipeline.py', '--cfg-path', '/tmp/tmpimapygyh']
[2026-01-23T15:13:00.761+0000] {standard_task_runner.py:85} INFO - Job 4: Subtask ingest_to_bronze
[2026-01-23T15:13:00.804+0000] {task_command.py:415} INFO - Running <TaskInstance: 3_mlops_full_pipeline.ingest_to_bronze manual__2026-01-23T15:11:52+00:00 [running]> on host e0c013157951
[2026-01-23T15:13:00.869+0000] {taskinstance.py:1660} INFO - Exporting env vars: AIRFLOW_CTX_DAG_OWNER='***' AIRFLOW_CTX_DAG_ID='3_mlops_full_pipeline' AIRFLOW_CTX_TASK_ID='ingest_to_bronze' AIRFLOW_CTX_EXECUTION_DATE='2026-01-23T15:11:52+00:00' AIRFLOW_CTX_TRY_NUMBER='1' AIRFLOW_CTX_DAG_RUN_ID='manual__2026-01-23T15:11:52+00:00'
[2026-01-23T15:13:00.870+0000] {subprocess.py:63} INFO - Tmp dir root location: /tmp
[2026-01-23T15:13:00.871+0000] {subprocess.py:75} INFO - Running command: ['/bin/bash', '-c', 'python /opt/***/dags/ingest_postgres_to_bronze.py']
[2026-01-23T15:13:00.881+0000] {subprocess.py:86} INFO - Output:
[2026-01-23T15:13:02.848+0000] {subprocess.py:93} INFO - /opt/***/dags/ingest_postgres_to_bronze.py:20: UserWarning: pandas only supports SQLAlchemy connectable (engine/connection) or database string URI or sqlite3 DBAPI2 connection. Other DBAPI2 objects are not tested. Please consider using SQLAlchemy.
[2026-01-23T15:13:02.848+0000] {subprocess.py:93} INFO -   df = pd.read_sql(query, conn)
[2026-01-23T15:13:02.848+0000] {subprocess.py:93} INFO - >>> [Ingest] Łączenie z Postgres...
[2026-01-23T15:13:02.848+0000] {subprocess.py:93} INFO - >>> [Ingest] Zapisywanie 20 wierszy do: s3://bronze/data/orders/orders_20260123151301.parquet
[2026-01-23T15:13:02.848+0000] {subprocess.py:93} INFO - >>> Sukces!
[2026-01-23T15:13:03.007+0000] {subprocess.py:97} INFO - Command exited with return code 0
[2026-01-23T15:13:03.031+0000] {taskinstance.py:1398} INFO - Marking task as SUCCESS. dag_id=3_mlops_full_pipeline, task_id=ingest_to_bronze, execution_date=20260123T151152, start_date=20260123T151300, end_date=20260123T151303
[2026-01-23T15:13:03.059+0000] {local_task_job_runner.py:228} INFO - Task exited with return code 0
[2026-01-23T15:13:03.077+0000] {taskinstance.py:2776} INFO - 0 downstream tasks scheduled from follow-on schedule check
