[2026-01-23T15:12:55.497+0000] {taskinstance.py:1157} INFO - Dependencies all met for dep_context=non-requeueable deps ti=<TaskInstance: 3_mlops_full_pipeline.run_simulation manual__2026-01-23T15:11:52+00:00 [queued]>
[2026-01-23T15:12:55.511+0000] {taskinstance.py:1157} INFO - Dependencies all met for dep_context=requeueable deps ti=<TaskInstance: 3_mlops_full_pipeline.run_simulation manual__2026-01-23T15:11:52+00:00 [queued]>
[2026-01-23T15:12:55.511+0000] {taskinstance.py:1359} INFO - Starting attempt 1 of 1
[2026-01-23T15:12:55.525+0000] {taskinstance.py:1380} INFO - Executing <Task(BashOperator): run_simulation> on 2026-01-23 15:11:52+00:00
[2026-01-23T15:12:55.531+0000] {standard_task_runner.py:57} INFO - Started process 298 to run task
[2026-01-23T15:12:55.535+0000] {standard_task_runner.py:84} INFO - Running: ['***', 'tasks', 'run', '3_mlops_full_pipeline', 'run_simulation', 'manual__2026-01-23T15:11:52+00:00', '--job-id', '3', '--raw', '--subdir', 'DAGS_FOLDER/mlops_pipeline.py', '--cfg-path', '/tmp/tmpo9kc8l_d']
[2026-01-23T15:12:55.538+0000] {standard_task_runner.py:85} INFO - Job 3: Subtask run_simulation
[2026-01-23T15:12:55.589+0000] {task_command.py:415} INFO - Running <TaskInstance: 3_mlops_full_pipeline.run_simulation manual__2026-01-23T15:11:52+00:00 [running]> on host e0c013157951
[2026-01-23T15:12:55.675+0000] {taskinstance.py:1660} INFO - Exporting env vars: AIRFLOW_CTX_DAG_OWNER='***' AIRFLOW_CTX_DAG_ID='3_mlops_full_pipeline' AIRFLOW_CTX_TASK_ID='run_simulation' AIRFLOW_CTX_EXECUTION_DATE='2026-01-23T15:11:52+00:00' AIRFLOW_CTX_TRY_NUMBER='1' AIRFLOW_CTX_DAG_RUN_ID='manual__2026-01-23T15:11:52+00:00'
[2026-01-23T15:12:55.677+0000] {subprocess.py:63} INFO - Tmp dir root location: /tmp
[2026-01-23T15:12:55.678+0000] {subprocess.py:75} INFO - Running command: ['/bin/bash', '-c', 'python /opt/***/dags/simulate_process.py']
[2026-01-23T15:12:55.688+0000] {subprocess.py:86} INFO - Output:
[2026-01-23T15:12:59.515+0000] {subprocess.py:93} INFO - >>> Tabela orders gotowa.
[2026-01-23T15:12:59.515+0000] {subprocess.py:93} INFO - >>> Rozpoczynam generowanie paczki danych (20 rekordów)...
[2026-01-23T15:12:59.516+0000] {subprocess.py:93} INFO - Dodano: Mouse | Klient: Stephen Austin
[2026-01-23T15:12:59.516+0000] {subprocess.py:93} INFO - Dodano: Laptop | Klient: Jonathan Kidd
[2026-01-23T15:12:59.516+0000] {subprocess.py:93} INFO - Dodano: Mouse | Klient: Ian Orr
[2026-01-23T15:12:59.516+0000] {subprocess.py:93} INFO - Dodano: Keyboard | Klient: Jennifer Evans
[2026-01-23T15:12:59.516+0000] {subprocess.py:93} INFO - Dodano: Laptop | Klient: Gregory Brock
[2026-01-23T15:12:59.517+0000] {subprocess.py:93} INFO - Dodano: Keyboard | Klient: Johnny Moore
[2026-01-23T15:12:59.517+0000] {subprocess.py:93} INFO - Dodano: Laptop | Klient: Gary Roberson DDS
[2026-01-23T15:12:59.517+0000] {subprocess.py:93} INFO - Dodano: Keyboard | Klient: Matthew Davis
[2026-01-23T15:12:59.517+0000] {subprocess.py:93} INFO - Dodano: Mouse | Klient: Denise Terry
[2026-01-23T15:12:59.517+0000] {subprocess.py:93} INFO - Dodano: Monitor | Klient: Linda Costa
[2026-01-23T15:12:59.517+0000] {subprocess.py:93} INFO - Dodano: Headphones | Klient: Andrea Ray
[2026-01-23T15:12:59.517+0000] {subprocess.py:93} INFO - Dodano: Monitor | Klient: Teresa Suarez
[2026-01-23T15:12:59.517+0000] {subprocess.py:93} INFO - Dodano: Headphones | Klient: Justin Sanders
[2026-01-23T15:12:59.517+0000] {subprocess.py:93} INFO - Dodano: Mouse | Klient: James Garcia
[2026-01-23T15:12:59.518+0000] {subprocess.py:93} INFO - Dodano: Keyboard | Klient: Jessica Maldonado
[2026-01-23T15:12:59.518+0000] {subprocess.py:93} INFO - Dodano: Headphones | Klient: Michael Rodriguez
[2026-01-23T15:12:59.518+0000] {subprocess.py:93} INFO - Dodano: Headphones | Klient: Madison Johnson
[2026-01-23T15:12:59.518+0000] {subprocess.py:93} INFO - Dodano: Laptop | Klient: Peter Odom
[2026-01-23T15:12:59.518+0000] {subprocess.py:93} INFO - Dodano: Keyboard | Klient: Marisa Kelly
[2026-01-23T15:12:59.518+0000] {subprocess.py:93} INFO - Dodano: Headphones | Klient: Brian Perry
[2026-01-23T15:12:59.518+0000] {subprocess.py:93} INFO - >>> Zakończono generowanie danych.
[2026-01-23T15:12:59.563+0000] {subprocess.py:97} INFO - Command exited with return code 0
[2026-01-23T15:12:59.609+0000] {taskinstance.py:1398} INFO - Marking task as SUCCESS. dag_id=3_mlops_full_pipeline, task_id=run_simulation, execution_date=20260123T151152, start_date=20260123T151255, end_date=20260123T151259
[2026-01-23T15:12:59.683+0000] {local_task_job_runner.py:228} INFO - Task exited with return code 0
[2026-01-23T15:12:59.731+0000] {taskinstance.py:2776} INFO - 1 downstream tasks scheduled from follow-on schedule check
