[2026-01-22T23:37:00.020+0000] {taskinstance.py:1157} INFO - Dependencies all met for dep_context=non-requeueable deps ti=<TaskInstance: 3_mlops_full_pipeline.install_requirements manual__2026-01-22T23:36:58+00:00 [queued]>
[2026-01-22T23:37:00.027+0000] {taskinstance.py:1157} INFO - Dependencies all met for dep_context=requeueable deps ti=<TaskInstance: 3_mlops_full_pipeline.install_requirements manual__2026-01-22T23:36:58+00:00 [queued]>
[2026-01-22T23:37:00.027+0000] {taskinstance.py:1359} INFO - Starting attempt 1 of 1
[2026-01-22T23:37:00.041+0000] {taskinstance.py:1380} INFO - Executing <Task(BashOperator): install_requirements> on 2026-01-22 23:36:58+00:00
[2026-01-22T23:37:00.046+0000] {standard_task_runner.py:57} INFO - Started process 672 to run task
[2026-01-22T23:37:00.048+0000] {standard_task_runner.py:84} INFO - Running: ['***', 'tasks', 'run', '3_mlops_full_pipeline', 'install_requirements', 'manual__2026-01-22T23:36:58+00:00', '--job-id', '7', '--raw', '--subdir', 'DAGS_FOLDER/mlops_pipeline.py', '--cfg-path', '/tmp/tmpa_86uqlu']
[2026-01-22T23:37:00.051+0000] {standard_task_runner.py:85} INFO - Job 7: Subtask install_requirements
[2026-01-22T23:37:00.093+0000] {task_command.py:415} INFO - Running <TaskInstance: 3_mlops_full_pipeline.install_requirements manual__2026-01-22T23:36:58+00:00 [running]> on host c636ac6d211b
[2026-01-22T23:37:00.172+0000] {taskinstance.py:1660} INFO - Exporting env vars: AIRFLOW_CTX_DAG_OWNER='***' AIRFLOW_CTX_DAG_ID='3_mlops_full_pipeline' AIRFLOW_CTX_TASK_ID='install_requirements' AIRFLOW_CTX_EXECUTION_DATE='2026-01-22T23:36:58+00:00' AIRFLOW_CTX_TRY_NUMBER='1' AIRFLOW_CTX_DAG_RUN_ID='manual__2026-01-22T23:36:58+00:00'
[2026-01-22T23:37:00.173+0000] {subprocess.py:63} INFO - Tmp dir root location: /tmp
[2026-01-22T23:37:00.174+0000] {subprocess.py:75} INFO - Running command: ['/bin/bash', '-c', 'pip install pandas s3fs pyarrow great_expectations mlflow scikit-learn boto3 Faker psycopg2-binary']
[2026-01-22T23:37:00.183+0000] {subprocess.py:86} INFO - Output:
[2026-01-22T23:37:01.579+0000] {subprocess.py:93} INFO - Defaulting to user installation because normal site-packages is not writeable
[2026-01-22T23:37:01.735+0000] {subprocess.py:93} INFO - Requirement already satisfied: pandas in /home/***/.local/lib/python3.8/site-packages (2.0.3)
[2026-01-22T23:37:01.735+0000] {subprocess.py:93} INFO - Requirement already satisfied: s3fs in /home/***/.local/lib/python3.8/site-packages (2024.10.0)
[2026-01-22T23:37:01.735+0000] {subprocess.py:93} INFO - Requirement already satisfied: pyarrow in /home/***/.local/lib/python3.8/site-packages (11.0.0)
[2026-01-22T23:37:01.736+0000] {subprocess.py:93} INFO - Requirement already satisfied: great_expectations in /home/***/.local/lib/python3.8/site-packages (1.1.0)
[2026-01-22T23:37:01.736+0000] {subprocess.py:93} INFO - Requirement already satisfied: mlflow in /home/***/.local/lib/python3.8/site-packages (2.17.2)
[2026-01-22T23:37:01.736+0000] {subprocess.py:93} INFO - Requirement already satisfied: scikit-learn in /home/***/.local/lib/python3.8/site-packages (1.3.2)
[2026-01-22T23:37:01.737+0000] {subprocess.py:93} INFO - Requirement already satisfied: boto3 in /home/***/.local/lib/python3.8/site-packages (1.28.17)
[2026-01-22T23:37:01.737+0000] {subprocess.py:93} INFO - Requirement already satisfied: Faker in /home/***/.local/lib/python3.8/site-packages (35.2.2)
[2026-01-22T23:37:01.738+0000] {subprocess.py:93} INFO - Requirement already satisfied: psycopg2-binary in /home/***/.local/lib/python3.8/site-packages (2.9.7)
[2026-01-22T23:37:01.795+0000] {subprocess.py:93} INFO - Requirement already satisfied: pytz>=2020.1 in /home/***/.local/lib/python3.8/site-packages (from pandas) (2023.3)
[2026-01-22T23:37:01.796+0000] {subprocess.py:93} INFO - Requirement already satisfied: python-dateutil>=2.8.2 in /home/***/.local/lib/python3.8/site-packages (from pandas) (2.8.2)
[2026-01-22T23:37:01.797+0000] {subprocess.py:93} INFO - Requirement already satisfied: numpy>=1.20.3 in /home/***/.local/lib/python3.8/site-packages (from pandas) (1.24.4)
[2026-01-22T23:37:01.798+0000] {subprocess.py:93} INFO - Requirement already satisfied: tzdata>=2022.1 in /home/***/.local/lib/python3.8/site-packages (from pandas) (2023.3)
[2026-01-22T23:37:01.803+0000] {subprocess.py:93} INFO - Requirement already satisfied: aiohttp!=4.0.0a0,!=4.0.0a1 in /home/***/.local/lib/python3.8/site-packages (from s3fs) (3.8.5)
[2026-01-22T23:37:01.803+0000] {subprocess.py:93} INFO - Requirement already satisfied: fsspec==2024.10.0.* in /home/***/.local/lib/python3.8/site-packages (from s3fs) (2024.10.0)
[2026-01-22T23:37:01.804+0000] {subprocess.py:93} INFO - Requirement already satisfied: aiobotocore<3.0.0,>=2.5.4 in /home/***/.local/lib/python3.8/site-packages (from s3fs) (2.6.0)
[2026-01-22T23:37:02.016+0000] {subprocess.py:93} INFO - Requirement already satisfied: pyparsing>=2.4 in /home/***/.local/lib/python3.8/site-packages (from great_expectations) (3.1.1)
[2026-01-22T23:37:02.017+0000] {subprocess.py:93} INFO - Requirement already satisfied: pydantic>=1.10.7 in /home/***/.local/lib/python3.8/site-packages (from great_expectations) (2.3.0)
[2026-01-22T23:37:02.018+0000] {subprocess.py:93} INFO - Requirement already satisfied: requests>=2.20 in /home/***/.local/lib/python3.8/site-packages (from great_expectations) (2.31.0)
[2026-01-22T23:37:02.018+0000] {subprocess.py:93} INFO - Requirement already satisfied: Ipython>=7.16.3 in /home/***/.local/lib/python3.8/site-packages (from great_expectations) (8.12.3)
[2026-01-22T23:37:02.019+0000] {subprocess.py:93} INFO - Requirement already satisfied: jsonschema>=2.5.1 in /home/***/.local/lib/python3.8/site-packages (from great_expectations) (4.19.0)
[2026-01-22T23:37:02.019+0000] {subprocess.py:93} INFO - Requirement already satisfied: marshmallow<4.0.0,>=3.7.1 in /home/***/.local/lib/python3.8/site-packages (from great_expectations) (3.20.1)
[2026-01-22T23:37:02.020+0000] {subprocess.py:93} INFO - Requirement already satisfied: packaging in /home/***/.local/lib/python3.8/site-packages (from great_expectations) (23.1)
[2026-01-22T23:37:02.020+0000] {subprocess.py:93} INFO - Requirement already satisfied: tqdm>=4.59.0 in /home/***/.local/lib/python3.8/site-packages (from great_expectations) (4.67.1)
[2026-01-22T23:37:02.021+0000] {subprocess.py:93} INFO - Requirement already satisfied: scipy>=1.6.0 in /home/***/.local/lib/python3.8/site-packages (from great_expectations) (1.10.1)
[2026-01-22T23:37:02.021+0000] {subprocess.py:93} INFO - Requirement already satisfied: typing-extensions>=4.1.0 in /home/***/.local/lib/python3.8/site-packages (from great_expectations) (4.7.1)
[2026-01-22T23:37:02.022+0000] {subprocess.py:93} INFO - Requirement already satisfied: urllib3>=1.26 in /home/***/.local/lib/python3.8/site-packages (from great_expectations) (1.26.16)
[2026-01-22T23:37:02.022+0000] {subprocess.py:93} INFO - Requirement already satisfied: makefun<2,>=1.7.0 in /home/***/.local/lib/python3.8/site-packages (from great_expectations) (1.16.0)
[2026-01-22T23:37:02.023+0000] {subprocess.py:93} INFO - Requirement already satisfied: ruamel.yaml>=0.16 in /home/***/.local/lib/python3.8/site-packages (from great_expectations) (0.18.16)
[2026-01-22T23:37:02.024+0000] {subprocess.py:93} INFO - Requirement already satisfied: cryptography>=3.2 in /home/***/.local/lib/python3.8/site-packages (from great_expectations) (41.0.3)
[2026-01-22T23:37:02.025+0000] {subprocess.py:93} INFO - Requirement already satisfied: ipywidgets>=7.5.1 in /home/***/.local/lib/python3.8/site-packages (from great_expectations) (8.1.8)
[2026-01-22T23:37:02.025+0000] {subprocess.py:93} INFO - Requirement already satisfied: jinja2>=2.10 in /home/***/.local/lib/python3.8/site-packages (from great_expectations) (3.1.2)
[2026-01-22T23:37:02.026+0000] {subprocess.py:93} INFO - Requirement already satisfied: posthog<3,>=2.1.0 in /home/***/.local/lib/python3.8/site-packages (from great_expectations) (2.5.0)
[2026-01-22T23:37:02.027+0000] {subprocess.py:93} INFO - Requirement already satisfied: altair<5.0.0,>=4.2.1 in /home/***/.local/lib/python3.8/site-packages (from great_expectations) (4.2.2)
[2026-01-22T23:37:02.027+0000] {subprocess.py:93} INFO - Requirement already satisfied: mistune>=0.8.4 in /home/***/.local/lib/python3.8/site-packages (from great_expectations) (3.2.0)
[2026-01-22T23:37:02.028+0000] {subprocess.py:93} INFO - Requirement already satisfied: tzlocal>=1.2 in /home/***/.local/lib/python3.8/site-packages (from great_expectations) (5.2)
[2026-01-22T23:37:02.064+0000] {subprocess.py:93} INFO - Requirement already satisfied: Flask<4 in /home/***/.local/lib/python3.8/site-packages (from mlflow) (2.2.5)
[2026-01-22T23:37:02.065+0000] {subprocess.py:93} INFO - Requirement already satisfied: alembic!=1.10.0,<2 in /home/***/.local/lib/python3.8/site-packages (from mlflow) (1.12.0)
[2026-01-22T23:37:02.066+0000] {subprocess.py:93} INFO - Requirement already satisfied: sqlalchemy<3,>=1.4.0 in /home/***/.local/lib/python3.8/site-packages (from mlflow) (1.4.49)
[2026-01-22T23:37:02.067+0000] {subprocess.py:93} INFO - Requirement already satisfied: mlflow-skinny==2.17.2 in /home/***/.local/lib/python3.8/site-packages (from mlflow) (2.17.2)
[2026-01-22T23:37:02.068+0000] {subprocess.py:93} INFO - Requirement already satisfied: gunicorn<24 in /home/***/.local/lib/python3.8/site-packages (from mlflow) (21.2.0)
[2026-01-22T23:37:02.069+0000] {subprocess.py:93} INFO - Requirement already satisfied: matplotlib<4 in /home/***/.local/lib/python3.8/site-packages (from mlflow) (3.7.5)
[2026-01-22T23:37:02.069+0000] {subprocess.py:93} INFO - Requirement already satisfied: graphene<4 in /home/***/.local/lib/python3.8/site-packages (from mlflow) (3.4.3)
[2026-01-22T23:37:02.070+0000] {subprocess.py:93} INFO - Requirement already satisfied: markdown<4,>=3.3 in /home/***/.local/lib/python3.8/site-packages (from mlflow) (3.4.4)
[2026-01-22T23:37:02.071+0000] {subprocess.py:93} INFO - Requirement already satisfied: docker<8,>=4.0.0 in /home/***/.local/lib/python3.8/site-packages (from mlflow) (6.1.3)
[2026-01-22T23:37:02.104+0000] {subprocess.py:93} INFO - Requirement already satisfied: opentelemetry-api<3,>=1.9.0 in /home/***/.local/lib/python3.8/site-packages (from mlflow-skinny==2.17.2->mlflow) (1.20.0)
[2026-01-22T23:37:02.105+0000] {subprocess.py:93} INFO - Requirement already satisfied: click<9,>=7.0 in /home/***/.local/lib/python3.8/site-packages (from mlflow-skinny==2.17.2->mlflow) (8.1.7)
[2026-01-22T23:37:02.106+0000] {subprocess.py:93} INFO - Requirement already satisfied: cloudpickle<4 in /home/***/.local/lib/python3.8/site-packages (from mlflow-skinny==2.17.2->mlflow) (2.2.1)
[2026-01-22T23:37:02.107+0000] {subprocess.py:93} INFO - Requirement already satisfied: cachetools<6,>=5.0.0 in /home/***/.local/lib/python3.8/site-packages (from mlflow-skinny==2.17.2->mlflow) (5.3.1)
[2026-01-22T23:37:02.107+0000] {subprocess.py:93} INFO - Requirement already satisfied: databricks-sdk<1,>=0.20.0 in /home/***/.local/lib/python3.8/site-packages (from mlflow-skinny==2.17.2->mlflow) (0.80.0)
[2026-01-22T23:37:02.108+0000] {subprocess.py:93} INFO - Requirement already satisfied: importlib-metadata!=4.7.0,<9,>=3.7.0 in /home/***/.local/lib/python3.8/site-packages (from mlflow-skinny==2.17.2->mlflow) (6.8.0)
[2026-01-22T23:37:02.108+0000] {subprocess.py:93} INFO - Requirement already satisfied: pyyaml<7,>=5.1 in /home/***/.local/lib/python3.8/site-packages (from mlflow-skinny==2.17.2->mlflow) (6.0.1)
[2026-01-22T23:37:02.109+0000] {subprocess.py:93} INFO - Requirement already satisfied: protobuf<6,>=3.12.0 in /home/***/.local/lib/python3.8/site-packages (from mlflow-skinny==2.17.2->mlflow) (5.29.5)
[2026-01-22T23:37:02.110+0000] {subprocess.py:93} INFO - Requirement already satisfied: sqlparse<1,>=0.4.0 in /home/***/.local/lib/python3.8/site-packages (from mlflow-skinny==2.17.2->mlflow) (0.4.4)
[2026-01-22T23:37:02.110+0000] {subprocess.py:93} INFO - Requirement already satisfied: opentelemetry-sdk<3,>=1.9.0 in /home/***/.local/lib/python3.8/site-packages (from mlflow-skinny==2.17.2->mlflow) (1.20.0)
[2026-01-22T23:37:02.111+0000] {subprocess.py:93} INFO - Requirement already satisfied: gitpython<4,>=3.1.9 in /home/***/.local/lib/python3.8/site-packages (from mlflow-skinny==2.17.2->mlflow) (3.1.46)
[2026-01-22T23:37:02.137+0000] {subprocess.py:93} INFO - Requirement already satisfied: threadpoolctl>=2.0.0 in /home/***/.local/lib/python3.8/site-packages (from scikit-learn) (3.5.0)
[2026-01-22T23:37:02.138+0000] {subprocess.py:93} INFO - Requirement already satisfied: joblib>=1.1.1 in /home/***/.local/lib/python3.8/site-packages (from scikit-learn) (1.4.2)
[2026-01-22T23:37:02.143+0000] {subprocess.py:93} INFO - Requirement already satisfied: botocore<1.32.0,>=1.31.17 in /home/***/.local/lib/python3.8/site-packages (from boto3) (1.31.17)
[2026-01-22T23:37:02.144+0000] {subprocess.py:93} INFO - Requirement already satisfied: jmespath<2.0.0,>=0.7.1 in /home/***/.local/lib/python3.8/site-packages (from boto3) (0.10.0)
[2026-01-22T23:37:02.145+0000] {subprocess.py:93} INFO - Requirement already satisfied: s3transfer<0.7.0,>=0.6.0 in /home/***/.local/lib/python3.8/site-packages (from boto3) (0.6.2)
[2026-01-22T23:37:02.158+0000] {subprocess.py:93} INFO - Requirement already satisfied: wrapt<2.0.0,>=1.10.10 in /home/***/.local/lib/python3.8/site-packages (from aiobotocore<3.0.0,>=2.5.4->s3fs) (1.15.0)
[2026-01-22T23:37:02.159+0000] {subprocess.py:93} INFO - Requirement already satisfied: aioitertools<1.0.0,>=0.5.1 in /home/***/.local/lib/python3.8/site-packages (from aiobotocore<3.0.0,>=2.5.4->s3fs) (0.11.0)
[2026-01-22T23:37:02.170+0000] {subprocess.py:93} INFO - Requirement already satisfied: yarl<2.0,>=1.0 in /home/***/.local/lib/python3.8/site-packages (from aiohttp!=4.0.0a0,!=4.0.0a1->s3fs) (1.9.2)
[2026-01-22T23:37:02.171+0000] {subprocess.py:93} INFO - Requirement already satisfied: multidict<7.0,>=4.5 in /home/***/.local/lib/python3.8/site-packages (from aiohttp!=4.0.0a0,!=4.0.0a1->s3fs) (6.0.4)
[2026-01-22T23:37:02.171+0000] {subprocess.py:93} INFO - Requirement already satisfied: charset-normalizer<4.0,>=2.0 in /home/***/.local/lib/python3.8/site-packages (from aiohttp!=4.0.0a0,!=4.0.0a1->s3fs) (3.2.0)
[2026-01-22T23:37:02.172+0000] {subprocess.py:93} INFO - Requirement already satisfied: frozenlist>=1.1.1 in /home/***/.local/lib/python3.8/site-packages (from aiohttp!=4.0.0a0,!=4.0.0a1->s3fs) (1.4.0)
[2026-01-22T23:37:02.172+0000] {subprocess.py:93} INFO - Requirement already satisfied: async-timeout<5.0,>=4.0.0a3 in /home/***/.local/lib/python3.8/site-packages (from aiohttp!=4.0.0a0,!=4.0.0a1->s3fs) (4.0.3)
[2026-01-22T23:37:02.173+0000] {subprocess.py:93} INFO - Requirement already satisfied: aiosignal>=1.1.2 in /home/***/.local/lib/python3.8/site-packages (from aiohttp!=4.0.0a0,!=4.0.0a1->s3fs) (1.3.1)
[2026-01-22T23:37:02.173+0000] {subprocess.py:93} INFO - Requirement already satisfied: attrs>=17.3.0 in /home/***/.local/lib/python3.8/site-packages (from aiohttp!=4.0.0a0,!=4.0.0a1->s3fs) (23.1.0)
[2026-01-22T23:37:02.181+0000] {subprocess.py:93} INFO - Requirement already satisfied: importlib-resources in /home/***/.local/lib/python3.8/site-packages (from alembic!=1.10.0,<2->mlflow) (6.0.1)
[2026-01-22T23:37:02.182+0000] {subprocess.py:93} INFO - Requirement already satisfied: Mako in /home/***/.local/lib/python3.8/site-packages (from alembic!=1.10.0,<2->mlflow) (1.2.4)
[2026-01-22T23:37:02.192+0000] {subprocess.py:93} INFO - Requirement already satisfied: toolz in /home/***/.local/lib/python3.8/site-packages (from altair<5.0.0,>=4.2.1->great_expectations) (0.12.0)
[2026-01-22T23:37:02.193+0000] {subprocess.py:93} INFO - Requirement already satisfied: entrypoints in /home/***/.local/lib/python3.8/site-packages (from altair<5.0.0,>=4.2.1->great_expectations) (0.4)
[2026-01-22T23:37:02.212+0000] {subprocess.py:93} INFO - Requirement already satisfied: cffi>=1.12 in /home/***/.local/lib/python3.8/site-packages (from cryptography>=3.2->great_expectations) (1.15.1)
[2026-01-22T23:37:02.218+0000] {subprocess.py:93} INFO - Requirement already satisfied: websocket-client>=0.32.0 in /home/***/.local/lib/python3.8/site-packages (from docker<8,>=4.0.0->mlflow) (1.6.2)
[2026-01-22T23:37:02.227+0000] {subprocess.py:93} INFO - Requirement already satisfied: Werkzeug>=2.2.2 in /home/***/.local/lib/python3.8/site-packages (from Flask<4->mlflow) (2.2.3)
[2026-01-22T23:37:02.227+0000] {subprocess.py:93} INFO - Requirement already satisfied: itsdangerous>=2.0 in /home/***/.local/lib/python3.8/site-packages (from Flask<4->mlflow) (2.1.2)
[2026-01-22T23:37:02.242+0000] {subprocess.py:93} INFO - Requirement already satisfied: graphql-relay<3.3,>=3.1 in /home/***/.local/lib/python3.8/site-packages (from graphene<4->mlflow) (3.2.0)
[2026-01-22T23:37:02.243+0000] {subprocess.py:93} INFO - Requirement already satisfied: graphql-core<3.3,>=3.1 in /home/***/.local/lib/python3.8/site-packages (from graphene<4->mlflow) (3.2.7)
[2026-01-22T23:37:02.286+0000] {subprocess.py:93} INFO - Requirement already satisfied: matplotlib-inline in /home/***/.local/lib/python3.8/site-packages (from Ipython>=7.16.3->great_expectations) (0.1.7)
[2026-01-22T23:37:02.286+0000] {subprocess.py:93} INFO - Requirement already satisfied: stack-data in /home/***/.local/lib/python3.8/site-packages (from Ipython>=7.16.3->great_expectations) (0.6.3)
[2026-01-22T23:37:02.287+0000] {subprocess.py:93} INFO - Requirement already satisfied: backcall in /home/***/.local/lib/python3.8/site-packages (from Ipython>=7.16.3->great_expectations) (0.2.0)
[2026-01-22T23:37:02.288+0000] {subprocess.py:93} INFO - Requirement already satisfied: pexpect>4.3 in /home/***/.local/lib/python3.8/site-packages (from Ipython>=7.16.3->great_expectations) (4.9.0)
[2026-01-22T23:37:02.288+0000] {subprocess.py:93} INFO - Requirement already satisfied: jedi>=0.16 in /home/***/.local/lib/python3.8/site-packages (from Ipython>=7.16.3->great_expectations) (0.19.2)
[2026-01-22T23:37:02.289+0000] {subprocess.py:93} INFO - Requirement already satisfied: traitlets>=5 in /home/***/.local/lib/python3.8/site-packages (from Ipython>=7.16.3->great_expectations) (5.14.3)
[2026-01-22T23:37:02.289+0000] {subprocess.py:93} INFO - Requirement already satisfied: decorator in /home/***/.local/lib/python3.8/site-packages (from Ipython>=7.16.3->great_expectations) (5.1.1)
[2026-01-22T23:37:02.290+0000] {subprocess.py:93} INFO - Requirement already satisfied: pygments>=2.4.0 in /home/***/.local/lib/python3.8/site-packages (from Ipython>=7.16.3->great_expectations) (2.16.1)
[2026-01-22T23:37:02.290+0000] {subprocess.py:93} INFO - Requirement already satisfied: pickleshare in /home/***/.local/lib/python3.8/site-packages (from Ipython>=7.16.3->great_expectations) (0.7.5)
[2026-01-22T23:37:02.291+0000] {subprocess.py:93} INFO - Requirement already satisfied: prompt-toolkit!=3.0.37,<3.1.0,>=3.0.30 in /home/***/.local/lib/python3.8/site-packages (from Ipython>=7.16.3->great_expectations) (3.0.39)
[2026-01-22T23:37:02.299+0000] {subprocess.py:93} INFO - Requirement already satisfied: comm>=0.1.3 in /home/***/.local/lib/python3.8/site-packages (from ipywidgets>=7.5.1->great_expectations) (0.2.3)
[2026-01-22T23:37:02.299+0000] {subprocess.py:93} INFO - Requirement already satisfied: widgetsnbextension~=4.0.14 in /home/***/.local/lib/python3.8/site-packages (from ipywidgets>=7.5.1->great_expectations) (4.0.15)
[2026-01-22T23:37:02.300+0000] {subprocess.py:93} INFO - Requirement already satisfied: jupyterlab_widgets~=3.0.15 in /home/***/.local/lib/python3.8/site-packages (from ipywidgets>=7.5.1->great_expectations) (3.0.16)
[2026-01-22T23:37:02.304+0000] {subprocess.py:93} INFO - Requirement already satisfied: MarkupSafe>=2.0 in /home/***/.local/lib/python3.8/site-packages (from jinja2>=2.10->great_expectations) (2.1.3)
[2026-01-22T23:37:02.345+0000] {subprocess.py:93} INFO - Requirement already satisfied: rpds-py>=0.7.1 in /home/***/.local/lib/python3.8/site-packages (from jsonschema>=2.5.1->great_expectations) (0.10.2)
[2026-01-22T23:37:02.346+0000] {subprocess.py:93} INFO - Requirement already satisfied: pkgutil-resolve-name>=1.3.10 in /home/***/.local/lib/python3.8/site-packages (from jsonschema>=2.5.1->great_expectations) (1.3.10)
[2026-01-22T23:37:02.347+0000] {subprocess.py:93} INFO - Requirement already satisfied: jsonschema-specifications>=2023.03.6 in /home/***/.local/lib/python3.8/site-packages (from jsonschema>=2.5.1->great_expectations) (2023.7.1)
[2026-01-22T23:37:02.348+0000] {subprocess.py:93} INFO - Requirement already satisfied: referencing>=0.28.4 in /home/***/.local/lib/python3.8/site-packages (from jsonschema>=2.5.1->great_expectations) (0.30.2)
[2026-01-22T23:37:02.381+0000] {subprocess.py:93} INFO - Requirement already satisfied: fonttools>=4.22.0 in /home/***/.local/lib/python3.8/site-packages (from matplotlib<4->mlflow) (4.57.0)
[2026-01-22T23:37:02.382+0000] {subprocess.py:93} INFO - Requirement already satisfied: kiwisolver>=1.0.1 in /home/***/.local/lib/python3.8/site-packages (from matplotlib<4->mlflow) (1.4.7)
[2026-01-22T23:37:02.383+0000] {subprocess.py:93} INFO - Requirement already satisfied: cycler>=0.10 in /home/***/.local/lib/python3.8/site-packages (from matplotlib<4->mlflow) (0.12.1)
[2026-01-22T23:37:02.384+0000] {subprocess.py:93} INFO - Requirement already satisfied: contourpy>=1.0.1 in /home/***/.local/lib/python3.8/site-packages (from matplotlib<4->mlflow) (1.1.1)
[2026-01-22T23:37:02.384+0000] {subprocess.py:93} INFO - Requirement already satisfied: pillow>=6.2.0 in /home/***/.local/lib/python3.8/site-packages (from matplotlib<4->mlflow) (10.4.0)
[2026-01-22T23:37:02.407+0000] {subprocess.py:93} INFO - Requirement already satisfied: backoff>=1.10.0 in /home/***/.local/lib/python3.8/site-packages (from posthog<3,>=2.1.0->great_expectations) (1.10.0)
[2026-01-22T23:37:02.408+0000] {subprocess.py:93} INFO - Requirement already satisfied: six>=1.5 in /home/***/.local/lib/python3.8/site-packages (from posthog<3,>=2.1.0->great_expectations) (1.16.0)
[2026-01-22T23:37:02.408+0000] {subprocess.py:93} INFO - Requirement already satisfied: monotonic>=1.5 in /home/***/.local/lib/python3.8/site-packages (from posthog<3,>=2.1.0->great_expectations) (1.6)
[2026-01-22T23:37:02.419+0000] {subprocess.py:93} INFO - Requirement already satisfied: pydantic-core==2.6.3 in /home/***/.local/lib/python3.8/site-packages (from pydantic>=1.10.7->great_expectations) (2.6.3)
[2026-01-22T23:37:02.420+0000] {subprocess.py:93} INFO - Requirement already satisfied: annotated-types>=0.4.0 in /home/***/.local/lib/python3.8/site-packages (from pydantic>=1.10.7->great_expectations) (0.5.0)
[2026-01-22T23:37:02.451+0000] {subprocess.py:93} INFO - Requirement already satisfied: certifi>=2017.4.17 in /home/***/.local/lib/python3.8/site-packages (from requests>=2.20->great_expectations) (2023.7.22)
[2026-01-22T23:37:02.451+0000] {subprocess.py:93} INFO - Requirement already satisfied: idna<4,>=2.5 in /home/***/.local/lib/python3.8/site-packages (from requests>=2.20->great_expectations) (3.4)
[2026-01-22T23:37:02.462+0000] {subprocess.py:93} INFO - Requirement already satisfied: ruamel.yaml.clib>=0.2.7 in /home/***/.local/lib/python3.8/site-packages (from ruamel.yaml>=0.16->great_expectations) (0.2.8)
[2026-01-22T23:37:02.537+0000] {subprocess.py:93} INFO - Requirement already satisfied: greenlet!=0.4.17 in /home/***/.local/lib/python3.8/site-packages (from sqlalchemy<3,>=1.4.0->mlflow) (2.0.2)
[2026-01-22T23:37:02.573+0000] {subprocess.py:93} INFO - Requirement already satisfied: backports.zoneinfo in /home/***/.local/lib/python3.8/site-packages (from tzlocal>=1.2->great_expectations) (0.2.1)
[2026-01-22T23:37:02.649+0000] {subprocess.py:93} INFO - Requirement already satisfied: pycparser in /home/***/.local/lib/python3.8/site-packages (from cffi>=1.12->cryptography>=3.2->great_expectations) (2.21)
[2026-01-22T23:37:02.721+0000] {subprocess.py:93} INFO - Requirement already satisfied: google-auth~=2.0 in /home/***/.local/lib/python3.8/site-packages (from databricks-sdk<1,>=0.20.0->mlflow-skinny==2.17.2->mlflow) (2.22.0)
[2026-01-22T23:37:02.774+0000] {subprocess.py:93} INFO - Requirement already satisfied: gitdb<5,>=4.0.1 in /home/***/.local/lib/python3.8/site-packages (from gitpython<4,>=3.1.9->mlflow-skinny==2.17.2->mlflow) (4.0.12)
[2026-01-22T23:37:02.821+0000] {subprocess.py:93} INFO - Requirement already satisfied: zipp>=0.5 in /home/***/.local/lib/python3.8/site-packages (from importlib-metadata!=4.7.0,<9,>=3.7.0->mlflow-skinny==2.17.2->mlflow) (3.16.2)
[2026-01-22T23:37:02.868+0000] {subprocess.py:93} INFO - Requirement already satisfied: parso<0.9.0,>=0.8.4 in /home/***/.local/lib/python3.8/site-packages (from jedi>=0.16->Ipython>=7.16.3->great_expectations) (0.8.5)
[2026-01-22T23:37:02.907+0000] {subprocess.py:93} INFO - Requirement already satisfied: deprecated>=1.2.6 in /home/***/.local/lib/python3.8/site-packages (from opentelemetry-api<3,>=1.9.0->mlflow-skinny==2.17.2->mlflow) (1.2.14)
[2026-01-22T23:37:02.915+0000] {subprocess.py:93} INFO - Requirement already satisfied: opentelemetry-semantic-conventions==0.41b0 in /home/***/.local/lib/python3.8/site-packages (from opentelemetry-sdk<3,>=1.9.0->mlflow-skinny==2.17.2->mlflow) (0.41b0)
[2026-01-22T23:37:02.931+0000] {subprocess.py:93} INFO - Requirement already satisfied: ptyprocess>=0.5 in /home/***/.local/lib/python3.8/site-packages (from pexpect>4.3->Ipython>=7.16.3->great_expectations) (0.7.0)
[2026-01-22T23:37:02.961+0000] {subprocess.py:93} INFO - Requirement already satisfied: wcwidth in /home/***/.local/lib/python3.8/site-packages (from prompt-toolkit!=3.0.37,<3.1.0,>=3.0.30->Ipython>=7.16.3->great_expectations) (0.2.6)
[2026-01-22T23:37:03.142+0000] {subprocess.py:93} INFO - Requirement already satisfied: pure-eval in /home/***/.local/lib/python3.8/site-packages (from stack-data->Ipython>=7.16.3->great_expectations) (0.2.3)
[2026-01-22T23:37:03.142+0000] {subprocess.py:93} INFO - Requirement already satisfied: asttokens>=2.1.0 in /home/***/.local/lib/python3.8/site-packages (from stack-data->Ipython>=7.16.3->great_expectations) (3.0.1)
[2026-01-22T23:37:03.143+0000] {subprocess.py:93} INFO - Requirement already satisfied: executing>=1.2.0 in /home/***/.local/lib/python3.8/site-packages (from stack-data->Ipython>=7.16.3->great_expectations) (2.2.1)
[2026-01-22T23:37:03.191+0000] {subprocess.py:93} INFO - Requirement already satisfied: smmap<6,>=3.0.1 in /home/***/.local/lib/python3.8/site-packages (from gitdb<5,>=4.0.1->gitpython<4,>=3.1.9->mlflow-skinny==2.17.2->mlflow) (5.0.2)
[2026-01-22T23:37:03.209+0000] {subprocess.py:93} INFO - Requirement already satisfied: rsa<5,>=3.1.4 in /home/***/.local/lib/python3.8/site-packages (from google-auth~=2.0->databricks-sdk<1,>=0.20.0->mlflow-skinny==2.17.2->mlflow) (4.9)
[2026-01-22T23:37:03.210+0000] {subprocess.py:93} INFO - Requirement already satisfied: pyasn1-modules>=0.2.1 in /home/***/.local/lib/python3.8/site-packages (from google-auth~=2.0->databricks-sdk<1,>=0.20.0->mlflow-skinny==2.17.2->mlflow) (0.2.8)
[2026-01-22T23:37:03.283+0000] {subprocess.py:93} INFO - Requirement already satisfied: pyasn1<0.5.0,>=0.4.6 in /home/***/.local/lib/python3.8/site-packages (from pyasn1-modules>=0.2.1->google-auth~=2.0->databricks-sdk<1,>=0.20.0->mlflow-skinny==2.17.2->mlflow) (0.4.8)
[2026-01-22T23:37:07.397+0000] {subprocess.py:93} INFO - 
[2026-01-22T23:37:07.397+0000] {subprocess.py:93} INFO - [notice] A new release of pip is available: 23.0.1 -> 25.0.1
[2026-01-22T23:37:07.398+0000] {subprocess.py:93} INFO - [notice] To update, run: pip install --upgrade pip
[2026-01-22T23:37:07.623+0000] {subprocess.py:97} INFO - Command exited with return code 0
[2026-01-22T23:37:07.650+0000] {taskinstance.py:1398} INFO - Marking task as SUCCESS. dag_id=3_mlops_full_pipeline, task_id=install_requirements, execution_date=20260122T233658, start_date=20260122T233700, end_date=20260122T233707
[2026-01-22T23:37:07.673+0000] {local_task_job_runner.py:228} INFO - Task exited with return code 0
[2026-01-22T23:37:07.694+0000] {taskinstance.py:2776} INFO - 0 downstream tasks scheduled from follow-on schedule check
