[2026-01-22T23:37:08.200+0000] {taskinstance.py:1157} INFO - Dependencies all met for dep_context=non-requeueable deps ti=<TaskInstance: 3_mlops_full_pipeline.run_simulation manual__2026-01-22T23:36:58+00:00 [queued]>
[2026-01-22T23:37:08.209+0000] {taskinstance.py:1157} INFO - Dependencies all met for dep_context=requeueable deps ti=<TaskInstance: 3_mlops_full_pipeline.run_simulation manual__2026-01-22T23:36:58+00:00 [queued]>
[2026-01-22T23:37:08.209+0000] {taskinstance.py:1359} INFO - Starting attempt 1 of 1
[2026-01-22T23:37:08.222+0000] {taskinstance.py:1380} INFO - Executing <Task(BashOperator): run_simulation> on 2026-01-22 23:36:58+00:00
[2026-01-22T23:37:08.230+0000] {standard_task_runner.py:57} INFO - Started process 678 to run task
[2026-01-22T23:37:08.233+0000] {standard_task_runner.py:84} INFO - Running: ['***', 'tasks', 'run', '3_mlops_full_pipeline', 'run_simulation', 'manual__2026-01-22T23:36:58+00:00', '--job-id', '8', '--raw', '--subdir', 'DAGS_FOLDER/mlops_pipeline.py', '--cfg-path', '/tmp/tmpxqnm2_lm']
[2026-01-22T23:37:08.235+0000] {standard_task_runner.py:85} INFO - Job 8: Subtask run_simulation
[2026-01-22T23:37:08.284+0000] {task_command.py:415} INFO - Running <TaskInstance: 3_mlops_full_pipeline.run_simulation manual__2026-01-22T23:36:58+00:00 [running]> on host c636ac6d211b
[2026-01-22T23:37:08.363+0000] {taskinstance.py:1660} INFO - Exporting env vars: AIRFLOW_CTX_DAG_OWNER='***' AIRFLOW_CTX_DAG_ID='3_mlops_full_pipeline' AIRFLOW_CTX_TASK_ID='run_simulation' AIRFLOW_CTX_EXECUTION_DATE='2026-01-22T23:36:58+00:00' AIRFLOW_CTX_TRY_NUMBER='1' AIRFLOW_CTX_DAG_RUN_ID='manual__2026-01-22T23:36:58+00:00'
[2026-01-22T23:37:08.365+0000] {subprocess.py:63} INFO - Tmp dir root location: /tmp
[2026-01-22T23:37:08.366+0000] {subprocess.py:75} INFO - Running command: ['/bin/bash', '-c', 'python /opt/***/dags/simulate_process.py']
[2026-01-22T23:37:08.376+0000] {subprocess.py:86} INFO - Output:
[2026-01-22T23:37:12.113+0000] {subprocess.py:93} INFO - >>> Tabela orders gotowa.
[2026-01-22T23:37:12.114+0000] {subprocess.py:93} INFO - >>> Rozpoczynam generowanie paczki danych (20 rekordów)...
[2026-01-22T23:37:12.114+0000] {subprocess.py:93} INFO - Dodano: Laptop | Klient: Jessica Butler
[2026-01-22T23:37:12.114+0000] {subprocess.py:93} INFO - Dodano: Monitor | Klient: Brandon Paul
[2026-01-22T23:37:12.114+0000] {subprocess.py:93} INFO - Dodano: Laptop | Klient: Jo Butler
[2026-01-22T23:37:12.114+0000] {subprocess.py:93} INFO - Dodano: Mouse | Klient: Kimberly Haas
[2026-01-22T23:37:12.114+0000] {subprocess.py:93} INFO - Dodano: Headphones | Klient: Jason Cochran
[2026-01-22T23:37:12.114+0000] {subprocess.py:93} INFO - Dodano: Laptop | Klient: Kristina West
[2026-01-22T23:37:12.114+0000] {subprocess.py:93} INFO - Dodano: Mouse | Klient: Tonya Fox
[2026-01-22T23:37:12.114+0000] {subprocess.py:93} INFO - Dodano: Laptop | Klient: Nancy Olson
[2026-01-22T23:37:12.115+0000] {subprocess.py:93} INFO - Dodano: Keyboard | Klient: Andrew Buck
[2026-01-22T23:37:12.115+0000] {subprocess.py:93} INFO - Dodano: Mouse | Klient: Kayla Ellis
[2026-01-22T23:37:12.115+0000] {subprocess.py:93} INFO - Dodano: Monitor | Klient: Stephanie Martin
[2026-01-22T23:37:12.115+0000] {subprocess.py:93} INFO - Dodano: Headphones | Klient: James Brown
[2026-01-22T23:37:12.115+0000] {subprocess.py:93} INFO - Dodano: Keyboard | Klient: Jennifer Webster
[2026-01-22T23:37:12.115+0000] {subprocess.py:93} INFO - Dodano: Mouse | Klient: Nicole Miller
[2026-01-22T23:37:12.115+0000] {subprocess.py:93} INFO - Dodano: Keyboard | Klient: Brenda Hall
[2026-01-22T23:37:12.115+0000] {subprocess.py:93} INFO - Dodano: Laptop | Klient: Maria Perry
[2026-01-22T23:37:12.115+0000] {subprocess.py:93} INFO - Dodano: Monitor | Klient: Jason White
[2026-01-22T23:37:12.115+0000] {subprocess.py:93} INFO - Dodano: Headphones | Klient: Michelle Nicholson
[2026-01-22T23:37:12.115+0000] {subprocess.py:93} INFO - Dodano: Keyboard | Klient: Lauren Sandoval
[2026-01-22T23:37:12.115+0000] {subprocess.py:93} INFO - Dodano: Keyboard | Klient: Karen Dean
[2026-01-22T23:37:12.115+0000] {subprocess.py:93} INFO - >>> Zakończono generowanie danych.
[2026-01-22T23:37:12.130+0000] {subprocess.py:97} INFO - Command exited with return code 0
[2026-01-22T23:37:12.155+0000] {taskinstance.py:1398} INFO - Marking task as SUCCESS. dag_id=3_mlops_full_pipeline, task_id=run_simulation, execution_date=20260122T233658, start_date=20260122T233708, end_date=20260122T233712
[2026-01-22T23:37:12.182+0000] {local_task_job_runner.py:228} INFO - Task exited with return code 0
[2026-01-22T23:37:12.221+0000] {taskinstance.py:2776} INFO - 1 downstream tasks scheduled from follow-on schedule check
