[2026-01-22T19:40:34.330+0000] {taskinstance.py:1157} INFO - Dependencies all met for dep_context=non-requeueable deps ti=<TaskInstance: 3_mlops_full_pipeline.mlflow_training manual__2026-01-22T19:19:10.329093+00:00 [queued]>
[2026-01-22T19:40:34.341+0000] {taskinstance.py:1157} INFO - Dependencies all met for dep_context=requeueable deps ti=<TaskInstance: 3_mlops_full_pipeline.mlflow_training manual__2026-01-22T19:19:10.329093+00:00 [queued]>
[2026-01-22T19:40:34.341+0000] {taskinstance.py:1359} INFO - Starting attempt 1 of 1
[2026-01-22T19:40:34.357+0000] {taskinstance.py:1380} INFO - Executing <Task(BashOperator): mlflow_training> on 2026-01-22 19:19:10.329093+00:00
[2026-01-22T19:40:34.362+0000] {standard_task_runner.py:57} INFO - Started process 1121 to run task
[2026-01-22T19:40:34.367+0000] {standard_task_runner.py:84} INFO - Running: ['***', 'tasks', 'run', '3_mlops_full_pipeline', 'mlflow_training', 'manual__2026-01-22T19:19:10.329093+00:00', '--job-id', '37', '--raw', '--subdir', 'DAGS_FOLDER/mlops_pipeline.py', '--cfg-path', '/tmp/tmpxnrg7ku3']
[2026-01-22T19:40:34.370+0000] {standard_task_runner.py:85} INFO - Job 37: Subtask mlflow_training
[2026-01-22T19:40:34.426+0000] {task_command.py:415} INFO - Running <TaskInstance: 3_mlops_full_pipeline.mlflow_training manual__2026-01-22T19:19:10.329093+00:00 [running]> on host 4fbdf2312f2b
[2026-01-22T19:40:34.513+0000] {taskinstance.py:1660} INFO - Exporting env vars: AIRFLOW_CTX_DAG_OWNER='***' AIRFLOW_CTX_DAG_ID='3_mlops_full_pipeline' AIRFLOW_CTX_TASK_ID='mlflow_training' AIRFLOW_CTX_EXECUTION_DATE='2026-01-22T19:19:10.329093+00:00' AIRFLOW_CTX_TRY_NUMBER='1' AIRFLOW_CTX_DAG_RUN_ID='manual__2026-01-22T19:19:10.329093+00:00'
[2026-01-22T19:40:34.515+0000] {subprocess.py:63} INFO - Tmp dir root location: /tmp
[2026-01-22T19:40:34.516+0000] {subprocess.py:75} INFO - Running command: ['/bin/bash', '-c', 'python /opt/***/dags/train_model.py']
[2026-01-22T19:40:34.526+0000] {subprocess.py:86} INFO - Output:
[2026-01-22T19:41:01.817+0000] {local_task_job_runner.py:294} WARNING - State of this instance has been externally set to restarting. Terminating instance.
[2026-01-22T19:41:01.827+0000] {process_utils.py:131} INFO - Sending 15 to group 1121. PIDs of all processes in the group: [1122, 1121]
[2026-01-22T19:41:01.828+0000] {process_utils.py:86} INFO - Sending the signal 15 to group 1121
[2026-01-22T19:41:01.828+0000] {taskinstance.py:1630} ERROR - Received SIGTERM. Terminating subprocesses.
[2026-01-22T19:41:01.829+0000] {subprocess.py:104} INFO - Sending SIGTERM signal to process group
[2026-01-22T19:41:01.841+0000] {taskinstance.py:1935} ERROR - Task failed with exception
Traceback (most recent call last):
  File "/home/airflow/.local/lib/python3.8/site-packages/airflow/operators/bash.py", line 201, in execute
    result = self.subprocess_hook.run_command(
  File "/home/airflow/.local/lib/python3.8/site-packages/airflow/hooks/subprocess.py", line 91, in run_command
    for raw_line in iter(self.sub_process.stdout.readline, b""):
  File "/home/airflow/.local/lib/python3.8/site-packages/airflow/models/taskinstance.py", line 1632, in signal_handler
    raise AirflowException("Task received SIGTERM signal")
airflow.exceptions.AirflowException: Task received SIGTERM signal
[2026-01-22T19:41:01.849+0000] {taskinstance.py:1398} INFO - Marking task as UP_FOR_RETRY. dag_id=3_mlops_full_pipeline, task_id=mlflow_training, execution_date=20260122T191910, start_date=20260122T194034, end_date=20260122T194101
[2026-01-22T19:41:01.866+0000] {standard_task_runner.py:104} ERROR - Failed to execute job 37 for task mlflow_training (Task received SIGTERM signal; 1121)
[2026-01-22T19:41:01.881+0000] {process_utils.py:79} INFO - Process psutil.Process(pid=1122, status='terminated', started='19:40:33') (1122) terminated with exit code None
[2026-01-22T19:41:01.881+0000] {process_utils.py:79} INFO - Process psutil.Process(pid=1121, status='terminated', exitcode=1, started='19:40:33') (1121) terminated with exit code 1
