[2026-01-23T08:16:57.489+0000] {taskinstance.py:1157} INFO - Dependencies all met for dep_context=non-requeueable deps ti=<TaskInstance: 3_mlops_full_pipeline.run_simulation manual__2026-01-23T08:16:05+00:00 [queued]>
[2026-01-23T08:16:57.496+0000] {taskinstance.py:1157} INFO - Dependencies all met for dep_context=requeueable deps ti=<TaskInstance: 3_mlops_full_pipeline.run_simulation manual__2026-01-23T08:16:05+00:00 [queued]>
[2026-01-23T08:16:57.496+0000] {taskinstance.py:1359} INFO - Starting attempt 1 of 1
[2026-01-23T08:16:57.512+0000] {taskinstance.py:1380} INFO - Executing <Task(BashOperator): run_simulation> on 2026-01-23 08:16:05+00:00
[2026-01-23T08:16:57.518+0000] {standard_task_runner.py:57} INFO - Started process 315 to run task
[2026-01-23T08:16:57.521+0000] {standard_task_runner.py:84} INFO - Running: ['***', 'tasks', 'run', '3_mlops_full_pipeline', 'run_simulation', 'manual__2026-01-23T08:16:05+00:00', '--job-id', '12', '--raw', '--subdir', 'DAGS_FOLDER/mlops_pipeline.py', '--cfg-path', '/tmp/tmpetj4mo35']
[2026-01-23T08:16:57.524+0000] {standard_task_runner.py:85} INFO - Job 12: Subtask run_simulation
[2026-01-23T08:16:57.573+0000] {task_command.py:415} INFO - Running <TaskInstance: 3_mlops_full_pipeline.run_simulation manual__2026-01-23T08:16:05+00:00 [running]> on host 145dc7ec29f1
[2026-01-23T08:16:57.664+0000] {taskinstance.py:1660} INFO - Exporting env vars: AIRFLOW_CTX_DAG_OWNER='***' AIRFLOW_CTX_DAG_ID='3_mlops_full_pipeline' AIRFLOW_CTX_TASK_ID='run_simulation' AIRFLOW_CTX_EXECUTION_DATE='2026-01-23T08:16:05+00:00' AIRFLOW_CTX_TRY_NUMBER='1' AIRFLOW_CTX_DAG_RUN_ID='manual__2026-01-23T08:16:05+00:00'
[2026-01-23T08:16:57.666+0000] {subprocess.py:63} INFO - Tmp dir root location: /tmp
[2026-01-23T08:16:57.668+0000] {subprocess.py:75} INFO - Running command: ['/bin/bash', '-c', 'python /opt/***/dags/simulate_process.py']
[2026-01-23T08:16:57.680+0000] {subprocess.py:86} INFO - Output:
[2026-01-23T08:17:01.306+0000] {subprocess.py:93} INFO - >>> Tabela orders gotowa.
[2026-01-23T08:17:01.307+0000] {subprocess.py:93} INFO - >>> Rozpoczynam generowanie paczki danych (20 rekordów)...
[2026-01-23T08:17:01.307+0000] {subprocess.py:93} INFO - Dodano: Keyboard | Klient: Tina Guzman
[2026-01-23T08:17:01.307+0000] {subprocess.py:93} INFO - Dodano: Monitor | Klient: Eric Clayton
[2026-01-23T08:17:01.307+0000] {subprocess.py:93} INFO - Dodano: Laptop | Klient: Paul Harris
[2026-01-23T08:17:01.307+0000] {subprocess.py:93} INFO - Dodano: Laptop | Klient: Michael Brown
[2026-01-23T08:17:01.307+0000] {subprocess.py:93} INFO - Dodano: Headphones | Klient: Malik Griffin
[2026-01-23T08:17:01.307+0000] {subprocess.py:93} INFO - Dodano: Monitor | Klient: Renee Thomas
[2026-01-23T08:17:01.308+0000] {subprocess.py:93} INFO - Dodano: Monitor | Klient: Andrew Baker
[2026-01-23T08:17:01.308+0000] {subprocess.py:93} INFO - Dodano: Mouse | Klient: Tony Boyd
[2026-01-23T08:17:01.308+0000] {subprocess.py:93} INFO - Dodano: Monitor | Klient: Bridget Klein
[2026-01-23T08:17:01.308+0000] {subprocess.py:93} INFO - Dodano: Laptop | Klient: Justin Ayers
[2026-01-23T08:17:01.308+0000] {subprocess.py:93} INFO - Dodano: Monitor | Klient: Donald Johnson
[2026-01-23T08:17:01.308+0000] {subprocess.py:93} INFO - Dodano: Mouse | Klient: Jacob Olson
[2026-01-23T08:17:01.308+0000] {subprocess.py:93} INFO - Dodano: Headphones | Klient: Bethany Bell
[2026-01-23T08:17:01.308+0000] {subprocess.py:93} INFO - Dodano: Laptop | Klient: Anthony Greene
[2026-01-23T08:17:01.308+0000] {subprocess.py:93} INFO - Dodano: Mouse | Klient: Heather Potter
[2026-01-23T08:17:01.308+0000] {subprocess.py:93} INFO - Dodano: Monitor | Klient: Carol Garcia
[2026-01-23T08:17:01.308+0000] {subprocess.py:93} INFO - Dodano: Monitor | Klient: Janice Guzman
[2026-01-23T08:17:01.308+0000] {subprocess.py:93} INFO - Dodano: Mouse | Klient: Darrell King
[2026-01-23T08:17:01.308+0000] {subprocess.py:93} INFO - Dodano: Mouse | Klient: Kristen Brown
[2026-01-23T08:17:01.309+0000] {subprocess.py:93} INFO - Dodano: Keyboard | Klient: Adam Smith
[2026-01-23T08:17:01.309+0000] {subprocess.py:93} INFO - >>> Zakończono generowanie danych.
[2026-01-23T08:17:01.326+0000] {subprocess.py:97} INFO - Command exited with return code 0
[2026-01-23T08:17:01.352+0000] {taskinstance.py:1398} INFO - Marking task as SUCCESS. dag_id=3_mlops_full_pipeline, task_id=run_simulation, execution_date=20260123T081605, start_date=20260123T081657, end_date=20260123T081701
[2026-01-23T08:17:01.388+0000] {local_task_job_runner.py:228} INFO - Task exited with return code 0
[2026-01-23T08:17:01.417+0000] {taskinstance.py:2776} INFO - 1 downstream tasks scheduled from follow-on schedule check
