[2026-01-23T15:08:48.334+0000] {taskinstance.py:1157} INFO - Dependencies all met for dep_context=non-requeueable deps ti=<TaskInstance: 3_mlops_full_pipeline.run_simulation manual__2026-01-23T15:07:45+00:00 [queued]>
[2026-01-23T15:08:48.343+0000] {taskinstance.py:1157} INFO - Dependencies all met for dep_context=requeueable deps ti=<TaskInstance: 3_mlops_full_pipeline.run_simulation manual__2026-01-23T15:07:45+00:00 [queued]>
[2026-01-23T15:08:48.343+0000] {taskinstance.py:1359} INFO - Starting attempt 1 of 1
[2026-01-23T15:08:48.355+0000] {taskinstance.py:1380} INFO - Executing <Task(BashOperator): run_simulation> on 2026-01-23 15:07:45+00:00
[2026-01-23T15:08:48.361+0000] {standard_task_runner.py:57} INFO - Started process 298 to run task
[2026-01-23T15:08:48.363+0000] {standard_task_runner.py:84} INFO - Running: ['***', 'tasks', 'run', '3_mlops_full_pipeline', 'run_simulation', 'manual__2026-01-23T15:07:45+00:00', '--job-id', '3', '--raw', '--subdir', 'DAGS_FOLDER/mlops_pipeline.py', '--cfg-path', '/tmp/tmp824m887i']
[2026-01-23T15:08:48.366+0000] {standard_task_runner.py:85} INFO - Job 3: Subtask run_simulation
[2026-01-23T15:08:48.412+0000] {task_command.py:415} INFO - Running <TaskInstance: 3_mlops_full_pipeline.run_simulation manual__2026-01-23T15:07:45+00:00 [running]> on host 3ec92f731894
[2026-01-23T15:08:48.477+0000] {taskinstance.py:1660} INFO - Exporting env vars: AIRFLOW_CTX_DAG_OWNER='***' AIRFLOW_CTX_DAG_ID='3_mlops_full_pipeline' AIRFLOW_CTX_TASK_ID='run_simulation' AIRFLOW_CTX_EXECUTION_DATE='2026-01-23T15:07:45+00:00' AIRFLOW_CTX_TRY_NUMBER='1' AIRFLOW_CTX_DAG_RUN_ID='manual__2026-01-23T15:07:45+00:00'
[2026-01-23T15:08:48.478+0000] {subprocess.py:63} INFO - Tmp dir root location: /tmp
[2026-01-23T15:08:48.479+0000] {subprocess.py:75} INFO - Running command: ['/bin/bash', '-c', 'python /opt/***/dags/simulate_process.py']
[2026-01-23T15:08:48.490+0000] {subprocess.py:86} INFO - Output:
[2026-01-23T15:08:53.837+0000] {subprocess.py:93} INFO - >>> Tabela orders gotowa.
[2026-01-23T15:08:53.838+0000] {subprocess.py:93} INFO - >>> Rozpoczynam generowanie paczki danych (20 rekordów)...
[2026-01-23T15:08:53.838+0000] {subprocess.py:93} INFO - Dodano: Mouse | Klient: Dakota Riley
[2026-01-23T15:08:53.838+0000] {subprocess.py:93} INFO - Dodano: Laptop | Klient: William Nunez
[2026-01-23T15:08:53.838+0000] {subprocess.py:93} INFO - Dodano: Monitor | Klient: Kurt Decker
[2026-01-23T15:08:53.838+0000] {subprocess.py:93} INFO - Dodano: Keyboard | Klient: Amanda Richards
[2026-01-23T15:08:53.838+0000] {subprocess.py:93} INFO - Dodano: Laptop | Klient: Melissa Scott
[2026-01-23T15:08:53.838+0000] {subprocess.py:93} INFO - Dodano: Laptop | Klient: Trevor Powers
[2026-01-23T15:08:53.838+0000] {subprocess.py:93} INFO - Dodano: Mouse | Klient: April Hensley
[2026-01-23T15:08:53.838+0000] {subprocess.py:93} INFO - Dodano: Headphones | Klient: Sandra Lopez
[2026-01-23T15:08:53.838+0000] {subprocess.py:93} INFO - Dodano: Laptop | Klient: Alexandra Kelley
[2026-01-23T15:08:53.838+0000] {subprocess.py:93} INFO - Dodano: Headphones | Klient: Heather King
[2026-01-23T15:08:53.838+0000] {subprocess.py:93} INFO - Dodano: Monitor | Klient: Roger Snyder
[2026-01-23T15:08:53.838+0000] {subprocess.py:93} INFO - Dodano: Monitor | Klient: Kevin Gray
[2026-01-23T15:08:53.838+0000] {subprocess.py:93} INFO - Dodano: Keyboard | Klient: Allison Hutchinson
[2026-01-23T15:08:53.838+0000] {subprocess.py:93} INFO - Dodano: Mouse | Klient: Nicholas Johnson
[2026-01-23T15:08:53.838+0000] {subprocess.py:93} INFO - Dodano: Monitor | Klient: Michelle Henderson
[2026-01-23T15:08:53.838+0000] {subprocess.py:93} INFO - Dodano: Mouse | Klient: Raymond Buchanan
[2026-01-23T15:08:53.839+0000] {subprocess.py:93} INFO - Dodano: Mouse | Klient: David Mendez
[2026-01-23T15:08:53.839+0000] {subprocess.py:93} INFO - Dodano: Monitor | Klient: Drew Patel
[2026-01-23T15:08:53.839+0000] {subprocess.py:93} INFO - Dodano: Headphones | Klient: Grace Daugherty
[2026-01-23T15:08:53.839+0000] {subprocess.py:93} INFO - Dodano: Laptop | Klient: Andre Lopez
[2026-01-23T15:08:53.839+0000] {subprocess.py:93} INFO - >>> Zakończono generowanie danych.
[2026-01-23T15:08:53.853+0000] {subprocess.py:97} INFO - Command exited with return code 0
[2026-01-23T15:08:53.877+0000] {taskinstance.py:1398} INFO - Marking task as SUCCESS. dag_id=3_mlops_full_pipeline, task_id=run_simulation, execution_date=20260123T150745, start_date=20260123T150848, end_date=20260123T150853
[2026-01-23T15:08:53.908+0000] {local_task_job_runner.py:228} INFO - Task exited with return code 0
[2026-01-23T15:08:53.930+0000] {taskinstance.py:2776} INFO - 1 downstream tasks scheduled from follow-on schedule check
