[2026-01-22T21:05:01.495+0000] {taskinstance.py:1157} INFO - Dependencies all met for dep_context=non-requeueable deps ti=<TaskInstance: 3_mlops_full_pipeline.run_simulation manual__2026-01-22T21:04:50.984862+00:00 [queued]>
[2026-01-22T21:05:01.505+0000] {taskinstance.py:1157} INFO - Dependencies all met for dep_context=requeueable deps ti=<TaskInstance: 3_mlops_full_pipeline.run_simulation manual__2026-01-22T21:04:50.984862+00:00 [queued]>
[2026-01-22T21:05:01.506+0000] {taskinstance.py:1359} INFO - Starting attempt 1 of 1
[2026-01-22T21:05:01.520+0000] {taskinstance.py:1380} INFO - Executing <Task(BashOperator): run_simulation> on 2026-01-22 21:04:50.984862+00:00
[2026-01-22T21:05:01.525+0000] {standard_task_runner.py:57} INFO - Started process 4085 to run task
[2026-01-22T21:05:01.529+0000] {standard_task_runner.py:84} INFO - Running: ['***', 'tasks', 'run', '3_mlops_full_pipeline', 'run_simulation', 'manual__2026-01-22T21:04:50.984862+00:00', '--job-id', '58', '--raw', '--subdir', 'DAGS_FOLDER/mlops_pipeline.py', '--cfg-path', '/tmp/tmp_gt7dy6e']
[2026-01-22T21:05:01.532+0000] {standard_task_runner.py:85} INFO - Job 58: Subtask run_simulation
[2026-01-22T21:05:01.583+0000] {task_command.py:415} INFO - Running <TaskInstance: 3_mlops_full_pipeline.run_simulation manual__2026-01-22T21:04:50.984862+00:00 [running]> on host 4fbdf2312f2b
[2026-01-22T21:05:01.709+0000] {taskinstance.py:1660} INFO - Exporting env vars: AIRFLOW_CTX_DAG_OWNER='***' AIRFLOW_CTX_DAG_ID='3_mlops_full_pipeline' AIRFLOW_CTX_TASK_ID='run_simulation' AIRFLOW_CTX_EXECUTION_DATE='2026-01-22T21:04:50.984862+00:00' AIRFLOW_CTX_TRY_NUMBER='1' AIRFLOW_CTX_DAG_RUN_ID='manual__2026-01-22T21:04:50.984862+00:00'
[2026-01-22T21:05:01.711+0000] {subprocess.py:63} INFO - Tmp dir root location: /tmp
[2026-01-22T21:05:01.713+0000] {subprocess.py:75} INFO - Running command: ['/bin/bash', '-c', 'python /opt/***/dags/simulate_process.py']
[2026-01-22T21:05:01.727+0000] {subprocess.py:86} INFO - Output:
[2026-01-22T21:05:05.238+0000] {subprocess.py:93} INFO - >>> Tabela orders gotowa.
[2026-01-22T21:05:05.238+0000] {subprocess.py:93} INFO - >>> Rozpoczynam generowanie paczki danych (20 rekordów)...
[2026-01-22T21:05:05.238+0000] {subprocess.py:93} INFO - Dodano: Headphones | Klient: Jenna Sparks
[2026-01-22T21:05:05.238+0000] {subprocess.py:93} INFO - Dodano: Monitor | Klient: Shane Meza
[2026-01-22T21:05:05.239+0000] {subprocess.py:93} INFO - Dodano: Headphones | Klient: William Barker
[2026-01-22T21:05:05.239+0000] {subprocess.py:93} INFO - Dodano: Headphones | Klient: Elizabeth Fields
[2026-01-22T21:05:05.239+0000] {subprocess.py:93} INFO - Dodano: Headphones | Klient: John Perez
[2026-01-22T21:05:05.239+0000] {subprocess.py:93} INFO - Dodano: Mouse | Klient: Jill Rogers
[2026-01-22T21:05:05.239+0000] {subprocess.py:93} INFO - Dodano: Headphones | Klient: Alyssa Martin
[2026-01-22T21:05:05.239+0000] {subprocess.py:93} INFO - Dodano: Keyboard | Klient: Susan Mcintosh
[2026-01-22T21:05:05.239+0000] {subprocess.py:93} INFO - Dodano: Headphones | Klient: Frederick Ball
[2026-01-22T21:05:05.239+0000] {subprocess.py:93} INFO - Dodano: Monitor | Klient: John Higgins
[2026-01-22T21:05:05.239+0000] {subprocess.py:93} INFO - Dodano: Laptop | Klient: John Gordon
[2026-01-22T21:05:05.239+0000] {subprocess.py:93} INFO - Dodano: Laptop | Klient: Miguel Luna
[2026-01-22T21:05:05.239+0000] {subprocess.py:93} INFO - Dodano: Mouse | Klient: Heather Horn
[2026-01-22T21:05:05.239+0000] {subprocess.py:93} INFO - Dodano: Laptop | Klient: Jennifer Allen
[2026-01-22T21:05:05.240+0000] {subprocess.py:93} INFO - Dodano: Keyboard | Klient: Jason Baker
[2026-01-22T21:05:05.240+0000] {subprocess.py:93} INFO - Dodano: Mouse | Klient: Johnny Bell
[2026-01-22T21:05:05.240+0000] {subprocess.py:93} INFO - Dodano: Monitor | Klient: William Scott
[2026-01-22T21:05:05.240+0000] {subprocess.py:93} INFO - Dodano: Mouse | Klient: Larry Brown
[2026-01-22T21:05:05.240+0000] {subprocess.py:93} INFO - Dodano: Mouse | Klient: Charles Williams
[2026-01-22T21:05:05.240+0000] {subprocess.py:93} INFO - Dodano: Mouse | Klient: Anthony Gonzalez
[2026-01-22T21:05:05.240+0000] {subprocess.py:93} INFO - >>> Zakończono generowanie danych.
[2026-01-22T21:05:05.254+0000] {subprocess.py:97} INFO - Command exited with return code 0
[2026-01-22T21:05:05.281+0000] {taskinstance.py:1398} INFO - Marking task as SUCCESS. dag_id=3_mlops_full_pipeline, task_id=run_simulation, execution_date=20260122T210450, start_date=20260122T210501, end_date=20260122T210505
[2026-01-22T21:05:05.323+0000] {local_task_job_runner.py:228} INFO - Task exited with return code 0
[2026-01-22T21:05:05.345+0000] {taskinstance.py:2776} INFO - 1 downstream tasks scheduled from follow-on schedule check
