[2026-01-22T22:35:14.059+0000] {taskinstance.py:1157} INFO - Dependencies all met for dep_context=non-requeueable deps ti=<TaskInstance: 3_mlops_full_pipeline.mlflow_training manual__2026-01-22T22:33:27+00:00 [queued]>
[2026-01-22T22:35:14.069+0000] {taskinstance.py:1157} INFO - Dependencies all met for dep_context=requeueable deps ti=<TaskInstance: 3_mlops_full_pipeline.mlflow_training manual__2026-01-22T22:33:27+00:00 [queued]>
[2026-01-22T22:35:14.069+0000] {taskinstance.py:1359} INFO - Starting attempt 1 of 1
[2026-01-22T22:35:14.086+0000] {taskinstance.py:1380} INFO - Executing <Task(BashOperator): mlflow_training> on 2026-01-22 22:33:27+00:00
[2026-01-22T22:35:14.092+0000] {standard_task_runner.py:57} INFO - Started process 3317 to run task
[2026-01-22T22:35:14.095+0000] {standard_task_runner.py:84} INFO - Running: ['***', 'tasks', 'run', '3_mlops_full_pipeline', 'mlflow_training', 'manual__2026-01-22T22:33:27+00:00', '--job-id', '122', '--raw', '--subdir', 'DAGS_FOLDER/mlops_pipeline.py', '--cfg-path', '/tmp/tmpbhipc7j4']
[2026-01-22T22:35:14.098+0000] {standard_task_runner.py:85} INFO - Job 122: Subtask mlflow_training
[2026-01-22T22:35:14.151+0000] {task_command.py:415} INFO - Running <TaskInstance: 3_mlops_full_pipeline.mlflow_training manual__2026-01-22T22:33:27+00:00 [running]> on host 24f0deffc5ba
[2026-01-22T22:35:14.233+0000] {taskinstance.py:1660} INFO - Exporting env vars: AIRFLOW_CTX_DAG_OWNER='***' AIRFLOW_CTX_DAG_ID='3_mlops_full_pipeline' AIRFLOW_CTX_TASK_ID='mlflow_training' AIRFLOW_CTX_EXECUTION_DATE='2026-01-22T22:33:27+00:00' AIRFLOW_CTX_TRY_NUMBER='1' AIRFLOW_CTX_DAG_RUN_ID='manual__2026-01-22T22:33:27+00:00'
[2026-01-22T22:35:14.234+0000] {subprocess.py:63} INFO - Tmp dir root location: /tmp
[2026-01-22T22:35:14.235+0000] {subprocess.py:75} INFO - Running command: ['/bin/bash', '-c', 'python /opt/***/dags/train_model.py']
[2026-01-22T22:35:14.246+0000] {subprocess.py:86} INFO - Output:
[2026-01-22T22:35:17.587+0000] {subprocess.py:93} INFO - 2026/01/22 22:35:17 WARNING mlflow.utils.git_utils: Failed to import Git (the Git executable is probably not on your PATH), so Git SHA is not available. Error: Failed to initialize: Bad git executable.
[2026-01-22T22:35:17.587+0000] {subprocess.py:93} INFO - The git executable must be specified in one of the following ways:
[2026-01-22T22:35:17.587+0000] {subprocess.py:93} INFO -     - be included in your $PATH
[2026-01-22T22:35:17.588+0000] {subprocess.py:93} INFO -     - be set via $GIT_PYTHON_GIT_EXECUTABLE
[2026-01-22T22:35:17.588+0000] {subprocess.py:93} INFO -     - explicitly set via git.refresh(<full-path-to-git-executable>)
[2026-01-22T22:35:17.588+0000] {subprocess.py:93} INFO - 
[2026-01-22T22:35:17.588+0000] {subprocess.py:93} INFO - All git commands will error until this is rectified.
[2026-01-22T22:35:17.588+0000] {subprocess.py:93} INFO - 
[2026-01-22T22:35:17.588+0000] {subprocess.py:93} INFO - This initial message can be silenced or aggravated in the future by setting the
[2026-01-22T22:35:17.588+0000] {subprocess.py:93} INFO - $GIT_PYTHON_REFRESH environment variable. Use one of the following values:
[2026-01-22T22:35:17.588+0000] {subprocess.py:93} INFO -     - quiet|q|silence|s|silent|none|n|0: for no message or exception
[2026-01-22T22:35:17.588+0000] {subprocess.py:93} INFO -     - warn|w|warning|log|l|1: for a warning message (logging level CRITICAL, displayed by default)
[2026-01-22T22:35:17.588+0000] {subprocess.py:93} INFO -     - error|e|exception|raise|r|2: for a raised exception
[2026-01-22T22:35:17.588+0000] {subprocess.py:93} INFO - 
[2026-01-22T22:35:17.588+0000] {subprocess.py:93} INFO - Example:
[2026-01-22T22:35:17.588+0000] {subprocess.py:93} INFO -     export GIT_PYTHON_REFRESH=quiet
[2026-01-22T22:35:17.588+0000] {subprocess.py:93} INFO - 
[2026-01-22T22:35:21.082+0000] {subprocess.py:93} INFO - Registered model 'ProductDemandModel' already exists. Creating a new version of this model...
[2026-01-22T22:35:21.083+0000] {subprocess.py:93} INFO - 2026/01/22 22:35:21 INFO mlflow.store.model_registry.abstract_store: Waiting up to 300 seconds for model version to finish creation. Model name: ProductDemandModel, version 11
[2026-01-22T22:35:21.138+0000] {subprocess.py:93} INFO - Created version '11' of model 'ProductDemandModel'.
[2026-01-22T22:35:21.139+0000] {subprocess.py:93} INFO - /opt/***/dags/train_model.py:83: FutureWarning: ``mlflow.tracking.client.MlflowClient.get_latest_versions`` is deprecated since 2.9.0. Model registry stages will be removed in a future major release. To learn more about the deprecation of model registry stages, see our migration guide here: https://mlflow.org/docs/latest/model-registry.html#migrating-from-stages
[2026-01-22T22:35:21.139+0000] {subprocess.py:93} INFO -   latest_version_info = client.get_latest_versions(model_name, stages=["None"])
[2026-01-22T22:35:21.139+0000] {subprocess.py:93} INFO - /opt/***/dags/train_model.py:88: FutureWarning: ``mlflow.tracking.client.MlflowClient.transition_model_version_stage`` is deprecated since 2.9.0. Model registry stages will be removed in a future major release. To learn more about the deprecation of model registry stages, see our migration guide here: https://mlflow.org/docs/latest/model-registry.html#migrating-from-stages
[2026-01-22T22:35:21.139+0000] {subprocess.py:93} INFO -   client.transition_model_version_stage(
[2026-01-22T22:35:21.139+0000] {subprocess.py:93} INFO - 2026/01/22 22:35:21 INFO mlflow.tracking._tracking_service.client: 🏃 View run colorful-steed-822 at: http://mlflow:5000/#/experiments/1/runs/79ffa59d8a614f47a1c9c343e7dbad9b.
[2026-01-22T22:35:21.139+0000] {subprocess.py:93} INFO - 2026/01/22 22:35:21 INFO mlflow.tracking._tracking_service.client: 🧪 View experiment at: http://mlflow:5000/#/experiments/1.
[2026-01-22T22:35:21.162+0000] {subprocess.py:93} INFO - >>> [Training] Pobieranie danych z Gold...
[2026-01-22T22:35:21.162+0000] {subprocess.py:93} INFO - Dane wczytane: 5 wierszy.
[2026-01-22T22:35:21.162+0000] {subprocess.py:93} INFO - >>> Rozpoczynam trening...
[2026-01-22T22:35:21.163+0000] {subprocess.py:93} INFO - Zbyt mały zbiór testowy, by policzyć R2.
[2026-01-22T22:35:21.163+0000] {subprocess.py:93} INFO - Metrics: MSE=8114.852313539298, R2=0.0
[2026-01-22T22:35:21.163+0000] {subprocess.py:93} INFO - >>> Model zapisany w MLflow!
[2026-01-22T22:35:21.163+0000] {subprocess.py:93} INFO - >>> Promowanie modelu ProductDemandModel (wersja 11) do Production...
[2026-01-22T22:35:21.163+0000] {subprocess.py:93} INFO - >>> SUKCES! Model jest teraz na produkcji.
[2026-01-22T22:35:21.699+0000] {subprocess.py:97} INFO - Command exited with return code 0
[2026-01-22T22:35:21.726+0000] {taskinstance.py:1398} INFO - Marking task as SUCCESS. dag_id=3_mlops_full_pipeline, task_id=mlflow_training, execution_date=20260122T223327, start_date=20260122T223514, end_date=20260122T223521
[2026-01-22T22:35:21.777+0000] {local_task_job_runner.py:228} INFO - Task exited with return code 0
[2026-01-22T22:35:21.797+0000] {taskinstance.py:2776} INFO - 1 downstream tasks scheduled from follow-on schedule check
