[2026-01-23T00:12:37.364+0000] {taskinstance.py:1157} INFO - Dependencies all met for dep_context=non-requeueable deps ti=<TaskInstance: 3_mlops_full_pipeline.run_simulation manual__2026-01-23T00:11:46+00:00 [queued]>
[2026-01-23T00:12:37.373+0000] {taskinstance.py:1157} INFO - Dependencies all met for dep_context=requeueable deps ti=<TaskInstance: 3_mlops_full_pipeline.run_simulation manual__2026-01-23T00:11:46+00:00 [queued]>
[2026-01-23T00:12:37.374+0000] {taskinstance.py:1359} INFO - Starting attempt 1 of 1
[2026-01-23T00:12:37.391+0000] {taskinstance.py:1380} INFO - Executing <Task(BashOperator): run_simulation> on 2026-01-23 00:11:46+00:00
[2026-01-23T00:12:37.398+0000] {standard_task_runner.py:57} INFO - Started process 296 to run task
[2026-01-23T00:12:37.402+0000] {standard_task_runner.py:84} INFO - Running: ['***', 'tasks', 'run', '3_mlops_full_pipeline', 'run_simulation', 'manual__2026-01-23T00:11:46+00:00', '--job-id', '3', '--raw', '--subdir', 'DAGS_FOLDER/mlops_pipeline.py', '--cfg-path', '/tmp/tmp_l2x5jrk']
[2026-01-23T00:12:37.405+0000] {standard_task_runner.py:85} INFO - Job 3: Subtask run_simulation
[2026-01-23T00:12:37.464+0000] {task_command.py:415} INFO - Running <TaskInstance: 3_mlops_full_pipeline.run_simulation manual__2026-01-23T00:11:46+00:00 [running]> on host e854bd8c63ea
[2026-01-23T00:12:37.552+0000] {taskinstance.py:1660} INFO - Exporting env vars: AIRFLOW_CTX_DAG_OWNER='***' AIRFLOW_CTX_DAG_ID='3_mlops_full_pipeline' AIRFLOW_CTX_TASK_ID='run_simulation' AIRFLOW_CTX_EXECUTION_DATE='2026-01-23T00:11:46+00:00' AIRFLOW_CTX_TRY_NUMBER='1' AIRFLOW_CTX_DAG_RUN_ID='manual__2026-01-23T00:11:46+00:00'
[2026-01-23T00:12:37.554+0000] {subprocess.py:63} INFO - Tmp dir root location: /tmp
[2026-01-23T00:12:37.555+0000] {subprocess.py:75} INFO - Running command: ['/bin/bash', '-c', 'python /opt/***/dags/simulate_process.py']
[2026-01-23T00:12:37.569+0000] {subprocess.py:86} INFO - Output:
[2026-01-23T00:12:41.251+0000] {subprocess.py:93} INFO - >>> Tabela orders gotowa.
[2026-01-23T00:12:41.252+0000] {subprocess.py:93} INFO - >>> Rozpoczynam generowanie paczki danych (20 rekordów)...
[2026-01-23T00:12:41.252+0000] {subprocess.py:93} INFO - Dodano: Monitor | Klient: Jill Watkins
[2026-01-23T00:12:41.252+0000] {subprocess.py:93} INFO - Dodano: Keyboard | Klient: Brian Steele
[2026-01-23T00:12:41.252+0000] {subprocess.py:93} INFO - Dodano: Laptop | Klient: Jonathan Terrell
[2026-01-23T00:12:41.252+0000] {subprocess.py:93} INFO - Dodano: Monitor | Klient: Ariel Wilson
[2026-01-23T00:12:41.252+0000] {subprocess.py:93} INFO - Dodano: Headphones | Klient: Paul Rodriguez
[2026-01-23T00:12:41.252+0000] {subprocess.py:93} INFO - Dodano: Mouse | Klient: Morgan Thornton
[2026-01-23T00:12:41.252+0000] {subprocess.py:93} INFO - Dodano: Laptop | Klient: Mark Green
[2026-01-23T00:12:41.252+0000] {subprocess.py:93} INFO - Dodano: Monitor | Klient: Melissa York
[2026-01-23T00:12:41.252+0000] {subprocess.py:93} INFO - Dodano: Monitor | Klient: Elizabeth Chase
[2026-01-23T00:12:41.252+0000] {subprocess.py:93} INFO - Dodano: Monitor | Klient: John Buchanan
[2026-01-23T00:12:41.253+0000] {subprocess.py:93} INFO - Dodano: Keyboard | Klient: Brian Collins
[2026-01-23T00:12:41.253+0000] {subprocess.py:93} INFO - Dodano: Mouse | Klient: Gabriel Morgan
[2026-01-23T00:12:41.253+0000] {subprocess.py:93} INFO - Dodano: Mouse | Klient: Tracy King
[2026-01-23T00:12:41.253+0000] {subprocess.py:93} INFO - Dodano: Mouse | Klient: Phillip Clark
[2026-01-23T00:12:41.253+0000] {subprocess.py:93} INFO - Dodano: Mouse | Klient: Randy Phillips
[2026-01-23T00:12:41.253+0000] {subprocess.py:93} INFO - Dodano: Keyboard | Klient: Susan Rogers
[2026-01-23T00:12:41.253+0000] {subprocess.py:93} INFO - Dodano: Monitor | Klient: Charles Lawrence
[2026-01-23T00:12:41.253+0000] {subprocess.py:93} INFO - Dodano: Keyboard | Klient: Pamela Reynolds
[2026-01-23T00:12:41.253+0000] {subprocess.py:93} INFO - Dodano: Keyboard | Klient: Nathaniel Bishop
[2026-01-23T00:12:41.253+0000] {subprocess.py:93} INFO - Dodano: Monitor | Klient: Christopher Rasmussen
[2026-01-23T00:12:41.253+0000] {subprocess.py:93} INFO - >>> Zakończono generowanie danych.
[2026-01-23T00:12:41.276+0000] {subprocess.py:97} INFO - Command exited with return code 0
[2026-01-23T00:12:41.305+0000] {taskinstance.py:1398} INFO - Marking task as SUCCESS. dag_id=3_mlops_full_pipeline, task_id=run_simulation, execution_date=20260123T001146, start_date=20260123T001237, end_date=20260123T001241
[2026-01-23T00:12:41.364+0000] {local_task_job_runner.py:228} INFO - Task exited with return code 0
[2026-01-23T00:12:41.390+0000] {taskinstance.py:2776} INFO - 1 downstream tasks scheduled from follow-on schedule check
