[2026-01-23T08:17:04.929+0000] {taskinstance.py:1157} INFO - Dependencies all met for dep_context=non-requeueable deps ti=<TaskInstance: 3_mlops_full_pipeline.spark_bronze_to_silver manual__2026-01-23T08:16:05+00:00 [queued]>
[2026-01-23T08:17:04.936+0000] {taskinstance.py:1157} INFO - Dependencies all met for dep_context=requeueable deps ti=<TaskInstance: 3_mlops_full_pipeline.spark_bronze_to_silver manual__2026-01-23T08:16:05+00:00 [queued]>
[2026-01-23T08:17:04.937+0000] {taskinstance.py:1359} INFO - Starting attempt 1 of 1
[2026-01-23T08:17:04.950+0000] {taskinstance.py:1380} INFO - Executing <Task(BashOperator): spark_bronze_to_silver> on 2026-01-23 08:16:05+00:00
[2026-01-23T08:17:04.956+0000] {standard_task_runner.py:57} INFO - Started process 343 to run task
[2026-01-23T08:17:04.960+0000] {standard_task_runner.py:84} INFO - Running: ['***', 'tasks', 'run', '3_mlops_full_pipeline', 'spark_bronze_to_silver', 'manual__2026-01-23T08:16:05+00:00', '--job-id', '14', '--raw', '--subdir', 'DAGS_FOLDER/mlops_pipeline.py', '--cfg-path', '/tmp/tmphf0a8e98']
[2026-01-23T08:17:04.962+0000] {standard_task_runner.py:85} INFO - Job 14: Subtask spark_bronze_to_silver
[2026-01-23T08:17:05.007+0000] {task_command.py:415} INFO - Running <TaskInstance: 3_mlops_full_pipeline.spark_bronze_to_silver manual__2026-01-23T08:16:05+00:00 [running]> on host 145dc7ec29f1
[2026-01-23T08:17:05.084+0000] {taskinstance.py:1660} INFO - Exporting env vars: AIRFLOW_CTX_DAG_OWNER='***' AIRFLOW_CTX_DAG_ID='3_mlops_full_pipeline' AIRFLOW_CTX_TASK_ID='spark_bronze_to_silver' AIRFLOW_CTX_EXECUTION_DATE='2026-01-23T08:16:05+00:00' AIRFLOW_CTX_TRY_NUMBER='1' AIRFLOW_CTX_DAG_RUN_ID='manual__2026-01-23T08:16:05+00:00'
[2026-01-23T08:17:05.085+0000] {subprocess.py:63} INFO - Tmp dir root location: /tmp
[2026-01-23T08:17:05.086+0000] {subprocess.py:75} INFO - Running command: ['/bin/bash', '-c', '\n        # Added \'-u 0\' flag to run as root\n        docker exec -u 0 -i spark-master /opt/spark/bin/spark-submit         --packages io.delta:delta-spark_2.12:3.1.0,org.apache.hadoop:hadoop-aws:3.3.4         --conf "spark.sql.extensions=io.delta.sql.DeltaSparkSessionExtension"         --conf "spark.sql.catalog.spark_catalog=org.apache.spark.sql.delta.catalog.DeltaCatalog"         /opt/spark-jobs/bronze_to_silver.py\n        ']
[2026-01-23T08:17:05.097+0000] {subprocess.py:86} INFO - Output:
[2026-01-23T08:17:05.109+0000] {subprocess.py:93} INFO - permission denied while trying to connect to the docker API at unix:///var/run/docker.sock
[2026-01-23T08:17:05.111+0000] {subprocess.py:97} INFO - Command exited with return code 1
[2026-01-23T08:17:05.120+0000] {taskinstance.py:1935} ERROR - Task failed with exception
Traceback (most recent call last):
  File "/home/airflow/.local/lib/python3.8/site-packages/airflow/operators/bash.py", line 210, in execute
    raise AirflowException(
airflow.exceptions.AirflowException: Bash command failed. The command returned a non-zero exit code 1.
[2026-01-23T08:17:05.124+0000] {taskinstance.py:1398} INFO - Marking task as FAILED. dag_id=3_mlops_full_pipeline, task_id=spark_bronze_to_silver, execution_date=20260123T081605, start_date=20260123T081704, end_date=20260123T081705
[2026-01-23T08:17:05.138+0000] {standard_task_runner.py:104} ERROR - Failed to execute job 14 for task spark_bronze_to_silver (Bash command failed. The command returned a non-zero exit code 1.; 343)
[2026-01-23T08:17:05.171+0000] {local_task_job_runner.py:228} INFO - Task exited with return code 1
[2026-01-23T08:17:05.192+0000] {taskinstance.py:2776} INFO - 0 downstream tasks scheduled from follow-on schedule check
