[2026-01-22T23:43:35.010+0000] {taskinstance.py:1157} INFO - Dependencies all met for dep_context=non-requeueable deps ti=<TaskInstance: 3_mlops_full_pipeline.spark_bronze_to_silver manual__2026-01-22T23:43:17+00:00 [queued]>
[2026-01-22T23:43:35.019+0000] {taskinstance.py:1157} INFO - Dependencies all met for dep_context=requeueable deps ti=<TaskInstance: 3_mlops_full_pipeline.spark_bronze_to_silver manual__2026-01-22T23:43:17+00:00 [queued]>
[2026-01-22T23:43:35.019+0000] {taskinstance.py:1359} INFO - Starting attempt 1 of 1
[2026-01-22T23:43:35.034+0000] {taskinstance.py:1380} INFO - Executing <Task(BashOperator): spark_bronze_to_silver> on 2026-01-22 23:43:17+00:00
[2026-01-22T23:43:35.039+0000] {standard_task_runner.py:57} INFO - Started process 1056 to run task
[2026-01-22T23:43:35.042+0000] {standard_task_runner.py:84} INFO - Running: ['***', 'tasks', 'run', '3_mlops_full_pipeline', 'spark_bronze_to_silver', 'manual__2026-01-22T23:43:17+00:00', '--job-id', '15', '--raw', '--subdir', 'DAGS_FOLDER/mlops_pipeline.py', '--cfg-path', '/tmp/tmpmqizudc8']
[2026-01-22T23:43:35.044+0000] {standard_task_runner.py:85} INFO - Job 15: Subtask spark_bronze_to_silver
[2026-01-22T23:43:35.087+0000] {task_command.py:415} INFO - Running <TaskInstance: 3_mlops_full_pipeline.spark_bronze_to_silver manual__2026-01-22T23:43:17+00:00 [running]> on host c636ac6d211b
[2026-01-22T23:43:35.155+0000] {taskinstance.py:1660} INFO - Exporting env vars: AIRFLOW_CTX_DAG_OWNER='***' AIRFLOW_CTX_DAG_ID='3_mlops_full_pipeline' AIRFLOW_CTX_TASK_ID='spark_bronze_to_silver' AIRFLOW_CTX_EXECUTION_DATE='2026-01-22T23:43:17+00:00' AIRFLOW_CTX_TRY_NUMBER='1' AIRFLOW_CTX_DAG_RUN_ID='manual__2026-01-22T23:43:17+00:00'
[2026-01-22T23:43:35.156+0000] {subprocess.py:63} INFO - Tmp dir root location: /tmp
[2026-01-22T23:43:35.157+0000] {subprocess.py:75} INFO - Running command: ['/bin/bash', '-c', '\n        # Added \'-u 0\' flag to run as root\n        docker exec -u 0 -i spark-master /opt/spark/bin/spark-submit         --packages io.delta:delta-spark_2.12:3.1.0,org.apache.hadoop:hadoop-aws:3.3.4         --conf "spark.sql.extensions=io.delta.sql.DeltaSparkSessionExtension"         --conf "spark.sql.catalog.spark_catalog=org.apache.spark.sql.delta.catalog.DeltaCatalog"         /opt/spark-jobs/bronze_to_silver.py\n        ']
[2026-01-22T23:43:35.166+0000] {subprocess.py:86} INFO - Output:
[2026-01-22T23:43:36.682+0000] {subprocess.py:93} INFO - :: loading settings :: url = jar:file:/opt/spark/jars/ivy-2.5.1.jar!/org/apache/ivy/core/settings/ivysettings.xml
[2026-01-22T23:43:36.757+0000] {subprocess.py:93} INFO - Ivy Default Cache set to: /root/.ivy2/cache
[2026-01-22T23:43:36.758+0000] {subprocess.py:93} INFO - The jars for the packages stored in: /root/.ivy2/jars
[2026-01-22T23:43:36.763+0000] {subprocess.py:93} INFO - io.delta#delta-spark_2.12 added as a dependency
[2026-01-22T23:43:36.763+0000] {subprocess.py:93} INFO - org.apache.hadoop#hadoop-aws added as a dependency
[2026-01-22T23:43:36.764+0000] {subprocess.py:93} INFO - :: resolving dependencies :: org.apache.spark#spark-submit-parent-e179805b-b52e-4d2c-a7f7-95bf1fd8947b;1.0
[2026-01-22T23:43:36.765+0000] {subprocess.py:93} INFO - 	confs: [default]
[2026-01-22T23:43:36.854+0000] {subprocess.py:93} INFO - 	found io.delta#delta-spark_2.12;3.1.0 in central
[2026-01-22T23:43:36.875+0000] {subprocess.py:93} INFO - 	found io.delta#delta-storage;3.1.0 in central
[2026-01-22T23:43:36.893+0000] {subprocess.py:93} INFO - 	found org.antlr#antlr4-runtime;4.9.3 in central
[2026-01-22T23:43:36.937+0000] {subprocess.py:93} INFO - 	found org.apache.hadoop#hadoop-aws;3.3.4 in central
[2026-01-22T23:43:36.952+0000] {subprocess.py:93} INFO - 	found com.amazonaws#aws-java-sdk-bundle;1.12.262 in central
[2026-01-22T23:43:36.966+0000] {subprocess.py:93} INFO - 	found org.wildfly.openssl#wildfly-openssl;1.0.7.Final in central
[2026-01-22T23:43:36.986+0000] {subprocess.py:93} INFO - :: resolution report :: resolve 213ms :: artifacts dl 8ms
[2026-01-22T23:43:36.986+0000] {subprocess.py:93} INFO - 	:: modules in use:
[2026-01-22T23:43:36.987+0000] {subprocess.py:93} INFO - 	com.amazonaws#aws-java-sdk-bundle;1.12.262 from central in [default]
[2026-01-22T23:43:36.987+0000] {subprocess.py:93} INFO - 	io.delta#delta-spark_2.12;3.1.0 from central in [default]
[2026-01-22T23:43:36.987+0000] {subprocess.py:93} INFO - 	io.delta#delta-storage;3.1.0 from central in [default]
[2026-01-22T23:43:36.987+0000] {subprocess.py:93} INFO - 	org.antlr#antlr4-runtime;4.9.3 from central in [default]
[2026-01-22T23:43:36.987+0000] {subprocess.py:93} INFO - 	org.apache.hadoop#hadoop-aws;3.3.4 from central in [default]
[2026-01-22T23:43:36.987+0000] {subprocess.py:93} INFO - 	org.wildfly.openssl#wildfly-openssl;1.0.7.Final from central in [default]
[2026-01-22T23:43:36.988+0000] {subprocess.py:93} INFO - 	---------------------------------------------------------------------
[2026-01-22T23:43:36.988+0000] {subprocess.py:93} INFO - 	|                  |            modules            ||   artifacts   |
[2026-01-22T23:43:36.988+0000] {subprocess.py:93} INFO - 	|       conf       | number| search|dwnlded|evicted|| number|dwnlded|
[2026-01-22T23:43:36.988+0000] {subprocess.py:93} INFO - 	---------------------------------------------------------------------
[2026-01-22T23:43:36.988+0000] {subprocess.py:93} INFO - 	|      default     |   6   |   0   |   0   |   0   ||   6   |   0   |
[2026-01-22T23:43:36.988+0000] {subprocess.py:93} INFO - 	---------------------------------------------------------------------
[2026-01-22T23:43:36.993+0000] {subprocess.py:93} INFO - :: retrieving :: org.apache.spark#spark-submit-parent-e179805b-b52e-4d2c-a7f7-95bf1fd8947b
[2026-01-22T23:43:36.993+0000] {subprocess.py:93} INFO - 	confs: [default]
[2026-01-22T23:43:36.999+0000] {subprocess.py:93} INFO - 	0 artifacts copied, 6 already retrieved (0kB/6ms)
[2026-01-22T23:43:37.175+0000] {subprocess.py:93} INFO - 26/01/22 23:43:37 WARN NativeCodeLoader: Unable to load native-hadoop library for your platform... using builtin-java classes where applicable
[2026-01-22T23:43:38.183+0000] {subprocess.py:93} INFO - >>> Initializing Spark Session (Bronze -> Silver)...
[2026-01-22T23:43:38.296+0000] {subprocess.py:93} INFO - 26/01/22 23:43:38 INFO SparkContext: Running Spark version 3.5.1
[2026-01-22T23:43:38.296+0000] {subprocess.py:93} INFO - 26/01/22 23:43:38 INFO SparkContext: OS info Linux, 6.6.87.1-microsoft-standard-WSL2, amd64
[2026-01-22T23:43:38.296+0000] {subprocess.py:93} INFO - 26/01/22 23:43:38 INFO SparkContext: Java version 11.0.22
[2026-01-22T23:43:38.322+0000] {subprocess.py:93} INFO - 26/01/22 23:43:38 INFO ResourceUtils: ==============================================================
[2026-01-22T23:43:38.322+0000] {subprocess.py:93} INFO - 26/01/22 23:43:38 INFO ResourceUtils: No custom resources configured for spark.driver.
[2026-01-22T23:43:38.323+0000] {subprocess.py:93} INFO - 26/01/22 23:43:38 INFO ResourceUtils: ==============================================================
[2026-01-22T23:43:38.323+0000] {subprocess.py:93} INFO - 26/01/22 23:43:38 INFO SparkContext: Submitted application: BronzeToSilver
[2026-01-22T23:43:38.346+0000] {subprocess.py:93} INFO - 26/01/22 23:43:38 INFO ResourceProfile: Default ResourceProfile created, executor resources: Map(cores -> name: cores, amount: 1, script: , vendor: , memory -> name: memory, amount: 1024, script: , vendor: , offHeap -> name: offHeap, amount: 0, script: , vendor: ), task resources: Map(cpus -> name: cpus, amount: 1.0)
[2026-01-22T23:43:38.357+0000] {subprocess.py:93} INFO - 26/01/22 23:43:38 INFO ResourceProfile: Limiting resource is cpu
[2026-01-22T23:43:38.357+0000] {subprocess.py:93} INFO - 26/01/22 23:43:38 INFO ResourceProfileManager: Added ResourceProfile id: 0
[2026-01-22T23:43:38.422+0000] {subprocess.py:93} INFO - 26/01/22 23:43:38 INFO SecurityManager: Changing view acls to: root
[2026-01-22T23:43:38.423+0000] {subprocess.py:93} INFO - 26/01/22 23:43:38 INFO SecurityManager: Changing modify acls to: root
[2026-01-22T23:43:38.423+0000] {subprocess.py:93} INFO - 26/01/22 23:43:38 INFO SecurityManager: Changing view acls groups to:
[2026-01-22T23:43:38.423+0000] {subprocess.py:93} INFO - 26/01/22 23:43:38 INFO SecurityManager: Changing modify acls groups to:
[2026-01-22T23:43:38.423+0000] {subprocess.py:93} INFO - 26/01/22 23:43:38 INFO SecurityManager: SecurityManager: authentication disabled; ui acls disabled; users with view permissions: root; groups with view permissions: EMPTY; users with modify permissions: root; groups with modify permissions: EMPTY
[2026-01-22T23:43:38.676+0000] {subprocess.py:93} INFO - 26/01/22 23:43:38 INFO Utils: Successfully started service 'sparkDriver' on port 42075.
[2026-01-22T23:43:38.704+0000] {subprocess.py:93} INFO - 26/01/22 23:43:38 INFO SparkEnv: Registering MapOutputTracker
[2026-01-22T23:43:38.739+0000] {subprocess.py:93} INFO - 26/01/22 23:43:38 INFO SparkEnv: Registering BlockManagerMaster
[2026-01-22T23:43:38.761+0000] {subprocess.py:93} INFO - 26/01/22 23:43:38 INFO BlockManagerMasterEndpoint: Using org.apache.spark.storage.DefaultTopologyMapper for getting topology information
[2026-01-22T23:43:38.762+0000] {subprocess.py:93} INFO - 26/01/22 23:43:38 INFO BlockManagerMasterEndpoint: BlockManagerMasterEndpoint up
[2026-01-22T23:43:38.767+0000] {subprocess.py:93} INFO - 26/01/22 23:43:38 INFO SparkEnv: Registering BlockManagerMasterHeartbeat
[2026-01-22T23:43:38.788+0000] {subprocess.py:93} INFO - 26/01/22 23:43:38 INFO DiskBlockManager: Created local directory at /tmp/blockmgr-8054b568-02fe-4d78-a21b-6cf286746cba
[2026-01-22T23:43:38.803+0000] {subprocess.py:93} INFO - 26/01/22 23:43:38 INFO MemoryStore: MemoryStore started with capacity 434.4 MiB
[2026-01-22T23:43:38.821+0000] {subprocess.py:93} INFO - 26/01/22 23:43:38 INFO SparkEnv: Registering OutputCommitCoordinator
[2026-01-22T23:43:38.950+0000] {subprocess.py:93} INFO - 26/01/22 23:43:38 INFO JettyUtils: Start Jetty 0.0.0.0:4040 for SparkUI
[2026-01-22T23:43:39.007+0000] {subprocess.py:93} INFO - 26/01/22 23:43:39 INFO Utils: Successfully started service 'SparkUI' on port 4040.
[2026-01-22T23:43:39.043+0000] {subprocess.py:93} INFO - 26/01/22 23:43:39 INFO SparkContext: Added JAR file:///root/.ivy2/jars/io.delta_delta-spark_2.12-3.1.0.jar at spark://41164ea0b858:42075/jars/io.delta_delta-spark_2.12-3.1.0.jar with timestamp 1769125418286
[2026-01-22T23:43:39.043+0000] {subprocess.py:93} INFO - 26/01/22 23:43:39 INFO SparkContext: Added JAR file:///root/.ivy2/jars/org.apache.hadoop_hadoop-aws-3.3.4.jar at spark://41164ea0b858:42075/jars/org.apache.hadoop_hadoop-aws-3.3.4.jar with timestamp 1769125418286
[2026-01-22T23:43:39.043+0000] {subprocess.py:93} INFO - 26/01/22 23:43:39 INFO SparkContext: Added JAR file:///root/.ivy2/jars/io.delta_delta-storage-3.1.0.jar at spark://41164ea0b858:42075/jars/io.delta_delta-storage-3.1.0.jar with timestamp 1769125418286
[2026-01-22T23:43:39.044+0000] {subprocess.py:93} INFO - 26/01/22 23:43:39 INFO SparkContext: Added JAR file:///root/.ivy2/jars/org.antlr_antlr4-runtime-4.9.3.jar at spark://41164ea0b858:42075/jars/org.antlr_antlr4-runtime-4.9.3.jar with timestamp 1769125418286
[2026-01-22T23:43:39.044+0000] {subprocess.py:93} INFO - 26/01/22 23:43:39 INFO SparkContext: Added JAR file:///root/.ivy2/jars/com.amazonaws_aws-java-sdk-bundle-1.12.262.jar at spark://41164ea0b858:42075/jars/com.amazonaws_aws-java-sdk-bundle-1.12.262.jar with timestamp 1769125418286
[2026-01-22T23:43:39.044+0000] {subprocess.py:93} INFO - 26/01/22 23:43:39 INFO SparkContext: Added JAR file:///root/.ivy2/jars/org.wildfly.openssl_wildfly-openssl-1.0.7.Final.jar at spark://41164ea0b858:42075/jars/org.wildfly.openssl_wildfly-openssl-1.0.7.Final.jar with timestamp 1769125418286
[2026-01-22T23:43:39.047+0000] {subprocess.py:93} INFO - 26/01/22 23:43:39 INFO SparkContext: Added file file:///root/.ivy2/jars/io.delta_delta-spark_2.12-3.1.0.jar at file:///root/.ivy2/jars/io.delta_delta-spark_2.12-3.1.0.jar with timestamp 1769125418286
[2026-01-22T23:43:39.049+0000] {subprocess.py:93} INFO - 26/01/22 23:43:39 INFO Utils: Copying /root/.ivy2/jars/io.delta_delta-spark_2.12-3.1.0.jar to /tmp/spark-fa178b37-a4e9-4f26-b436-c6d8f1e4fccd/userFiles-14d738f4-a95a-4f5c-8a60-43500f912c2b/io.delta_delta-spark_2.12-3.1.0.jar
[2026-01-22T23:43:39.068+0000] {subprocess.py:93} INFO - 26/01/22 23:43:39 INFO SparkContext: Added file file:///root/.ivy2/jars/org.apache.hadoop_hadoop-aws-3.3.4.jar at file:///root/.ivy2/jars/org.apache.hadoop_hadoop-aws-3.3.4.jar with timestamp 1769125418286
[2026-01-22T23:43:39.069+0000] {subprocess.py:93} INFO - 26/01/22 23:43:39 INFO Utils: Copying /root/.ivy2/jars/org.apache.hadoop_hadoop-aws-3.3.4.jar to /tmp/spark-fa178b37-a4e9-4f26-b436-c6d8f1e4fccd/userFiles-14d738f4-a95a-4f5c-8a60-43500f912c2b/org.apache.hadoop_hadoop-aws-3.3.4.jar
[2026-01-22T23:43:39.074+0000] {subprocess.py:93} INFO - 26/01/22 23:43:39 INFO SparkContext: Added file file:///root/.ivy2/jars/io.delta_delta-storage-3.1.0.jar at file:///root/.ivy2/jars/io.delta_delta-storage-3.1.0.jar with timestamp 1769125418286
[2026-01-22T23:43:39.075+0000] {subprocess.py:93} INFO - 26/01/22 23:43:39 INFO Utils: Copying /root/.ivy2/jars/io.delta_delta-storage-3.1.0.jar to /tmp/spark-fa178b37-a4e9-4f26-b436-c6d8f1e4fccd/userFiles-14d738f4-a95a-4f5c-8a60-43500f912c2b/io.delta_delta-storage-3.1.0.jar
[2026-01-22T23:43:39.078+0000] {subprocess.py:93} INFO - 26/01/22 23:43:39 INFO SparkContext: Added file file:///root/.ivy2/jars/org.antlr_antlr4-runtime-4.9.3.jar at file:///root/.ivy2/jars/org.antlr_antlr4-runtime-4.9.3.jar with timestamp 1769125418286
[2026-01-22T23:43:39.078+0000] {subprocess.py:93} INFO - 26/01/22 23:43:39 INFO Utils: Copying /root/.ivy2/jars/org.antlr_antlr4-runtime-4.9.3.jar to /tmp/spark-fa178b37-a4e9-4f26-b436-c6d8f1e4fccd/userFiles-14d738f4-a95a-4f5c-8a60-43500f912c2b/org.antlr_antlr4-runtime-4.9.3.jar
[2026-01-22T23:43:39.084+0000] {subprocess.py:93} INFO - 26/01/22 23:43:39 INFO SparkContext: Added file file:///root/.ivy2/jars/com.amazonaws_aws-java-sdk-bundle-1.12.262.jar at file:///root/.ivy2/jars/com.amazonaws_aws-java-sdk-bundle-1.12.262.jar with timestamp 1769125418286
[2026-01-22T23:43:39.084+0000] {subprocess.py:93} INFO - 26/01/22 23:43:39 INFO Utils: Copying /root/.ivy2/jars/com.amazonaws_aws-java-sdk-bundle-1.12.262.jar to /tmp/spark-fa178b37-a4e9-4f26-b436-c6d8f1e4fccd/userFiles-14d738f4-a95a-4f5c-8a60-43500f912c2b/com.amazonaws_aws-java-sdk-bundle-1.12.262.jar
[2026-01-22T23:43:42.863+0000] {subprocess.py:93} INFO - 26/01/22 23:43:40 INFO SparkContext: Added file file:///root/.ivy2/jars/org.wildfly.openssl_wildfly-openssl-1.0.7.Final.jar at file:///root/.ivy2/jars/org.wildfly.openssl_wildfly-openssl-1.0.7.Final.jar with timestamp 1769125418286
[2026-01-22T23:43:42.865+0000] {subprocess.py:93} INFO - 26/01/22 23:43:40 INFO Utils: Copying /root/.ivy2/jars/org.wildfly.openssl_wildfly-openssl-1.0.7.Final.jar to /tmp/spark-fa178b37-a4e9-4f26-b436-c6d8f1e4fccd/userFiles-14d738f4-a95a-4f5c-8a60-43500f912c2b/org.wildfly.openssl_wildfly-openssl-1.0.7.Final.jar
[2026-01-22T23:43:42.865+0000] {subprocess.py:93} INFO - 26/01/22 23:43:40 INFO Executor: Starting executor ID driver on host 41164ea0b858
[2026-01-22T23:43:42.865+0000] {subprocess.py:93} INFO - 26/01/22 23:43:40 INFO Executor: OS info Linux, 6.6.87.1-microsoft-standard-WSL2, amd64
[2026-01-22T23:43:42.865+0000] {subprocess.py:93} INFO - 26/01/22 23:43:40 INFO Executor: Java version 11.0.22
[2026-01-22T23:43:42.865+0000] {subprocess.py:93} INFO - 26/01/22 23:43:40 INFO Executor: Starting executor with user classpath (userClassPathFirst = false): ''
[2026-01-22T23:43:42.865+0000] {subprocess.py:93} INFO - 26/01/22 23:43:40 INFO Executor: Created or updated repl class loader org.apache.spark.util.MutableURLClassLoader@34ad693f for default.
[2026-01-22T23:43:42.865+0000] {subprocess.py:93} INFO - 26/01/22 23:43:40 INFO Executor: Fetching file:///root/.ivy2/jars/io.delta_delta-spark_2.12-3.1.0.jar with timestamp 1769125418286
[2026-01-22T23:43:43.016+0000] {subprocess.py:93} INFO - 26/01/22 23:43:43 INFO Utils: /root/.ivy2/jars/io.delta_delta-spark_2.12-3.1.0.jar has been previously copied to /tmp/spark-fa178b37-a4e9-4f26-b436-c6d8f1e4fccd/userFiles-14d738f4-a95a-4f5c-8a60-43500f912c2b/io.delta_delta-spark_2.12-3.1.0.jar
[2026-01-22T23:43:43.021+0000] {subprocess.py:93} INFO - 26/01/22 23:43:43 INFO Executor: Fetching file:///root/.ivy2/jars/org.apache.hadoop_hadoop-aws-3.3.4.jar with timestamp 1769125418286
[2026-01-22T23:43:43.137+0000] {subprocess.py:93} INFO - 26/01/22 23:43:43 INFO Utils: /root/.ivy2/jars/org.apache.hadoop_hadoop-aws-3.3.4.jar has been previously copied to /tmp/spark-fa178b37-a4e9-4f26-b436-c6d8f1e4fccd/userFiles-14d738f4-a95a-4f5c-8a60-43500f912c2b/org.apache.hadoop_hadoop-aws-3.3.4.jar
[2026-01-22T23:43:43.141+0000] {subprocess.py:93} INFO - 26/01/22 23:43:43 INFO Executor: Fetching file:///root/.ivy2/jars/com.amazonaws_aws-java-sdk-bundle-1.12.262.jar with timestamp 1769125418286
[2026-01-22T23:43:43.424+0000] {subprocess.py:93} INFO - 26/01/22 23:43:43 INFO Utils: /root/.ivy2/jars/com.amazonaws_aws-java-sdk-bundle-1.12.262.jar has been previously copied to /tmp/spark-fa178b37-a4e9-4f26-b436-c6d8f1e4fccd/userFiles-14d738f4-a95a-4f5c-8a60-43500f912c2b/com.amazonaws_aws-java-sdk-bundle-1.12.262.jar
[2026-01-22T23:43:43.428+0000] {subprocess.py:93} INFO - 26/01/22 23:43:43 INFO Executor: Fetching file:///root/.ivy2/jars/io.delta_delta-storage-3.1.0.jar with timestamp 1769125418286
[2026-01-22T23:43:43.431+0000] {subprocess.py:93} INFO - 26/01/22 23:43:43 INFO Utils: /root/.ivy2/jars/io.delta_delta-storage-3.1.0.jar has been previously copied to /tmp/spark-fa178b37-a4e9-4f26-b436-c6d8f1e4fccd/userFiles-14d738f4-a95a-4f5c-8a60-43500f912c2b/io.delta_delta-storage-3.1.0.jar
[2026-01-22T23:43:43.434+0000] {subprocess.py:93} INFO - 26/01/22 23:43:43 INFO Executor: Fetching file:///root/.ivy2/jars/org.antlr_antlr4-runtime-4.9.3.jar with timestamp 1769125418286
[2026-01-22T23:43:43.437+0000] {subprocess.py:93} INFO - 26/01/22 23:43:43 INFO Utils: /root/.ivy2/jars/org.antlr_antlr4-runtime-4.9.3.jar has been previously copied to /tmp/spark-fa178b37-a4e9-4f26-b436-c6d8f1e4fccd/userFiles-14d738f4-a95a-4f5c-8a60-43500f912c2b/org.antlr_antlr4-runtime-4.9.3.jar
[2026-01-22T23:43:43.441+0000] {subprocess.py:93} INFO - 26/01/22 23:43:43 INFO Executor: Fetching file:///root/.ivy2/jars/org.wildfly.openssl_wildfly-openssl-1.0.7.Final.jar with timestamp 1769125418286
[2026-01-22T23:43:43.442+0000] {subprocess.py:93} INFO - 26/01/22 23:43:43 INFO Utils: /root/.ivy2/jars/org.wildfly.openssl_wildfly-openssl-1.0.7.Final.jar has been previously copied to /tmp/spark-fa178b37-a4e9-4f26-b436-c6d8f1e4fccd/userFiles-14d738f4-a95a-4f5c-8a60-43500f912c2b/org.wildfly.openssl_wildfly-openssl-1.0.7.Final.jar
[2026-01-22T23:43:43.447+0000] {subprocess.py:93} INFO - 26/01/22 23:43:43 INFO Executor: Fetching spark://41164ea0b858:42075/jars/io.delta_delta-spark_2.12-3.1.0.jar with timestamp 1769125418286
[2026-01-22T23:43:43.490+0000] {subprocess.py:93} INFO - 26/01/22 23:43:43 INFO TransportClientFactory: Successfully created connection to 41164ea0b858/172.18.0.6:42075 after 32 ms (0 ms spent in bootstraps)
[2026-01-22T23:43:43.498+0000] {subprocess.py:93} INFO - 26/01/22 23:43:43 INFO Utils: Fetching spark://41164ea0b858:42075/jars/io.delta_delta-spark_2.12-3.1.0.jar to /tmp/spark-fa178b37-a4e9-4f26-b436-c6d8f1e4fccd/userFiles-14d738f4-a95a-4f5c-8a60-43500f912c2b/fetchFileTemp13000887479664842370.tmp
[2026-01-22T23:43:43.632+0000] {subprocess.py:93} INFO - 26/01/22 23:43:43 INFO Utils: /tmp/spark-fa178b37-a4e9-4f26-b436-c6d8f1e4fccd/userFiles-14d738f4-a95a-4f5c-8a60-43500f912c2b/fetchFileTemp13000887479664842370.tmp has been previously copied to /tmp/spark-fa178b37-a4e9-4f26-b436-c6d8f1e4fccd/userFiles-14d738f4-a95a-4f5c-8a60-43500f912c2b/io.delta_delta-spark_2.12-3.1.0.jar
[2026-01-22T23:43:46.100+0000] {subprocess.py:93} INFO - 26/01/22 23:43:46 INFO Executor: Adding file:/tmp/spark-fa178b37-a4e9-4f26-b436-c6d8f1e4fccd/userFiles-14d738f4-a95a-4f5c-8a60-43500f912c2b/io.delta_delta-spark_2.12-3.1.0.jar to class loader default
[2026-01-22T23:43:46.101+0000] {subprocess.py:93} INFO - 26/01/22 23:43:46 INFO Executor: Fetching spark://41164ea0b858:42075/jars/org.wildfly.openssl_wildfly-openssl-1.0.7.Final.jar with timestamp 1769125418286
[2026-01-22T23:43:46.102+0000] {subprocess.py:93} INFO - 26/01/22 23:43:46 INFO Utils: Fetching spark://41164ea0b858:42075/jars/org.wildfly.openssl_wildfly-openssl-1.0.7.Final.jar to /tmp/spark-fa178b37-a4e9-4f26-b436-c6d8f1e4fccd/userFiles-14d738f4-a95a-4f5c-8a60-43500f912c2b/fetchFileTemp10440485735835051539.tmp
[2026-01-22T23:43:46.107+0000] {subprocess.py:93} INFO - 26/01/22 23:43:46 INFO Utils: /tmp/spark-fa178b37-a4e9-4f26-b436-c6d8f1e4fccd/userFiles-14d738f4-a95a-4f5c-8a60-43500f912c2b/fetchFileTemp10440485735835051539.tmp has been previously copied to /tmp/spark-fa178b37-a4e9-4f26-b436-c6d8f1e4fccd/userFiles-14d738f4-a95a-4f5c-8a60-43500f912c2b/org.wildfly.openssl_wildfly-openssl-1.0.7.Final.jar
[2026-01-22T23:43:46.116+0000] {subprocess.py:93} INFO - 26/01/22 23:43:46 INFO Executor: Adding file:/tmp/spark-fa178b37-a4e9-4f26-b436-c6d8f1e4fccd/userFiles-14d738f4-a95a-4f5c-8a60-43500f912c2b/org.wildfly.openssl_wildfly-openssl-1.0.7.Final.jar to class loader default
[2026-01-22T23:43:46.117+0000] {subprocess.py:93} INFO - 26/01/22 23:43:46 INFO Executor: Fetching spark://41164ea0b858:42075/jars/com.amazonaws_aws-java-sdk-bundle-1.12.262.jar with timestamp 1769125418286
[2026-01-22T23:43:46.117+0000] {subprocess.py:93} INFO - 26/01/22 23:43:46 INFO Utils: Fetching spark://41164ea0b858:42075/jars/com.amazonaws_aws-java-sdk-bundle-1.12.262.jar to /tmp/spark-fa178b37-a4e9-4f26-b436-c6d8f1e4fccd/userFiles-14d738f4-a95a-4f5c-8a60-43500f912c2b/fetchFileTemp4127318166762956239.tmp
[2026-01-22T23:43:53.600+0000] {subprocess.py:93} INFO - 26/01/22 23:43:53 INFO Utils: /tmp/spark-fa178b37-a4e9-4f26-b436-c6d8f1e4fccd/userFiles-14d738f4-a95a-4f5c-8a60-43500f912c2b/fetchFileTemp4127318166762956239.tmp has been previously copied to /tmp/spark-fa178b37-a4e9-4f26-b436-c6d8f1e4fccd/userFiles-14d738f4-a95a-4f5c-8a60-43500f912c2b/com.amazonaws_aws-java-sdk-bundle-1.12.262.jar
[2026-01-22T23:43:53.642+0000] {subprocess.py:93} INFO - 26/01/22 23:43:53 INFO Executor: Adding file:/tmp/spark-fa178b37-a4e9-4f26-b436-c6d8f1e4fccd/userFiles-14d738f4-a95a-4f5c-8a60-43500f912c2b/com.amazonaws_aws-java-sdk-bundle-1.12.262.jar to class loader default
[2026-01-22T23:43:53.642+0000] {subprocess.py:93} INFO - 26/01/22 23:43:53 INFO Executor: Fetching spark://41164ea0b858:42075/jars/io.delta_delta-storage-3.1.0.jar with timestamp 1769125418286
[2026-01-22T23:43:53.643+0000] {subprocess.py:93} INFO - 26/01/22 23:43:53 INFO Utils: Fetching spark://41164ea0b858:42075/jars/io.delta_delta-storage-3.1.0.jar to /tmp/spark-fa178b37-a4e9-4f26-b436-c6d8f1e4fccd/userFiles-14d738f4-a95a-4f5c-8a60-43500f912c2b/fetchFileTemp14126478217773636209.tmp
[2026-01-22T23:43:53.644+0000] {subprocess.py:93} INFO - 26/01/22 23:43:53 INFO Utils: /tmp/spark-fa178b37-a4e9-4f26-b436-c6d8f1e4fccd/userFiles-14d738f4-a95a-4f5c-8a60-43500f912c2b/fetchFileTemp14126478217773636209.tmp has been previously copied to /tmp/spark-fa178b37-a4e9-4f26-b436-c6d8f1e4fccd/userFiles-14d738f4-a95a-4f5c-8a60-43500f912c2b/io.delta_delta-storage-3.1.0.jar
[2026-01-22T23:43:53.647+0000] {subprocess.py:93} INFO - 26/01/22 23:43:53 INFO Executor: Adding file:/tmp/spark-fa178b37-a4e9-4f26-b436-c6d8f1e4fccd/userFiles-14d738f4-a95a-4f5c-8a60-43500f912c2b/io.delta_delta-storage-3.1.0.jar to class loader default
[2026-01-22T23:43:53.648+0000] {subprocess.py:93} INFO - 26/01/22 23:43:53 INFO Executor: Fetching spark://41164ea0b858:42075/jars/org.antlr_antlr4-runtime-4.9.3.jar with timestamp 1769125418286
[2026-01-22T23:43:53.648+0000] {subprocess.py:93} INFO - 26/01/22 23:43:53 INFO Utils: Fetching spark://41164ea0b858:42075/jars/org.antlr_antlr4-runtime-4.9.3.jar to /tmp/spark-fa178b37-a4e9-4f26-b436-c6d8f1e4fccd/userFiles-14d738f4-a95a-4f5c-8a60-43500f912c2b/fetchFileTemp5427034365496943189.tmp
[2026-01-22T23:43:53.650+0000] {subprocess.py:93} INFO - 26/01/22 23:43:53 INFO Utils: /tmp/spark-fa178b37-a4e9-4f26-b436-c6d8f1e4fccd/userFiles-14d738f4-a95a-4f5c-8a60-43500f912c2b/fetchFileTemp5427034365496943189.tmp has been previously copied to /tmp/spark-fa178b37-a4e9-4f26-b436-c6d8f1e4fccd/userFiles-14d738f4-a95a-4f5c-8a60-43500f912c2b/org.antlr_antlr4-runtime-4.9.3.jar
[2026-01-22T23:43:53.655+0000] {subprocess.py:93} INFO - 26/01/22 23:43:53 INFO Executor: Adding file:/tmp/spark-fa178b37-a4e9-4f26-b436-c6d8f1e4fccd/userFiles-14d738f4-a95a-4f5c-8a60-43500f912c2b/org.antlr_antlr4-runtime-4.9.3.jar to class loader default
[2026-01-22T23:43:53.656+0000] {subprocess.py:93} INFO - 26/01/22 23:43:53 INFO Executor: Fetching spark://41164ea0b858:42075/jars/org.apache.hadoop_hadoop-aws-3.3.4.jar with timestamp 1769125418286
[2026-01-22T23:43:53.656+0000] {subprocess.py:93} INFO - 26/01/22 23:43:53 INFO Utils: Fetching spark://41164ea0b858:42075/jars/org.apache.hadoop_hadoop-aws-3.3.4.jar to /tmp/spark-fa178b37-a4e9-4f26-b436-c6d8f1e4fccd/userFiles-14d738f4-a95a-4f5c-8a60-43500f912c2b/fetchFileTemp4182045457854922593.tmp
[2026-01-22T23:43:53.660+0000] {subprocess.py:93} INFO - 26/01/22 23:43:53 INFO Utils: /tmp/spark-fa178b37-a4e9-4f26-b436-c6d8f1e4fccd/userFiles-14d738f4-a95a-4f5c-8a60-43500f912c2b/fetchFileTemp4182045457854922593.tmp has been previously copied to /tmp/spark-fa178b37-a4e9-4f26-b436-c6d8f1e4fccd/userFiles-14d738f4-a95a-4f5c-8a60-43500f912c2b/org.apache.hadoop_hadoop-aws-3.3.4.jar
[2026-01-22T23:43:53.672+0000] {subprocess.py:93} INFO - 26/01/22 23:43:53 INFO Executor: Adding file:/tmp/spark-fa178b37-a4e9-4f26-b436-c6d8f1e4fccd/userFiles-14d738f4-a95a-4f5c-8a60-43500f912c2b/org.apache.hadoop_hadoop-aws-3.3.4.jar to class loader default
[2026-01-22T23:43:53.690+0000] {subprocess.py:93} INFO - 26/01/22 23:43:53 INFO Utils: Successfully started service 'org.apache.spark.network.netty.NettyBlockTransferService' on port 35467.
[2026-01-22T23:43:53.691+0000] {subprocess.py:93} INFO - 26/01/22 23:43:53 INFO NettyBlockTransferService: Server created on 41164ea0b858:35467
[2026-01-22T23:43:53.694+0000] {subprocess.py:93} INFO - 26/01/22 23:43:53 INFO BlockManager: Using org.apache.spark.storage.RandomBlockReplicationPolicy for block replication policy
[2026-01-22T23:43:53.705+0000] {subprocess.py:93} INFO - 26/01/22 23:43:53 INFO BlockManagerMaster: Registering BlockManager BlockManagerId(driver, 41164ea0b858, 35467, None)
[2026-01-22T23:43:53.710+0000] {subprocess.py:93} INFO - 26/01/22 23:43:53 INFO BlockManagerMasterEndpoint: Registering block manager 41164ea0b858:35467 with 434.4 MiB RAM, BlockManagerId(driver, 41164ea0b858, 35467, None)
[2026-01-22T23:43:53.713+0000] {subprocess.py:93} INFO - 26/01/22 23:43:53 INFO BlockManagerMaster: Registered BlockManager BlockManagerId(driver, 41164ea0b858, 35467, None)
[2026-01-22T23:43:53.714+0000] {subprocess.py:93} INFO - 26/01/22 23:43:53 INFO BlockManager: Initialized BlockManager: BlockManagerId(driver, 41164ea0b858, 35467, None)
[2026-01-22T23:43:53.722+0000] {subprocess.py:93} INFO - 26/01/22 23:43:53 INFO Executor: Told to re-register on heartbeat
[2026-01-22T23:43:53.723+0000] {subprocess.py:93} INFO - 26/01/22 23:43:53 INFO BlockManager: BlockManager BlockManagerId(driver, 41164ea0b858, 35467, None) re-registering with master
[2026-01-22T23:43:53.723+0000] {subprocess.py:93} INFO - 26/01/22 23:43:53 INFO BlockManagerMaster: Registering BlockManager BlockManagerId(driver, 41164ea0b858, 35467, None)
[2026-01-22T23:43:53.733+0000] {subprocess.py:93} INFO - 26/01/22 23:43:53 ERROR Inbox: Ignoring error
[2026-01-22T23:43:53.733+0000] {subprocess.py:93} INFO - org.apache.spark.SparkException: Exception thrown in awaitResult:
[2026-01-22T23:43:53.733+0000] {subprocess.py:93} INFO - 	at org.apache.spark.util.SparkThreadUtils$.awaitResult(SparkThreadUtils.scala:56)
[2026-01-22T23:43:53.733+0000] {subprocess.py:93} INFO - 	at org.apache.spark.util.ThreadUtils$.awaitResult(ThreadUtils.scala:310)
[2026-01-22T23:43:53.734+0000] {subprocess.py:93} INFO - 	at org.apache.spark.rpc.RpcTimeout.awaitResult(RpcTimeout.scala:75)
[2026-01-22T23:43:53.734+0000] {subprocess.py:93} INFO - 	at org.apache.spark.rpc.RpcEnv.setupEndpointRefByURI(RpcEnv.scala:102)
[2026-01-22T23:43:53.734+0000] {subprocess.py:93} INFO - 	at org.apache.spark.rpc.RpcEnv.setupEndpointRef(RpcEnv.scala:110)
[2026-01-22T23:43:53.734+0000] {subprocess.py:93} INFO - 	at org.apache.spark.util.RpcUtils$.makeDriverRef(RpcUtils.scala:36)
[2026-01-22T23:43:53.734+0000] {subprocess.py:93} INFO - 	at org.apache.spark.storage.BlockManagerMasterEndpoint.driverEndpoint$lzycompute(BlockManagerMasterEndpoint.scala:124)
[2026-01-22T23:43:53.734+0000] {subprocess.py:93} INFO - 	at org.apache.spark.storage.BlockManagerMasterEndpoint.org$apache$spark$storage$BlockManagerMasterEndpoint$$driverEndpoint(BlockManagerMasterEndpoint.scala:123)
[2026-01-22T23:43:53.734+0000] {subprocess.py:93} INFO - 	at org.apache.spark.storage.BlockManagerMasterEndpoint.isExecutorAlive$lzycompute$1(BlockManagerMasterEndpoint.scala:688)
[2026-01-22T23:43:53.734+0000] {subprocess.py:93} INFO - 	at org.apache.spark.storage.BlockManagerMasterEndpoint.isExecutorAlive$1(BlockManagerMasterEndpoint.scala:687)
[2026-01-22T23:43:53.734+0000] {subprocess.py:93} INFO - 	at org.apache.spark.storage.BlockManagerMasterEndpoint.org$apache$spark$storage$BlockManagerMasterEndpoint$$register(BlockManagerMasterEndpoint.scala:725)
[2026-01-22T23:43:53.734+0000] {subprocess.py:93} INFO - 	at org.apache.spark.storage.BlockManagerMasterEndpoint$$anonfun$receiveAndReply$1.applyOrElse(BlockManagerMasterEndpoint.scala:133)
[2026-01-22T23:43:53.734+0000] {subprocess.py:93} INFO - 	at org.apache.spark.rpc.netty.Inbox.$anonfun$process$1(Inbox.scala:103)
[2026-01-22T23:43:53.735+0000] {subprocess.py:93} INFO - 	at org.apache.spark.rpc.netty.Inbox.safelyCall(Inbox.scala:213)
[2026-01-22T23:43:53.735+0000] {subprocess.py:93} INFO - 	at org.apache.spark.rpc.netty.Inbox.process(Inbox.scala:100)
[2026-01-22T23:43:53.735+0000] {subprocess.py:93} INFO - 	at org.apache.spark.rpc.netty.MessageLoop.org$apache$spark$rpc$netty$MessageLoop$$receiveLoop(MessageLoop.scala:75)
[2026-01-22T23:43:53.735+0000] {subprocess.py:93} INFO - 	at org.apache.spark.rpc.netty.MessageLoop$$anon$1.run(MessageLoop.scala:41)
[2026-01-22T23:43:53.735+0000] {subprocess.py:93} INFO - 	at java.base/java.util.concurrent.ThreadPoolExecutor.runWorker(Unknown Source)
[2026-01-22T23:43:53.735+0000] {subprocess.py:93} INFO - 	at java.base/java.util.concurrent.ThreadPoolExecutor$Worker.run(Unknown Source)
[2026-01-22T23:43:53.735+0000] {subprocess.py:93} INFO - 	at java.base/java.lang.Thread.run(Unknown Source)
[2026-01-22T23:43:53.735+0000] {subprocess.py:93} INFO - Caused by: org.apache.spark.rpc.RpcEndpointNotFoundException: Cannot find endpoint: spark://CoarseGrainedScheduler@41164ea0b858:42075
[2026-01-22T23:43:53.735+0000] {subprocess.py:93} INFO - 	at org.apache.spark.rpc.netty.NettyRpcEnv.$anonfun$asyncSetupEndpointRefByURI$1(NettyRpcEnv.scala:148)
[2026-01-22T23:43:53.736+0000] {subprocess.py:93} INFO - 	at org.apache.spark.rpc.netty.NettyRpcEnv.$anonfun$asyncSetupEndpointRefByURI$1$adapted(NettyRpcEnv.scala:144)
[2026-01-22T23:43:53.736+0000] {subprocess.py:93} INFO - 	at scala.concurrent.Future.$anonfun$flatMap$1(Future.scala:307)
[2026-01-22T23:43:53.736+0000] {subprocess.py:93} INFO - 	at scala.concurrent.impl.Promise.$anonfun$transformWith$1(Promise.scala:41)
[2026-01-22T23:43:53.736+0000] {subprocess.py:93} INFO - 	at scala.concurrent.impl.CallbackRunnable.run(Promise.scala:64)
[2026-01-22T23:43:53.736+0000] {subprocess.py:93} INFO - 	at org.apache.spark.util.ThreadUtils$$anon$1.execute(ThreadUtils.scala:99)
[2026-01-22T23:43:53.736+0000] {subprocess.py:93} INFO - 	at scala.concurrent.impl.ExecutionContextImpl$$anon$4.execute(ExecutionContextImpl.scala:138)
[2026-01-22T23:43:53.736+0000] {subprocess.py:93} INFO - 	at scala.concurrent.impl.CallbackRunnable.executeWithValue(Promise.scala:72)
[2026-01-22T23:43:53.736+0000] {subprocess.py:93} INFO - 	at scala.concurrent.impl.Promise$DefaultPromise.$anonfun$tryComplete$1(Promise.scala:288)
[2026-01-22T23:43:53.736+0000] {subprocess.py:93} INFO - 	at scala.concurrent.impl.Promise$DefaultPromise.$anonfun$tryComplete$1$adapted(Promise.scala:288)
[2026-01-22T23:43:53.736+0000] {subprocess.py:93} INFO - 	at scala.concurrent.impl.Promise$DefaultPromise.tryComplete(Promise.scala:288)
[2026-01-22T23:43:53.736+0000] {subprocess.py:93} INFO - 	at scala.concurrent.Promise.complete(Promise.scala:53)
[2026-01-22T23:43:53.736+0000] {subprocess.py:93} INFO - 	at scala.concurrent.Promise.complete$(Promise.scala:52)
[2026-01-22T23:43:53.736+0000] {subprocess.py:93} INFO - 	at scala.concurrent.impl.Promise$DefaultPromise.complete(Promise.scala:187)
[2026-01-22T23:43:53.737+0000] {subprocess.py:93} INFO - 	at scala.concurrent.impl.Promise.$anonfun$transform$1(Promise.scala:33)
[2026-01-22T23:43:53.737+0000] {subprocess.py:93} INFO - 	at scala.concurrent.impl.CallbackRunnable.run(Promise.scala:64)
[2026-01-22T23:43:53.737+0000] {subprocess.py:93} INFO - 	at org.apache.spark.util.ThreadUtils$$anon$1.execute(ThreadUtils.scala:99)
[2026-01-22T23:43:53.737+0000] {subprocess.py:93} INFO - 	at scala.concurrent.impl.ExecutionContextImpl$$anon$4.execute(ExecutionContextImpl.scala:138)
[2026-01-22T23:43:53.737+0000] {subprocess.py:93} INFO - 	at scala.concurrent.impl.CallbackRunnable.executeWithValue(Promise.scala:72)
[2026-01-22T23:43:53.737+0000] {subprocess.py:93} INFO - 	at scala.concurrent.impl.Promise$DefaultPromise.$anonfun$tryComplete$1(Promise.scala:288)
[2026-01-22T23:43:53.737+0000] {subprocess.py:93} INFO - 	at scala.concurrent.impl.Promise$DefaultPromise.$anonfun$tryComplete$1$adapted(Promise.scala:288)
[2026-01-22T23:43:53.737+0000] {subprocess.py:93} INFO - 	at scala.concurrent.impl.Promise$DefaultPromise.tryComplete(Promise.scala:288)
[2026-01-22T23:43:53.737+0000] {subprocess.py:93} INFO - 	at scala.concurrent.Promise.complete(Promise.scala:53)
[2026-01-22T23:43:53.737+0000] {subprocess.py:93} INFO - 	at scala.concurrent.Promise.complete$(Promise.scala:52)
[2026-01-22T23:43:53.737+0000] {subprocess.py:93} INFO - 	at scala.concurrent.impl.Promise$DefaultPromise.complete(Promise.scala:187)
[2026-01-22T23:43:53.737+0000] {subprocess.py:93} INFO - 	at scala.concurrent.impl.Promise.$anonfun$transform$1(Promise.scala:33)
[2026-01-22T23:43:53.737+0000] {subprocess.py:93} INFO - 	at scala.concurrent.impl.CallbackRunnable.run(Promise.scala:64)
[2026-01-22T23:43:53.737+0000] {subprocess.py:93} INFO - 	at scala.concurrent.BatchingExecutor$Batch.processBatch$1(BatchingExecutor.scala:67)
[2026-01-22T23:43:53.737+0000] {subprocess.py:93} INFO - 	at scala.concurrent.BatchingExecutor$Batch.$anonfun$run$1(BatchingExecutor.scala:82)
[2026-01-22T23:43:53.737+0000] {subprocess.py:93} INFO - 	at scala.runtime.java8.JFunction0$mcV$sp.apply(JFunction0$mcV$sp.java:23)
[2026-01-22T23:43:53.737+0000] {subprocess.py:93} INFO - 	at scala.concurrent.BlockContext$.withBlockContext(BlockContext.scala:85)
[2026-01-22T23:43:53.737+0000] {subprocess.py:93} INFO - 	at scala.concurrent.BatchingExecutor$Batch.run(BatchingExecutor.scala:59)
[2026-01-22T23:43:53.738+0000] {subprocess.py:93} INFO - 	at scala.concurrent.Future$InternalCallbackExecutor$.unbatchedExecute(Future.scala:875)
[2026-01-22T23:43:53.738+0000] {subprocess.py:93} INFO - 	at scala.concurrent.BatchingExecutor.execute(BatchingExecutor.scala:110)
[2026-01-22T23:43:53.738+0000] {subprocess.py:93} INFO - 	at scala.concurrent.BatchingExecutor.execute$(BatchingExecutor.scala:107)
[2026-01-22T23:43:53.738+0000] {subprocess.py:93} INFO - 	at scala.concurrent.Future$InternalCallbackExecutor$.execute(Future.scala:873)
[2026-01-22T23:43:53.738+0000] {subprocess.py:93} INFO - 	at scala.concurrent.impl.CallbackRunnable.executeWithValue(Promise.scala:72)
[2026-01-22T23:43:53.738+0000] {subprocess.py:93} INFO - 	at scala.concurrent.impl.Promise$DefaultPromise.$anonfun$tryComplete$1(Promise.scala:288)
[2026-01-22T23:43:53.738+0000] {subprocess.py:93} INFO - 	at scala.concurrent.impl.Promise$DefaultPromise.$anonfun$tryComplete$1$adapted(Promise.scala:288)
[2026-01-22T23:43:53.738+0000] {subprocess.py:93} INFO - 	at scala.concurrent.impl.Promise$DefaultPromise.tryComplete(Promise.scala:288)
[2026-01-22T23:43:53.738+0000] {subprocess.py:93} INFO - 	at scala.concurrent.Promise.trySuccess(Promise.scala:94)
[2026-01-22T23:43:53.738+0000] {subprocess.py:93} INFO - 	at scala.concurrent.Promise.trySuccess$(Promise.scala:94)
[2026-01-22T23:43:53.738+0000] {subprocess.py:93} INFO - 	at scala.concurrent.impl.Promise$DefaultPromise.trySuccess(Promise.scala:187)
[2026-01-22T23:43:53.738+0000] {subprocess.py:93} INFO - 	at org.apache.spark.rpc.netty.NettyRpcEnv.onSuccess$1(NettyRpcEnv.scala:225)
[2026-01-22T23:43:53.738+0000] {subprocess.py:93} INFO - 	at org.apache.spark.rpc.netty.NettyRpcEnv.$anonfun$askAbortable$5(NettyRpcEnv.scala:239)
[2026-01-22T23:43:53.738+0000] {subprocess.py:93} INFO - 	at org.apache.spark.rpc.netty.NettyRpcEnv.$anonfun$askAbortable$5$adapted(NettyRpcEnv.scala:238)
[2026-01-22T23:43:53.738+0000] {subprocess.py:93} INFO - 	at scala.concurrent.impl.CallbackRunnable.run(Promise.scala:64)
[2026-01-22T23:43:53.739+0000] {subprocess.py:93} INFO - 	at org.apache.spark.util.ThreadUtils$$anon$1.execute(ThreadUtils.scala:99)
[2026-01-22T23:43:53.739+0000] {subprocess.py:93} INFO - 	at scala.concurrent.impl.ExecutionContextImpl$$anon$4.execute(ExecutionContextImpl.scala:138)
[2026-01-22T23:43:53.739+0000] {subprocess.py:93} INFO - 	at scala.concurrent.impl.CallbackRunnable.executeWithValue(Promise.scala:72)
[2026-01-22T23:43:53.739+0000] {subprocess.py:93} INFO - 	at scala.concurrent.impl.Promise$DefaultPromise.$anonfun$tryComplete$1(Promise.scala:288)
[2026-01-22T23:43:53.739+0000] {subprocess.py:93} INFO - 	at scala.concurrent.impl.Promise$DefaultPromise.$anonfun$tryComplete$1$adapted(Promise.scala:288)
[2026-01-22T23:43:53.739+0000] {subprocess.py:93} INFO - 	at scala.concurrent.impl.Promise$DefaultPromise.tryComplete(Promise.scala:288)
[2026-01-22T23:43:53.739+0000] {subprocess.py:93} INFO - 	at scala.concurrent.Promise.complete(Promise.scala:53)
[2026-01-22T23:43:53.739+0000] {subprocess.py:93} INFO - 	at scala.concurrent.Promise.complete$(Promise.scala:52)
[2026-01-22T23:43:53.739+0000] {subprocess.py:93} INFO - 	at scala.concurrent.impl.Promise$DefaultPromise.complete(Promise.scala:187)
[2026-01-22T23:43:53.739+0000] {subprocess.py:93} INFO - 	at scala.concurrent.Promise.success(Promise.scala:86)
[2026-01-22T23:43:53.739+0000] {subprocess.py:93} INFO - 	at scala.concurrent.Promise.success$(Promise.scala:86)
[2026-01-22T23:43:53.739+0000] {subprocess.py:93} INFO - 	at scala.concurrent.impl.Promise$DefaultPromise.success(Promise.scala:187)
[2026-01-22T23:43:53.739+0000] {subprocess.py:93} INFO - 	at org.apache.spark.rpc.netty.LocalNettyRpcCallContext.send(NettyRpcCallContext.scala:50)
[2026-01-22T23:43:53.739+0000] {subprocess.py:93} INFO - 	at org.apache.spark.rpc.netty.NettyRpcCallContext.reply(NettyRpcCallContext.scala:32)
[2026-01-22T23:43:53.739+0000] {subprocess.py:93} INFO - 	at org.apache.spark.rpc.netty.RpcEndpointVerifier$$anonfun$receiveAndReply$1.applyOrElse(RpcEndpointVerifier.scala:31)
[2026-01-22T23:43:53.739+0000] {subprocess.py:93} INFO - 	... 8 more
[2026-01-22T23:43:53.739+0000] {subprocess.py:93} INFO - 26/01/22 23:43:53 WARN Executor: Issue communicating with driver in heartbeater
[2026-01-22T23:43:53.740+0000] {subprocess.py:93} INFO - org.apache.spark.SparkException: Exception thrown in awaitResult:
[2026-01-22T23:43:53.740+0000] {subprocess.py:93} INFO - 	at org.apache.spark.util.SparkThreadUtils$.awaitResult(SparkThreadUtils.scala:56)
[2026-01-22T23:43:53.740+0000] {subprocess.py:93} INFO - 	at org.apache.spark.util.ThreadUtils$.awaitResult(ThreadUtils.scala:310)
[2026-01-22T23:43:53.740+0000] {subprocess.py:93} INFO - 	at org.apache.spark.rpc.RpcTimeout.awaitResult(RpcTimeout.scala:75)
[2026-01-22T23:43:53.740+0000] {subprocess.py:93} INFO - 	at org.apache.spark.rpc.RpcEndpointRef.askSync(RpcEndpointRef.scala:101)
[2026-01-22T23:43:53.740+0000] {subprocess.py:93} INFO - 	at org.apache.spark.rpc.RpcEndpointRef.askSync(RpcEndpointRef.scala:85)
[2026-01-22T23:43:53.740+0000] {subprocess.py:93} INFO - 	at org.apache.spark.storage.BlockManagerMaster.registerBlockManager(BlockManagerMaster.scala:80)
[2026-01-22T23:43:53.740+0000] {subprocess.py:93} INFO - 	at org.apache.spark.storage.BlockManager.reregister(BlockManager.scala:642)
[2026-01-22T23:43:53.740+0000] {subprocess.py:93} INFO - 	at org.apache.spark.executor.Executor.reportHeartBeat(Executor.scala:1223)
[2026-01-22T23:43:53.740+0000] {subprocess.py:93} INFO - 	at org.apache.spark.executor.Executor.$anonfun$heartbeater$1(Executor.scala:295)
[2026-01-22T23:43:53.740+0000] {subprocess.py:93} INFO - 	at scala.runtime.java8.JFunction0$mcV$sp.apply(JFunction0$mcV$sp.java:23)
[2026-01-22T23:43:53.740+0000] {subprocess.py:93} INFO - 	at org.apache.spark.util.Utils$.logUncaughtExceptions(Utils.scala:1928)
[2026-01-22T23:43:53.740+0000] {subprocess.py:93} INFO - 	at org.apache.spark.Heartbeater$$anon$1.run(Heartbeater.scala:46)
[2026-01-22T23:43:53.740+0000] {subprocess.py:93} INFO - 	at java.base/java.util.concurrent.Executors$RunnableAdapter.call(Unknown Source)
[2026-01-22T23:43:53.740+0000] {subprocess.py:93} INFO - 	at java.base/java.util.concurrent.FutureTask.runAndReset(Unknown Source)
[2026-01-22T23:43:53.741+0000] {subprocess.py:93} INFO - 	at java.base/java.util.concurrent.ScheduledThreadPoolExecutor$ScheduledFutureTask.run(Unknown Source)
[2026-01-22T23:43:53.741+0000] {subprocess.py:93} INFO - 	at java.base/java.util.concurrent.ThreadPoolExecutor.runWorker(Unknown Source)
[2026-01-22T23:43:53.741+0000] {subprocess.py:93} INFO - 	at java.base/java.util.concurrent.ThreadPoolExecutor$Worker.run(Unknown Source)
[2026-01-22T23:43:53.741+0000] {subprocess.py:93} INFO - 	at java.base/java.lang.Thread.run(Unknown Source)
[2026-01-22T23:43:53.741+0000] {subprocess.py:93} INFO - Caused by: org.apache.spark.SparkException: Exception thrown in awaitResult:
[2026-01-22T23:43:53.741+0000] {subprocess.py:93} INFO - 	at org.apache.spark.util.SparkThreadUtils$.awaitResult(SparkThreadUtils.scala:56)
[2026-01-22T23:43:53.741+0000] {subprocess.py:93} INFO - 	at org.apache.spark.util.ThreadUtils$.awaitResult(ThreadUtils.scala:310)
[2026-01-22T23:43:53.741+0000] {subprocess.py:93} INFO - 	at org.apache.spark.rpc.RpcTimeout.awaitResult(RpcTimeout.scala:75)
[2026-01-22T23:43:53.741+0000] {subprocess.py:93} INFO - 	at org.apache.spark.rpc.RpcEnv.setupEndpointRefByURI(RpcEnv.scala:102)
[2026-01-22T23:43:53.741+0000] {subprocess.py:93} INFO - 	at org.apache.spark.rpc.RpcEnv.setupEndpointRef(RpcEnv.scala:110)
[2026-01-22T23:43:53.741+0000] {subprocess.py:93} INFO - 	at org.apache.spark.util.RpcUtils$.makeDriverRef(RpcUtils.scala:36)
[2026-01-22T23:43:53.741+0000] {subprocess.py:93} INFO - 	at org.apache.spark.storage.BlockManagerMasterEndpoint.driverEndpoint$lzycompute(BlockManagerMasterEndpoint.scala:124)
[2026-01-22T23:43:53.741+0000] {subprocess.py:93} INFO - 	at org.apache.spark.storage.BlockManagerMasterEndpoint.org$apache$spark$storage$BlockManagerMasterEndpoint$$driverEndpoint(BlockManagerMasterEndpoint.scala:123)
[2026-01-22T23:43:53.741+0000] {subprocess.py:93} INFO - 	at org.apache.spark.storage.BlockManagerMasterEndpoint.isExecutorAlive$lzycompute$1(BlockManagerMasterEndpoint.scala:688)
[2026-01-22T23:43:53.742+0000] {subprocess.py:93} INFO - 	at org.apache.spark.storage.BlockManagerMasterEndpoint.isExecutorAlive$1(BlockManagerMasterEndpoint.scala:687)
[2026-01-22T23:43:53.742+0000] {subprocess.py:93} INFO - 	at org.apache.spark.storage.BlockManagerMasterEndpoint.org$apache$spark$storage$BlockManagerMasterEndpoint$$register(BlockManagerMasterEndpoint.scala:725)
[2026-01-22T23:43:53.742+0000] {subprocess.py:93} INFO - 	at org.apache.spark.storage.BlockManagerMasterEndpoint$$anonfun$receiveAndReply$1.applyOrElse(BlockManagerMasterEndpoint.scala:133)
[2026-01-22T23:43:53.742+0000] {subprocess.py:93} INFO - 	at org.apache.spark.rpc.netty.Inbox.$anonfun$process$1(Inbox.scala:103)
[2026-01-22T23:43:53.742+0000] {subprocess.py:93} INFO - 	at org.apache.spark.rpc.netty.Inbox.safelyCall(Inbox.scala:213)
[2026-01-22T23:43:53.742+0000] {subprocess.py:93} INFO - 	at org.apache.spark.rpc.netty.Inbox.process(Inbox.scala:100)
[2026-01-22T23:43:53.742+0000] {subprocess.py:93} INFO - 	at org.apache.spark.rpc.netty.MessageLoop.org$apache$spark$rpc$netty$MessageLoop$$receiveLoop(MessageLoop.scala:75)
[2026-01-22T23:43:53.742+0000] {subprocess.py:93} INFO - 	at org.apache.spark.rpc.netty.MessageLoop$$anon$1.run(MessageLoop.scala:41)
[2026-01-22T23:43:53.742+0000] {subprocess.py:93} INFO - 	... 3 more
[2026-01-22T23:43:53.742+0000] {subprocess.py:93} INFO - Caused by: org.apache.spark.rpc.RpcEndpointNotFoundException: Cannot find endpoint: spark://CoarseGrainedScheduler@41164ea0b858:42075
[2026-01-22T23:43:53.742+0000] {subprocess.py:93} INFO - 	at org.apache.spark.rpc.netty.NettyRpcEnv.$anonfun$asyncSetupEndpointRefByURI$1(NettyRpcEnv.scala:148)
[2026-01-22T23:43:53.743+0000] {subprocess.py:93} INFO - 	at org.apache.spark.rpc.netty.NettyRpcEnv.$anonfun$asyncSetupEndpointRefByURI$1$adapted(NettyRpcEnv.scala:144)
[2026-01-22T23:43:53.743+0000] {subprocess.py:93} INFO - 	at scala.concurrent.Future.$anonfun$flatMap$1(Future.scala:307)
[2026-01-22T23:43:53.743+0000] {subprocess.py:93} INFO - 	at scala.concurrent.impl.Promise.$anonfun$transformWith$1(Promise.scala:41)
[2026-01-22T23:43:53.743+0000] {subprocess.py:93} INFO - 	at scala.concurrent.impl.CallbackRunnable.run(Promise.scala:64)
[2026-01-22T23:43:53.743+0000] {subprocess.py:93} INFO - 	at org.apache.spark.util.ThreadUtils$$anon$1.execute(ThreadUtils.scala:99)
[2026-01-22T23:43:53.743+0000] {subprocess.py:93} INFO - 	at scala.concurrent.impl.ExecutionContextImpl$$anon$4.execute(ExecutionContextImpl.scala:138)
[2026-01-22T23:43:53.743+0000] {subprocess.py:93} INFO - 	at scala.concurrent.impl.CallbackRunnable.executeWithValue(Promise.scala:72)
[2026-01-22T23:43:53.743+0000] {subprocess.py:93} INFO - 	at scala.concurrent.impl.Promise$DefaultPromise.$anonfun$tryComplete$1(Promise.scala:288)
[2026-01-22T23:43:53.743+0000] {subprocess.py:93} INFO - 	at scala.concurrent.impl.Promise$DefaultPromise.$anonfun$tryComplete$1$adapted(Promise.scala:288)
[2026-01-22T23:43:53.743+0000] {subprocess.py:93} INFO - 	at scala.concurrent.impl.Promise$DefaultPromise.tryComplete(Promise.scala:288)
[2026-01-22T23:43:53.743+0000] {subprocess.py:93} INFO - 	at scala.concurrent.Promise.complete(Promise.scala:53)
[2026-01-22T23:43:53.743+0000] {subprocess.py:93} INFO - 	at scala.concurrent.Promise.complete$(Promise.scala:52)
[2026-01-22T23:43:53.743+0000] {subprocess.py:93} INFO - 	at scala.concurrent.impl.Promise$DefaultPromise.complete(Promise.scala:187)
[2026-01-22T23:43:53.743+0000] {subprocess.py:93} INFO - 	at scala.concurrent.impl.Promise.$anonfun$transform$1(Promise.scala:33)
[2026-01-22T23:43:53.743+0000] {subprocess.py:93} INFO - 	at scala.concurrent.impl.CallbackRunnable.run(Promise.scala:64)
[2026-01-22T23:43:53.743+0000] {subprocess.py:93} INFO - 	at org.apache.spark.util.ThreadUtils$$anon$1.execute(ThreadUtils.scala:99)
[2026-01-22T23:43:53.743+0000] {subprocess.py:93} INFO - 	at scala.concurrent.impl.ExecutionContextImpl$$anon$4.execute(ExecutionContextImpl.scala:138)
[2026-01-22T23:43:53.744+0000] {subprocess.py:93} INFO - 	at scala.concurrent.impl.CallbackRunnable.executeWithValue(Promise.scala:72)
[2026-01-22T23:43:53.744+0000] {subprocess.py:93} INFO - 	at scala.concurrent.impl.Promise$DefaultPromise.$anonfun$tryComplete$1(Promise.scala:288)
[2026-01-22T23:43:53.744+0000] {subprocess.py:93} INFO - 	at scala.concurrent.impl.Promise$DefaultPromise.$anonfun$tryComplete$1$adapted(Promise.scala:288)
[2026-01-22T23:43:53.744+0000] {subprocess.py:93} INFO - 	at scala.concurrent.impl.Promise$DefaultPromise.tryComplete(Promise.scala:288)
[2026-01-22T23:43:53.744+0000] {subprocess.py:93} INFO - 	at scala.concurrent.Promise.complete(Promise.scala:53)
[2026-01-22T23:43:53.744+0000] {subprocess.py:93} INFO - 	at scala.concurrent.Promise.complete$(Promise.scala:52)
[2026-01-22T23:43:53.744+0000] {subprocess.py:93} INFO - 	at scala.concurrent.impl.Promise$DefaultPromise.complete(Promise.scala:187)
[2026-01-22T23:43:53.744+0000] {subprocess.py:93} INFO - 	at scala.concurrent.impl.Promise.$anonfun$transform$1(Promise.scala:33)
[2026-01-22T23:43:53.744+0000] {subprocess.py:93} INFO - 	at scala.concurrent.impl.CallbackRunnable.run(Promise.scala:64)
[2026-01-22T23:43:53.744+0000] {subprocess.py:93} INFO - 	at scala.concurrent.BatchingExecutor$Batch.processBatch$1(BatchingExecutor.scala:67)
[2026-01-22T23:43:53.744+0000] {subprocess.py:93} INFO - 	at scala.concurrent.BatchingExecutor$Batch.$anonfun$run$1(BatchingExecutor.scala:82)
[2026-01-22T23:43:53.744+0000] {subprocess.py:93} INFO - 	at scala.runtime.java8.JFunction0$mcV$sp.apply(JFunction0$mcV$sp.java:23)
[2026-01-22T23:43:53.744+0000] {subprocess.py:93} INFO - 	at scala.concurrent.BlockContext$.withBlockContext(BlockContext.scala:85)
[2026-01-22T23:43:53.744+0000] {subprocess.py:93} INFO - 	at scala.concurrent.BatchingExecutor$Batch.run(BatchingExecutor.scala:59)
[2026-01-22T23:43:53.745+0000] {subprocess.py:93} INFO - 	at scala.concurrent.Future$InternalCallbackExecutor$.unbatchedExecute(Future.scala:875)
[2026-01-22T23:43:53.745+0000] {subprocess.py:93} INFO - 	at scala.concurrent.BatchingExecutor.execute(BatchingExecutor.scala:110)
[2026-01-22T23:43:53.745+0000] {subprocess.py:93} INFO - 	at scala.concurrent.BatchingExecutor.execute$(BatchingExecutor.scala:107)
[2026-01-22T23:43:53.745+0000] {subprocess.py:93} INFO - 	at scala.concurrent.Future$InternalCallbackExecutor$.execute(Future.scala:873)
[2026-01-22T23:43:53.745+0000] {subprocess.py:93} INFO - 	at scala.concurrent.impl.CallbackRunnable.executeWithValue(Promise.scala:72)
[2026-01-22T23:43:53.745+0000] {subprocess.py:93} INFO - 	at scala.concurrent.impl.Promise$DefaultPromise.$anonfun$tryComplete$1(Promise.scala:288)
[2026-01-22T23:43:53.745+0000] {subprocess.py:93} INFO - 	at scala.concurrent.impl.Promise$DefaultPromise.$anonfun$tryComplete$1$adapted(Promise.scala:288)
[2026-01-22T23:43:53.745+0000] {subprocess.py:93} INFO - 	at scala.concurrent.impl.Promise$DefaultPromise.tryComplete(Promise.scala:288)
[2026-01-22T23:43:53.745+0000] {subprocess.py:93} INFO - 	at scala.concurrent.Promise.trySuccess(Promise.scala:94)
[2026-01-22T23:43:53.745+0000] {subprocess.py:93} INFO - 	at scala.concurrent.Promise.trySuccess$(Promise.scala:94)
[2026-01-22T23:43:53.745+0000] {subprocess.py:93} INFO - 	at scala.concurrent.impl.Promise$DefaultPromise.trySuccess(Promise.scala:187)
[2026-01-22T23:43:53.745+0000] {subprocess.py:93} INFO - 	at org.apache.spark.rpc.netty.NettyRpcEnv.onSuccess$1(NettyRpcEnv.scala:225)
[2026-01-22T23:43:53.745+0000] {subprocess.py:93} INFO - 	at org.apache.spark.rpc.netty.NettyRpcEnv.$anonfun$askAbortable$5(NettyRpcEnv.scala:239)
[2026-01-22T23:43:53.745+0000] {subprocess.py:93} INFO - 	at org.apache.spark.rpc.netty.NettyRpcEnv.$anonfun$askAbortable$5$adapted(NettyRpcEnv.scala:238)
[2026-01-22T23:43:53.745+0000] {subprocess.py:93} INFO - 	at scala.concurrent.impl.CallbackRunnable.run(Promise.scala:64)
[2026-01-22T23:43:53.745+0000] {subprocess.py:93} INFO - 	at org.apache.spark.util.ThreadUtils$$anon$1.execute(ThreadUtils.scala:99)
[2026-01-22T23:43:53.745+0000] {subprocess.py:93} INFO - 	at scala.concurrent.impl.ExecutionContextImpl$$anon$4.execute(ExecutionContextImpl.scala:138)
[2026-01-22T23:43:53.746+0000] {subprocess.py:93} INFO - 	at scala.concurrent.impl.CallbackRunnable.executeWithValue(Promise.scala:72)
[2026-01-22T23:43:53.746+0000] {subprocess.py:93} INFO - 	at scala.concurrent.impl.Promise$DefaultPromise.$anonfun$tryComplete$1(Promise.scala:288)
[2026-01-22T23:43:53.746+0000] {subprocess.py:93} INFO - 	at scala.concurrent.impl.Promise$DefaultPromise.$anonfun$tryComplete$1$adapted(Promise.scala:288)
[2026-01-22T23:43:53.746+0000] {subprocess.py:93} INFO - 	at scala.concurrent.impl.Promise$DefaultPromise.tryComplete(Promise.scala:288)
[2026-01-22T23:43:53.746+0000] {subprocess.py:93} INFO - 	at scala.concurrent.Promise.complete(Promise.scala:53)
[2026-01-22T23:43:53.746+0000] {subprocess.py:93} INFO - 	at scala.concurrent.Promise.complete$(Promise.scala:52)
[2026-01-22T23:43:53.746+0000] {subprocess.py:93} INFO - 	at scala.concurrent.impl.Promise$DefaultPromise.complete(Promise.scala:187)
[2026-01-22T23:43:53.746+0000] {subprocess.py:93} INFO - 	at scala.concurrent.Promise.success(Promise.scala:86)
[2026-01-22T23:43:53.746+0000] {subprocess.py:93} INFO - 	at scala.concurrent.Promise.success$(Promise.scala:86)
[2026-01-22T23:43:53.746+0000] {subprocess.py:93} INFO - 	at scala.concurrent.impl.Promise$DefaultPromise.success(Promise.scala:187)
[2026-01-22T23:43:53.746+0000] {subprocess.py:93} INFO - 	at org.apache.spark.rpc.netty.LocalNettyRpcCallContext.send(NettyRpcCallContext.scala:50)
[2026-01-22T23:43:53.747+0000] {subprocess.py:93} INFO - 	at org.apache.spark.rpc.netty.NettyRpcCallContext.reply(NettyRpcCallContext.scala:32)
[2026-01-22T23:43:53.747+0000] {subprocess.py:93} INFO - 	at org.apache.spark.rpc.netty.RpcEndpointVerifier$$anonfun$receiveAndReply$1.applyOrElse(RpcEndpointVerifier.scala:31)
[2026-01-22T23:43:53.747+0000] {subprocess.py:93} INFO - 	... 8 more
[2026-01-22T23:43:54.445+0000] {subprocess.py:93} INFO - >>> Reading from Bronze layer...
[2026-01-22T23:43:54.454+0000] {subprocess.py:93} INFO - 26/01/22 23:43:54 INFO SharedState: Setting hive.metastore.warehouse.dir ('null') to the value of spark.sql.warehouse.dir.
[2026-01-22T23:43:54.457+0000] {subprocess.py:93} INFO - 26/01/22 23:43:54 INFO SharedState: Warehouse path is 'file:/opt/spark/spark-warehouse'.
[2026-01-22T23:43:55.658+0000] {subprocess.py:93} INFO - 26/01/22 23:43:55 WARN MetricsConfig: Cannot locate configuration: tried hadoop-metrics2-s3a-file-system.properties,hadoop-metrics2.properties
[2026-01-22T23:43:55.678+0000] {subprocess.py:93} INFO - 26/01/22 23:43:55 INFO MetricsSystemImpl: Scheduled Metric snapshot period at 10 second(s).
[2026-01-22T23:43:55.679+0000] {subprocess.py:93} INFO - 26/01/22 23:43:55 INFO MetricsSystemImpl: s3a-file-system metrics system started
[2026-01-22T23:43:57.053+0000] {subprocess.py:93} INFO - 26/01/22 23:43:57 INFO InMemoryFileIndex: It took 113 ms to list leaf files for 3 paths.
[2026-01-22T23:43:57.604+0000] {subprocess.py:93} INFO - 26/01/22 23:43:57 INFO SparkContext: Starting job: parquet at <unknown>:0
[2026-01-22T23:43:57.620+0000] {subprocess.py:93} INFO - 26/01/22 23:43:57 INFO DAGScheduler: Got job 0 (parquet at <unknown>:0) with 1 output partitions
[2026-01-22T23:43:57.621+0000] {subprocess.py:93} INFO - 26/01/22 23:43:57 INFO DAGScheduler: Final stage: ResultStage 0 (parquet at <unknown>:0)
[2026-01-22T23:43:57.621+0000] {subprocess.py:93} INFO - 26/01/22 23:43:57 INFO DAGScheduler: Parents of final stage: List()
[2026-01-22T23:43:57.622+0000] {subprocess.py:93} INFO - 26/01/22 23:43:57 INFO DAGScheduler: Missing parents: List()
[2026-01-22T23:43:57.625+0000] {subprocess.py:93} INFO - 26/01/22 23:43:57 INFO DAGScheduler: Submitting ResultStage 0 (MapPartitionsRDD[1] at parquet at <unknown>:0), which has no missing parents
[2026-01-22T23:43:57.702+0000] {subprocess.py:93} INFO - 26/01/22 23:43:57 INFO MemoryStore: Block broadcast_0 stored as values in memory (estimated size 106.8 KiB, free 434.3 MiB)
[2026-01-22T23:43:57.756+0000] {subprocess.py:93} INFO - 26/01/22 23:43:57 INFO MemoryStore: Block broadcast_0_piece0 stored as bytes in memory (estimated size 38.6 KiB, free 434.3 MiB)
[2026-01-22T23:43:57.759+0000] {subprocess.py:93} INFO - 26/01/22 23:43:57 INFO BlockManagerInfo: Added broadcast_0_piece0 in memory on 41164ea0b858:35467 (size: 38.6 KiB, free: 434.4 MiB)
[2026-01-22T23:43:57.764+0000] {subprocess.py:93} INFO - 26/01/22 23:43:57 INFO SparkContext: Created broadcast 0 from broadcast at DAGScheduler.scala:1585
[2026-01-22T23:43:57.778+0000] {subprocess.py:93} INFO - 26/01/22 23:43:57 INFO DAGScheduler: Submitting 1 missing tasks from ResultStage 0 (MapPartitionsRDD[1] at parquet at <unknown>:0) (first 15 tasks are for partitions Vector(0))
[2026-01-22T23:43:57.780+0000] {subprocess.py:93} INFO - 26/01/22 23:43:57 INFO TaskSchedulerImpl: Adding task set 0.0 with 1 tasks resource profile 0
[2026-01-22T23:43:57.857+0000] {subprocess.py:93} INFO - 26/01/22 23:43:57 INFO TaskSetManager: Starting task 0.0 in stage 0.0 (TID 0) (41164ea0b858, executor driver, partition 0, PROCESS_LOCAL, 8856 bytes)
[2026-01-22T23:43:57.870+0000] {subprocess.py:93} INFO - 26/01/22 23:43:57 INFO Executor: Running task 0.0 in stage 0.0 (TID 0)
[2026-01-22T23:43:58.070+0000] {subprocess.py:93} INFO - 26/01/22 23:43:58 INFO S3AInputStream: Switching to Random IO seek policy
[2026-01-22T23:43:58.293+0000] {subprocess.py:93} INFO - 26/01/22 23:43:58 INFO Executor: Finished task 0.0 in stage 0.0 (TID 0). 2013 bytes result sent to driver
[2026-01-22T23:43:58.319+0000] {subprocess.py:93} INFO - 26/01/22 23:43:58 INFO TaskSetManager: Finished task 0.0 in stage 0.0 (TID 0) in 499 ms on 41164ea0b858 (executor driver) (1/1)
[2026-01-22T23:43:58.322+0000] {subprocess.py:93} INFO - 26/01/22 23:43:58 INFO TaskSchedulerImpl: Removed TaskSet 0.0, whose tasks have all completed, from pool
[2026-01-22T23:43:58.327+0000] {subprocess.py:93} INFO - 26/01/22 23:43:58 INFO DAGScheduler: ResultStage 0 (parquet at <unknown>:0) finished in 0.685 s
[2026-01-22T23:43:58.330+0000] {subprocess.py:93} INFO - 26/01/22 23:43:58 INFO DAGScheduler: Job 0 is finished. Cancelling potential speculative or zombie tasks for this job
[2026-01-22T23:43:58.330+0000] {subprocess.py:93} INFO - 26/01/22 23:43:58 INFO TaskSchedulerImpl: Killing all running tasks in stage 0: Stage finished
[2026-01-22T23:43:58.333+0000] {subprocess.py:93} INFO - 26/01/22 23:43:58 INFO DAGScheduler: Job 0 finished: parquet at <unknown>:0, took 0.728163 s
[2026-01-22T23:43:58.935+0000] {subprocess.py:93} INFO - 26/01/22 23:43:58 INFO BlockManagerInfo: Removed broadcast_0_piece0 on 41164ea0b858:35467 in memory (size: 38.6 KiB, free: 434.4 MiB)
[2026-01-22T23:43:59.205+0000] {subprocess.py:93} INFO - >>> Successfully read Parquet files from Bronze.
[2026-01-22T23:43:59.499+0000] {subprocess.py:93} INFO - Traceback (most recent call last):
[2026-01-22T23:43:59.499+0000] {subprocess.py:93} INFO -   File "/opt/spark-jobs/bronze_to_silver.py", line 74, in <module>
[2026-01-22T23:43:59.500+0000] {subprocess.py:93} INFO -     main()
[2026-01-22T23:43:59.501+0000] {subprocess.py:93} INFO -   File "/opt/spark-jobs/bronze_to_silver.py", line 46, in main
[2026-01-22T23:43:59.501+0000] {subprocess.py:93} INFO -     parsed_df = bronze_df.withColumn("data", from_json(col("json_value"), json_schema))
[2026-01-22T23:43:59.501+0000] {subprocess.py:93} INFO -   File "/opt/spark/python/lib/pyspark.zip/pyspark/sql/dataframe.py", line 5174, in withColumn
[2026-01-22T23:43:59.501+0000] {subprocess.py:93} INFO -   File "/opt/spark/python/lib/py4j-0.10.9.7-src.zip/py4j/java_gateway.py", line 1322, in __call__
[2026-01-22T23:43:59.502+0000] {subprocess.py:93} INFO -   File "/opt/spark/python/lib/pyspark.zip/pyspark/errors/exceptions/captured.py", line 185, in deco
[2026-01-22T23:43:59.508+0000] {subprocess.py:93} INFO - pyspark.errors.exceptions.captured.AnalysisException: [UNRESOLVED_COLUMN.WITH_SUGGESTION] A column or function parameter with name `json_value` cannot be resolved. Did you mean one of the following? [`order_date`, `order_id`, `price`, `quantity`, `customer_name`].;
[2026-01-22T23:43:59.509+0000] {subprocess.py:93} INFO - 'Project [order_id#0L, customer_name#1, product_name#2, quantity#3L, price#4, order_date#5, from_json(StructField(after,StructType(StructField(order_id,IntegerType,true),StructField(customer_name,StringType,true),StructField(product_name,StringType,true),StructField(quantity,IntegerType,true),StructField(price,StringType,true),StructField(order_date,LongType,true)),true), StructField(op,StringType,true), 'json_value, Some(Etc/UTC)) AS data#12]
[2026-01-22T23:43:59.509+0000] {subprocess.py:93} INFO - +- Relation [order_id#0L,customer_name#1,product_name#2,quantity#3L,price#4,order_date#5] parquet
[2026-01-22T23:43:59.509+0000] {subprocess.py:93} INFO - 
[2026-01-22T23:43:59.557+0000] {subprocess.py:93} INFO - 26/01/22 23:43:59 INFO SparkContext: Invoking stop() from shutdown hook
[2026-01-22T23:43:59.558+0000] {subprocess.py:93} INFO - 26/01/22 23:43:59 INFO SparkContext: SparkContext is stopping with exitCode 0.
[2026-01-22T23:43:59.571+0000] {subprocess.py:93} INFO - 26/01/22 23:43:59 INFO SparkUI: Stopped Spark web UI at http://41164ea0b858:4040
[2026-01-22T23:43:59.587+0000] {subprocess.py:93} INFO - 26/01/22 23:43:59 INFO MapOutputTrackerMasterEndpoint: MapOutputTrackerMasterEndpoint stopped!
[2026-01-22T23:43:59.601+0000] {subprocess.py:93} INFO - 26/01/22 23:43:59 INFO MemoryStore: MemoryStore cleared
[2026-01-22T23:43:59.601+0000] {subprocess.py:93} INFO - 26/01/22 23:43:59 INFO BlockManager: BlockManager stopped
[2026-01-22T23:43:59.605+0000] {subprocess.py:93} INFO - 26/01/22 23:43:59 INFO BlockManagerMaster: BlockManagerMaster stopped
[2026-01-22T23:43:59.607+0000] {subprocess.py:93} INFO - 26/01/22 23:43:59 INFO OutputCommitCoordinator$OutputCommitCoordinatorEndpoint: OutputCommitCoordinator stopped!
[2026-01-22T23:43:59.621+0000] {subprocess.py:93} INFO - 26/01/22 23:43:59 INFO SparkContext: Successfully stopped SparkContext
[2026-01-22T23:43:59.621+0000] {subprocess.py:93} INFO - 26/01/22 23:43:59 INFO ShutdownHookManager: Shutdown hook called
[2026-01-22T23:43:59.621+0000] {subprocess.py:93} INFO - 26/01/22 23:43:59 INFO ShutdownHookManager: Deleting directory /tmp/spark-fa178b37-a4e9-4f26-b436-c6d8f1e4fccd
[2026-01-22T23:43:59.625+0000] {subprocess.py:93} INFO - 26/01/22 23:43:59 INFO ShutdownHookManager: Deleting directory /tmp/spark-c527ba32-f7f1-43aa-bcf5-f5674dfc0d3b
[2026-01-22T23:43:59.629+0000] {subprocess.py:93} INFO - 26/01/22 23:43:59 INFO ShutdownHookManager: Deleting directory /tmp/spark-fa178b37-a4e9-4f26-b436-c6d8f1e4fccd/pyspark-c48875a7-799f-4eaa-afe1-b2e3f7393477
[2026-01-22T23:43:59.641+0000] {subprocess.py:93} INFO - 26/01/22 23:43:59 INFO MetricsSystemImpl: Stopping s3a-file-system metrics system...
[2026-01-22T23:43:59.643+0000] {subprocess.py:93} INFO - 26/01/22 23:43:59 INFO MetricsSystemImpl: s3a-file-system metrics system stopped.
[2026-01-22T23:43:59.643+0000] {subprocess.py:93} INFO - 26/01/22 23:43:59 INFO MetricsSystemImpl: s3a-file-system metrics system shutdown complete.
[2026-01-22T23:43:59.725+0000] {subprocess.py:97} INFO - Command exited with return code 1
[2026-01-22T23:43:59.735+0000] {taskinstance.py:1935} ERROR - Task failed with exception
Traceback (most recent call last):
  File "/home/airflow/.local/lib/python3.8/site-packages/airflow/operators/bash.py", line 210, in execute
    raise AirflowException(
airflow.exceptions.AirflowException: Bash command failed. The command returned a non-zero exit code 1.
[2026-01-22T23:43:59.739+0000] {taskinstance.py:1398} INFO - Marking task as FAILED. dag_id=3_mlops_full_pipeline, task_id=spark_bronze_to_silver, execution_date=20260122T234317, start_date=20260122T234335, end_date=20260122T234359
[2026-01-22T23:43:59.755+0000] {standard_task_runner.py:104} ERROR - Failed to execute job 15 for task spark_bronze_to_silver (Bash command failed. The command returned a non-zero exit code 1.; 1056)
[2026-01-22T23:43:59.799+0000] {local_task_job_runner.py:228} INFO - Task exited with return code 1
[2026-01-22T23:43:59.818+0000] {taskinstance.py:2776} INFO - 0 downstream tasks scheduled from follow-on schedule check
