[2026-01-22T22:02:21.195+0000] {taskinstance.py:1157} INFO - Dependencies all met for dep_context=non-requeueable deps ti=<TaskInstance: 3_mlops_full_pipeline.ingest_to_bronze manual__2026-01-22T22:02:05.159748+00:00 [queued]>
[2026-01-22T22:02:21.203+0000] {taskinstance.py:1157} INFO - Dependencies all met for dep_context=requeueable deps ti=<TaskInstance: 3_mlops_full_pipeline.ingest_to_bronze manual__2026-01-22T22:02:05.159748+00:00 [queued]>
[2026-01-22T22:02:21.203+0000] {taskinstance.py:1359} INFO - Starting attempt 1 of 1
[2026-01-22T22:02:21.217+0000] {taskinstance.py:1380} INFO - Executing <Task(BashOperator): ingest_to_bronze> on 2026-01-22 22:02:05.159748+00:00
[2026-01-22T22:02:21.222+0000] {standard_task_runner.py:57} INFO - Started process 1066 to run task
[2026-01-22T22:02:21.224+0000] {standard_task_runner.py:84} INFO - Running: ['***', 'tasks', 'run', '3_mlops_full_pipeline', 'ingest_to_bronze', 'manual__2026-01-22T22:02:05.159748+00:00', '--job-id', '82', '--raw', '--subdir', 'DAGS_FOLDER/mlops_pipeline.py', '--cfg-path', '/tmp/tmph94hd7fk']
[2026-01-22T22:02:21.227+0000] {standard_task_runner.py:85} INFO - Job 82: Subtask ingest_to_bronze
[2026-01-22T22:02:21.273+0000] {task_command.py:415} INFO - Running <TaskInstance: 3_mlops_full_pipeline.ingest_to_bronze manual__2026-01-22T22:02:05.159748+00:00 [running]> on host 24f0deffc5ba
[2026-01-22T22:02:21.345+0000] {taskinstance.py:1660} INFO - Exporting env vars: AIRFLOW_CTX_DAG_OWNER='***' AIRFLOW_CTX_DAG_ID='3_mlops_full_pipeline' AIRFLOW_CTX_TASK_ID='ingest_to_bronze' AIRFLOW_CTX_EXECUTION_DATE='2026-01-22T22:02:05.159748+00:00' AIRFLOW_CTX_TRY_NUMBER='1' AIRFLOW_CTX_DAG_RUN_ID='manual__2026-01-22T22:02:05.159748+00:00'
[2026-01-22T22:02:21.346+0000] {subprocess.py:63} INFO - Tmp dir root location: /tmp
[2026-01-22T22:02:21.347+0000] {subprocess.py:75} INFO - Running command: ['/bin/bash', '-c', 'python /opt/***/dags/ingest_postgres_to_bronze.py']
[2026-01-22T22:02:21.355+0000] {subprocess.py:86} INFO - Output:
[2026-01-22T22:02:22.675+0000] {subprocess.py:93} INFO - /opt/***/dags/ingest_postgres_to_bronze.py:20: UserWarning: pandas only supports SQLAlchemy connectable (engine/connection) or database string URI or sqlite3 DBAPI2 connection. Other DBAPI2 objects are not tested. Please consider using SQLAlchemy.
[2026-01-22T22:02:22.676+0000] {subprocess.py:93} INFO -   df = pd.read_sql(query, conn)
[2026-01-22T22:02:22.676+0000] {subprocess.py:93} INFO - >>> [Ingest] Łączenie z Postgres...
[2026-01-22T22:02:22.676+0000] {subprocess.py:93} INFO - >>> [Ingest] Zapisywanie 4866 wierszy do: s3://bronze/data/orders/orders_20260122220222.parquet
[2026-01-22T22:02:22.676+0000] {subprocess.py:93} INFO - >>> Sukces!
[2026-01-22T22:02:22.860+0000] {subprocess.py:97} INFO - Command exited with return code 0
[2026-01-22T22:02:22.886+0000] {taskinstance.py:1398} INFO - Marking task as SUCCESS. dag_id=3_mlops_full_pipeline, task_id=ingest_to_bronze, execution_date=20260122T220205, start_date=20260122T220221, end_date=20260122T220222
[2026-01-22T22:02:22.923+0000] {local_task_job_runner.py:228} INFO - Task exited with return code 0
[2026-01-22T22:02:22.947+0000] {taskinstance.py:2776} INFO - 1 downstream tasks scheduled from follow-on schedule check
