[2026-01-23T08:32:27.748+0000] {taskinstance.py:1157} INFO - Dependencies all met for dep_context=non-requeueable deps ti=<TaskInstance: 3_mlops_full_pipeline.install_requirements manual__2026-01-23T08:32:25+00:00 [queued]>
[2026-01-23T08:32:27.755+0000] {taskinstance.py:1157} INFO - Dependencies all met for dep_context=requeueable deps ti=<TaskInstance: 3_mlops_full_pipeline.install_requirements manual__2026-01-23T08:32:25+00:00 [queued]>
[2026-01-23T08:32:27.755+0000] {taskinstance.py:1359} INFO - Starting attempt 1 of 1
[2026-01-23T08:32:27.768+0000] {taskinstance.py:1380} INFO - Executing <Task(BashOperator): install_requirements> on 2026-01-23 08:32:25+00:00
[2026-01-23T08:32:27.773+0000] {standard_task_runner.py:57} INFO - Started process 218 to run task
[2026-01-23T08:32:27.775+0000] {standard_task_runner.py:84} INFO - Running: ['***', 'tasks', 'run', '3_mlops_full_pipeline', 'install_requirements', 'manual__2026-01-23T08:32:25+00:00', '--job-id', '2', '--raw', '--subdir', 'DAGS_FOLDER/mlops_pipeline.py', '--cfg-path', '/tmp/tmp0uq14594']
[2026-01-23T08:32:27.778+0000] {standard_task_runner.py:85} INFO - Job 2: Subtask install_requirements
[2026-01-23T08:32:27.831+0000] {task_command.py:415} INFO - Running <TaskInstance: 3_mlops_full_pipeline.install_requirements manual__2026-01-23T08:32:25+00:00 [running]> on host c88838c425df
[2026-01-23T08:32:27.913+0000] {taskinstance.py:1660} INFO - Exporting env vars: AIRFLOW_CTX_DAG_OWNER='***' AIRFLOW_CTX_DAG_ID='3_mlops_full_pipeline' AIRFLOW_CTX_TASK_ID='install_requirements' AIRFLOW_CTX_EXECUTION_DATE='2026-01-23T08:32:25+00:00' AIRFLOW_CTX_TRY_NUMBER='1' AIRFLOW_CTX_DAG_RUN_ID='manual__2026-01-23T08:32:25+00:00'
[2026-01-23T08:32:27.915+0000] {subprocess.py:63} INFO - Tmp dir root location: /tmp
[2026-01-23T08:32:27.916+0000] {subprocess.py:75} INFO - Running command: ['/bin/bash', '-c', 'pip install pandas s3fs pyarrow great_expectations mlflow scikit-learn boto3 Faker psycopg2-binary']
[2026-01-23T08:32:27.927+0000] {subprocess.py:86} INFO - Output:
[2026-01-23T08:32:29.193+0000] {subprocess.py:93} INFO - Defaulting to user installation because normal site-packages is not writeable
[2026-01-23T08:32:29.445+0000] {subprocess.py:93} INFO - Requirement already satisfied: pandas in /home/***/.local/lib/python3.8/site-packages (2.0.3)
[2026-01-23T08:32:29.593+0000] {subprocess.py:93} INFO - Collecting s3fs
[2026-01-23T08:32:29.696+0000] {subprocess.py:93} INFO -   Downloading s3fs-2024.10.0-py3-none-any.whl (29 kB)
[2026-01-23T08:32:29.713+0000] {subprocess.py:93} INFO - Requirement already satisfied: pyarrow in /home/***/.local/lib/python3.8/site-packages (11.0.0)
[2026-01-23T08:32:29.880+0000] {subprocess.py:93} INFO - Collecting great_expectations
[2026-01-23T08:32:29.909+0000] {subprocess.py:93} INFO -   Downloading great_expectations-1.1.0-py3-none-any.whl (5.0 MB)
[2026-01-23T08:32:30.498+0000] {subprocess.py:93} INFO -      ━━━━━━━━━━━━━━━━━━━━━━━━━━━━━━━━━━━━━━━━ 5.0/5.0 MB 8.5 MB/s eta 0:00:00
[2026-01-23T08:32:30.611+0000] {subprocess.py:93} INFO - Collecting mlflow
[2026-01-23T08:32:30.641+0000] {subprocess.py:93} INFO -   Downloading mlflow-2.17.2-py3-none-any.whl (26.7 MB)
[2026-01-23T08:32:32.900+0000] {subprocess.py:93} INFO -      ━━━━━━━━━━━━━━━━━━━━━━━━━━━━━━━━━━━━━━━━ 26.7/26.7 MB 10.3 MB/s eta 0:00:00
[2026-01-23T08:32:33.368+0000] {subprocess.py:93} INFO - Collecting scikit-learn
[2026-01-23T08:32:33.408+0000] {subprocess.py:93} INFO -   Downloading scikit_learn-1.3.2-cp38-cp38-manylinux_2_17_x86_64.manylinux2014_x86_64.whl (11.1 MB)
[2026-01-23T08:32:34.190+0000] {subprocess.py:93} INFO -      ━━━━━━━━━━━━━━━━━━━━━━━━━━━━━━━━━━━━━━━━ 11.1/11.1 MB 14.4 MB/s eta 0:00:00
[2026-01-23T08:32:34.206+0000] {subprocess.py:93} INFO - Requirement already satisfied: boto3 in /home/***/.local/lib/python3.8/site-packages (1.28.17)
[2026-01-23T08:32:34.413+0000] {subprocess.py:93} INFO - Collecting Faker
[2026-01-23T08:32:34.449+0000] {subprocess.py:93} INFO -   Downloading Faker-35.2.2-py3-none-any.whl (1.9 MB)
[2026-01-23T08:32:34.577+0000] {subprocess.py:93} INFO -      ━━━━━━━━━━━━━━━━━━━━━━━━━━━━━━━━━━━━━━━━ 1.9/1.9 MB 15.4 MB/s eta 0:00:00
[2026-01-23T08:32:34.586+0000] {subprocess.py:93} INFO - Requirement already satisfied: psycopg2-binary in /home/***/.local/lib/python3.8/site-packages (2.9.7)
[2026-01-23T08:32:34.695+0000] {subprocess.py:93} INFO - Requirement already satisfied: tzdata>=2022.1 in /home/***/.local/lib/python3.8/site-packages (from pandas) (2023.3)
[2026-01-23T08:32:34.697+0000] {subprocess.py:93} INFO - Requirement already satisfied: pytz>=2020.1 in /home/***/.local/lib/python3.8/site-packages (from pandas) (2023.3)
[2026-01-23T08:32:34.699+0000] {subprocess.py:93} INFO - Requirement already satisfied: python-dateutil>=2.8.2 in /home/***/.local/lib/python3.8/site-packages (from pandas) (2.8.2)
[2026-01-23T08:32:34.700+0000] {subprocess.py:93} INFO - Requirement already satisfied: numpy>=1.20.3 in /home/***/.local/lib/python3.8/site-packages (from pandas) (1.24.4)
[2026-01-23T08:32:34.705+0000] {subprocess.py:93} INFO - Requirement already satisfied: aiobotocore<3.0.0,>=2.5.4 in /home/***/.local/lib/python3.8/site-packages (from s3fs) (2.6.0)
[2026-01-23T08:32:34.706+0000] {subprocess.py:93} INFO - Requirement already satisfied: aiohttp!=4.0.0a0,!=4.0.0a1 in /home/***/.local/lib/python3.8/site-packages (from s3fs) (3.8.5)
[2026-01-23T08:32:34.805+0000] {subprocess.py:93} INFO - Collecting fsspec==2024.10.0.*
[2026-01-23T08:32:34.849+0000] {subprocess.py:93} INFO -   Downloading fsspec-2024.10.0-py3-none-any.whl (179 kB)
[2026-01-23T08:32:34.911+0000] {subprocess.py:93} INFO -      ━━━━━━━━━━━━━━━━━━━━━━━━━━━━━━━━━━━━━━━ 179.6/179.6 kB 3.0 MB/s eta 0:00:00
[2026-01-23T08:32:35.342+0000] {subprocess.py:93} INFO - Collecting altair<5.0.0,>=4.2.1
[2026-01-23T08:32:35.374+0000] {subprocess.py:93} INFO -   Downloading altair-4.2.2-py3-none-any.whl (813 kB)
[2026-01-23T08:32:35.492+0000] {subprocess.py:93} INFO -      ━━━━━━━━━━━━━━━━━━━━━━━━━━━━━━━━━━━━━━━ 813.6/813.6 kB 7.1 MB/s eta 0:00:00
[2026-01-23T08:32:35.910+0000] {subprocess.py:93} INFO - Collecting scipy>=1.6.0
[2026-01-23T08:32:35.949+0000] {subprocess.py:93} INFO -   Downloading scipy-1.10.1-cp38-cp38-manylinux_2_17_x86_64.manylinux2014_x86_64.whl (34.5 MB)
[2026-01-23T08:32:39.626+0000] {subprocess.py:93} INFO -      ━━━━━━━━━━━━━━━━━━━━━━━━━━━━━━━━━━━━━━━━ 34.5/34.5 MB 4.0 MB/s eta 0:00:00
[2026-01-23T08:32:40.159+0000] {subprocess.py:93} INFO - Collecting ruamel.yaml>=0.16
[2026-01-23T08:32:40.190+0000] {subprocess.py:93} INFO -   Downloading ruamel.yaml-0.18.16-py3-none-any.whl (119 kB)
[2026-01-23T08:32:40.210+0000] {subprocess.py:93} INFO -      ━━━━━━━━━━━━━━━━━━━━━━━━━━━━━━━━━━━━━━━ 119.9/119.9 kB 6.8 MB/s eta 0:00:00
[2026-01-23T08:32:40.214+0000] {subprocess.py:93} INFO - Requirement already satisfied: pydantic>=1.10.7 in /home/***/.local/lib/python3.8/site-packages (from great_expectations) (2.3.0)
[2026-01-23T08:32:40.323+0000] {subprocess.py:93} INFO - Collecting posthog<3,>=2.1.0
[2026-01-23T08:32:40.355+0000] {subprocess.py:93} INFO -   Downloading posthog-2.5.0-py2.py3-none-any.whl (36 kB)
[2026-01-23T08:32:40.370+0000] {subprocess.py:93} INFO - Requirement already satisfied: pyparsing>=2.4 in /home/***/.local/lib/python3.8/site-packages (from great_expectations) (3.1.1)
[2026-01-23T08:32:40.371+0000] {subprocess.py:93} INFO - Requirement already satisfied: marshmallow<4.0.0,>=3.7.1 in /home/***/.local/lib/python3.8/site-packages (from great_expectations) (3.20.1)
[2026-01-23T08:32:40.372+0000] {subprocess.py:93} INFO - Requirement already satisfied: requests>=2.20 in /home/***/.local/lib/python3.8/site-packages (from great_expectations) (2.31.0)
[2026-01-23T08:32:40.436+0000] {subprocess.py:93} INFO - Collecting tzlocal>=1.2
[2026-01-23T08:32:40.469+0000] {subprocess.py:93} INFO -   Downloading tzlocal-5.2-py3-none-any.whl (17 kB)
[2026-01-23T08:32:40.545+0000] {subprocess.py:93} INFO - Collecting makefun<2,>=1.7.0
[2026-01-23T08:32:40.577+0000] {subprocess.py:93} INFO -   Downloading makefun-1.16.0-py2.py3-none-any.whl (22 kB)
[2026-01-23T08:32:40.590+0000] {subprocess.py:93} INFO - Requirement already satisfied: urllib3>=1.26 in /home/***/.local/lib/python3.8/site-packages (from great_expectations) (1.26.16)
[2026-01-23T08:32:40.591+0000] {subprocess.py:93} INFO - Requirement already satisfied: typing-extensions>=4.1.0 in /home/***/.local/lib/python3.8/site-packages (from great_expectations) (4.7.1)
[2026-01-23T08:32:40.694+0000] {subprocess.py:93} INFO - Collecting Ipython>=7.16.3
[2026-01-23T08:32:40.727+0000] {subprocess.py:93} INFO -   Downloading ipython-8.12.3-py3-none-any.whl (798 kB)
[2026-01-23T08:32:40.779+0000] {subprocess.py:93} INFO -      ━━━━━━━━━━━━━━━━━━━━━━━━━━━━━━━━━━━━━━ 798.3/798.3 kB 16.2 MB/s eta 0:00:00
[2026-01-23T08:32:40.841+0000] {subprocess.py:93} INFO - Collecting mistune>=0.8.4
[2026-01-23T08:32:40.870+0000] {subprocess.py:93} INFO -   Downloading mistune-3.2.0-py3-none-any.whl (53 kB)
[2026-01-23T08:32:40.881+0000] {subprocess.py:93} INFO -      ━━━━━━━━━━━━━━━━━━━━━━━━━━━━━━━━━━━━━━━━ 53.6/53.6 kB 5.6 MB/s eta 0:00:00
[2026-01-23T08:32:40.956+0000] {subprocess.py:93} INFO - Collecting ipywidgets>=7.5.1
[2026-01-23T08:32:40.984+0000] {subprocess.py:93} INFO -   Downloading ipywidgets-8.1.8-py3-none-any.whl (139 kB)
[2026-01-23T08:32:40.996+0000] {subprocess.py:93} INFO -      ━━━━━━━━━━━━━━━━━━━━━━━━━━━━━━━━━━━━━━ 139.8/139.8 kB 13.5 MB/s eta 0:00:00
[2026-01-23T08:32:40.998+0000] {subprocess.py:93} INFO - Requirement already satisfied: cryptography>=3.2 in /home/***/.local/lib/python3.8/site-packages (from great_expectations) (41.0.3)
[2026-01-23T08:32:40.998+0000] {subprocess.py:93} INFO - Requirement already satisfied: packaging in /home/***/.local/lib/python3.8/site-packages (from great_expectations) (23.1)
[2026-01-23T08:32:40.999+0000] {subprocess.py:93} INFO - Requirement already satisfied: jsonschema>=2.5.1 in /home/***/.local/lib/python3.8/site-packages (from great_expectations) (4.19.0)
[2026-01-23T08:32:41.000+0000] {subprocess.py:93} INFO - Requirement already satisfied: jinja2>=2.10 in /home/***/.local/lib/python3.8/site-packages (from great_expectations) (3.1.2)
[2026-01-23T08:32:41.090+0000] {subprocess.py:93} INFO - Collecting tqdm>=4.59.0
[2026-01-23T08:32:41.119+0000] {subprocess.py:93} INFO -   Downloading tqdm-4.67.1-py3-none-any.whl (78 kB)
[2026-01-23T08:32:41.137+0000] {subprocess.py:93} INFO -      ━━━━━━━━━━━━━━━━━━━━━━━━━━━━━━━━━━━━━━━━ 78.5/78.5 kB 4.9 MB/s eta 0:00:00
[2026-01-23T08:32:41.174+0000] {subprocess.py:93} INFO - Requirement already satisfied: gunicorn<24 in /home/***/.local/lib/python3.8/site-packages (from mlflow) (21.2.0)
[2026-01-23T08:32:41.228+0000] {subprocess.py:93} INFO - Collecting graphene<4
[2026-01-23T08:32:41.257+0000] {subprocess.py:93} INFO -   Downloading graphene-3.4.3-py2.py3-none-any.whl (114 kB)
[2026-01-23T08:32:41.277+0000] {subprocess.py:93} INFO -      ━━━━━━━━━━━━━━━━━━━━━━━━━━━━━━━━━━━━━━━ 114.9/114.9 kB 6.4 MB/s eta 0:00:00
[2026-01-23T08:32:41.285+0000] {subprocess.py:93} INFO - Requirement already satisfied: docker<8,>=4.0.0 in /home/***/.local/lib/python3.8/site-packages (from mlflow) (6.1.3)
[2026-01-23T08:32:41.286+0000] {subprocess.py:93} INFO - Requirement already satisfied: alembic!=1.10.0,<2 in /home/***/.local/lib/python3.8/site-packages (from mlflow) (1.12.0)
[2026-01-23T08:32:41.286+0000] {subprocess.py:93} INFO - Requirement already satisfied: sqlalchemy<3,>=1.4.0 in /home/***/.local/lib/python3.8/site-packages (from mlflow) (1.4.49)
[2026-01-23T08:32:41.287+0000] {subprocess.py:93} INFO - Requirement already satisfied: Flask<4 in /home/***/.local/lib/python3.8/site-packages (from mlflow) (2.2.5)
[2026-01-23T08:32:41.291+0000] {subprocess.py:93} INFO - Requirement already satisfied: markdown<4,>=3.3 in /home/***/.local/lib/python3.8/site-packages (from mlflow) (3.4.4)
[2026-01-23T08:32:41.693+0000] {subprocess.py:93} INFO - Collecting matplotlib<4
[2026-01-23T08:32:41.724+0000] {subprocess.py:93} INFO -   Downloading matplotlib-3.7.5-cp38-cp38-manylinux_2_12_x86_64.manylinux2010_x86_64.whl (9.2 MB)
[2026-01-23T08:32:42.264+0000] {subprocess.py:93} INFO -      ━━━━━━━━━━━━━━━━━━━━━━━━━━━━━━━━━━━━━━━━ 9.2/9.2 MB 17.2 MB/s eta 0:00:00
[2026-01-23T08:32:42.461+0000] {subprocess.py:93} INFO - Collecting mlflow-skinny==2.17.2
[2026-01-23T08:32:42.499+0000] {subprocess.py:93} INFO -   Downloading mlflow_skinny-2.17.2-py3-none-any.whl (5.7 MB)
[2026-01-23T08:32:42.872+0000] {subprocess.py:93} INFO -      ━━━━━━━━━━━━━━━━━━━━━━━━━━━━━━━━━━━━━━━━ 5.7/5.7 MB 15.3 MB/s eta 0:00:00
[2026-01-23T08:32:42.948+0000] {subprocess.py:93} INFO - Requirement already satisfied: cloudpickle<4 in /home/***/.local/lib/python3.8/site-packages (from mlflow-skinny==2.17.2->mlflow) (2.2.1)
[2026-01-23T08:32:42.949+0000] {subprocess.py:93} INFO - Requirement already satisfied: opentelemetry-api<3,>=1.9.0 in /home/***/.local/lib/python3.8/site-packages (from mlflow-skinny==2.17.2->mlflow) (1.20.0)
[2026-01-23T08:32:42.949+0000] {subprocess.py:93} INFO - Requirement already satisfied: importlib-metadata!=4.7.0,<9,>=3.7.0 in /home/***/.local/lib/python3.8/site-packages (from mlflow-skinny==2.17.2->mlflow) (6.8.0)
[2026-01-23T08:32:42.950+0000] {subprocess.py:93} INFO - Requirement already satisfied: protobuf<6,>=3.12.0 in /home/***/.local/lib/python3.8/site-packages (from mlflow-skinny==2.17.2->mlflow) (4.21.12)
[2026-01-23T08:32:43.035+0000] {subprocess.py:93} INFO - Collecting databricks-sdk<1,>=0.20.0
[2026-01-23T08:32:43.069+0000] {subprocess.py:93} INFO -   Downloading databricks_sdk-0.80.0-py3-none-any.whl (788 kB)
[2026-01-23T08:32:43.118+0000] {subprocess.py:93} INFO -      ━━━━━━━━━━━━━━━━━━━━━━━━━━━━━━━━━━━━━━ 788.3/788.3 kB 17.0 MB/s eta 0:00:00
[2026-01-23T08:32:43.195+0000] {subprocess.py:93} INFO - Collecting gitpython<4,>=3.1.9
[2026-01-23T08:32:43.226+0000] {subprocess.py:93} INFO -   Downloading gitpython-3.1.46-py3-none-any.whl (208 kB)
[2026-01-23T08:32:43.244+0000] {subprocess.py:93} INFO -      ━━━━━━━━━━━━━━━━━━━━━━━━━━━━━━━━━━━━━━ 208.6/208.6 kB 13.6 MB/s eta 0:00:00
[2026-01-23T08:32:43.247+0000] {subprocess.py:93} INFO - Requirement already satisfied: sqlparse<1,>=0.4.0 in /home/***/.local/lib/python3.8/site-packages (from mlflow-skinny==2.17.2->mlflow) (0.4.4)
[2026-01-23T08:32:43.247+0000] {subprocess.py:93} INFO - Requirement already satisfied: pyyaml<7,>=5.1 in /home/***/.local/lib/python3.8/site-packages (from mlflow-skinny==2.17.2->mlflow) (6.0.1)
[2026-01-23T08:32:43.248+0000] {subprocess.py:93} INFO - Requirement already satisfied: cachetools<6,>=5.0.0 in /home/***/.local/lib/python3.8/site-packages (from mlflow-skinny==2.17.2->mlflow) (5.3.1)
[2026-01-23T08:32:43.249+0000] {subprocess.py:93} INFO - Requirement already satisfied: opentelemetry-sdk<3,>=1.9.0 in /home/***/.local/lib/python3.8/site-packages (from mlflow-skinny==2.17.2->mlflow) (1.20.0)
[2026-01-23T08:32:43.250+0000] {subprocess.py:93} INFO - Requirement already satisfied: click<9,>=7.0 in /home/***/.local/lib/python3.8/site-packages (from mlflow-skinny==2.17.2->mlflow) (8.1.7)
[2026-01-23T08:32:43.329+0000] {subprocess.py:93} INFO - Collecting threadpoolctl>=2.0.0
[2026-01-23T08:32:43.356+0000] {subprocess.py:93} INFO -   Downloading threadpoolctl-3.5.0-py3-none-any.whl (18 kB)
[2026-01-23T08:32:43.431+0000] {subprocess.py:93} INFO - Collecting joblib>=1.1.1
[2026-01-23T08:32:43.462+0000] {subprocess.py:93} INFO -   Downloading joblib-1.4.2-py3-none-any.whl (301 kB)
[2026-01-23T08:32:43.501+0000] {subprocess.py:93} INFO -      ━━━━━━━━━━━━━━━━━━━━━━━━━━━━━━━━━━━━━━━ 301.8/301.8 kB 8.5 MB/s eta 0:00:00
[2026-01-23T08:32:43.510+0000] {subprocess.py:93} INFO - Requirement already satisfied: s3transfer<0.7.0,>=0.6.0 in /home/***/.local/lib/python3.8/site-packages (from boto3) (0.6.2)
[2026-01-23T08:32:43.510+0000] {subprocess.py:93} INFO - Requirement already satisfied: jmespath<2.0.0,>=0.7.1 in /home/***/.local/lib/python3.8/site-packages (from boto3) (0.10.0)
[2026-01-23T08:32:43.511+0000] {subprocess.py:93} INFO - Requirement already satisfied: botocore<1.32.0,>=1.31.17 in /home/***/.local/lib/python3.8/site-packages (from boto3) (1.31.17)
[2026-01-23T08:32:43.526+0000] {subprocess.py:93} INFO - Requirement already satisfied: wrapt<2.0.0,>=1.10.10 in /home/***/.local/lib/python3.8/site-packages (from aiobotocore<3.0.0,>=2.5.4->s3fs) (1.15.0)
[2026-01-23T08:32:43.527+0000] {subprocess.py:93} INFO - Requirement already satisfied: aioitertools<1.0.0,>=0.5.1 in /home/***/.local/lib/python3.8/site-packages (from aiobotocore<3.0.0,>=2.5.4->s3fs) (0.11.0)
[2026-01-23T08:32:43.538+0000] {subprocess.py:93} INFO - Requirement already satisfied: frozenlist>=1.1.1 in /home/***/.local/lib/python3.8/site-packages (from aiohttp!=4.0.0a0,!=4.0.0a1->s3fs) (1.4.0)
[2026-01-23T08:32:43.539+0000] {subprocess.py:93} INFO - Requirement already satisfied: yarl<2.0,>=1.0 in /home/***/.local/lib/python3.8/site-packages (from aiohttp!=4.0.0a0,!=4.0.0a1->s3fs) (1.9.2)
[2026-01-23T08:32:43.540+0000] {subprocess.py:93} INFO - Requirement already satisfied: charset-normalizer<4.0,>=2.0 in /home/***/.local/lib/python3.8/site-packages (from aiohttp!=4.0.0a0,!=4.0.0a1->s3fs) (3.2.0)
[2026-01-23T08:32:43.540+0000] {subprocess.py:93} INFO - Requirement already satisfied: aiosignal>=1.1.2 in /home/***/.local/lib/python3.8/site-packages (from aiohttp!=4.0.0a0,!=4.0.0a1->s3fs) (1.3.1)
[2026-01-23T08:32:43.541+0000] {subprocess.py:93} INFO - Requirement already satisfied: async-timeout<5.0,>=4.0.0a3 in /home/***/.local/lib/python3.8/site-packages (from aiohttp!=4.0.0a0,!=4.0.0a1->s3fs) (4.0.3)
[2026-01-23T08:32:43.542+0000] {subprocess.py:93} INFO - Requirement already satisfied: multidict<7.0,>=4.5 in /home/***/.local/lib/python3.8/site-packages (from aiohttp!=4.0.0a0,!=4.0.0a1->s3fs) (6.0.4)
[2026-01-23T08:32:43.543+0000] {subprocess.py:93} INFO - Requirement already satisfied: attrs>=17.3.0 in /home/***/.local/lib/python3.8/site-packages (from aiohttp!=4.0.0a0,!=4.0.0a1->s3fs) (23.1.0)
[2026-01-23T08:32:43.550+0000] {subprocess.py:93} INFO - Requirement already satisfied: importlib-resources in /home/***/.local/lib/python3.8/site-packages (from alembic!=1.10.0,<2->mlflow) (6.0.1)
[2026-01-23T08:32:43.551+0000] {subprocess.py:93} INFO - Requirement already satisfied: Mako in /home/***/.local/lib/python3.8/site-packages (from alembic!=1.10.0,<2->mlflow) (1.2.4)
[2026-01-23T08:32:43.607+0000] {subprocess.py:93} INFO - Collecting entrypoints
[2026-01-23T08:32:43.639+0000] {subprocess.py:93} INFO -   Downloading entrypoints-0.4-py3-none-any.whl (5.3 kB)
[2026-01-23T08:32:43.650+0000] {subprocess.py:93} INFO - Requirement already satisfied: toolz in /home/***/.local/lib/python3.8/site-packages (from altair<5.0.0,>=4.2.1->great_expectations) (0.12.0)
[2026-01-23T08:32:43.675+0000] {subprocess.py:93} INFO - Requirement already satisfied: cffi>=1.12 in /home/***/.local/lib/python3.8/site-packages (from cryptography>=3.2->great_expectations) (1.15.1)
[2026-01-23T08:32:43.682+0000] {subprocess.py:93} INFO - Requirement already satisfied: websocket-client>=0.32.0 in /home/***/.local/lib/python3.8/site-packages (from docker<8,>=4.0.0->mlflow) (1.6.2)
[2026-01-23T08:32:43.693+0000] {subprocess.py:93} INFO - Requirement already satisfied: Werkzeug>=2.2.2 in /home/***/.local/lib/python3.8/site-packages (from Flask<4->mlflow) (2.2.3)
[2026-01-23T08:32:43.694+0000] {subprocess.py:93} INFO - Requirement already satisfied: itsdangerous>=2.0 in /home/***/.local/lib/python3.8/site-packages (from Flask<4->mlflow) (2.1.2)
[2026-01-23T08:32:43.763+0000] {subprocess.py:93} INFO - Collecting graphql-relay<3.3,>=3.1
[2026-01-23T08:32:43.794+0000] {subprocess.py:93} INFO -   Downloading graphql_relay-3.2.0-py3-none-any.whl (16 kB)
[2026-01-23T08:32:43.882+0000] {subprocess.py:93} INFO - Collecting graphql-core<3.3,>=3.1
[2026-01-23T08:32:43.912+0000] {subprocess.py:93} INFO -   Downloading graphql_core-3.2.7-py3-none-any.whl (207 kB)
[2026-01-23T08:32:43.928+0000] {subprocess.py:93} INFO -      ━━━━━━━━━━━━━━━━━━━━━━━━━━━━━━━━━━━━━━ 207.3/207.3 kB 15.7 MB/s eta 0:00:00
[2026-01-23T08:32:43.982+0000] {subprocess.py:93} INFO - Requirement already satisfied: decorator in /home/***/.local/lib/python3.8/site-packages (from Ipython>=7.16.3->great_expectations) (5.1.1)
[2026-01-23T08:32:43.983+0000] {subprocess.py:93} INFO - Requirement already satisfied: prompt-toolkit!=3.0.37,<3.1.0,>=3.0.30 in /home/***/.local/lib/python3.8/site-packages (from Ipython>=7.16.3->great_expectations) (3.0.39)
[2026-01-23T08:32:43.984+0000] {subprocess.py:93} INFO - Requirement already satisfied: pygments>=2.4.0 in /home/***/.local/lib/python3.8/site-packages (from Ipython>=7.16.3->great_expectations) (2.16.1)
[2026-01-23T08:32:44.031+0000] {subprocess.py:93} INFO - Collecting pexpect>4.3
[2026-01-23T08:32:44.060+0000] {subprocess.py:93} INFO -   Downloading pexpect-4.9.0-py2.py3-none-any.whl (63 kB)
[2026-01-23T08:32:44.070+0000] {subprocess.py:93} INFO -      ━━━━━━━━━━━━━━━━━━━━━━━━━━━━━━━━━━━━━━━━ 63.8/63.8 kB 7.4 MB/s eta 0:00:00
[2026-01-23T08:32:44.126+0000] {subprocess.py:93} INFO - Collecting jedi>=0.16
[2026-01-23T08:32:44.155+0000] {subprocess.py:93} INFO -   Downloading jedi-0.19.2-py2.py3-none-any.whl (1.6 MB)
[2026-01-23T08:32:44.261+0000] {subprocess.py:93} INFO -      ━━━━━━━━━━━━━━━━━━━━━━━━━━━━━━━━━━━━━━━━ 1.6/1.6 MB 15.2 MB/s eta 0:00:00
[2026-01-23T08:32:44.329+0000] {subprocess.py:93} INFO - Collecting pickleshare
[2026-01-23T08:32:44.359+0000] {subprocess.py:93} INFO -   Downloading pickleshare-0.7.5-py2.py3-none-any.whl (6.9 kB)
[2026-01-23T08:32:44.431+0000] {subprocess.py:93} INFO - Collecting stack-data
[2026-01-23T08:32:44.462+0000] {subprocess.py:93} INFO -   Downloading stack_data-0.6.3-py3-none-any.whl (24 kB)
[2026-01-23T08:32:44.523+0000] {subprocess.py:93} INFO - Collecting backcall
[2026-01-23T08:32:44.556+0000] {subprocess.py:93} INFO -   Downloading backcall-0.2.0-py2.py3-none-any.whl (11 kB)
[2026-01-23T08:32:44.654+0000] {subprocess.py:93} INFO - Collecting traitlets>=5
[2026-01-23T08:32:44.690+0000] {subprocess.py:93} INFO -   Downloading traitlets-5.14.3-py3-none-any.whl (85 kB)
[2026-01-23T08:32:44.720+0000] {subprocess.py:93} INFO -      ━━━━━━━━━━━━━━━━━━━━━━━━━━━━━━━━━━━━━━━━ 85.4/85.4 kB 3.8 MB/s eta 0:00:00
[2026-01-23T08:32:44.783+0000] {subprocess.py:93} INFO - Collecting matplotlib-inline
[2026-01-23T08:32:44.821+0000] {subprocess.py:93} INFO -   Downloading matplotlib_inline-0.1.7-py3-none-any.whl (9.9 kB)
[2026-01-23T08:32:44.932+0000] {subprocess.py:93} INFO - Collecting jupyterlab_widgets~=3.0.15
[2026-01-23T08:32:44.969+0000] {subprocess.py:93} INFO -   Downloading jupyterlab_widgets-3.0.16-py3-none-any.whl (914 kB)
[2026-01-23T08:32:45.033+0000] {subprocess.py:93} INFO -      ━━━━━━━━━━━━━━━━━━━━━━━━━━━━━━━━━━━━━━ 914.9/914.9 kB 15.2 MB/s eta 0:00:00
[2026-01-23T08:32:45.093+0000] {subprocess.py:93} INFO - Collecting comm>=0.1.3
[2026-01-23T08:32:45.125+0000] {subprocess.py:93} INFO -   Downloading comm-0.2.3-py3-none-any.whl (7.3 kB)
[2026-01-23T08:32:45.247+0000] {subprocess.py:93} INFO - Collecting widgetsnbextension~=4.0.14
[2026-01-23T08:32:45.278+0000] {subprocess.py:93} INFO -   Downloading widgetsnbextension-4.0.15-py3-none-any.whl (2.2 MB)
[2026-01-23T08:32:45.401+0000] {subprocess.py:93} INFO -      ━━━━━━━━━━━━━━━━━━━━━━━━━━━━━━━━━━━━━━━━ 2.2/2.2 MB 18.2 MB/s eta 0:00:00
[2026-01-23T08:32:45.411+0000] {subprocess.py:93} INFO - Requirement already satisfied: MarkupSafe>=2.0 in /home/***/.local/lib/python3.8/site-packages (from jinja2>=2.10->great_expectations) (2.1.3)
[2026-01-23T08:32:45.435+0000] {subprocess.py:93} INFO - Requirement already satisfied: referencing>=0.28.4 in /home/***/.local/lib/python3.8/site-packages (from jsonschema>=2.5.1->great_expectations) (0.30.2)
[2026-01-23T08:32:45.436+0000] {subprocess.py:93} INFO - Requirement already satisfied: pkgutil-resolve-name>=1.3.10 in /home/***/.local/lib/python3.8/site-packages (from jsonschema>=2.5.1->great_expectations) (1.3.10)
[2026-01-23T08:32:45.437+0000] {subprocess.py:93} INFO - Requirement already satisfied: rpds-py>=0.7.1 in /home/***/.local/lib/python3.8/site-packages (from jsonschema>=2.5.1->great_expectations) (0.10.2)
[2026-01-23T08:32:45.438+0000] {subprocess.py:93} INFO - Requirement already satisfied: jsonschema-specifications>=2023.03.6 in /home/***/.local/lib/python3.8/site-packages (from jsonschema>=2.5.1->great_expectations) (2023.7.1)
[2026-01-23T08:32:45.637+0000] {subprocess.py:93} INFO - Collecting kiwisolver>=1.0.1
[2026-01-23T08:32:45.667+0000] {subprocess.py:93} INFO -   Downloading kiwisolver-1.4.7-cp38-cp38-manylinux_2_5_x86_64.manylinux1_x86_64.whl (1.2 MB)
[2026-01-23T08:32:45.742+0000] {subprocess.py:93} INFO -      ━━━━━━━━━━━━━━━━━━━━━━━━━━━━━━━━━━━━━━━━ 1.2/1.2 MB 16.4 MB/s eta 0:00:00
[2026-01-23T08:32:45.989+0000] {subprocess.py:93} INFO - Collecting contourpy>=1.0.1
[2026-01-23T08:32:46.020+0000] {subprocess.py:93} INFO -   Downloading contourpy-1.1.1-cp38-cp38-manylinux_2_17_x86_64.manylinux2014_x86_64.whl (301 kB)
[2026-01-23T08:32:46.039+0000] {subprocess.py:93} INFO -      ━━━━━━━━━━━━━━━━━━━━━━━━━━━━━━━━━━━━━━ 301.1/301.1 kB 18.8 MB/s eta 0:00:00
[2026-01-23T08:32:46.451+0000] {subprocess.py:93} INFO - Collecting pillow>=6.2.0
[2026-01-23T08:32:46.481+0000] {subprocess.py:93} INFO -   Downloading pillow-10.4.0-cp38-cp38-manylinux_2_28_x86_64.whl (4.5 MB)
[2026-01-23T08:32:46.727+0000] {subprocess.py:93} INFO -      ━━━━━━━━━━━━━━━━━━━━━━━━━━━━━━━━━━━━━━━━ 4.5/4.5 MB 18.6 MB/s eta 0:00:00
[2026-01-23T08:32:47.110+0000] {subprocess.py:93} INFO - Collecting fonttools>=4.22.0
[2026-01-23T08:32:47.141+0000] {subprocess.py:93} INFO -   Downloading fonttools-4.57.0-cp38-cp38-manylinux_2_17_x86_64.manylinux2014_x86_64.whl (4.7 MB)
[2026-01-23T08:32:47.425+0000] {subprocess.py:93} INFO -      ━━━━━━━━━━━━━━━━━━━━━━━━━━━━━━━━━━━━━━━━ 4.7/4.7 MB 16.7 MB/s eta 0:00:00
[2026-01-23T08:32:47.479+0000] {subprocess.py:93} INFO - Collecting cycler>=0.10
[2026-01-23T08:32:47.510+0000] {subprocess.py:93} INFO -   Downloading cycler-0.12.1-py3-none-any.whl (8.3 kB)
[2026-01-23T08:32:47.550+0000] {subprocess.py:93} INFO - Requirement already satisfied: backoff>=1.10.0 in /home/***/.local/lib/python3.8/site-packages (from posthog<3,>=2.1.0->great_expectations) (1.10.0)
[2026-01-23T08:32:47.595+0000] {subprocess.py:93} INFO - Collecting monotonic>=1.5
[2026-01-23T08:32:47.628+0000] {subprocess.py:93} INFO -   Downloading monotonic-1.6-py2.py3-none-any.whl (8.2 kB)
[2026-01-23T08:32:47.638+0000] {subprocess.py:93} INFO - Requirement already satisfied: six>=1.5 in /home/***/.local/lib/python3.8/site-packages (from posthog<3,>=2.1.0->great_expectations) (1.16.0)
[2026-01-23T08:32:47.648+0000] {subprocess.py:93} INFO - Requirement already satisfied: annotated-types>=0.4.0 in /home/***/.local/lib/python3.8/site-packages (from pydantic>=1.10.7->great_expectations) (0.5.0)
[2026-01-23T08:32:47.649+0000] {subprocess.py:93} INFO - Requirement already satisfied: pydantic-core==2.6.3 in /home/***/.local/lib/python3.8/site-packages (from pydantic>=1.10.7->great_expectations) (2.6.3)
[2026-01-23T08:32:47.675+0000] {subprocess.py:93} INFO - Requirement already satisfied: certifi>=2017.4.17 in /home/***/.local/lib/python3.8/site-packages (from requests>=2.20->great_expectations) (2023.7.22)
[2026-01-23T08:32:47.676+0000] {subprocess.py:93} INFO - Requirement already satisfied: idna<4,>=2.5 in /home/***/.local/lib/python3.8/site-packages (from requests>=2.20->great_expectations) (3.4)
[2026-01-23T08:32:47.796+0000] {subprocess.py:93} INFO - Collecting ruamel.yaml.clib>=0.2.7
[2026-01-23T08:32:47.825+0000] {subprocess.py:93} INFO -   Downloading ruamel.yaml.clib-0.2.8-cp38-cp38-manylinux_2_5_x86_64.manylinux1_x86_64.whl (596 kB)
[2026-01-23T08:32:47.878+0000] {subprocess.py:93} INFO -      ━━━━━━━━━━━━━━━━━━━━━━━━━━━━━━━━━━━━━━ 596.0/596.0 kB 11.8 MB/s eta 0:00:00
[2026-01-23T08:32:48.073+0000] {subprocess.py:93} INFO - Requirement already satisfied: greenlet!=0.4.17 in /home/***/.local/lib/python3.8/site-packages (from sqlalchemy<3,>=1.4.0->mlflow) (2.0.2)
[2026-01-23T08:32:48.112+0000] {subprocess.py:93} INFO - Requirement already satisfied: backports.zoneinfo in /home/***/.local/lib/python3.8/site-packages (from tzlocal>=1.2->great_expectations) (0.2.1)
[2026-01-23T08:32:48.187+0000] {subprocess.py:93} INFO - Requirement already satisfied: pycparser in /home/***/.local/lib/python3.8/site-packages (from cffi>=1.12->cryptography>=3.2->great_expectations) (2.21)
[2026-01-23T08:32:48.697+0000] {subprocess.py:93} INFO - Collecting protobuf<6,>=3.12.0
[2026-01-23T08:32:48.729+0000] {subprocess.py:93} INFO -   Downloading protobuf-5.29.5-cp38-abi3-manylinux2014_x86_64.whl (319 kB)
[2026-01-23T08:32:48.764+0000] {subprocess.py:93} INFO -      ━━━━━━━━━━━━━━━━━━━━━━━━━━━━━━━━━━━━━━━ 319.9/319.9 kB 9.9 MB/s eta 0:00:00
[2026-01-23T08:32:48.767+0000] {subprocess.py:93} INFO - Requirement already satisfied: google-auth~=2.0 in /home/***/.local/lib/python3.8/site-packages (from databricks-sdk<1,>=0.20.0->mlflow-skinny==2.17.2->mlflow) (2.22.0)
[2026-01-23T08:32:48.870+0000] {subprocess.py:93} INFO - Collecting gitdb<5,>=4.0.1
[2026-01-23T08:32:48.901+0000] {subprocess.py:93} INFO -   Downloading gitdb-4.0.12-py3-none-any.whl (62 kB)
[2026-01-23T08:32:48.911+0000] {subprocess.py:93} INFO -      ━━━━━━━━━━━━━━━━━━━━━━━━━━━━━━━━━━━━━━━━ 62.8/62.8 kB 6.9 MB/s eta 0:00:00
[2026-01-23T08:32:48.970+0000] {subprocess.py:93} INFO - Requirement already satisfied: zipp>=0.5 in /home/***/.local/lib/python3.8/site-packages (from importlib-metadata!=4.7.0,<9,>=3.7.0->mlflow-skinny==2.17.2->mlflow) (3.16.2)
[2026-01-23T08:32:49.074+0000] {subprocess.py:93} INFO - Collecting parso<0.9.0,>=0.8.4
[2026-01-23T08:32:49.102+0000] {subprocess.py:93} INFO -   Downloading parso-0.8.5-py2.py3-none-any.whl (106 kB)
[2026-01-23T08:32:49.118+0000] {subprocess.py:93} INFO -      ━━━━━━━━━━━━━━━━━━━━━━━━━━━━━━━━━━━━━━━ 106.7/106.7 kB 7.8 MB/s eta 0:00:00
[2026-01-23T08:32:49.173+0000] {subprocess.py:93} INFO - Requirement already satisfied: deprecated>=1.2.6 in /home/***/.local/lib/python3.8/site-packages (from opentelemetry-api<3,>=1.9.0->mlflow-skinny==2.17.2->mlflow) (1.2.14)
[2026-01-23T08:32:49.182+0000] {subprocess.py:93} INFO - Requirement already satisfied: opentelemetry-semantic-conventions==0.41b0 in /home/***/.local/lib/python3.8/site-packages (from opentelemetry-sdk<3,>=1.9.0->mlflow-skinny==2.17.2->mlflow) (0.41b0)
[2026-01-23T08:32:49.238+0000] {subprocess.py:93} INFO - Collecting ptyprocess>=0.5
[2026-01-23T08:32:49.265+0000] {subprocess.py:93} INFO -   Downloading ptyprocess-0.7.0-py2.py3-none-any.whl (13 kB)
[2026-01-23T08:32:49.308+0000] {subprocess.py:93} INFO - Requirement already satisfied: wcwidth in /home/***/.local/lib/python3.8/site-packages (from prompt-toolkit!=3.0.37,<3.1.0,>=3.0.30->Ipython>=7.16.3->great_expectations) (0.2.6)
[2026-01-23T08:32:49.547+0000] {subprocess.py:93} INFO - Collecting executing>=1.2.0
[2026-01-23T08:32:49.576+0000] {subprocess.py:93} INFO -   Downloading executing-2.2.1-py2.py3-none-any.whl (28 kB)
[2026-01-23T08:32:49.643+0000] {subprocess.py:93} INFO - Collecting asttokens>=2.1.0
[2026-01-23T08:32:49.672+0000] {subprocess.py:93} INFO -   Downloading asttokens-3.0.1-py3-none-any.whl (27 kB)
[2026-01-23T08:32:49.729+0000] {subprocess.py:93} INFO - Collecting pure-eval
[2026-01-23T08:32:49.762+0000] {subprocess.py:93} INFO -   Downloading pure_eval-0.2.3-py3-none-any.whl (11 kB)
[2026-01-23T08:32:49.873+0000] {subprocess.py:93} INFO - Collecting smmap<6,>=3.0.1
[2026-01-23T08:32:49.904+0000] {subprocess.py:93} INFO -   Downloading smmap-5.0.2-py3-none-any.whl (24 kB)
[2026-01-23T08:32:49.955+0000] {subprocess.py:93} INFO - Requirement already satisfied: rsa<5,>=3.1.4 in /home/***/.local/lib/python3.8/site-packages (from google-auth~=2.0->databricks-sdk<1,>=0.20.0->mlflow-skinny==2.17.2->mlflow) (4.9)
[2026-01-23T08:32:49.956+0000] {subprocess.py:93} INFO - Requirement already satisfied: pyasn1-modules>=0.2.1 in /home/***/.local/lib/python3.8/site-packages (from google-auth~=2.0->databricks-sdk<1,>=0.20.0->mlflow-skinny==2.17.2->mlflow) (0.2.8)
[2026-01-23T08:32:50.029+0000] {subprocess.py:93} INFO - Requirement already satisfied: pyasn1<0.5.0,>=0.4.6 in /home/***/.local/lib/python3.8/site-packages (from pyasn1-modules>=0.2.1->google-auth~=2.0->databricks-sdk<1,>=0.20.0->mlflow-skinny==2.17.2->mlflow) (0.4.8)
[2026-01-23T08:32:55.076+0000] {subprocess.py:93} INFO - Installing collected packages: pure-eval, ptyprocess, pickleshare, monotonic, makefun, backcall, widgetsnbextension, tzlocal, traitlets, tqdm, threadpoolctl, smmap, scipy, ruamel.yaml.clib, protobuf, pillow, pexpect, parso, mistune, kiwisolver, jupyterlab_widgets, joblib, graphql-core, fsspec, fonttools, executing, entrypoints, cycler, contourpy, comm, asttokens, stack-data, scikit-learn, ruamel.yaml, posthog, matplotlib-inline, matplotlib, jedi, graphql-relay, gitdb, Faker, Ipython, graphene, gitpython, databricks-sdk, s3fs, mlflow-skinny, ipywidgets, altair, mlflow, great_expectations
[2026-01-23T08:32:58.423+0000] {subprocess.py:93} INFO -   Attempting uninstall: protobuf
[2026-01-23T08:32:58.423+0000] {subprocess.py:93} INFO -     Found existing installation: protobuf 4.21.12
[2026-01-23T08:32:58.447+0000] {subprocess.py:93} INFO -     Uninstalling protobuf-4.21.12:
[2026-01-23T08:32:58.480+0000] {subprocess.py:93} INFO -       Successfully uninstalled protobuf-4.21.12
[2026-01-23T08:33:01.038+0000] {subprocess.py:93} INFO -   Attempting uninstall: fsspec
[2026-01-23T08:33:01.040+0000] {subprocess.py:93} INFO -     Found existing installation: fsspec 2023.9.0
[2026-01-23T08:33:01.517+0000] {subprocess.py:93} INFO -     Uninstalling fsspec-2023.9.0:
[2026-01-23T08:33:01.604+0000] {subprocess.py:93} INFO -       Successfully uninstalled fsspec-2023.9.0
[2026-01-23T08:33:13.702+0000] {subprocess.py:93} INFO - ERROR: pip's dependency resolver does not currently take into account all the packages that are installed. This behaviour is the source of the following dependency conflicts.
[2026-01-23T08:33:13.703+0000] {subprocess.py:93} INFO - proto-plus 1.22.3 requires protobuf<5.0.0dev,>=3.19.0, but you have protobuf 5.29.5 which is incompatible.
[2026-01-23T08:33:13.703+0000] {subprocess.py:93} INFO - opentelemetry-proto 1.20.0 requires protobuf<5.0,>=3.19, but you have protobuf 5.29.5 which is incompatible.
[2026-01-23T08:33:13.703+0000] {subprocess.py:93} INFO - mysql-connector-python 8.1.0 requires protobuf<=4.21.12,>=4.21.1, but you have protobuf 5.29.5 which is incompatible.
[2026-01-23T08:33:13.703+0000] {subprocess.py:93} INFO - grpc-google-iam-v1 0.12.6 requires protobuf!=3.20.0,!=3.20.1,!=4.21.1,!=4.21.2,!=4.21.3,!=4.21.4,!=4.21.5,<5.0.0dev,>=3.19.5, but you have protobuf 5.29.5 which is incompatible.
[2026-01-23T08:33:13.703+0000] {subprocess.py:93} INFO - googleapis-common-protos 1.60.0 requires protobuf!=3.20.0,!=3.20.1,!=4.21.1,!=4.21.2,!=4.21.3,!=4.21.4,!=4.21.5,<5.0.0.dev0,>=3.19.5, but you have protobuf 5.29.5 which is incompatible.
[2026-01-23T08:33:13.703+0000] {subprocess.py:93} INFO - google-cloud-workflows 1.11.0 requires protobuf!=3.20.0,!=3.20.1,!=4.21.0,!=4.21.1,!=4.21.2,!=4.21.3,!=4.21.4,!=4.21.5,<5.0.0dev,>=3.19.5, but you have protobuf 5.29.5 which is incompatible.
[2026-01-23T08:33:13.703+0000] {subprocess.py:93} INFO - google-cloud-vision 3.4.4 requires protobuf!=3.20.0,!=3.20.1,!=4.21.0,!=4.21.1,!=4.21.2,!=4.21.3,!=4.21.4,!=4.21.5,<5.0.0dev,>=3.19.5, but you have protobuf 5.29.5 which is incompatible.
[2026-01-23T08:33:13.703+0000] {subprocess.py:93} INFO - google-cloud-videointelligence 2.11.3 requires protobuf!=3.20.0,!=3.20.1,!=4.21.0,!=4.21.1,!=4.21.2,!=4.21.3,!=4.21.4,!=4.21.5,<5.0.0dev,>=3.19.5, but you have protobuf 5.29.5 which is incompatible.
[2026-01-23T08:33:13.703+0000] {subprocess.py:93} INFO - google-cloud-translate 3.12.0 requires protobuf!=3.20.0,!=3.20.1,!=4.21.0,!=4.21.1,!=4.21.2,!=4.21.3,!=4.21.4,!=4.21.5,<5.0.0dev,>=3.19.5, but you have protobuf 5.29.5 which is incompatible.
[2026-01-23T08:33:13.703+0000] {subprocess.py:93} INFO - google-cloud-texttospeech 2.14.1 requires protobuf!=3.20.0,!=3.20.1,!=4.21.0,!=4.21.1,!=4.21.2,!=4.21.3,!=4.21.4,!=4.21.5,<5.0.0dev,>=3.19.5, but you have protobuf 5.29.5 which is incompatible.
[2026-01-23T08:33:13.703+0000] {subprocess.py:93} INFO - google-cloud-tasks 2.14.1 requires protobuf!=3.20.0,!=3.20.1,!=4.21.0,!=4.21.1,!=4.21.2,!=4.21.3,!=4.21.4,!=4.21.5,<5.0.0dev,>=3.19.5, but you have protobuf 5.29.5 which is incompatible.
[2026-01-23T08:33:13.703+0000] {subprocess.py:93} INFO - google-cloud-storage-transfer 1.9.1 requires protobuf!=3.20.0,!=3.20.1,!=4.21.0,!=4.21.1,!=4.21.2,!=4.21.3,!=4.21.4,!=4.21.5,<5.0.0dev,>=3.19.5, but you have protobuf 5.29.5 which is incompatible.
[2026-01-23T08:33:13.703+0000] {subprocess.py:93} INFO - google-cloud-speech 2.21.0 requires protobuf!=3.20.0,!=3.20.1,!=4.21.0,!=4.21.1,!=4.21.2,!=4.21.3,!=4.21.4,!=4.21.5,<5.0.0dev,>=3.19.5, but you have protobuf 5.29.5 which is incompatible.
[2026-01-23T08:33:13.703+0000] {subprocess.py:93} INFO - google-cloud-spanner 3.40.1 requires protobuf!=3.20.0,!=3.20.1,!=4.21.0,!=4.21.1,!=4.21.2,!=4.21.3,!=4.21.4,!=4.21.5,<5.0.0dev,>=3.19.5, but you have protobuf 5.29.5 which is incompatible.
[2026-01-23T08:33:13.703+0000] {subprocess.py:93} INFO - google-cloud-secret-manager 2.16.3 requires protobuf!=3.20.0,!=3.20.1,!=4.21.0,!=4.21.1,!=4.21.2,!=4.21.3,!=4.21.4,!=4.21.5,<5.0.0dev,>=3.19.5, but you have protobuf 5.29.5 which is incompatible.
[2026-01-23T08:33:13.703+0000] {subprocess.py:93} INFO - google-cloud-run 0.9.1 requires protobuf!=3.20.0,!=3.20.1,!=4.21.0,!=4.21.1,!=4.21.2,!=4.21.3,!=4.21.4,!=4.21.5,<5.0.0dev,>=3.19.5, but you have protobuf 5.29.5 which is incompatible.
[2026-01-23T08:33:13.703+0000] {subprocess.py:93} INFO - google-cloud-resource-manager 1.10.3 requires protobuf!=3.20.0,!=3.20.1,!=4.21.0,!=4.21.1,!=4.21.2,!=4.21.3,!=4.21.4,!=4.21.5,<5.0.0dev,>=3.19.5, but you have protobuf 5.29.5 which is incompatible.
[2026-01-23T08:33:13.704+0000] {subprocess.py:93} INFO - google-cloud-redis 2.13.1 requires protobuf!=3.20.0,!=3.20.1,!=4.21.0,!=4.21.1,!=4.21.2,!=4.21.3,!=4.21.4,!=4.21.5,<5.0.0dev,>=3.19.5, but you have protobuf 5.29.5 which is incompatible.
[2026-01-23T08:33:13.704+0000] {subprocess.py:93} INFO - google-cloud-pubsub 2.18.3 requires protobuf!=3.20.0,!=3.20.1,!=4.21.0,!=4.21.1,!=4.21.2,!=4.21.3,!=4.21.4,!=4.21.5,<5.0.0dev,>=3.19.5, but you have protobuf 5.29.5 which is incompatible.
[2026-01-23T08:33:13.704+0000] {subprocess.py:93} INFO - google-cloud-os-login 2.10.0 requires protobuf!=3.20.0,!=3.20.1,!=4.21.0,!=4.21.1,!=4.21.2,!=4.21.3,!=4.21.4,!=4.21.5,<5.0.0dev,>=3.19.5, but you have protobuf 5.29.5 which is incompatible.
[2026-01-23T08:33:13.704+0000] {subprocess.py:93} INFO - google-cloud-orchestration-*** 1.9.1 requires protobuf!=3.20.0,!=3.20.1,!=4.21.0,!=4.21.1,!=4.21.2,!=4.21.3,!=4.21.4,!=4.21.5,<5.0.0dev,>=3.19.5, but you have protobuf 5.29.5 which is incompatible.
[2026-01-23T08:33:13.704+0000] {subprocess.py:93} INFO - google-cloud-monitoring 2.15.1 requires protobuf!=3.20.0,!=3.20.1,!=4.21.0,!=4.21.1,!=4.21.2,!=4.21.3,!=4.21.4,!=4.21.5,<5.0.0dev,>=3.19.5, but you have protobuf 5.29.5 which is incompatible.
[2026-01-23T08:33:13.704+0000] {subprocess.py:93} INFO - google-cloud-memcache 1.7.2 requires protobuf!=3.20.0,!=3.20.1,!=4.21.0,!=4.21.1,!=4.21.2,!=4.21.3,!=4.21.4,!=4.21.5,<5.0.0dev,>=3.19.5, but you have protobuf 5.29.5 which is incompatible.
[2026-01-23T08:33:13.704+0000] {subprocess.py:93} INFO - google-cloud-logging 3.6.0 requires protobuf!=3.20.0,!=3.20.1,!=4.21.0,!=4.21.1,!=4.21.2,!=4.21.3,!=4.21.4,!=4.21.5,<5.0.0dev,>=3.19.5, but you have protobuf 5.29.5 which is incompatible.
[2026-01-23T08:33:13.704+0000] {subprocess.py:93} INFO - google-cloud-language 2.11.0 requires protobuf!=3.20.0,!=3.20.1,!=4.21.0,!=4.21.1,!=4.21.2,!=4.21.3,!=4.21.4,!=4.21.5,<5.0.0dev,>=3.19.5, but you have protobuf 5.29.5 which is incompatible.
[2026-01-23T08:33:13.704+0000] {subprocess.py:93} INFO - google-cloud-kms 2.19.1 requires protobuf!=3.20.0,!=3.20.1,!=4.21.0,!=4.21.1,!=4.21.2,!=4.21.3,!=4.21.4,!=4.21.5,<5.0.0dev,>=3.19.5, but you have protobuf 5.29.5 which is incompatible.
[2026-01-23T08:33:13.704+0000] {subprocess.py:93} INFO - google-cloud-dlp 3.12.2 requires protobuf!=3.20.0,!=3.20.1,!=4.21.0,!=4.21.1,!=4.21.2,!=4.21.3,!=4.21.4,!=4.21.5,<5.0.0dev,>=3.19.5, but you have protobuf 5.29.5 which is incompatible.
[2026-01-23T08:33:13.704+0000] {subprocess.py:93} INFO - google-cloud-dataproc 5.4.3 requires protobuf!=3.20.0,!=3.20.1,!=4.21.0,!=4.21.1,!=4.21.2,!=4.21.3,!=4.21.4,!=4.21.5,<5.0.0dev,>=3.19.5, but you have protobuf 5.29.5 which is incompatible.
[2026-01-23T08:33:13.704+0000] {subprocess.py:93} INFO - google-cloud-dataproc-metastore 1.12.0 requires protobuf!=3.20.0,!=3.20.1,!=4.21.0,!=4.21.1,!=4.21.2,!=4.21.3,!=4.21.4,!=4.21.5,<5.0.0dev,>=3.19.5, but you have protobuf 5.29.5 which is incompatible.
[2026-01-23T08:33:13.704+0000] {subprocess.py:93} INFO - google-cloud-dataplex 1.6.2 requires protobuf!=3.20.0,!=3.20.1,!=4.21.0,!=4.21.1,!=4.21.2,!=4.21.3,!=4.21.4,!=4.21.5,<5.0.0dev,>=3.19.5, but you have protobuf 5.29.5 which is incompatible.
[2026-01-23T08:33:13.704+0000] {subprocess.py:93} INFO - google-cloud-dataform 0.5.2 requires protobuf!=3.20.0,!=3.20.1,!=4.21.0,!=4.21.1,!=4.21.2,!=4.21.3,!=4.21.4,!=4.21.5,<5.0.0dev,>=3.19.5, but you have protobuf 5.29.5 which is incompatible.
[2026-01-23T08:33:13.704+0000] {subprocess.py:93} INFO - google-cloud-dataflow-client 0.8.4 requires protobuf!=3.20.0,!=3.20.1,!=4.21.0,!=4.21.1,!=4.21.2,!=4.21.3,!=4.21.4,!=4.21.5,<5.0.0dev,>=3.19.5, but you have protobuf 5.29.5 which is incompatible.
[2026-01-23T08:33:13.704+0000] {subprocess.py:93} INFO - google-cloud-datacatalog 3.15.0 requires protobuf!=3.20.0,!=3.20.1,!=4.21.0,!=4.21.1,!=4.21.2,!=4.21.3,!=4.21.4,!=4.21.5,<5.0.0dev,>=3.19.5, but you have protobuf 5.29.5 which is incompatible.
[2026-01-23T08:33:13.704+0000] {subprocess.py:93} INFO - google-cloud-container 2.30.0 requires protobuf!=3.20.0,!=3.20.1,!=4.21.0,!=4.21.1,!=4.21.2,!=4.21.3,!=4.21.4,!=4.21.5,<5.0.0dev,>=3.19.5, but you have protobuf 5.29.5 which is incompatible.
[2026-01-23T08:33:13.704+0000] {subprocess.py:93} INFO - google-cloud-compute 1.14.0 requires protobuf!=3.20.0,!=3.20.1,!=4.21.0,!=4.21.1,!=4.21.2,!=4.21.3,!=4.21.4,!=4.21.5,<5.0.0dev,>=3.19.5, but you have protobuf 5.29.5 which is incompatible.
[2026-01-23T08:33:13.705+0000] {subprocess.py:93} INFO - google-cloud-build 3.20.0 requires protobuf!=3.20.0,!=3.20.1,!=4.21.0,!=4.21.1,!=4.21.2,!=4.21.3,!=4.21.4,!=4.21.5,<5.0.0dev,>=3.19.5, but you have protobuf 5.29.5 which is incompatible.
[2026-01-23T08:33:13.705+0000] {subprocess.py:93} INFO - google-cloud-bigtable 2.21.0 requires protobuf!=3.20.0,!=3.20.1,!=4.21.0,!=4.21.1,!=4.21.2,!=4.21.3,!=4.21.4,!=4.21.5,<5.0.0dev,>=3.19.5, but you have protobuf 5.29.5 which is incompatible.
[2026-01-23T08:33:13.705+0000] {subprocess.py:93} INFO - google-cloud-bigquery 3.11.4 requires protobuf!=3.20.0,!=3.20.1,!=4.21.0,!=4.21.1,!=4.21.2,!=4.21.3,!=4.21.4,!=4.21.5,<5.0.0dev,>=3.19.5, but you have protobuf 5.29.5 which is incompatible.
[2026-01-23T08:33:13.705+0000] {subprocess.py:93} INFO - google-cloud-bigquery-storage 2.22.0 requires protobuf!=3.20.0,!=3.20.1,!=4.21.0,!=4.21.1,!=4.21.2,!=4.21.3,!=4.21.4,!=4.21.5,<5.0.0dev,>=3.19.5, but you have protobuf 5.29.5 which is incompatible.
[2026-01-23T08:33:13.705+0000] {subprocess.py:93} INFO - google-cloud-bigquery-datatransfer 3.12.0 requires protobuf!=3.20.0,!=3.20.1,!=4.21.0,!=4.21.1,!=4.21.2,!=4.21.3,!=4.21.4,!=4.21.5,<5.0.0dev,>=3.19.5, but you have protobuf 5.29.5 which is incompatible.
[2026-01-23T08:33:13.705+0000] {subprocess.py:93} INFO - google-cloud-batch 0.16.0 requires protobuf!=3.20.0,!=3.20.1,!=4.21.0,!=4.21.1,!=4.21.2,!=4.21.3,!=4.21.4,!=4.21.5,<5.0.0dev,>=3.19.5, but you have protobuf 5.29.5 which is incompatible.
[2026-01-23T08:33:13.705+0000] {subprocess.py:93} INFO - google-cloud-automl 2.11.2 requires protobuf!=3.20.0,!=3.20.1,!=4.21.0,!=4.21.1,!=4.21.2,!=4.21.3,!=4.21.4,!=4.21.5,<5.0.0dev,>=3.19.5, but you have protobuf 5.29.5 which is incompatible.
[2026-01-23T08:33:13.705+0000] {subprocess.py:93} INFO - google-cloud-audit-log 0.2.5 requires protobuf!=3.20.0,!=3.20.1,!=4.21.1,!=4.21.2,!=4.21.3,!=4.21.4,!=4.21.5,<5.0.0dev,>=3.19.5, but you have protobuf 5.29.5 which is incompatible.
[2026-01-23T08:33:13.705+0000] {subprocess.py:93} INFO - google-cloud-appengine-logging 1.3.1 requires protobuf!=3.20.0,!=3.20.1,!=4.21.0,!=4.21.1,!=4.21.2,!=4.21.3,!=4.21.4,!=4.21.5,<5.0.0dev,>=3.19.5, but you have protobuf 5.29.5 which is incompatible.
[2026-01-23T08:33:13.705+0000] {subprocess.py:93} INFO - google-cloud-aiplatform 1.31.1 requires protobuf!=3.20.0,!=3.20.1,!=4.21.0,!=4.21.1,!=4.21.2,!=4.21.3,!=4.21.4,!=4.21.5,<5.0.0dev,>=3.19.5, but you have protobuf 5.29.5 which is incompatible.
[2026-01-23T08:33:13.705+0000] {subprocess.py:93} INFO - google-api-core 2.11.1 requires protobuf!=3.20.0,!=3.20.1,!=4.21.0,!=4.21.1,!=4.21.2,!=4.21.3,!=4.21.4,!=4.21.5,<5.0.0.dev0,>=3.19.5, but you have protobuf 5.29.5 which is incompatible.
[2026-01-23T08:33:13.705+0000] {subprocess.py:93} INFO - google-ads 21.3.0 requires protobuf!=3.18.*,!=3.19.*,<5.0.0dev,>=3.12.0, but you have protobuf 5.29.5 which is incompatible.
[2026-01-23T08:33:13.705+0000] {subprocess.py:93} INFO - Successfully installed Faker-35.2.2 Ipython-8.12.3 altair-4.2.2 asttokens-3.0.1 backcall-0.2.0 comm-0.2.3 contourpy-1.1.1 cycler-0.12.1 databricks-sdk-0.80.0 entrypoints-0.4 executing-2.2.1 fonttools-4.57.0 fsspec-2024.10.0 gitdb-4.0.12 gitpython-3.1.46 graphene-3.4.3 graphql-core-3.2.7 graphql-relay-3.2.0 great_expectations-1.1.0 ipywidgets-8.1.8 jedi-0.19.2 joblib-1.4.2 jupyterlab_widgets-3.0.16 kiwisolver-1.4.7 makefun-1.16.0 matplotlib-3.7.5 matplotlib-inline-0.1.7 mistune-3.2.0 mlflow-2.17.2 mlflow-skinny-2.17.2 monotonic-1.6 parso-0.8.5 pexpect-4.9.0 pickleshare-0.7.5 pillow-10.4.0 posthog-2.5.0 protobuf-5.29.5 ptyprocess-0.7.0 pure-eval-0.2.3 ruamel.yaml-0.18.16 ruamel.yaml.clib-0.2.8 s3fs-2024.10.0 scikit-learn-1.3.2 scipy-1.10.1 smmap-5.0.2 stack-data-0.6.3 threadpoolctl-3.5.0 tqdm-4.67.1 traitlets-5.14.3 tzlocal-5.2 widgetsnbextension-4.0.15
[2026-01-23T08:33:13.874+0000] {subprocess.py:93} INFO - 
[2026-01-23T08:33:13.874+0000] {subprocess.py:93} INFO - [notice] A new release of pip is available: 23.0.1 -> 25.0.1
[2026-01-23T08:33:13.874+0000] {subprocess.py:93} INFO - [notice] To update, run: pip install --upgrade pip
[2026-01-23T08:33:14.524+0000] {subprocess.py:97} INFO - Command exited with return code 0
[2026-01-23T08:33:14.562+0000] {taskinstance.py:1398} INFO - Marking task as SUCCESS. dag_id=3_mlops_full_pipeline, task_id=install_requirements, execution_date=20260123T083225, start_date=20260123T083227, end_date=20260123T083314
[2026-01-23T08:33:14.593+0000] {local_task_job_runner.py:228} INFO - Task exited with return code 0
[2026-01-23T08:33:14.617+0000] {taskinstance.py:2776} INFO - 1 downstream tasks scheduled from follow-on schedule check
