[2026-01-23T00:06:54.228+0000] {taskinstance.py:1157} INFO - Dependencies all met for dep_context=non-requeueable deps ti=<TaskInstance: 3_mlops_full_pipeline.run_simulation manual__2026-01-23T00:06:45+00:00 [queued]>
[2026-01-23T00:06:54.236+0000] {taskinstance.py:1157} INFO - Dependencies all met for dep_context=requeueable deps ti=<TaskInstance: 3_mlops_full_pipeline.run_simulation manual__2026-01-23T00:06:45+00:00 [queued]>
[2026-01-23T00:06:54.236+0000] {taskinstance.py:1359} INFO - Starting attempt 1 of 1
[2026-01-23T00:06:54.250+0000] {taskinstance.py:1380} INFO - Executing <Task(BashOperator): run_simulation> on 2026-01-23 00:06:45+00:00
[2026-01-23T00:06:54.254+0000] {standard_task_runner.py:57} INFO - Started process 2308 to run task
[2026-01-23T00:06:54.258+0000] {standard_task_runner.py:84} INFO - Running: ['***', 'tasks', 'run', '3_mlops_full_pipeline', 'run_simulation', 'manual__2026-01-23T00:06:45+00:00', '--job-id', '28', '--raw', '--subdir', 'DAGS_FOLDER/mlops_pipeline.py', '--cfg-path', '/tmp/tmpswyskxhq']
[2026-01-23T00:06:54.261+0000] {standard_task_runner.py:85} INFO - Job 28: Subtask run_simulation
[2026-01-23T00:06:54.318+0000] {task_command.py:415} INFO - Running <TaskInstance: 3_mlops_full_pipeline.run_simulation manual__2026-01-23T00:06:45+00:00 [running]> on host c636ac6d211b
[2026-01-23T00:06:54.393+0000] {taskinstance.py:1660} INFO - Exporting env vars: AIRFLOW_CTX_DAG_OWNER='***' AIRFLOW_CTX_DAG_ID='3_mlops_full_pipeline' AIRFLOW_CTX_TASK_ID='run_simulation' AIRFLOW_CTX_EXECUTION_DATE='2026-01-23T00:06:45+00:00' AIRFLOW_CTX_TRY_NUMBER='1' AIRFLOW_CTX_DAG_RUN_ID='manual__2026-01-23T00:06:45+00:00'
[2026-01-23T00:06:54.395+0000] {subprocess.py:63} INFO - Tmp dir root location: /tmp
[2026-01-23T00:06:54.395+0000] {subprocess.py:75} INFO - Running command: ['/bin/bash', '-c', 'python /opt/***/dags/simulate_process.py']
[2026-01-23T00:06:54.404+0000] {subprocess.py:86} INFO - Output:
[2026-01-23T00:06:57.919+0000] {subprocess.py:93} INFO - >>> Tabela orders gotowa.
[2026-01-23T00:06:57.919+0000] {subprocess.py:93} INFO - >>> Rozpoczynam generowanie paczki danych (20 rekordów)...
[2026-01-23T00:06:57.920+0000] {subprocess.py:93} INFO - Dodano: Headphones | Klient: Dennis Torres
[2026-01-23T00:06:57.920+0000] {subprocess.py:93} INFO - Dodano: Keyboard | Klient: Jordan Salazar
[2026-01-23T00:06:57.920+0000] {subprocess.py:93} INFO - Dodano: Monitor | Klient: Michael Harrison
[2026-01-23T00:06:57.920+0000] {subprocess.py:93} INFO - Dodano: Headphones | Klient: Samuel Perkins
[2026-01-23T00:06:57.920+0000] {subprocess.py:93} INFO - Dodano: Laptop | Klient: Pamela Beard
[2026-01-23T00:06:57.920+0000] {subprocess.py:93} INFO - Dodano: Headphones | Klient: Jaclyn Frank
[2026-01-23T00:06:57.920+0000] {subprocess.py:93} INFO - Dodano: Laptop | Klient: Lori Reeves
[2026-01-23T00:06:57.920+0000] {subprocess.py:93} INFO - Dodano: Laptop | Klient: Kim Martin
[2026-01-23T00:06:57.920+0000] {subprocess.py:93} INFO - Dodano: Headphones | Klient: Carl Bentley
[2026-01-23T00:06:57.920+0000] {subprocess.py:93} INFO - Dodano: Mouse | Klient: Timothy Martin
[2026-01-23T00:06:57.921+0000] {subprocess.py:93} INFO - Dodano: Keyboard | Klient: Elizabeth Huff
[2026-01-23T00:06:57.921+0000] {subprocess.py:93} INFO - Dodano: Headphones | Klient: Andrew Dean
[2026-01-23T00:06:57.921+0000] {subprocess.py:93} INFO - Dodano: Monitor | Klient: Mark Willis
[2026-01-23T00:06:57.921+0000] {subprocess.py:93} INFO - Dodano: Monitor | Klient: Cory Farrell
[2026-01-23T00:06:57.921+0000] {subprocess.py:93} INFO - Dodano: Laptop | Klient: Carl Paul
[2026-01-23T00:06:57.921+0000] {subprocess.py:93} INFO - Dodano: Mouse | Klient: Caitlin Dixon
[2026-01-23T00:06:57.921+0000] {subprocess.py:93} INFO - Dodano: Mouse | Klient: Mark Ward
[2026-01-23T00:06:57.921+0000] {subprocess.py:93} INFO - Dodano: Keyboard | Klient: Kimberly Thompson
[2026-01-23T00:06:57.921+0000] {subprocess.py:93} INFO - Dodano: Monitor | Klient: Laura Armstrong
[2026-01-23T00:06:57.922+0000] {subprocess.py:93} INFO - Dodano: Keyboard | Klient: Samantha Taylor
[2026-01-23T00:06:57.922+0000] {subprocess.py:93} INFO - >>> Zakończono generowanie danych.
[2026-01-23T00:06:57.953+0000] {subprocess.py:97} INFO - Command exited with return code 0
[2026-01-23T00:06:57.990+0000] {taskinstance.py:1398} INFO - Marking task as SUCCESS. dag_id=3_mlops_full_pipeline, task_id=run_simulation, execution_date=20260123T000645, start_date=20260123T000654, end_date=20260123T000657
[2026-01-23T00:06:58.029+0000] {local_task_job_runner.py:228} INFO - Task exited with return code 0
[2026-01-23T00:06:58.054+0000] {taskinstance.py:2776} INFO - 1 downstream tasks scheduled from follow-on schedule check
