[2026-01-22T22:16:53.882+0000] {taskinstance.py:1157} INFO - Dependencies all met for dep_context=non-requeueable deps ti=<TaskInstance: 3_mlops_full_pipeline.run_simulation manual__2026-01-22T22:16:41.647610+00:00 [queued]>
[2026-01-22T22:16:53.892+0000] {taskinstance.py:1157} INFO - Dependencies all met for dep_context=requeueable deps ti=<TaskInstance: 3_mlops_full_pipeline.run_simulation manual__2026-01-22T22:16:41.647610+00:00 [queued]>
[2026-01-22T22:16:53.892+0000] {taskinstance.py:1359} INFO - Starting attempt 1 of 1
[2026-01-22T22:16:53.908+0000] {taskinstance.py:1380} INFO - Executing <Task(BashOperator): run_simulation> on 2026-01-22 22:16:41.647610+00:00
[2026-01-22T22:16:53.913+0000] {standard_task_runner.py:57} INFO - Started process 2085 to run task
[2026-01-22T22:16:53.916+0000] {standard_task_runner.py:84} INFO - Running: ['***', 'tasks', 'run', '3_mlops_full_pipeline', 'run_simulation', 'manual__2026-01-22T22:16:41.647610+00:00', '--job-id', '101', '--raw', '--subdir', 'DAGS_FOLDER/mlops_pipeline.py', '--cfg-path', '/tmp/tmpoijeud1p']
[2026-01-22T22:16:53.919+0000] {standard_task_runner.py:85} INFO - Job 101: Subtask run_simulation
[2026-01-22T22:16:53.973+0000] {task_command.py:415} INFO - Running <TaskInstance: 3_mlops_full_pipeline.run_simulation manual__2026-01-22T22:16:41.647610+00:00 [running]> on host 24f0deffc5ba
[2026-01-22T22:16:54.056+0000] {taskinstance.py:1660} INFO - Exporting env vars: AIRFLOW_CTX_DAG_OWNER='***' AIRFLOW_CTX_DAG_ID='3_mlops_full_pipeline' AIRFLOW_CTX_TASK_ID='run_simulation' AIRFLOW_CTX_EXECUTION_DATE='2026-01-22T22:16:41.647610+00:00' AIRFLOW_CTX_TRY_NUMBER='1' AIRFLOW_CTX_DAG_RUN_ID='manual__2026-01-22T22:16:41.647610+00:00'
[2026-01-22T22:16:54.057+0000] {subprocess.py:63} INFO - Tmp dir root location: /tmp
[2026-01-22T22:16:54.058+0000] {subprocess.py:75} INFO - Running command: ['/bin/bash', '-c', 'python /opt/***/dags/simulate_process.py']
[2026-01-22T22:16:54.070+0000] {subprocess.py:86} INFO - Output:
[2026-01-22T22:16:57.793+0000] {subprocess.py:93} INFO - >>> Tabela orders gotowa.
[2026-01-22T22:16:57.793+0000] {subprocess.py:93} INFO - >>> Rozpoczynam generowanie paczki danych (20 rekordów)...
[2026-01-22T22:16:57.794+0000] {subprocess.py:93} INFO - Dodano: Monitor | Klient: Dustin Robinson DVM
[2026-01-22T22:16:57.794+0000] {subprocess.py:93} INFO - Dodano: Laptop | Klient: Kathleen Wells MD
[2026-01-22T22:16:57.794+0000] {subprocess.py:93} INFO - Dodano: Keyboard | Klient: Ronald Salazar
[2026-01-22T22:16:57.794+0000] {subprocess.py:93} INFO - Dodano: Mouse | Klient: Victoria Miller
[2026-01-22T22:16:57.794+0000] {subprocess.py:93} INFO - Dodano: Headphones | Klient: Justin Melendez
[2026-01-22T22:16:57.794+0000] {subprocess.py:93} INFO - Dodano: Headphones | Klient: Amanda Holland
[2026-01-22T22:16:57.794+0000] {subprocess.py:93} INFO - Dodano: Mouse | Klient: Carly Hess
[2026-01-22T22:16:57.794+0000] {subprocess.py:93} INFO - Dodano: Headphones | Klient: Joshua Clements
[2026-01-22T22:16:57.794+0000] {subprocess.py:93} INFO - Dodano: Mouse | Klient: Mary Johnson
[2026-01-22T22:16:57.794+0000] {subprocess.py:93} INFO - Dodano: Laptop | Klient: Kimberly Harris
[2026-01-22T22:16:57.794+0000] {subprocess.py:93} INFO - Dodano: Monitor | Klient: Johnny Porter
[2026-01-22T22:16:57.794+0000] {subprocess.py:93} INFO - Dodano: Monitor | Klient: Marcus Butler
[2026-01-22T22:16:57.794+0000] {subprocess.py:93} INFO - Dodano: Mouse | Klient: Michael Coleman
[2026-01-22T22:16:57.794+0000] {subprocess.py:93} INFO - Dodano: Mouse | Klient: Danielle Jordan
[2026-01-22T22:16:57.794+0000] {subprocess.py:93} INFO - Dodano: Keyboard | Klient: Stephen Rose
[2026-01-22T22:16:57.795+0000] {subprocess.py:93} INFO - Dodano: Monitor | Klient: Troy Anderson
[2026-01-22T22:16:57.795+0000] {subprocess.py:93} INFO - Dodano: Keyboard | Klient: Rebecca Hardy
[2026-01-22T22:16:57.795+0000] {subprocess.py:93} INFO - Dodano: Headphones | Klient: Aaron Peterson
[2026-01-22T22:16:57.795+0000] {subprocess.py:93} INFO - Dodano: Headphones | Klient: Rhonda Walker
[2026-01-22T22:16:57.795+0000] {subprocess.py:93} INFO - Dodano: Laptop | Klient: Robin Rich
[2026-01-22T22:16:57.795+0000] {subprocess.py:93} INFO - >>> Zakończono generowanie danych.
[2026-01-22T22:16:57.811+0000] {subprocess.py:97} INFO - Command exited with return code 0
[2026-01-22T22:16:57.840+0000] {taskinstance.py:1398} INFO - Marking task as SUCCESS. dag_id=3_mlops_full_pipeline, task_id=run_simulation, execution_date=20260122T221641, start_date=20260122T221653, end_date=20260122T221657
[2026-01-22T22:16:57.863+0000] {local_task_job_runner.py:228} INFO - Task exited with return code 0
[2026-01-22T22:16:57.890+0000] {taskinstance.py:2776} INFO - 1 downstream tasks scheduled from follow-on schedule check
