[2026-01-22T21:48:24.013+0000] {taskinstance.py:1157} INFO - Dependencies all met for dep_context=non-requeueable deps ti=<TaskInstance: 3_mlops_full_pipeline.run_simulation manual__2026-01-22T21:47:11.228313+00:00 [queued]>
[2026-01-22T21:48:24.021+0000] {taskinstance.py:1157} INFO - Dependencies all met for dep_context=requeueable deps ti=<TaskInstance: 3_mlops_full_pipeline.run_simulation manual__2026-01-22T21:47:11.228313+00:00 [queued]>
[2026-01-22T21:48:24.022+0000] {taskinstance.py:1359} INFO - Starting attempt 1 of 1
[2026-01-22T21:48:24.034+0000] {taskinstance.py:1380} INFO - Executing <Task(BashOperator): run_simulation> on 2026-01-22 21:47:11.228313+00:00
[2026-01-22T21:48:24.040+0000] {standard_task_runner.py:57} INFO - Started process 295 to run task
[2026-01-22T21:48:24.043+0000] {standard_task_runner.py:84} INFO - Running: ['***', 'tasks', 'run', '3_mlops_full_pipeline', 'run_simulation', 'manual__2026-01-22T21:47:11.228313+00:00', '--job-id', '74', '--raw', '--subdir', 'DAGS_FOLDER/mlops_pipeline.py', '--cfg-path', '/tmp/tmph3d2zu98']
[2026-01-22T21:48:24.046+0000] {standard_task_runner.py:85} INFO - Job 74: Subtask run_simulation
[2026-01-22T21:48:24.104+0000] {task_command.py:415} INFO - Running <TaskInstance: 3_mlops_full_pipeline.run_simulation manual__2026-01-22T21:47:11.228313+00:00 [running]> on host 24f0deffc5ba
[2026-01-22T21:48:24.186+0000] {taskinstance.py:1660} INFO - Exporting env vars: AIRFLOW_CTX_DAG_OWNER='***' AIRFLOW_CTX_DAG_ID='3_mlops_full_pipeline' AIRFLOW_CTX_TASK_ID='run_simulation' AIRFLOW_CTX_EXECUTION_DATE='2026-01-22T21:47:11.228313+00:00' AIRFLOW_CTX_TRY_NUMBER='1' AIRFLOW_CTX_DAG_RUN_ID='manual__2026-01-22T21:47:11.228313+00:00'
[2026-01-22T21:48:24.187+0000] {subprocess.py:63} INFO - Tmp dir root location: /tmp
[2026-01-22T21:48:24.188+0000] {subprocess.py:75} INFO - Running command: ['/bin/bash', '-c', 'python /opt/***/dags/simulate_process.py']
[2026-01-22T21:48:24.200+0000] {subprocess.py:86} INFO - Output:
[2026-01-22T21:48:27.742+0000] {subprocess.py:93} INFO - >>> Tabela orders gotowa.
[2026-01-22T21:48:27.742+0000] {subprocess.py:93} INFO - >>> Rozpoczynam generowanie paczki danych (20 rekordów)...
[2026-01-22T21:48:27.743+0000] {subprocess.py:93} INFO - Dodano: Keyboard | Klient: Matthew Rasmussen
[2026-01-22T21:48:27.743+0000] {subprocess.py:93} INFO - Dodano: Monitor | Klient: Jasmine Ramirez
[2026-01-22T21:48:27.743+0000] {subprocess.py:93} INFO - Dodano: Monitor | Klient: Jacob Cuevas
[2026-01-22T21:48:27.743+0000] {subprocess.py:93} INFO - Dodano: Keyboard | Klient: Sergio Hill
[2026-01-22T21:48:27.743+0000] {subprocess.py:93} INFO - Dodano: Keyboard | Klient: Heather Trujillo
[2026-01-22T21:48:27.743+0000] {subprocess.py:93} INFO - Dodano: Mouse | Klient: Patricia Reese
[2026-01-22T21:48:27.743+0000] {subprocess.py:93} INFO - Dodano: Monitor | Klient: Matthew Herrera
[2026-01-22T21:48:27.743+0000] {subprocess.py:93} INFO - Dodano: Headphones | Klient: Bill Marquez MD
[2026-01-22T21:48:27.743+0000] {subprocess.py:93} INFO - Dodano: Mouse | Klient: Justin Clements
[2026-01-22T21:48:27.743+0000] {subprocess.py:93} INFO - Dodano: Laptop | Klient: Anna Crane
[2026-01-22T21:48:27.743+0000] {subprocess.py:93} INFO - Dodano: Laptop | Klient: Manuel Hess
[2026-01-22T21:48:27.743+0000] {subprocess.py:93} INFO - Dodano: Laptop | Klient: Vanessa Webster
[2026-01-22T21:48:27.743+0000] {subprocess.py:93} INFO - Dodano: Headphones | Klient: Bryan Webb
[2026-01-22T21:48:27.743+0000] {subprocess.py:93} INFO - Dodano: Mouse | Klient: Michael Mcbride
[2026-01-22T21:48:27.744+0000] {subprocess.py:93} INFO - Dodano: Keyboard | Klient: Emma Vargas
[2026-01-22T21:48:27.744+0000] {subprocess.py:93} INFO - Dodano: Mouse | Klient: Jeremy Fernandez
[2026-01-22T21:48:27.744+0000] {subprocess.py:93} INFO - Dodano: Mouse | Klient: Deborah Patterson
[2026-01-22T21:48:27.744+0000] {subprocess.py:93} INFO - Dodano: Laptop | Klient: Jose Summers
[2026-01-22T21:48:27.744+0000] {subprocess.py:93} INFO - Dodano: Keyboard | Klient: Dennis Dudley
[2026-01-22T21:48:27.744+0000] {subprocess.py:93} INFO - Dodano: Keyboard | Klient: Meghan Bates
[2026-01-22T21:48:27.744+0000] {subprocess.py:93} INFO - >>> Zakończono generowanie danych.
[2026-01-22T21:48:27.761+0000] {subprocess.py:97} INFO - Command exited with return code 0
[2026-01-22T21:48:27.787+0000] {taskinstance.py:1398} INFO - Marking task as SUCCESS. dag_id=3_mlops_full_pipeline, task_id=run_simulation, execution_date=20260122T214711, start_date=20260122T214824, end_date=20260122T214827
[2026-01-22T21:48:27.832+0000] {local_task_job_runner.py:228} INFO - Task exited with return code 0
[2026-01-22T21:48:27.858+0000] {taskinstance.py:2776} INFO - 1 downstream tasks scheduled from follow-on schedule check
