[2026-01-22T21:41:33.317+0000] {taskinstance.py:1157} INFO - Dependencies all met for dep_context=non-requeueable deps ti=<TaskInstance: 3_mlops_full_pipeline.spark_bronze_to_silver manual__2026-01-22T21:38:49.781228+00:00 [queued]>
[2026-01-22T21:41:33.327+0000] {taskinstance.py:1157} INFO - Dependencies all met for dep_context=requeueable deps ti=<TaskInstance: 3_mlops_full_pipeline.spark_bronze_to_silver manual__2026-01-22T21:38:49.781228+00:00 [queued]>
[2026-01-22T21:41:33.328+0000] {taskinstance.py:1359} INFO - Starting attempt 2 of 2
[2026-01-22T21:41:33.342+0000] {taskinstance.py:1380} INFO - Executing <Task(BashOperator): spark_bronze_to_silver> on 2026-01-22 21:38:49.781228+00:00
[2026-01-22T21:41:33.349+0000] {standard_task_runner.py:57} INFO - Started process 5873 to run task
[2026-01-22T21:41:33.352+0000] {standard_task_runner.py:84} INFO - Running: ['***', 'tasks', 'run', '3_mlops_full_pipeline', 'spark_bronze_to_silver', 'manual__2026-01-22T21:38:49.781228+00:00', '--job-id', '71', '--raw', '--subdir', 'DAGS_FOLDER/mlops_pipeline.py', '--cfg-path', '/tmp/tmp87hywzkc']
[2026-01-22T21:41:33.354+0000] {standard_task_runner.py:85} INFO - Job 71: Subtask spark_bronze_to_silver
[2026-01-22T21:41:33.407+0000] {task_command.py:415} INFO - Running <TaskInstance: 3_mlops_full_pipeline.spark_bronze_to_silver manual__2026-01-22T21:38:49.781228+00:00 [running]> on host 4fbdf2312f2b
[2026-01-22T21:41:33.506+0000] {taskinstance.py:1660} INFO - Exporting env vars: AIRFLOW_CTX_DAG_OWNER='***' AIRFLOW_CTX_DAG_ID='3_mlops_full_pipeline' AIRFLOW_CTX_TASK_ID='spark_bronze_to_silver' AIRFLOW_CTX_EXECUTION_DATE='2026-01-22T21:38:49.781228+00:00' AIRFLOW_CTX_TRY_NUMBER='2' AIRFLOW_CTX_DAG_RUN_ID='manual__2026-01-22T21:38:49.781228+00:00'
[2026-01-22T21:41:33.508+0000] {subprocess.py:63} INFO - Tmp dir root location: /tmp
[2026-01-22T21:41:33.509+0000] {subprocess.py:75} INFO - Running command: ['/bin/bash', '-c', '\n        docker exec -i spark-master /opt/spark/bin/spark-submit         --packages io.delta:delta-spark_2.12:3.1.0,org.apache.hadoop:hadoop-aws:3.3.4         --conf "spark.sql.extensions=io.delta.sql.DeltaSparkSessionExtension"         --conf "spark.sql.catalog.spark_catalog=org.apache.spark.sql.delta.catalog.DeltaCatalog"         /opt/spark-jobs/bronze_to_silver.py\n        ']
[2026-01-22T21:41:33.521+0000] {subprocess.py:86} INFO - Output:
[2026-01-22T21:41:33.556+0000] {subprocess.py:93} INFO - Error response from daemon: client version 1.41 is too old. Minimum supported API version is 1.44, please upgrade your client to a newer version
[2026-01-22T21:41:33.559+0000] {subprocess.py:97} INFO - Command exited with return code 1
[2026-01-22T21:41:33.571+0000] {taskinstance.py:1935} ERROR - Task failed with exception
Traceback (most recent call last):
  File "/home/airflow/.local/lib/python3.8/site-packages/airflow/operators/bash.py", line 210, in execute
    raise AirflowException(
airflow.exceptions.AirflowException: Bash command failed. The command returned a non-zero exit code 1.
[2026-01-22T21:41:33.575+0000] {taskinstance.py:1398} INFO - Marking task as FAILED. dag_id=3_mlops_full_pipeline, task_id=spark_bronze_to_silver, execution_date=20260122T213849, start_date=20260122T214133, end_date=20260122T214133
[2026-01-22T21:41:33.588+0000] {standard_task_runner.py:104} ERROR - Failed to execute job 71 for task spark_bronze_to_silver (Bash command failed. The command returned a non-zero exit code 1.; 5873)
[2026-01-22T21:41:33.605+0000] {local_task_job_runner.py:228} INFO - Task exited with return code 1
[2026-01-22T21:41:33.627+0000] {taskinstance.py:2776} INFO - 0 downstream tasks scheduled from follow-on schedule check
