[2026-01-22T21:39:07.263+0000] {taskinstance.py:1157} INFO - Dependencies all met for dep_context=non-requeueable deps ti=<TaskInstance: 3_mlops_full_pipeline.spark_bronze_to_silver manual__2026-01-22T21:38:49.781228+00:00 [queued]>
[2026-01-22T21:39:07.273+0000] {taskinstance.py:1157} INFO - Dependencies all met for dep_context=requeueable deps ti=<TaskInstance: 3_mlops_full_pipeline.spark_bronze_to_silver manual__2026-01-22T21:38:49.781228+00:00 [queued]>
[2026-01-22T21:39:07.273+0000] {taskinstance.py:1359} INFO - Starting attempt 1 of 1
[2026-01-22T21:39:07.301+0000] {taskinstance.py:1380} INFO - Executing <Task(BashOperator): spark_bronze_to_silver> on 2026-01-22 21:38:49.781228+00:00
[2026-01-22T21:39:07.306+0000] {standard_task_runner.py:57} INFO - Started process 5763 to run task
[2026-01-22T21:39:07.309+0000] {standard_task_runner.py:84} INFO - Running: ['***', 'tasks', 'run', '3_mlops_full_pipeline', 'spark_bronze_to_silver', 'manual__2026-01-22T21:38:49.781228+00:00', '--job-id', '70', '--raw', '--subdir', 'DAGS_FOLDER/mlops_pipeline.py', '--cfg-path', '/tmp/tmpbiionisc']
[2026-01-22T21:39:07.312+0000] {standard_task_runner.py:85} INFO - Job 70: Subtask spark_bronze_to_silver
[2026-01-22T21:39:07.375+0000] {task_command.py:415} INFO - Running <TaskInstance: 3_mlops_full_pipeline.spark_bronze_to_silver manual__2026-01-22T21:38:49.781228+00:00 [running]> on host 4fbdf2312f2b
[2026-01-22T21:39:07.492+0000] {taskinstance.py:1660} INFO - Exporting env vars: AIRFLOW_CTX_DAG_OWNER='***' AIRFLOW_CTX_DAG_ID='3_mlops_full_pipeline' AIRFLOW_CTX_TASK_ID='spark_bronze_to_silver' AIRFLOW_CTX_EXECUTION_DATE='2026-01-22T21:38:49.781228+00:00' AIRFLOW_CTX_TRY_NUMBER='1' AIRFLOW_CTX_DAG_RUN_ID='manual__2026-01-22T21:38:49.781228+00:00'
[2026-01-22T21:39:07.493+0000] {subprocess.py:63} INFO - Tmp dir root location: /tmp
[2026-01-22T21:39:07.494+0000] {subprocess.py:75} INFO - Running command: ['/bin/bash', '-c', '\n        docker exec -i spark-master /opt/spark/bin/spark-submit         --packages io.delta:delta-spark_2.12:3.1.0,org.apache.hadoop:hadoop-aws:3.3.4         --conf "spark.sql.extensions=io.delta.sql.DeltaSparkSessionExtension"         --conf "spark.sql.catalog.spark_catalog=org.apache.spark.sql.delta.catalog.DeltaCatalog"         /opt/spark-jobs/bronze_to_silver.py\n        ']
[2026-01-22T21:39:07.504+0000] {subprocess.py:86} INFO - Output:
[2026-01-22T21:39:07.730+0000] {subprocess.py:93} INFO - Got permission denied while trying to connect to the Docker daemon socket at unix:///var/run/docker.sock: Get "http://%2Fvar%2Frun%2Fdocker.sock/v1.24/containers/spark-master/json": dial unix /var/run/docker.sock: connect: permission denied
[2026-01-22T21:39:07.732+0000] {subprocess.py:97} INFO - Command exited with return code 1
[2026-01-22T21:39:07.744+0000] {taskinstance.py:1935} ERROR - Task failed with exception
Traceback (most recent call last):
  File "/home/airflow/.local/lib/python3.8/site-packages/airflow/operators/bash.py", line 210, in execute
    raise AirflowException(
airflow.exceptions.AirflowException: Bash command failed. The command returned a non-zero exit code 1.
[2026-01-22T21:39:07.750+0000] {taskinstance.py:1398} INFO - Marking task as FAILED. dag_id=3_mlops_full_pipeline, task_id=spark_bronze_to_silver, execution_date=20260122T213849, start_date=20260122T213907, end_date=20260122T213907
[2026-01-22T21:39:07.769+0000] {standard_task_runner.py:104} ERROR - Failed to execute job 70 for task spark_bronze_to_silver (Bash command failed. The command returned a non-zero exit code 1.; 5763)
[2026-01-22T21:39:07.803+0000] {local_task_job_runner.py:228} INFO - Task exited with return code 1
[2026-01-22T21:39:07.823+0000] {taskinstance.py:2776} INFO - 0 downstream tasks scheduled from follow-on schedule check
