[2026-01-22T21:38:59.450+0000] {taskinstance.py:1157} INFO - Dependencies all met for dep_context=non-requeueable deps ti=<TaskInstance: 3_mlops_full_pipeline.run_simulation manual__2026-01-22T21:38:49.781228+00:00 [queued]>
[2026-01-22T21:38:59.459+0000] {taskinstance.py:1157} INFO - Dependencies all met for dep_context=requeueable deps ti=<TaskInstance: 3_mlops_full_pipeline.run_simulation manual__2026-01-22T21:38:49.781228+00:00 [queued]>
[2026-01-22T21:38:59.459+0000] {taskinstance.py:1359} INFO - Starting attempt 1 of 1
[2026-01-22T21:38:59.472+0000] {taskinstance.py:1380} INFO - Executing <Task(BashOperator): run_simulation> on 2026-01-22 21:38:49.781228+00:00
[2026-01-22T21:38:59.477+0000] {standard_task_runner.py:57} INFO - Started process 5728 to run task
[2026-01-22T21:38:59.481+0000] {standard_task_runner.py:84} INFO - Running: ['***', 'tasks', 'run', '3_mlops_full_pipeline', 'run_simulation', 'manual__2026-01-22T21:38:49.781228+00:00', '--job-id', '68', '--raw', '--subdir', 'DAGS_FOLDER/mlops_pipeline.py', '--cfg-path', '/tmp/tmp0k4t033u']
[2026-01-22T21:38:59.483+0000] {standard_task_runner.py:85} INFO - Job 68: Subtask run_simulation
[2026-01-22T21:38:59.527+0000] {task_command.py:415} INFO - Running <TaskInstance: 3_mlops_full_pipeline.run_simulation manual__2026-01-22T21:38:49.781228+00:00 [running]> on host 4fbdf2312f2b
[2026-01-22T21:38:59.600+0000] {taskinstance.py:1660} INFO - Exporting env vars: AIRFLOW_CTX_DAG_OWNER='***' AIRFLOW_CTX_DAG_ID='3_mlops_full_pipeline' AIRFLOW_CTX_TASK_ID='run_simulation' AIRFLOW_CTX_EXECUTION_DATE='2026-01-22T21:38:49.781228+00:00' AIRFLOW_CTX_TRY_NUMBER='1' AIRFLOW_CTX_DAG_RUN_ID='manual__2026-01-22T21:38:49.781228+00:00'
[2026-01-22T21:38:59.602+0000] {subprocess.py:63} INFO - Tmp dir root location: /tmp
[2026-01-22T21:38:59.602+0000] {subprocess.py:75} INFO - Running command: ['/bin/bash', '-c', 'python /opt/***/dags/simulate_process.py']
[2026-01-22T21:38:59.612+0000] {subprocess.py:86} INFO - Output:
[2026-01-22T21:39:03.110+0000] {subprocess.py:93} INFO - >>> Tabela orders gotowa.
[2026-01-22T21:39:03.111+0000] {subprocess.py:93} INFO - >>> Rozpoczynam generowanie paczki danych (20 rekordów)...
[2026-01-22T21:39:03.111+0000] {subprocess.py:93} INFO - Dodano: Laptop | Klient: Christine Weaver
[2026-01-22T21:39:03.111+0000] {subprocess.py:93} INFO - Dodano: Monitor | Klient: Christopher Hernandez
[2026-01-22T21:39:03.111+0000] {subprocess.py:93} INFO - Dodano: Monitor | Klient: Dr. David Waller
[2026-01-22T21:39:03.111+0000] {subprocess.py:93} INFO - Dodano: Monitor | Klient: Elizabeth Hughes
[2026-01-22T21:39:03.111+0000] {subprocess.py:93} INFO - Dodano: Laptop | Klient: Patty Bradley
[2026-01-22T21:39:03.111+0000] {subprocess.py:93} INFO - Dodano: Keyboard | Klient: Erin Lewis
[2026-01-22T21:39:03.111+0000] {subprocess.py:93} INFO - Dodano: Monitor | Klient: Randy Kim Jr.
[2026-01-22T21:39:03.111+0000] {subprocess.py:93} INFO - Dodano: Keyboard | Klient: Katherine Tucker
[2026-01-22T21:39:03.111+0000] {subprocess.py:93} INFO - Dodano: Keyboard | Klient: David Kelley
[2026-01-22T21:39:03.111+0000] {subprocess.py:93} INFO - Dodano: Monitor | Klient: Gregory Short
[2026-01-22T21:39:03.111+0000] {subprocess.py:93} INFO - Dodano: Monitor | Klient: Daniel Olsen
[2026-01-22T21:39:03.112+0000] {subprocess.py:93} INFO - Dodano: Headphones | Klient: Patrick Burke
[2026-01-22T21:39:03.112+0000] {subprocess.py:93} INFO - Dodano: Monitor | Klient: Matthew Lowe
[2026-01-22T21:39:03.112+0000] {subprocess.py:93} INFO - Dodano: Monitor | Klient: Michelle Bishop
[2026-01-22T21:39:03.112+0000] {subprocess.py:93} INFO - Dodano: Mouse | Klient: Stephanie Lozano
[2026-01-22T21:39:03.112+0000] {subprocess.py:93} INFO - Dodano: Mouse | Klient: Eric Berg
[2026-01-22T21:39:03.112+0000] {subprocess.py:93} INFO - Dodano: Monitor | Klient: Samantha Cole
[2026-01-22T21:39:03.112+0000] {subprocess.py:93} INFO - Dodano: Keyboard | Klient: Jessica Simmons
[2026-01-22T21:39:03.112+0000] {subprocess.py:93} INFO - Dodano: Monitor | Klient: Rebecca Kramer
[2026-01-22T21:39:03.112+0000] {subprocess.py:93} INFO - Dodano: Keyboard | Klient: Joseph Lambert
[2026-01-22T21:39:03.112+0000] {subprocess.py:93} INFO - >>> Zakończono generowanie danych.
[2026-01-22T21:39:03.126+0000] {subprocess.py:97} INFO - Command exited with return code 0
[2026-01-22T21:39:03.156+0000] {taskinstance.py:1398} INFO - Marking task as SUCCESS. dag_id=3_mlops_full_pipeline, task_id=run_simulation, execution_date=20260122T213849, start_date=20260122T213859, end_date=20260122T213903
[2026-01-22T21:39:03.193+0000] {local_task_job_runner.py:228} INFO - Task exited with return code 0
[2026-01-22T21:39:03.219+0000] {taskinstance.py:2776} INFO - 1 downstream tasks scheduled from follow-on schedule check
