[2026-01-23T00:00:24.755+0000] {taskinstance.py:1157} INFO - Dependencies all met for dep_context=non-requeueable deps ti=<TaskInstance: 3_mlops_full_pipeline.mlflow_training manual__2026-01-22T23:59:00+00:00 [queued]>
[2026-01-23T00:00:24.766+0000] {taskinstance.py:1157} INFO - Dependencies all met for dep_context=requeueable deps ti=<TaskInstance: 3_mlops_full_pipeline.mlflow_training manual__2026-01-22T23:59:00+00:00 [queued]>
[2026-01-23T00:00:24.766+0000] {taskinstance.py:1359} INFO - Starting attempt 1 of 1
[2026-01-23T00:00:24.783+0000] {taskinstance.py:1380} INFO - Executing <Task(BashOperator): mlflow_training> on 2026-01-22 23:59:00+00:00
[2026-01-23T00:00:24.789+0000] {standard_task_runner.py:57} INFO - Started process 1963 to run task
[2026-01-23T00:00:24.793+0000] {standard_task_runner.py:84} INFO - Running: ['***', 'tasks', 'run', '3_mlops_full_pipeline', 'mlflow_training', 'manual__2026-01-22T23:59:00+00:00', '--job-id', '26', '--raw', '--subdir', 'DAGS_FOLDER/mlops_pipeline.py', '--cfg-path', '/tmp/tmpmahaky74']
[2026-01-23T00:00:24.796+0000] {standard_task_runner.py:85} INFO - Job 26: Subtask mlflow_training
[2026-01-23T00:00:24.854+0000] {task_command.py:415} INFO - Running <TaskInstance: 3_mlops_full_pipeline.mlflow_training manual__2026-01-22T23:59:00+00:00 [running]> on host c636ac6d211b
[2026-01-23T00:00:24.920+0000] {taskinstance.py:1660} INFO - Exporting env vars: AIRFLOW_CTX_DAG_OWNER='***' AIRFLOW_CTX_DAG_ID='3_mlops_full_pipeline' AIRFLOW_CTX_TASK_ID='mlflow_training' AIRFLOW_CTX_EXECUTION_DATE='2026-01-22T23:59:00+00:00' AIRFLOW_CTX_TRY_NUMBER='1' AIRFLOW_CTX_DAG_RUN_ID='manual__2026-01-22T23:59:00+00:00'
[2026-01-23T00:00:24.921+0000] {subprocess.py:63} INFO - Tmp dir root location: /tmp
[2026-01-23T00:00:24.922+0000] {subprocess.py:75} INFO - Running command: ['/bin/bash', '-c', 'python /opt/***/dags/train_model.py']
[2026-01-23T00:00:24.933+0000] {subprocess.py:86} INFO - Output:
[2026-01-23T00:01:27.210+0000] {subprocess.py:93} INFO - Traceback (most recent call last):
[2026-01-23T00:01:27.210+0000] {subprocess.py:93} INFO -   File "/home/***/.local/lib/python3.8/site-packages/urllib3/connection.py", line 174, in _new_conn
[2026-01-23T00:01:27.211+0000] {subprocess.py:93} INFO -     conn = connection.create_connection(
[2026-01-23T00:01:27.211+0000] {subprocess.py:93} INFO -   File "/home/***/.local/lib/python3.8/site-packages/urllib3/util/connection.py", line 95, in create_connection
[2026-01-23T00:01:27.211+0000] {subprocess.py:93} INFO -     raise err
[2026-01-23T00:01:27.211+0000] {subprocess.py:93} INFO -   File "/home/***/.local/lib/python3.8/site-packages/urllib3/util/connection.py", line 85, in create_connection
[2026-01-23T00:01:27.211+0000] {subprocess.py:93} INFO -     sock.connect(sa)
[2026-01-23T00:01:27.211+0000] {subprocess.py:93} INFO - ConnectionRefusedError: [Errno 111] Connection refused
[2026-01-23T00:01:27.211+0000] {subprocess.py:93} INFO - 
[2026-01-23T00:01:27.211+0000] {subprocess.py:93} INFO - During handling of the above exception, another exception occurred:
[2026-01-23T00:01:27.211+0000] {subprocess.py:93} INFO - 
[2026-01-23T00:01:27.211+0000] {subprocess.py:93} INFO - Traceback (most recent call last):
[2026-01-23T00:01:27.211+0000] {subprocess.py:93} INFO -   File "/home/***/.local/lib/python3.8/site-packages/urllib3/connectionpool.py", line 714, in urlopen
[2026-01-23T00:01:27.211+0000] {subprocess.py:93} INFO -     httplib_response = self._make_request(
[2026-01-23T00:01:27.212+0000] {subprocess.py:93} INFO -   File "/home/***/.local/lib/python3.8/site-packages/urllib3/connectionpool.py", line 415, in _make_request
[2026-01-23T00:01:27.212+0000] {subprocess.py:93} INFO -     conn.request(method, url, **httplib_request_kw)
[2026-01-23T00:01:27.212+0000] {subprocess.py:93} INFO -   File "/home/***/.local/lib/python3.8/site-packages/urllib3/connection.py", line 244, in request
[2026-01-23T00:01:27.212+0000] {subprocess.py:93} INFO -     super(HTTPConnection, self).request(method, url, body=body, headers=headers)
[2026-01-23T00:01:27.212+0000] {subprocess.py:93} INFO -   File "/usr/local/lib/python3.8/http/client.py", line 1256, in request
[2026-01-23T00:01:27.212+0000] {subprocess.py:93} INFO -     self._send_request(method, url, body, headers, encode_chunked)
[2026-01-23T00:01:27.212+0000] {subprocess.py:93} INFO -   File "/usr/local/lib/python3.8/http/client.py", line 1302, in _send_request
[2026-01-23T00:01:27.212+0000] {subprocess.py:93} INFO -     self.endheaders(body, encode_chunked=encode_chunked)
[2026-01-23T00:01:27.212+0000] {subprocess.py:93} INFO -   File "/usr/local/lib/python3.8/http/client.py", line 1251, in endheaders
[2026-01-23T00:01:27.212+0000] {subprocess.py:93} INFO -     self._send_output(message_body, encode_chunked=encode_chunked)
[2026-01-23T00:01:27.212+0000] {subprocess.py:93} INFO -   File "/usr/local/lib/python3.8/http/client.py", line 1011, in _send_output
[2026-01-23T00:01:27.212+0000] {subprocess.py:93} INFO -     self.send(msg)
[2026-01-23T00:01:27.212+0000] {subprocess.py:93} INFO -   File "/usr/local/lib/python3.8/http/client.py", line 951, in send
[2026-01-23T00:01:27.212+0000] {subprocess.py:93} INFO -     self.connect()
[2026-01-23T00:01:27.212+0000] {subprocess.py:93} INFO -   File "/home/***/.local/lib/python3.8/site-packages/urllib3/connection.py", line 205, in connect
[2026-01-23T00:01:27.213+0000] {subprocess.py:93} INFO -     conn = self._new_conn()
[2026-01-23T00:01:27.213+0000] {subprocess.py:93} INFO -   File "/home/***/.local/lib/python3.8/site-packages/urllib3/connection.py", line 186, in _new_conn
[2026-01-23T00:01:27.213+0000] {subprocess.py:93} INFO -     raise NewConnectionError(
[2026-01-23T00:01:27.213+0000] {subprocess.py:93} INFO - urllib3.exceptions.NewConnectionError: <urllib3.connection.HTTPConnection object at 0x7b19baa586d0>: Failed to establish a new connection: [Errno 111] Connection refused
[2026-01-23T00:01:27.213+0000] {subprocess.py:93} INFO - 
[2026-01-23T00:01:27.213+0000] {subprocess.py:93} INFO - During handling of the above exception, another exception occurred:
[2026-01-23T00:01:27.213+0000] {subprocess.py:93} INFO - 
[2026-01-23T00:01:27.213+0000] {subprocess.py:93} INFO - Traceback (most recent call last):
[2026-01-23T00:01:27.213+0000] {subprocess.py:93} INFO -   File "/home/***/.local/lib/python3.8/site-packages/requests/adapters.py", line 486, in send
[2026-01-23T00:01:27.213+0000] {subprocess.py:93} INFO -     resp = conn.urlopen(
[2026-01-23T00:01:27.213+0000] {subprocess.py:93} INFO -   File "/home/***/.local/lib/python3.8/site-packages/urllib3/connectionpool.py", line 826, in urlopen
[2026-01-23T00:01:27.213+0000] {subprocess.py:93} INFO -     return self.urlopen(
[2026-01-23T00:01:27.213+0000] {subprocess.py:93} INFO -   File "/home/***/.local/lib/python3.8/site-packages/urllib3/connectionpool.py", line 826, in urlopen
[2026-01-23T00:01:27.213+0000] {subprocess.py:93} INFO -     return self.urlopen(
[2026-01-23T00:01:27.213+0000] {subprocess.py:93} INFO -   File "/home/***/.local/lib/python3.8/site-packages/urllib3/connectionpool.py", line 826, in urlopen
[2026-01-23T00:01:27.213+0000] {subprocess.py:93} INFO -     return self.urlopen(
[2026-01-23T00:01:27.214+0000] {subprocess.py:93} INFO -   [Previous line repeated 2 more times]
[2026-01-23T00:01:27.214+0000] {subprocess.py:93} INFO -   File "/home/***/.local/lib/python3.8/site-packages/urllib3/connectionpool.py", line 798, in urlopen
[2026-01-23T00:01:27.214+0000] {subprocess.py:93} INFO -     retries = retries.increment(
[2026-01-23T00:01:27.214+0000] {subprocess.py:93} INFO -   File "/home/***/.local/lib/python3.8/site-packages/urllib3/util/retry.py", line 592, in increment
[2026-01-23T00:01:27.214+0000] {subprocess.py:93} INFO -     raise MaxRetryError(_pool, url, error or ResponseError(cause))
[2026-01-23T00:01:27.214+0000] {subprocess.py:93} INFO - urllib3.exceptions.MaxRetryError: HTTPConnectionPool(host='mlflow', port=5000): Max retries exceeded with url: /api/2.0/mlflow/experiments/get-by-name?experiment_name=Product_Demand_Prediction (Caused by NewConnectionError('<urllib3.connection.HTTPConnection object at 0x7b19baa586d0>: Failed to establish a new connection: [Errno 111] Connection refused'))
[2026-01-23T00:01:27.214+0000] {subprocess.py:93} INFO - 
[2026-01-23T00:01:27.214+0000] {subprocess.py:93} INFO - During handling of the above exception, another exception occurred:
[2026-01-23T00:01:27.214+0000] {subprocess.py:93} INFO - 
[2026-01-23T00:01:27.214+0000] {subprocess.py:93} INFO - Traceback (most recent call last):
[2026-01-23T00:01:27.214+0000] {subprocess.py:93} INFO -   File "/home/***/.local/lib/python3.8/site-packages/mlflow/utils/rest_utils.py", line 189, in http_request
[2026-01-23T00:01:27.214+0000] {subprocess.py:93} INFO -     return _get_http_response_with_retries(
[2026-01-23T00:01:27.214+0000] {subprocess.py:93} INFO -   File "/home/***/.local/lib/python3.8/site-packages/mlflow/utils/request_utils.py", line 237, in _get_http_response_with_retries
[2026-01-23T00:01:27.215+0000] {subprocess.py:93} INFO -     return session.request(method, url, allow_redirects=allow_redirects, **kwargs)
[2026-01-23T00:01:27.215+0000] {subprocess.py:93} INFO -   File "/home/***/.local/lib/python3.8/site-packages/requests/sessions.py", line 589, in request
[2026-01-23T00:01:27.215+0000] {subprocess.py:93} INFO -     resp = self.send(prep, **send_kwargs)
[2026-01-23T00:01:27.215+0000] {subprocess.py:93} INFO -   File "/home/***/.local/lib/python3.8/site-packages/requests/sessions.py", line 703, in send
[2026-01-23T00:01:27.215+0000] {subprocess.py:93} INFO -     r = adapter.send(request, **kwargs)
[2026-01-23T00:01:27.215+0000] {subprocess.py:93} INFO -   File "/home/***/.local/lib/python3.8/site-packages/requests/adapters.py", line 519, in send
[2026-01-23T00:01:27.215+0000] {subprocess.py:93} INFO -     raise ConnectionError(e, request=request)
[2026-01-23T00:01:27.215+0000] {subprocess.py:93} INFO - requests.exceptions.ConnectionError: HTTPConnectionPool(host='mlflow', port=5000): Max retries exceeded with url: /api/2.0/mlflow/experiments/get-by-name?experiment_name=Product_Demand_Prediction (Caused by NewConnectionError('<urllib3.connection.HTTPConnection object at 0x7b19baa586d0>: Failed to establish a new connection: [Errno 111] Connection refused'))
[2026-01-23T00:01:27.216+0000] {subprocess.py:93} INFO - 
[2026-01-23T00:01:27.216+0000] {subprocess.py:93} INFO - During handling of the above exception, another exception occurred:
[2026-01-23T00:01:27.216+0000] {subprocess.py:93} INFO - 
[2026-01-23T00:01:27.216+0000] {subprocess.py:93} INFO - Traceback (most recent call last):
[2026-01-23T00:01:27.216+0000] {subprocess.py:93} INFO -   File "/opt/***/dags/train_model.py", line 26, in <module>
[2026-01-23T00:01:27.216+0000] {subprocess.py:93} INFO -     mlflow.set_experiment("Product_Demand_Prediction")
[2026-01-23T00:01:27.216+0000] {subprocess.py:93} INFO -   File "/home/***/.local/lib/python3.8/site-packages/mlflow/tracking/fluent.py", line 145, in set_experiment
[2026-01-23T00:01:27.216+0000] {subprocess.py:93} INFO -     experiment = client.get_experiment_by_name(experiment_name)
[2026-01-23T00:01:27.216+0000] {subprocess.py:93} INFO -   File "/home/***/.local/lib/python3.8/site-packages/mlflow/tracking/client.py", line 1256, in get_experiment_by_name
[2026-01-23T00:01:27.216+0000] {subprocess.py:93} INFO -     return self._tracking_client.get_experiment_by_name(name)
[2026-01-23T00:01:27.216+0000] {subprocess.py:93} INFO -   File "/home/***/.local/lib/python3.8/site-packages/mlflow/tracking/_tracking_service/client.py", line 501, in get_experiment_by_name
[2026-01-23T00:01:27.216+0000] {subprocess.py:93} INFO -     return self.store.get_experiment_by_name(name)
[2026-01-23T00:01:27.216+0000] {subprocess.py:93} INFO -   File "/home/***/.local/lib/python3.8/site-packages/mlflow/store/tracking/rest_store.py", line 519, in get_experiment_by_name
[2026-01-23T00:01:27.217+0000] {subprocess.py:93} INFO -     response_proto = self._call_endpoint(GetExperimentByName, req_body)
[2026-01-23T00:01:27.217+0000] {subprocess.py:93} INFO -   File "/home/***/.local/lib/python3.8/site-packages/mlflow/store/tracking/rest_store.py", line 82, in _call_endpoint
[2026-01-23T00:01:27.217+0000] {subprocess.py:93} INFO -     return call_endpoint(self.get_host_creds(), endpoint, method, json_body, response_proto)
[2026-01-23T00:01:27.217+0000] {subprocess.py:93} INFO -   File "/home/***/.local/lib/python3.8/site-packages/mlflow/utils/rest_utils.py", line 365, in call_endpoint
[2026-01-23T00:01:27.217+0000] {subprocess.py:93} INFO -     response = http_request(**call_kwargs)
[2026-01-23T00:01:27.217+0000] {subprocess.py:93} INFO -   File "/home/***/.local/lib/python3.8/site-packages/mlflow/utils/rest_utils.py", line 212, in http_request
[2026-01-23T00:01:27.217+0000] {subprocess.py:93} INFO -     raise MlflowException(f"API request to {url} failed with exception {e}")
[2026-01-23T00:01:27.217+0000] {subprocess.py:93} INFO - mlflow.exceptions.MlflowException: API request to http://mlflow:5000/api/2.0/mlflow/experiments/get-by-name failed with exception HTTPConnectionPool(host='mlflow', port=5000): Max retries exceeded with url: /api/2.0/mlflow/experiments/get-by-name?experiment_name=Product_Demand_Prediction (Caused by NewConnectionError('<urllib3.connection.HTTPConnection object at 0x7b19baa586d0>: Failed to establish a new connection: [Errno 111] Connection refused'))
[2026-01-23T00:01:27.390+0000] {subprocess.py:97} INFO - Command exited with return code 1
[2026-01-23T00:01:27.402+0000] {taskinstance.py:1935} ERROR - Task failed with exception
Traceback (most recent call last):
  File "/home/airflow/.local/lib/python3.8/site-packages/airflow/operators/bash.py", line 210, in execute
    raise AirflowException(
airflow.exceptions.AirflowException: Bash command failed. The command returned a non-zero exit code 1.
[2026-01-23T00:01:27.406+0000] {taskinstance.py:1398} INFO - Marking task as FAILED. dag_id=3_mlops_full_pipeline, task_id=mlflow_training, execution_date=20260122T235900, start_date=20260123T000024, end_date=20260123T000127
[2026-01-23T00:01:27.421+0000] {standard_task_runner.py:104} ERROR - Failed to execute job 26 for task mlflow_training (Bash command failed. The command returned a non-zero exit code 1.; 1963)
[2026-01-23T00:01:27.440+0000] {local_task_job_runner.py:228} INFO - Task exited with return code 1
[2026-01-23T00:01:27.459+0000] {taskinstance.py:2776} INFO - 0 downstream tasks scheduled from follow-on schedule check
