[2026-01-22T22:33:28.471+0000] {taskinstance.py:1157} INFO - Dependencies all met for dep_context=non-requeueable deps ti=<TaskInstance: 3_mlops_full_pipeline.install_requirements manual__2026-01-22T22:33:27+00:00 [queued]>
[2026-01-22T22:33:28.478+0000] {taskinstance.py:1157} INFO - Dependencies all met for dep_context=requeueable deps ti=<TaskInstance: 3_mlops_full_pipeline.install_requirements manual__2026-01-22T22:33:27+00:00 [queued]>
[2026-01-22T22:33:28.478+0000] {taskinstance.py:1359} INFO - Starting attempt 1 of 1
[2026-01-22T22:33:28.491+0000] {taskinstance.py:1380} INFO - Executing <Task(BashOperator): install_requirements> on 2026-01-22 22:33:27+00:00
[2026-01-22T22:33:28.497+0000] {standard_task_runner.py:57} INFO - Started process 3153 to run task
[2026-01-22T22:33:28.500+0000] {standard_task_runner.py:84} INFO - Running: ['***', 'tasks', 'run', '3_mlops_full_pipeline', 'install_requirements', 'manual__2026-01-22T22:33:27+00:00', '--job-id', '116', '--raw', '--subdir', 'DAGS_FOLDER/mlops_pipeline.py', '--cfg-path', '/tmp/tmp4ppgat41']
[2026-01-22T22:33:28.502+0000] {standard_task_runner.py:85} INFO - Job 116: Subtask install_requirements
[2026-01-22T22:33:28.550+0000] {task_command.py:415} INFO - Running <TaskInstance: 3_mlops_full_pipeline.install_requirements manual__2026-01-22T22:33:27+00:00 [running]> on host 24f0deffc5ba
[2026-01-22T22:33:28.629+0000] {taskinstance.py:1660} INFO - Exporting env vars: AIRFLOW_CTX_DAG_OWNER='***' AIRFLOW_CTX_DAG_ID='3_mlops_full_pipeline' AIRFLOW_CTX_TASK_ID='install_requirements' AIRFLOW_CTX_EXECUTION_DATE='2026-01-22T22:33:27+00:00' AIRFLOW_CTX_TRY_NUMBER='1' AIRFLOW_CTX_DAG_RUN_ID='manual__2026-01-22T22:33:27+00:00'
[2026-01-22T22:33:28.631+0000] {subprocess.py:63} INFO - Tmp dir root location: /tmp
[2026-01-22T22:33:28.631+0000] {subprocess.py:75} INFO - Running command: ['/bin/bash', '-c', 'pip install pandas s3fs pyarrow great_expectations mlflow scikit-learn boto3 Faker psycopg2-binary']
[2026-01-22T22:33:28.644+0000] {subprocess.py:86} INFO - Output:
[2026-01-22T22:33:29.738+0000] {subprocess.py:93} INFO - Defaulting to user installation because normal site-packages is not writeable
[2026-01-22T22:33:29.977+0000] {subprocess.py:93} INFO - Requirement already satisfied: pandas in /home/***/.local/lib/python3.8/site-packages (2.0.3)
[2026-01-22T22:33:29.978+0000] {subprocess.py:93} INFO - Requirement already satisfied: s3fs in /home/***/.local/lib/python3.8/site-packages (2024.10.0)
[2026-01-22T22:33:29.978+0000] {subprocess.py:93} INFO - Requirement already satisfied: pyarrow in /home/***/.local/lib/python3.8/site-packages (11.0.0)
[2026-01-22T22:33:29.978+0000] {subprocess.py:93} INFO - Requirement already satisfied: great_expectations in /home/***/.local/lib/python3.8/site-packages (1.1.0)
[2026-01-22T22:33:29.979+0000] {subprocess.py:93} INFO - Requirement already satisfied: mlflow in /home/***/.local/lib/python3.8/site-packages (2.17.2)
[2026-01-22T22:33:29.979+0000] {subprocess.py:93} INFO - Requirement already satisfied: scikit-learn in /home/***/.local/lib/python3.8/site-packages (1.3.2)
[2026-01-22T22:33:29.980+0000] {subprocess.py:93} INFO - Requirement already satisfied: boto3 in /home/***/.local/lib/python3.8/site-packages (1.28.17)
[2026-01-22T22:33:29.980+0000] {subprocess.py:93} INFO - Requirement already satisfied: Faker in /home/***/.local/lib/python3.8/site-packages (35.2.2)
[2026-01-22T22:33:29.981+0000] {subprocess.py:93} INFO - Requirement already satisfied: psycopg2-binary in /home/***/.local/lib/python3.8/site-packages (2.9.7)
[2026-01-22T22:33:30.040+0000] {subprocess.py:93} INFO - Requirement already satisfied: pytz>=2020.1 in /home/***/.local/lib/python3.8/site-packages (from pandas) (2023.3)
[2026-01-22T22:33:30.041+0000] {subprocess.py:93} INFO - Requirement already satisfied: python-dateutil>=2.8.2 in /home/***/.local/lib/python3.8/site-packages (from pandas) (2.8.2)
[2026-01-22T22:33:30.041+0000] {subprocess.py:93} INFO - Requirement already satisfied: tzdata>=2022.1 in /home/***/.local/lib/python3.8/site-packages (from pandas) (2023.3)
[2026-01-22T22:33:30.043+0000] {subprocess.py:93} INFO - Requirement already satisfied: numpy>=1.20.3 in /home/***/.local/lib/python3.8/site-packages (from pandas) (1.24.4)
[2026-01-22T22:33:30.048+0000] {subprocess.py:93} INFO - Requirement already satisfied: aiobotocore<3.0.0,>=2.5.4 in /home/***/.local/lib/python3.8/site-packages (from s3fs) (2.6.0)
[2026-01-22T22:33:30.048+0000] {subprocess.py:93} INFO - Requirement already satisfied: fsspec==2024.10.0.* in /home/***/.local/lib/python3.8/site-packages (from s3fs) (2024.10.0)
[2026-01-22T22:33:30.049+0000] {subprocess.py:93} INFO - Requirement already satisfied: aiohttp!=4.0.0a0,!=4.0.0a1 in /home/***/.local/lib/python3.8/site-packages (from s3fs) (3.8.5)
[2026-01-22T22:33:30.247+0000] {subprocess.py:93} INFO - Requirement already satisfied: marshmallow<4.0.0,>=3.7.1 in /home/***/.local/lib/python3.8/site-packages (from great_expectations) (3.20.1)
[2026-01-22T22:33:30.248+0000] {subprocess.py:93} INFO - Requirement already satisfied: requests>=2.20 in /home/***/.local/lib/python3.8/site-packages (from great_expectations) (2.31.0)
[2026-01-22T22:33:30.248+0000] {subprocess.py:93} INFO - Requirement already satisfied: tzlocal>=1.2 in /home/***/.local/lib/python3.8/site-packages (from great_expectations) (5.2)
[2026-01-22T22:33:30.249+0000] {subprocess.py:93} INFO - Requirement already satisfied: jsonschema>=2.5.1 in /home/***/.local/lib/python3.8/site-packages (from great_expectations) (4.19.0)
[2026-01-22T22:33:30.249+0000] {subprocess.py:93} INFO - Requirement already satisfied: packaging in /home/***/.local/lib/python3.8/site-packages (from great_expectations) (23.1)
[2026-01-22T22:33:30.250+0000] {subprocess.py:93} INFO - Requirement already satisfied: posthog<3,>=2.1.0 in /home/***/.local/lib/python3.8/site-packages (from great_expectations) (2.5.0)
[2026-01-22T22:33:30.250+0000] {subprocess.py:93} INFO - Requirement already satisfied: pydantic>=1.10.7 in /home/***/.local/lib/python3.8/site-packages (from great_expectations) (2.3.0)
[2026-01-22T22:33:30.251+0000] {subprocess.py:93} INFO - Requirement already satisfied: urllib3>=1.26 in /home/***/.local/lib/python3.8/site-packages (from great_expectations) (1.26.16)
[2026-01-22T22:33:30.251+0000] {subprocess.py:93} INFO - Requirement already satisfied: cryptography>=3.2 in /home/***/.local/lib/python3.8/site-packages (from great_expectations) (41.0.3)
[2026-01-22T22:33:30.252+0000] {subprocess.py:93} INFO - Requirement already satisfied: scipy>=1.6.0 in /home/***/.local/lib/python3.8/site-packages (from great_expectations) (1.10.1)
[2026-01-22T22:33:30.252+0000] {subprocess.py:93} INFO - Requirement already satisfied: jinja2>=2.10 in /home/***/.local/lib/python3.8/site-packages (from great_expectations) (3.1.2)
[2026-01-22T22:33:30.253+0000] {subprocess.py:93} INFO - Requirement already satisfied: ruamel.yaml>=0.16 in /home/***/.local/lib/python3.8/site-packages (from great_expectations) (0.18.16)
[2026-01-22T22:33:30.253+0000] {subprocess.py:93} INFO - Requirement already satisfied: Ipython>=7.16.3 in /home/***/.local/lib/python3.8/site-packages (from great_expectations) (8.12.3)
[2026-01-22T22:33:30.254+0000] {subprocess.py:93} INFO - Requirement already satisfied: altair<5.0.0,>=4.2.1 in /home/***/.local/lib/python3.8/site-packages (from great_expectations) (4.2.2)
[2026-01-22T22:33:30.254+0000] {subprocess.py:93} INFO - Requirement already satisfied: pyparsing>=2.4 in /home/***/.local/lib/python3.8/site-packages (from great_expectations) (3.1.1)
[2026-01-22T22:33:30.255+0000] {subprocess.py:93} INFO - Requirement already satisfied: mistune>=0.8.4 in /home/***/.local/lib/python3.8/site-packages (from great_expectations) (3.2.0)
[2026-01-22T22:33:30.255+0000] {subprocess.py:93} INFO - Requirement already satisfied: makefun<2,>=1.7.0 in /home/***/.local/lib/python3.8/site-packages (from great_expectations) (1.16.0)
[2026-01-22T22:33:30.256+0000] {subprocess.py:93} INFO - Requirement already satisfied: typing-extensions>=4.1.0 in /home/***/.local/lib/python3.8/site-packages (from great_expectations) (4.7.1)
[2026-01-22T22:33:30.256+0000] {subprocess.py:93} INFO - Requirement already satisfied: ipywidgets>=7.5.1 in /home/***/.local/lib/python3.8/site-packages (from great_expectations) (8.1.8)
[2026-01-22T22:33:30.257+0000] {subprocess.py:93} INFO - Requirement already satisfied: tqdm>=4.59.0 in /home/***/.local/lib/python3.8/site-packages (from great_expectations) (4.67.1)
[2026-01-22T22:33:30.291+0000] {subprocess.py:93} INFO - Requirement already satisfied: docker<8,>=4.0.0 in /home/***/.local/lib/python3.8/site-packages (from mlflow) (6.1.3)
[2026-01-22T22:33:30.292+0000] {subprocess.py:93} INFO - Requirement already satisfied: markdown<4,>=3.3 in /home/***/.local/lib/python3.8/site-packages (from mlflow) (3.4.4)
[2026-01-22T22:33:30.293+0000] {subprocess.py:93} INFO - Requirement already satisfied: Flask<4 in /home/***/.local/lib/python3.8/site-packages (from mlflow) (2.2.5)
[2026-01-22T22:33:30.293+0000] {subprocess.py:93} INFO - Requirement already satisfied: mlflow-skinny==2.17.2 in /home/***/.local/lib/python3.8/site-packages (from mlflow) (2.17.2)
[2026-01-22T22:33:30.294+0000] {subprocess.py:93} INFO - Requirement already satisfied: alembic!=1.10.0,<2 in /home/***/.local/lib/python3.8/site-packages (from mlflow) (1.12.0)
[2026-01-22T22:33:30.295+0000] {subprocess.py:93} INFO - Requirement already satisfied: sqlalchemy<3,>=1.4.0 in /home/***/.local/lib/python3.8/site-packages (from mlflow) (1.4.49)
[2026-01-22T22:33:30.295+0000] {subprocess.py:93} INFO - Requirement already satisfied: matplotlib<4 in /home/***/.local/lib/python3.8/site-packages (from mlflow) (3.7.5)
[2026-01-22T22:33:30.296+0000] {subprocess.py:93} INFO - Requirement already satisfied: graphene<4 in /home/***/.local/lib/python3.8/site-packages (from mlflow) (3.4.3)
[2026-01-22T22:33:30.297+0000] {subprocess.py:93} INFO - Requirement already satisfied: gunicorn<24 in /home/***/.local/lib/python3.8/site-packages (from mlflow) (21.2.0)
[2026-01-22T22:33:30.329+0000] {subprocess.py:93} INFO - Requirement already satisfied: databricks-sdk<1,>=0.20.0 in /home/***/.local/lib/python3.8/site-packages (from mlflow-skinny==2.17.2->mlflow) (0.80.0)
[2026-01-22T22:33:30.330+0000] {subprocess.py:93} INFO - Requirement already satisfied: importlib-metadata!=4.7.0,<9,>=3.7.0 in /home/***/.local/lib/python3.8/site-packages (from mlflow-skinny==2.17.2->mlflow) (6.8.0)
[2026-01-22T22:33:30.331+0000] {subprocess.py:93} INFO - Requirement already satisfied: click<9,>=7.0 in /home/***/.local/lib/python3.8/site-packages (from mlflow-skinny==2.17.2->mlflow) (8.1.7)
[2026-01-22T22:33:30.331+0000] {subprocess.py:93} INFO - Requirement already satisfied: sqlparse<1,>=0.4.0 in /home/***/.local/lib/python3.8/site-packages (from mlflow-skinny==2.17.2->mlflow) (0.4.4)
[2026-01-22T22:33:30.332+0000] {subprocess.py:93} INFO - Requirement already satisfied: opentelemetry-sdk<3,>=1.9.0 in /home/***/.local/lib/python3.8/site-packages (from mlflow-skinny==2.17.2->mlflow) (1.20.0)
[2026-01-22T22:33:30.332+0000] {subprocess.py:93} INFO - Requirement already satisfied: cachetools<6,>=5.0.0 in /home/***/.local/lib/python3.8/site-packages (from mlflow-skinny==2.17.2->mlflow) (5.3.1)
[2026-01-22T22:33:30.333+0000] {subprocess.py:93} INFO - Requirement already satisfied: protobuf<6,>=3.12.0 in /home/***/.local/lib/python3.8/site-packages (from mlflow-skinny==2.17.2->mlflow) (5.29.5)
[2026-01-22T22:33:30.333+0000] {subprocess.py:93} INFO - Requirement already satisfied: pyyaml<7,>=5.1 in /home/***/.local/lib/python3.8/site-packages (from mlflow-skinny==2.17.2->mlflow) (6.0.1)
[2026-01-22T22:33:30.334+0000] {subprocess.py:93} INFO - Requirement already satisfied: opentelemetry-api<3,>=1.9.0 in /home/***/.local/lib/python3.8/site-packages (from mlflow-skinny==2.17.2->mlflow) (1.20.0)
[2026-01-22T22:33:30.334+0000] {subprocess.py:93} INFO - Requirement already satisfied: cloudpickle<4 in /home/***/.local/lib/python3.8/site-packages (from mlflow-skinny==2.17.2->mlflow) (2.2.1)
[2026-01-22T22:33:30.335+0000] {subprocess.py:93} INFO - Requirement already satisfied: gitpython<4,>=3.1.9 in /home/***/.local/lib/python3.8/site-packages (from mlflow-skinny==2.17.2->mlflow) (3.1.46)
[2026-01-22T22:33:30.358+0000] {subprocess.py:93} INFO - Requirement already satisfied: threadpoolctl>=2.0.0 in /home/***/.local/lib/python3.8/site-packages (from scikit-learn) (3.5.0)
[2026-01-22T22:33:30.359+0000] {subprocess.py:93} INFO - Requirement already satisfied: joblib>=1.1.1 in /home/***/.local/lib/python3.8/site-packages (from scikit-learn) (1.4.2)
[2026-01-22T22:33:30.364+0000] {subprocess.py:93} INFO - Requirement already satisfied: botocore<1.32.0,>=1.31.17 in /home/***/.local/lib/python3.8/site-packages (from boto3) (1.31.17)
[2026-01-22T22:33:30.365+0000] {subprocess.py:93} INFO - Requirement already satisfied: jmespath<2.0.0,>=0.7.1 in /home/***/.local/lib/python3.8/site-packages (from boto3) (0.10.0)
[2026-01-22T22:33:30.366+0000] {subprocess.py:93} INFO - Requirement already satisfied: s3transfer<0.7.0,>=0.6.0 in /home/***/.local/lib/python3.8/site-packages (from boto3) (0.6.2)
[2026-01-22T22:33:30.375+0000] {subprocess.py:93} INFO - Requirement already satisfied: aioitertools<1.0.0,>=0.5.1 in /home/***/.local/lib/python3.8/site-packages (from aiobotocore<3.0.0,>=2.5.4->s3fs) (0.11.0)
[2026-01-22T22:33:30.375+0000] {subprocess.py:93} INFO - Requirement already satisfied: wrapt<2.0.0,>=1.10.10 in /home/***/.local/lib/python3.8/site-packages (from aiobotocore<3.0.0,>=2.5.4->s3fs) (1.15.0)
[2026-01-22T22:33:30.386+0000] {subprocess.py:93} INFO - Requirement already satisfied: yarl<2.0,>=1.0 in /home/***/.local/lib/python3.8/site-packages (from aiohttp!=4.0.0a0,!=4.0.0a1->s3fs) (1.9.2)
[2026-01-22T22:33:30.386+0000] {subprocess.py:93} INFO - Requirement already satisfied: async-timeout<5.0,>=4.0.0a3 in /home/***/.local/lib/python3.8/site-packages (from aiohttp!=4.0.0a0,!=4.0.0a1->s3fs) (4.0.3)
[2026-01-22T22:33:30.387+0000] {subprocess.py:93} INFO - Requirement already satisfied: aiosignal>=1.1.2 in /home/***/.local/lib/python3.8/site-packages (from aiohttp!=4.0.0a0,!=4.0.0a1->s3fs) (1.3.1)
[2026-01-22T22:33:30.388+0000] {subprocess.py:93} INFO - Requirement already satisfied: attrs>=17.3.0 in /home/***/.local/lib/python3.8/site-packages (from aiohttp!=4.0.0a0,!=4.0.0a1->s3fs) (23.1.0)
[2026-01-22T22:33:30.388+0000] {subprocess.py:93} INFO - Requirement already satisfied: charset-normalizer<4.0,>=2.0 in /home/***/.local/lib/python3.8/site-packages (from aiohttp!=4.0.0a0,!=4.0.0a1->s3fs) (3.2.0)
[2026-01-22T22:33:30.389+0000] {subprocess.py:93} INFO - Requirement already satisfied: multidict<7.0,>=4.5 in /home/***/.local/lib/python3.8/site-packages (from aiohttp!=4.0.0a0,!=4.0.0a1->s3fs) (6.0.4)
[2026-01-22T22:33:30.389+0000] {subprocess.py:93} INFO - Requirement already satisfied: frozenlist>=1.1.1 in /home/***/.local/lib/python3.8/site-packages (from aiohttp!=4.0.0a0,!=4.0.0a1->s3fs) (1.4.0)
[2026-01-22T22:33:30.396+0000] {subprocess.py:93} INFO - Requirement already satisfied: importlib-resources in /home/***/.local/lib/python3.8/site-packages (from alembic!=1.10.0,<2->mlflow) (6.0.1)
[2026-01-22T22:33:30.396+0000] {subprocess.py:93} INFO - Requirement already satisfied: Mako in /home/***/.local/lib/python3.8/site-packages (from alembic!=1.10.0,<2->mlflow) (1.2.4)
[2026-01-22T22:33:30.405+0000] {subprocess.py:93} INFO - Requirement already satisfied: entrypoints in /home/***/.local/lib/python3.8/site-packages (from altair<5.0.0,>=4.2.1->great_expectations) (0.4)
[2026-01-22T22:33:30.406+0000] {subprocess.py:93} INFO - Requirement already satisfied: toolz in /home/***/.local/lib/python3.8/site-packages (from altair<5.0.0,>=4.2.1->great_expectations) (0.12.0)
[2026-01-22T22:33:30.423+0000] {subprocess.py:93} INFO - Requirement already satisfied: cffi>=1.12 in /home/***/.local/lib/python3.8/site-packages (from cryptography>=3.2->great_expectations) (1.15.1)
[2026-01-22T22:33:30.429+0000] {subprocess.py:93} INFO - Requirement already satisfied: websocket-client>=0.32.0 in /home/***/.local/lib/python3.8/site-packages (from docker<8,>=4.0.0->mlflow) (1.6.2)
[2026-01-22T22:33:30.437+0000] {subprocess.py:93} INFO - Requirement already satisfied: Werkzeug>=2.2.2 in /home/***/.local/lib/python3.8/site-packages (from Flask<4->mlflow) (2.2.3)
[2026-01-22T22:33:30.438+0000] {subprocess.py:93} INFO - Requirement already satisfied: itsdangerous>=2.0 in /home/***/.local/lib/python3.8/site-packages (from Flask<4->mlflow) (2.1.2)
[2026-01-22T22:33:30.453+0000] {subprocess.py:93} INFO - Requirement already satisfied: graphql-relay<3.3,>=3.1 in /home/***/.local/lib/python3.8/site-packages (from graphene<4->mlflow) (3.2.0)
[2026-01-22T22:33:30.454+0000] {subprocess.py:93} INFO - Requirement already satisfied: graphql-core<3.3,>=3.1 in /home/***/.local/lib/python3.8/site-packages (from graphene<4->mlflow) (3.2.7)
[2026-01-22T22:33:30.503+0000] {subprocess.py:93} INFO - Requirement already satisfied: backcall in /home/***/.local/lib/python3.8/site-packages (from Ipython>=7.16.3->great_expectations) (0.2.0)
[2026-01-22T22:33:30.503+0000] {subprocess.py:93} INFO - Requirement already satisfied: decorator in /home/***/.local/lib/python3.8/site-packages (from Ipython>=7.16.3->great_expectations) (5.1.1)
[2026-01-22T22:33:30.503+0000] {subprocess.py:93} INFO - Requirement already satisfied: pickleshare in /home/***/.local/lib/python3.8/site-packages (from Ipython>=7.16.3->great_expectations) (0.7.5)
[2026-01-22T22:33:30.504+0000] {subprocess.py:93} INFO - Requirement already satisfied: jedi>=0.16 in /home/***/.local/lib/python3.8/site-packages (from Ipython>=7.16.3->great_expectations) (0.19.2)
[2026-01-22T22:33:30.505+0000] {subprocess.py:93} INFO - Requirement already satisfied: prompt-toolkit!=3.0.37,<3.1.0,>=3.0.30 in /home/***/.local/lib/python3.8/site-packages (from Ipython>=7.16.3->great_expectations) (3.0.39)
[2026-01-22T22:33:30.505+0000] {subprocess.py:93} INFO - Requirement already satisfied: stack-data in /home/***/.local/lib/python3.8/site-packages (from Ipython>=7.16.3->great_expectations) (0.6.3)
[2026-01-22T22:33:30.506+0000] {subprocess.py:93} INFO - Requirement already satisfied: pexpect>4.3 in /home/***/.local/lib/python3.8/site-packages (from Ipython>=7.16.3->great_expectations) (4.9.0)
[2026-01-22T22:33:30.507+0000] {subprocess.py:93} INFO - Requirement already satisfied: pygments>=2.4.0 in /home/***/.local/lib/python3.8/site-packages (from Ipython>=7.16.3->great_expectations) (2.16.1)
[2026-01-22T22:33:30.508+0000] {subprocess.py:93} INFO - Requirement already satisfied: traitlets>=5 in /home/***/.local/lib/python3.8/site-packages (from Ipython>=7.16.3->great_expectations) (5.14.3)
[2026-01-22T22:33:30.508+0000] {subprocess.py:93} INFO - Requirement already satisfied: matplotlib-inline in /home/***/.local/lib/python3.8/site-packages (from Ipython>=7.16.3->great_expectations) (0.1.7)
[2026-01-22T22:33:30.516+0000] {subprocess.py:93} INFO - Requirement already satisfied: comm>=0.1.3 in /home/***/.local/lib/python3.8/site-packages (from ipywidgets>=7.5.1->great_expectations) (0.2.3)
[2026-01-22T22:33:30.517+0000] {subprocess.py:93} INFO - Requirement already satisfied: jupyterlab_widgets~=3.0.15 in /home/***/.local/lib/python3.8/site-packages (from ipywidgets>=7.5.1->great_expectations) (3.0.16)
[2026-01-22T22:33:30.518+0000] {subprocess.py:93} INFO - Requirement already satisfied: widgetsnbextension~=4.0.14 in /home/***/.local/lib/python3.8/site-packages (from ipywidgets>=7.5.1->great_expectations) (4.0.15)
[2026-01-22T22:33:30.522+0000] {subprocess.py:93} INFO - Requirement already satisfied: MarkupSafe>=2.0 in /home/***/.local/lib/python3.8/site-packages (from jinja2>=2.10->great_expectations) (2.1.3)
[2026-01-22T22:33:30.569+0000] {subprocess.py:93} INFO - Requirement already satisfied: pkgutil-resolve-name>=1.3.10 in /home/***/.local/lib/python3.8/site-packages (from jsonschema>=2.5.1->great_expectations) (1.3.10)
[2026-01-22T22:33:30.570+0000] {subprocess.py:93} INFO - Requirement already satisfied: jsonschema-specifications>=2023.03.6 in /home/***/.local/lib/python3.8/site-packages (from jsonschema>=2.5.1->great_expectations) (2023.7.1)
[2026-01-22T22:33:30.570+0000] {subprocess.py:93} INFO - Requirement already satisfied: referencing>=0.28.4 in /home/***/.local/lib/python3.8/site-packages (from jsonschema>=2.5.1->great_expectations) (0.30.2)
[2026-01-22T22:33:30.571+0000] {subprocess.py:93} INFO - Requirement already satisfied: rpds-py>=0.7.1 in /home/***/.local/lib/python3.8/site-packages (from jsonschema>=2.5.1->great_expectations) (0.10.2)
[2026-01-22T22:33:30.603+0000] {subprocess.py:93} INFO - Requirement already satisfied: fonttools>=4.22.0 in /home/***/.local/lib/python3.8/site-packages (from matplotlib<4->mlflow) (4.57.0)
[2026-01-22T22:33:30.604+0000] {subprocess.py:93} INFO - Requirement already satisfied: cycler>=0.10 in /home/***/.local/lib/python3.8/site-packages (from matplotlib<4->mlflow) (0.12.1)
[2026-01-22T22:33:30.605+0000] {subprocess.py:93} INFO - Requirement already satisfied: pillow>=6.2.0 in /home/***/.local/lib/python3.8/site-packages (from matplotlib<4->mlflow) (10.4.0)
[2026-01-22T22:33:30.605+0000] {subprocess.py:93} INFO - Requirement already satisfied: kiwisolver>=1.0.1 in /home/***/.local/lib/python3.8/site-packages (from matplotlib<4->mlflow) (1.4.7)
[2026-01-22T22:33:30.606+0000] {subprocess.py:93} INFO - Requirement already satisfied: contourpy>=1.0.1 in /home/***/.local/lib/python3.8/site-packages (from matplotlib<4->mlflow) (1.1.1)
[2026-01-22T22:33:30.627+0000] {subprocess.py:93} INFO - Requirement already satisfied: six>=1.5 in /home/***/.local/lib/python3.8/site-packages (from posthog<3,>=2.1.0->great_expectations) (1.16.0)
[2026-01-22T22:33:30.628+0000] {subprocess.py:93} INFO - Requirement already satisfied: backoff>=1.10.0 in /home/***/.local/lib/python3.8/site-packages (from posthog<3,>=2.1.0->great_expectations) (1.10.0)
[2026-01-22T22:33:30.628+0000] {subprocess.py:93} INFO - Requirement already satisfied: monotonic>=1.5 in /home/***/.local/lib/python3.8/site-packages (from posthog<3,>=2.1.0->great_expectations) (1.6)
[2026-01-22T22:33:30.639+0000] {subprocess.py:93} INFO - Requirement already satisfied: pydantic-core==2.6.3 in /home/***/.local/lib/python3.8/site-packages (from pydantic>=1.10.7->great_expectations) (2.6.3)
[2026-01-22T22:33:30.640+0000] {subprocess.py:93} INFO - Requirement already satisfied: annotated-types>=0.4.0 in /home/***/.local/lib/python3.8/site-packages (from pydantic>=1.10.7->great_expectations) (0.5.0)
[2026-01-22T22:33:30.665+0000] {subprocess.py:93} INFO - Requirement already satisfied: certifi>=2017.4.17 in /home/***/.local/lib/python3.8/site-packages (from requests>=2.20->great_expectations) (2023.7.22)
[2026-01-22T22:33:30.665+0000] {subprocess.py:93} INFO - Requirement already satisfied: idna<4,>=2.5 in /home/***/.local/lib/python3.8/site-packages (from requests>=2.20->great_expectations) (3.4)
[2026-01-22T22:33:30.675+0000] {subprocess.py:93} INFO - Requirement already satisfied: ruamel.yaml.clib>=0.2.7 in /home/***/.local/lib/python3.8/site-packages (from ruamel.yaml>=0.16->great_expectations) (0.2.8)
[2026-01-22T22:33:30.751+0000] {subprocess.py:93} INFO - Requirement already satisfied: greenlet!=0.4.17 in /home/***/.local/lib/python3.8/site-packages (from sqlalchemy<3,>=1.4.0->mlflow) (2.0.2)
[2026-01-22T22:33:30.782+0000] {subprocess.py:93} INFO - Requirement already satisfied: backports.zoneinfo in /home/***/.local/lib/python3.8/site-packages (from tzlocal>=1.2->great_expectations) (0.2.1)
[2026-01-22T22:33:30.852+0000] {subprocess.py:93} INFO - Requirement already satisfied: pycparser in /home/***/.local/lib/python3.8/site-packages (from cffi>=1.12->cryptography>=3.2->great_expectations) (2.21)
[2026-01-22T22:33:30.916+0000] {subprocess.py:93} INFO - Requirement already satisfied: google-auth~=2.0 in /home/***/.local/lib/python3.8/site-packages (from databricks-sdk<1,>=0.20.0->mlflow-skinny==2.17.2->mlflow) (2.22.0)
[2026-01-22T22:33:30.967+0000] {subprocess.py:93} INFO - Requirement already satisfied: gitdb<5,>=4.0.1 in /home/***/.local/lib/python3.8/site-packages (from gitpython<4,>=3.1.9->mlflow-skinny==2.17.2->mlflow) (4.0.12)
[2026-01-22T22:33:31.010+0000] {subprocess.py:93} INFO - Requirement already satisfied: zipp>=0.5 in /home/***/.local/lib/python3.8/site-packages (from importlib-metadata!=4.7.0,<9,>=3.7.0->mlflow-skinny==2.17.2->mlflow) (3.16.2)
[2026-01-22T22:33:31.055+0000] {subprocess.py:93} INFO - Requirement already satisfied: parso<0.9.0,>=0.8.4 in /home/***/.local/lib/python3.8/site-packages (from jedi>=0.16->Ipython>=7.16.3->great_expectations) (0.8.5)
[2026-01-22T22:33:31.093+0000] {subprocess.py:93} INFO - Requirement already satisfied: deprecated>=1.2.6 in /home/***/.local/lib/python3.8/site-packages (from opentelemetry-api<3,>=1.9.0->mlflow-skinny==2.17.2->mlflow) (1.2.14)
[2026-01-22T22:33:31.101+0000] {subprocess.py:93} INFO - Requirement already satisfied: opentelemetry-semantic-conventions==0.41b0 in /home/***/.local/lib/python3.8/site-packages (from opentelemetry-sdk<3,>=1.9.0->mlflow-skinny==2.17.2->mlflow) (0.41b0)
[2026-01-22T22:33:31.112+0000] {subprocess.py:93} INFO - Requirement already satisfied: ptyprocess>=0.5 in /home/***/.local/lib/python3.8/site-packages (from pexpect>4.3->Ipython>=7.16.3->great_expectations) (0.7.0)
[2026-01-22T22:33:31.142+0000] {subprocess.py:93} INFO - Requirement already satisfied: wcwidth in /home/***/.local/lib/python3.8/site-packages (from prompt-toolkit!=3.0.37,<3.1.0,>=3.0.30->Ipython>=7.16.3->great_expectations) (0.2.6)
[2026-01-22T22:33:31.307+0000] {subprocess.py:93} INFO - Requirement already satisfied: asttokens>=2.1.0 in /home/***/.local/lib/python3.8/site-packages (from stack-data->Ipython>=7.16.3->great_expectations) (3.0.1)
[2026-01-22T22:33:31.307+0000] {subprocess.py:93} INFO - Requirement already satisfied: executing>=1.2.0 in /home/***/.local/lib/python3.8/site-packages (from stack-data->Ipython>=7.16.3->great_expectations) (2.2.1)
[2026-01-22T22:33:31.308+0000] {subprocess.py:93} INFO - Requirement already satisfied: pure-eval in /home/***/.local/lib/python3.8/site-packages (from stack-data->Ipython>=7.16.3->great_expectations) (0.2.3)
[2026-01-22T22:33:31.354+0000] {subprocess.py:93} INFO - Requirement already satisfied: smmap<6,>=3.0.1 in /home/***/.local/lib/python3.8/site-packages (from gitdb<5,>=4.0.1->gitpython<4,>=3.1.9->mlflow-skinny==2.17.2->mlflow) (5.0.2)
[2026-01-22T22:33:31.371+0000] {subprocess.py:93} INFO - Requirement already satisfied: rsa<5,>=3.1.4 in /home/***/.local/lib/python3.8/site-packages (from google-auth~=2.0->databricks-sdk<1,>=0.20.0->mlflow-skinny==2.17.2->mlflow) (4.9)
[2026-01-22T22:33:31.372+0000] {subprocess.py:93} INFO - Requirement already satisfied: pyasn1-modules>=0.2.1 in /home/***/.local/lib/python3.8/site-packages (from google-auth~=2.0->databricks-sdk<1,>=0.20.0->mlflow-skinny==2.17.2->mlflow) (0.2.8)
[2026-01-22T22:33:31.433+0000] {subprocess.py:93} INFO - Requirement already satisfied: pyasn1<0.5.0,>=0.4.6 in /home/***/.local/lib/python3.8/site-packages (from pyasn1-modules>=0.2.1->google-auth~=2.0->databricks-sdk<1,>=0.20.0->mlflow-skinny==2.17.2->mlflow) (0.4.8)
[2026-01-22T22:33:34.633+0000] {subprocess.py:93} INFO - 
[2026-01-22T22:33:34.633+0000] {subprocess.py:93} INFO - [notice] A new release of pip is available: 23.0.1 -> 25.0.1
[2026-01-22T22:33:34.633+0000] {subprocess.py:93} INFO - [notice] To update, run: pip install --upgrade pip
[2026-01-22T22:33:34.855+0000] {subprocess.py:97} INFO - Command exited with return code 0
[2026-01-22T22:33:34.884+0000] {taskinstance.py:1398} INFO - Marking task as SUCCESS. dag_id=3_mlops_full_pipeline, task_id=install_requirements, execution_date=20260122T223327, start_date=20260122T223328, end_date=20260122T223334
[2026-01-22T22:33:34.904+0000] {local_task_job_runner.py:228} INFO - Task exited with return code 0
[2026-01-22T22:33:34.927+0000] {taskinstance.py:2776} INFO - 1 downstream tasks scheduled from follow-on schedule check
