[2026-01-22T23:30:17.308+0000] {taskinstance.py:1157} INFO - Dependencies all met for dep_context=non-requeueable deps ti=<TaskInstance: 3_mlops_full_pipeline.spark_bronze_to_silver manual__2026-01-22T23:29:04+00:00 [queued]>
[2026-01-22T23:30:17.325+0000] {taskinstance.py:1157} INFO - Dependencies all met for dep_context=requeueable deps ti=<TaskInstance: 3_mlops_full_pipeline.spark_bronze_to_silver manual__2026-01-22T23:29:04+00:00 [queued]>
[2026-01-22T23:30:17.325+0000] {taskinstance.py:1359} INFO - Starting attempt 1 of 1
[2026-01-22T23:30:17.350+0000] {taskinstance.py:1380} INFO - Executing <Task(BashOperator): spark_bronze_to_silver> on 2026-01-22 23:29:04+00:00
[2026-01-22T23:30:17.357+0000] {standard_task_runner.py:57} INFO - Started process 321 to run task
[2026-01-22T23:30:17.364+0000] {standard_task_runner.py:84} INFO - Running: ['***', 'tasks', 'run', '3_mlops_full_pipeline', 'spark_bronze_to_silver', 'manual__2026-01-22T23:29:04+00:00', '--job-id', '5', '--raw', '--subdir', 'DAGS_FOLDER/mlops_pipeline.py', '--cfg-path', '/tmp/tmp1rv82g6h']
[2026-01-22T23:30:17.367+0000] {standard_task_runner.py:85} INFO - Job 5: Subtask spark_bronze_to_silver
[2026-01-22T23:30:17.432+0000] {task_command.py:415} INFO - Running <TaskInstance: 3_mlops_full_pipeline.spark_bronze_to_silver manual__2026-01-22T23:29:04+00:00 [running]> on host c636ac6d211b
[2026-01-22T23:30:17.518+0000] {taskinstance.py:1660} INFO - Exporting env vars: AIRFLOW_CTX_DAG_OWNER='***' AIRFLOW_CTX_DAG_ID='3_mlops_full_pipeline' AIRFLOW_CTX_TASK_ID='spark_bronze_to_silver' AIRFLOW_CTX_EXECUTION_DATE='2026-01-22T23:29:04+00:00' AIRFLOW_CTX_TRY_NUMBER='1' AIRFLOW_CTX_DAG_RUN_ID='manual__2026-01-22T23:29:04+00:00'
[2026-01-22T23:30:17.520+0000] {subprocess.py:63} INFO - Tmp dir root location: /tmp
[2026-01-22T23:30:17.521+0000] {subprocess.py:75} INFO - Running command: ['/bin/bash', '-c', '\n        # Added \'-u 0\' flag to run as root\n        docker exec -u 0 -i spark-master /opt/spark/bin/spark-submit         --packages io.delta:delta-spark_2.12:3.1.0,org.apache.hadoop:hadoop-aws:3.3.4         --conf "spark.sql.extensions=io.delta.sql.DeltaSparkSessionExtension"         --conf "spark.sql.catalog.spark_catalog=org.apache.spark.sql.delta.catalog.DeltaCatalog"         /opt/spark-jobs/bronze_to_silver.py\n        ']
[2026-01-22T23:30:17.536+0000] {subprocess.py:86} INFO - Output:
[2026-01-22T23:30:20.384+0000] {subprocess.py:93} INFO - :: loading settings :: url = jar:file:/opt/spark/jars/ivy-2.5.1.jar!/org/apache/ivy/core/settings/ivysettings.xml
[2026-01-22T23:30:20.562+0000] {subprocess.py:93} INFO - Ivy Default Cache set to: /root/.ivy2/cache
[2026-01-22T23:30:20.563+0000] {subprocess.py:93} INFO - The jars for the packages stored in: /root/.ivy2/jars
[2026-01-22T23:30:20.579+0000] {subprocess.py:93} INFO - io.delta#delta-spark_2.12 added as a dependency
[2026-01-22T23:30:20.581+0000] {subprocess.py:93} INFO - org.apache.hadoop#hadoop-aws added as a dependency
[2026-01-22T23:30:20.582+0000] {subprocess.py:93} INFO - :: resolving dependencies :: org.apache.spark#spark-submit-parent-8aa3b8c5-f168-45ba-ba7f-117c8ea44ea3;1.0
[2026-01-22T23:30:20.583+0000] {subprocess.py:93} INFO - 	confs: [default]
[2026-01-22T23:30:21.306+0000] {subprocess.py:93} INFO - 	found io.delta#delta-spark_2.12;3.1.0 in central
[2026-01-22T23:30:21.371+0000] {subprocess.py:93} INFO - 	found io.delta#delta-storage;3.1.0 in central
[2026-01-22T23:30:22.249+0000] {subprocess.py:93} INFO - 	found org.antlr#antlr4-runtime;4.9.3 in central
[2026-01-22T23:30:22.646+0000] {subprocess.py:93} INFO - 	found org.apache.hadoop#hadoop-aws;3.3.4 in central
[2026-01-22T23:30:22.821+0000] {subprocess.py:93} INFO - 	found com.amazonaws#aws-java-sdk-bundle;1.12.262 in central
[2026-01-22T23:30:23.266+0000] {subprocess.py:93} INFO - 	found org.wildfly.openssl#wildfly-openssl;1.0.7.Final in central
[2026-01-22T23:30:23.300+0000] {subprocess.py:93} INFO - downloading https://repo1.maven.org/maven2/io/delta/delta-spark_2.12/3.1.0/delta-spark_2.12-3.1.0.jar ...
[2026-01-22T23:30:23.988+0000] {subprocess.py:93} INFO - 	[SUCCESSFUL ] io.delta#delta-spark_2.12;3.1.0!delta-spark_2.12.jar (711ms)
[2026-01-22T23:30:24.011+0000] {subprocess.py:93} INFO - downloading https://repo1.maven.org/maven2/org/apache/hadoop/hadoop-aws/3.3.4/hadoop-aws-3.3.4.jar ...
[2026-01-22T23:30:24.123+0000] {subprocess.py:93} INFO - 	[SUCCESSFUL ] org.apache.hadoop#hadoop-aws;3.3.4!hadoop-aws.jar (134ms)
[2026-01-22T23:30:24.141+0000] {subprocess.py:93} INFO - downloading https://repo1.maven.org/maven2/io/delta/delta-storage/3.1.0/delta-storage-3.1.0.jar ...
[2026-01-22T23:30:24.160+0000] {subprocess.py:93} INFO - 	[SUCCESSFUL ] io.delta#delta-storage;3.1.0!delta-storage.jar (36ms)
[2026-01-22T23:30:24.179+0000] {subprocess.py:93} INFO - downloading https://repo1.maven.org/maven2/org/antlr/antlr4-runtime/4.9.3/antlr4-runtime-4.9.3.jar ...
[2026-01-22T23:30:24.232+0000] {subprocess.py:93} INFO - 	[SUCCESSFUL ] org.antlr#antlr4-runtime;4.9.3!antlr4-runtime.jar (71ms)
[2026-01-22T23:30:24.257+0000] {subprocess.py:93} INFO - downloading https://repo1.maven.org/maven2/com/amazonaws/aws-java-sdk-bundle/1.12.262/aws-java-sdk-bundle-1.12.262.jar ...
[2026-01-22T23:30:39.770+0000] {subprocess.py:93} INFO - 	[SUCCESSFUL ] com.amazonaws#aws-java-sdk-bundle;1.12.262!aws-java-sdk-bundle.jar (15536ms)
[2026-01-22T23:30:39.796+0000] {subprocess.py:93} INFO - downloading https://repo1.maven.org/maven2/org/wildfly/openssl/wildfly-openssl/1.0.7.Final/wildfly-openssl-1.0.7.Final.jar ...
[2026-01-22T23:30:39.853+0000] {subprocess.py:93} INFO - 	[SUCCESSFUL ] org.wildfly.openssl#wildfly-openssl;1.0.7.Final!wildfly-openssl.jar (78ms)
[2026-01-22T23:30:39.854+0000] {subprocess.py:93} INFO - :: resolution report :: resolve 2696ms :: artifacts dl 16578ms
[2026-01-22T23:30:39.855+0000] {subprocess.py:93} INFO - 	:: modules in use:
[2026-01-22T23:30:39.855+0000] {subprocess.py:93} INFO - 	com.amazonaws#aws-java-sdk-bundle;1.12.262 from central in [default]
[2026-01-22T23:30:39.856+0000] {subprocess.py:93} INFO - 	io.delta#delta-spark_2.12;3.1.0 from central in [default]
[2026-01-22T23:30:39.856+0000] {subprocess.py:93} INFO - 	io.delta#delta-storage;3.1.0 from central in [default]
[2026-01-22T23:30:39.856+0000] {subprocess.py:93} INFO - 	org.antlr#antlr4-runtime;4.9.3 from central in [default]
[2026-01-22T23:30:39.857+0000] {subprocess.py:93} INFO - 	org.apache.hadoop#hadoop-aws;3.3.4 from central in [default]
[2026-01-22T23:30:39.857+0000] {subprocess.py:93} INFO - 	org.wildfly.openssl#wildfly-openssl;1.0.7.Final from central in [default]
[2026-01-22T23:30:39.857+0000] {subprocess.py:93} INFO - 	---------------------------------------------------------------------
[2026-01-22T23:30:39.857+0000] {subprocess.py:93} INFO - 	|                  |            modules            ||   artifacts   |
[2026-01-22T23:30:39.857+0000] {subprocess.py:93} INFO - 	|       conf       | number| search|dwnlded|evicted|| number|dwnlded|
[2026-01-22T23:30:39.858+0000] {subprocess.py:93} INFO - 	---------------------------------------------------------------------
[2026-01-22T23:30:39.858+0000] {subprocess.py:93} INFO - 	|      default     |   6   |   6   |   6   |   0   ||   6   |   6   |
[2026-01-22T23:30:39.858+0000] {subprocess.py:93} INFO - 	---------------------------------------------------------------------
[2026-01-22T23:30:39.873+0000] {subprocess.py:93} INFO - :: retrieving :: org.apache.spark#spark-submit-parent-8aa3b8c5-f168-45ba-ba7f-117c8ea44ea3
[2026-01-22T23:30:39.874+0000] {subprocess.py:93} INFO - 	confs: [default]
[2026-01-22T23:30:47.028+0000] {subprocess.py:93} INFO - 	6 artifacts copied, 0 already retrieved (281149kB/7153ms)
[2026-01-22T23:30:47.526+0000] {subprocess.py:93} INFO - 26/01/22 23:30:47 WARN NativeCodeLoader: Unable to load native-hadoop library for your platform... using builtin-java classes where applicable
[2026-01-22T23:30:49.418+0000] {subprocess.py:93} INFO - >>> Initializing Spark Session (Bronze -> Silver)...
[2026-01-22T23:30:49.797+0000] {subprocess.py:93} INFO - 26/01/22 23:30:49 INFO SparkContext: Running Spark version 3.5.1
[2026-01-22T23:30:49.798+0000] {subprocess.py:93} INFO - 26/01/22 23:30:49 INFO SparkContext: OS info Linux, 6.6.87.1-microsoft-standard-WSL2, amd64
[2026-01-22T23:30:49.800+0000] {subprocess.py:93} INFO - 26/01/22 23:30:49 INFO SparkContext: Java version 11.0.22
[2026-01-22T23:30:49.872+0000] {subprocess.py:93} INFO - 26/01/22 23:30:49 INFO ResourceUtils: ==============================================================
[2026-01-22T23:30:49.873+0000] {subprocess.py:93} INFO - 26/01/22 23:30:49 INFO ResourceUtils: No custom resources configured for spark.driver.
[2026-01-22T23:30:49.873+0000] {subprocess.py:93} INFO - 26/01/22 23:30:49 INFO ResourceUtils: ==============================================================
[2026-01-22T23:30:49.874+0000] {subprocess.py:93} INFO - 26/01/22 23:30:49 INFO SparkContext: Submitted application: BronzeToSilver
[2026-01-22T23:30:49.935+0000] {subprocess.py:93} INFO - 26/01/22 23:30:49 INFO ResourceProfile: Default ResourceProfile created, executor resources: Map(cores -> name: cores, amount: 1, script: , vendor: , memory -> name: memory, amount: 1024, script: , vendor: , offHeap -> name: offHeap, amount: 0, script: , vendor: ), task resources: Map(cpus -> name: cpus, amount: 1.0)
[2026-01-22T23:30:49.964+0000] {subprocess.py:93} INFO - 26/01/22 23:30:49 INFO ResourceProfile: Limiting resource is cpu
[2026-01-22T23:30:49.966+0000] {subprocess.py:93} INFO - 26/01/22 23:30:49 INFO ResourceProfileManager: Added ResourceProfile id: 0
[2026-01-22T23:30:50.094+0000] {subprocess.py:93} INFO - 26/01/22 23:30:50 INFO SecurityManager: Changing view acls to: root
[2026-01-22T23:30:50.095+0000] {subprocess.py:93} INFO - 26/01/22 23:30:50 INFO SecurityManager: Changing modify acls to: root
[2026-01-22T23:30:50.096+0000] {subprocess.py:93} INFO - 26/01/22 23:30:50 INFO SecurityManager: Changing view acls groups to:
[2026-01-22T23:30:50.096+0000] {subprocess.py:93} INFO - 26/01/22 23:30:50 INFO SecurityManager: Changing modify acls groups to:
[2026-01-22T23:30:50.097+0000] {subprocess.py:93} INFO - 26/01/22 23:30:50 INFO SecurityManager: SecurityManager: authentication disabled; ui acls disabled; users with view permissions: root; groups with view permissions: EMPTY; users with modify permissions: root; groups with modify permissions: EMPTY
[2026-01-22T23:30:51.330+0000] {subprocess.py:93} INFO - 26/01/22 23:30:51 INFO Utils: Successfully started service 'sparkDriver' on port 37811.
[2026-01-22T23:30:51.418+0000] {subprocess.py:93} INFO - 26/01/22 23:30:51 INFO SparkEnv: Registering MapOutputTracker
[2026-01-22T23:30:51.521+0000] {subprocess.py:93} INFO - 26/01/22 23:30:51 INFO SparkEnv: Registering BlockManagerMaster
[2026-01-22T23:30:51.576+0000] {subprocess.py:93} INFO - 26/01/22 23:30:51 INFO BlockManagerMasterEndpoint: Using org.apache.spark.storage.DefaultTopologyMapper for getting topology information
[2026-01-22T23:30:51.578+0000] {subprocess.py:93} INFO - 26/01/22 23:30:51 INFO BlockManagerMasterEndpoint: BlockManagerMasterEndpoint up
[2026-01-22T23:30:51.592+0000] {subprocess.py:93} INFO - 26/01/22 23:30:51 INFO SparkEnv: Registering BlockManagerMasterHeartbeat
[2026-01-22T23:30:51.721+0000] {subprocess.py:93} INFO - 26/01/22 23:30:51 INFO DiskBlockManager: Created local directory at /tmp/blockmgr-8318be83-2e70-4f75-8416-8ac89bf31c65
[2026-01-22T23:30:51.779+0000] {subprocess.py:93} INFO - 26/01/22 23:30:51 INFO MemoryStore: MemoryStore started with capacity 434.4 MiB
[2026-01-22T23:30:51.825+0000] {subprocess.py:93} INFO - 26/01/22 23:30:51 INFO SparkEnv: Registering OutputCommitCoordinator
[2026-01-22T23:30:52.387+0000] {subprocess.py:93} INFO - 26/01/22 23:30:52 INFO JettyUtils: Start Jetty 0.0.0.0:4040 for SparkUI
[2026-01-22T23:30:52.655+0000] {subprocess.py:93} INFO - 26/01/22 23:30:52 INFO Utils: Successfully started service 'SparkUI' on port 4040.
[2026-01-22T23:30:52.887+0000] {subprocess.py:93} INFO - 26/01/22 23:30:52 INFO SparkContext: Added JAR file:///root/.ivy2/jars/io.delta_delta-spark_2.12-3.1.0.jar at spark://41164ea0b858:37811/jars/io.delta_delta-spark_2.12-3.1.0.jar with timestamp 1769124649770
[2026-01-22T23:30:52.890+0000] {subprocess.py:93} INFO - 26/01/22 23:30:52 INFO SparkContext: Added JAR file:///root/.ivy2/jars/org.apache.hadoop_hadoop-aws-3.3.4.jar at spark://41164ea0b858:37811/jars/org.apache.hadoop_hadoop-aws-3.3.4.jar with timestamp 1769124649770
[2026-01-22T23:30:52.891+0000] {subprocess.py:93} INFO - 26/01/22 23:30:52 INFO SparkContext: Added JAR file:///root/.ivy2/jars/io.delta_delta-storage-3.1.0.jar at spark://41164ea0b858:37811/jars/io.delta_delta-storage-3.1.0.jar with timestamp 1769124649770
[2026-01-22T23:30:52.891+0000] {subprocess.py:93} INFO - 26/01/22 23:30:52 INFO SparkContext: Added JAR file:///root/.ivy2/jars/org.antlr_antlr4-runtime-4.9.3.jar at spark://41164ea0b858:37811/jars/org.antlr_antlr4-runtime-4.9.3.jar with timestamp 1769124649770
[2026-01-22T23:30:52.892+0000] {subprocess.py:93} INFO - 26/01/22 23:30:52 INFO SparkContext: Added JAR file:///root/.ivy2/jars/com.amazonaws_aws-java-sdk-bundle-1.12.262.jar at spark://41164ea0b858:37811/jars/com.amazonaws_aws-java-sdk-bundle-1.12.262.jar with timestamp 1769124649770
[2026-01-22T23:30:52.892+0000] {subprocess.py:93} INFO - 26/01/22 23:30:52 INFO SparkContext: Added JAR file:///root/.ivy2/jars/org.wildfly.openssl_wildfly-openssl-1.0.7.Final.jar at spark://41164ea0b858:37811/jars/org.wildfly.openssl_wildfly-openssl-1.0.7.Final.jar with timestamp 1769124649770
[2026-01-22T23:30:52.903+0000] {subprocess.py:93} INFO - 26/01/22 23:30:52 INFO SparkContext: Added file file:///root/.ivy2/jars/io.delta_delta-spark_2.12-3.1.0.jar at file:///root/.ivy2/jars/io.delta_delta-spark_2.12-3.1.0.jar with timestamp 1769124649770
[2026-01-22T23:30:52.937+0000] {subprocess.py:93} INFO - 26/01/22 23:30:52 INFO Utils: Copying /root/.ivy2/jars/io.delta_delta-spark_2.12-3.1.0.jar to /tmp/spark-03eba575-1428-480e-b01a-3d2c95883d76/userFiles-fedcfb38-be4c-434f-87ee-730bd37d3fda/io.delta_delta-spark_2.12-3.1.0.jar
[2026-01-22T23:30:53.028+0000] {subprocess.py:93} INFO - 26/01/22 23:30:53 INFO SparkContext: Added file file:///root/.ivy2/jars/org.apache.hadoop_hadoop-aws-3.3.4.jar at file:///root/.ivy2/jars/org.apache.hadoop_hadoop-aws-3.3.4.jar with timestamp 1769124649770
[2026-01-22T23:30:53.029+0000] {subprocess.py:93} INFO - 26/01/22 23:30:53 INFO Utils: Copying /root/.ivy2/jars/org.apache.hadoop_hadoop-aws-3.3.4.jar to /tmp/spark-03eba575-1428-480e-b01a-3d2c95883d76/userFiles-fedcfb38-be4c-434f-87ee-730bd37d3fda/org.apache.hadoop_hadoop-aws-3.3.4.jar
[2026-01-22T23:30:53.048+0000] {subprocess.py:93} INFO - 26/01/22 23:30:53 INFO SparkContext: Added file file:///root/.ivy2/jars/io.delta_delta-storage-3.1.0.jar at file:///root/.ivy2/jars/io.delta_delta-storage-3.1.0.jar with timestamp 1769124649770
[2026-01-22T23:30:53.057+0000] {subprocess.py:93} INFO - 26/01/22 23:30:53 INFO Utils: Copying /root/.ivy2/jars/io.delta_delta-storage-3.1.0.jar to /tmp/spark-03eba575-1428-480e-b01a-3d2c95883d76/userFiles-fedcfb38-be4c-434f-87ee-730bd37d3fda/io.delta_delta-storage-3.1.0.jar
[2026-01-22T23:30:53.070+0000] {subprocess.py:93} INFO - 26/01/22 23:30:53 INFO SparkContext: Added file file:///root/.ivy2/jars/org.antlr_antlr4-runtime-4.9.3.jar at file:///root/.ivy2/jars/org.antlr_antlr4-runtime-4.9.3.jar with timestamp 1769124649770
[2026-01-22T23:30:53.071+0000] {subprocess.py:93} INFO - 26/01/22 23:30:53 INFO Utils: Copying /root/.ivy2/jars/org.antlr_antlr4-runtime-4.9.3.jar to /tmp/spark-03eba575-1428-480e-b01a-3d2c95883d76/userFiles-fedcfb38-be4c-434f-87ee-730bd37d3fda/org.antlr_antlr4-runtime-4.9.3.jar
[2026-01-22T23:30:53.089+0000] {subprocess.py:93} INFO - 26/01/22 23:30:53 INFO SparkContext: Added file file:///root/.ivy2/jars/com.amazonaws_aws-java-sdk-bundle-1.12.262.jar at file:///root/.ivy2/jars/com.amazonaws_aws-java-sdk-bundle-1.12.262.jar with timestamp 1769124649770
[2026-01-22T23:30:53.089+0000] {subprocess.py:93} INFO - 26/01/22 23:30:53 INFO Utils: Copying /root/.ivy2/jars/com.amazonaws_aws-java-sdk-bundle-1.12.262.jar to /tmp/spark-03eba575-1428-480e-b01a-3d2c95883d76/userFiles-fedcfb38-be4c-434f-87ee-730bd37d3fda/com.amazonaws_aws-java-sdk-bundle-1.12.262.jar
[2026-01-22T23:30:58.853+0000] {subprocess.py:93} INFO - 26/01/22 23:30:58 INFO SparkContext: Added file file:///root/.ivy2/jars/org.wildfly.openssl_wildfly-openssl-1.0.7.Final.jar at file:///root/.ivy2/jars/org.wildfly.openssl_wildfly-openssl-1.0.7.Final.jar with timestamp 1769124649770
[2026-01-22T23:30:58.854+0000] {subprocess.py:93} INFO - 26/01/22 23:30:58 INFO Utils: Copying /root/.ivy2/jars/org.wildfly.openssl_wildfly-openssl-1.0.7.Final.jar to /tmp/spark-03eba575-1428-480e-b01a-3d2c95883d76/userFiles-fedcfb38-be4c-434f-87ee-730bd37d3fda/org.wildfly.openssl_wildfly-openssl-1.0.7.Final.jar
[2026-01-22T23:30:59.134+0000] {subprocess.py:93} INFO - 26/01/22 23:30:59 INFO Executor: Starting executor ID driver on host 41164ea0b858
[2026-01-22T23:30:59.134+0000] {subprocess.py:93} INFO - 26/01/22 23:30:59 INFO Executor: OS info Linux, 6.6.87.1-microsoft-standard-WSL2, amd64
[2026-01-22T23:30:59.135+0000] {subprocess.py:93} INFO - 26/01/22 23:30:59 INFO Executor: Java version 11.0.22
[2026-01-22T23:30:59.166+0000] {subprocess.py:93} INFO - 26/01/22 23:30:59 INFO Executor: Starting executor with user classpath (userClassPathFirst = false): ''
[2026-01-22T23:30:59.168+0000] {subprocess.py:93} INFO - 26/01/22 23:30:59 INFO Executor: Created or updated repl class loader org.apache.spark.util.MutableURLClassLoader@7b06a5d3 for default.
[2026-01-22T23:30:59.218+0000] {subprocess.py:93} INFO - 26/01/22 23:30:59 INFO Executor: Fetching file:///root/.ivy2/jars/io.delta_delta-spark_2.12-3.1.0.jar with timestamp 1769124649770
[2026-01-22T23:30:59.323+0000] {subprocess.py:93} INFO - 26/01/22 23:30:59 INFO Utils: /root/.ivy2/jars/io.delta_delta-spark_2.12-3.1.0.jar has been previously copied to /tmp/spark-03eba575-1428-480e-b01a-3d2c95883d76/userFiles-fedcfb38-be4c-434f-87ee-730bd37d3fda/io.delta_delta-spark_2.12-3.1.0.jar
[2026-01-22T23:30:59.350+0000] {subprocess.py:93} INFO - 26/01/22 23:30:59 INFO Executor: Fetching file:///root/.ivy2/jars/org.apache.hadoop_hadoop-aws-3.3.4.jar with timestamp 1769124649770
[2026-01-22T23:30:59.353+0000] {subprocess.py:93} INFO - 26/01/22 23:30:59 INFO Utils: /root/.ivy2/jars/org.apache.hadoop_hadoop-aws-3.3.4.jar has been previously copied to /tmp/spark-03eba575-1428-480e-b01a-3d2c95883d76/userFiles-fedcfb38-be4c-434f-87ee-730bd37d3fda/org.apache.hadoop_hadoop-aws-3.3.4.jar
[2026-01-22T23:30:59.374+0000] {subprocess.py:93} INFO - 26/01/22 23:30:59 INFO Executor: Fetching file:///root/.ivy2/jars/com.amazonaws_aws-java-sdk-bundle-1.12.262.jar with timestamp 1769124649770
[2026-01-22T23:31:00.144+0000] {subprocess.py:93} INFO - 26/01/22 23:31:00 INFO Utils: /root/.ivy2/jars/com.amazonaws_aws-java-sdk-bundle-1.12.262.jar has been previously copied to /tmp/spark-03eba575-1428-480e-b01a-3d2c95883d76/userFiles-fedcfb38-be4c-434f-87ee-730bd37d3fda/com.amazonaws_aws-java-sdk-bundle-1.12.262.jar
[2026-01-22T23:31:00.151+0000] {subprocess.py:93} INFO - 26/01/22 23:31:00 INFO Executor: Fetching file:///root/.ivy2/jars/io.delta_delta-storage-3.1.0.jar with timestamp 1769124649770
[2026-01-22T23:31:00.152+0000] {subprocess.py:93} INFO - 26/01/22 23:31:00 INFO Utils: /root/.ivy2/jars/io.delta_delta-storage-3.1.0.jar has been previously copied to /tmp/spark-03eba575-1428-480e-b01a-3d2c95883d76/userFiles-fedcfb38-be4c-434f-87ee-730bd37d3fda/io.delta_delta-storage-3.1.0.jar
[2026-01-22T23:31:00.159+0000] {subprocess.py:93} INFO - 26/01/22 23:31:00 INFO Executor: Fetching file:///root/.ivy2/jars/org.antlr_antlr4-runtime-4.9.3.jar with timestamp 1769124649770
[2026-01-22T23:31:00.161+0000] {subprocess.py:93} INFO - 26/01/22 23:31:00 INFO Utils: /root/.ivy2/jars/org.antlr_antlr4-runtime-4.9.3.jar has been previously copied to /tmp/spark-03eba575-1428-480e-b01a-3d2c95883d76/userFiles-fedcfb38-be4c-434f-87ee-730bd37d3fda/org.antlr_antlr4-runtime-4.9.3.jar
[2026-01-22T23:31:00.165+0000] {subprocess.py:93} INFO - 26/01/22 23:31:00 INFO Executor: Fetching file:///root/.ivy2/jars/org.wildfly.openssl_wildfly-openssl-1.0.7.Final.jar with timestamp 1769124649770
[2026-01-22T23:31:00.167+0000] {subprocess.py:93} INFO - 26/01/22 23:31:00 INFO Utils: /root/.ivy2/jars/org.wildfly.openssl_wildfly-openssl-1.0.7.Final.jar has been previously copied to /tmp/spark-03eba575-1428-480e-b01a-3d2c95883d76/userFiles-fedcfb38-be4c-434f-87ee-730bd37d3fda/org.wildfly.openssl_wildfly-openssl-1.0.7.Final.jar
[2026-01-22T23:31:00.176+0000] {subprocess.py:93} INFO - 26/01/22 23:31:00 INFO Executor: Fetching spark://41164ea0b858:37811/jars/org.antlr_antlr4-runtime-4.9.3.jar with timestamp 1769124649770
[2026-01-22T23:31:00.268+0000] {subprocess.py:93} INFO - 26/01/22 23:31:00 INFO TransportClientFactory: Successfully created connection to 41164ea0b858/172.18.0.6:37811 after 67 ms (0 ms spent in bootstraps)
[2026-01-22T23:31:00.288+0000] {subprocess.py:93} INFO - 26/01/22 23:31:00 INFO Utils: Fetching spark://41164ea0b858:37811/jars/org.antlr_antlr4-runtime-4.9.3.jar to /tmp/spark-03eba575-1428-480e-b01a-3d2c95883d76/userFiles-fedcfb38-be4c-434f-87ee-730bd37d3fda/fetchFileTemp10481565304131278359.tmp
[2026-01-22T23:31:00.732+0000] {subprocess.py:93} INFO - 26/01/22 23:31:00 INFO Utils: /tmp/spark-03eba575-1428-480e-b01a-3d2c95883d76/userFiles-fedcfb38-be4c-434f-87ee-730bd37d3fda/fetchFileTemp10481565304131278359.tmp has been previously copied to /tmp/spark-03eba575-1428-480e-b01a-3d2c95883d76/userFiles-fedcfb38-be4c-434f-87ee-730bd37d3fda/org.antlr_antlr4-runtime-4.9.3.jar
[2026-01-22T23:31:03.080+0000] {subprocess.py:93} INFO - 26/01/22 23:31:03 INFO Executor: Adding file:/tmp/spark-03eba575-1428-480e-b01a-3d2c95883d76/userFiles-fedcfb38-be4c-434f-87ee-730bd37d3fda/org.antlr_antlr4-runtime-4.9.3.jar to class loader default
[2026-01-22T23:31:03.083+0000] {subprocess.py:93} INFO - 26/01/22 23:31:03 INFO Executor: Fetching spark://41164ea0b858:37811/jars/org.wildfly.openssl_wildfly-openssl-1.0.7.Final.jar with timestamp 1769124649770
[2026-01-22T23:31:03.083+0000] {subprocess.py:93} INFO - 26/01/22 23:31:03 INFO Utils: Fetching spark://41164ea0b858:37811/jars/org.wildfly.openssl_wildfly-openssl-1.0.7.Final.jar to /tmp/spark-03eba575-1428-480e-b01a-3d2c95883d76/userFiles-fedcfb38-be4c-434f-87ee-730bd37d3fda/fetchFileTemp1991695137328668827.tmp
[2026-01-22T23:31:03.105+0000] {subprocess.py:93} INFO - 26/01/22 23:31:03 INFO Utils: /tmp/spark-03eba575-1428-480e-b01a-3d2c95883d76/userFiles-fedcfb38-be4c-434f-87ee-730bd37d3fda/fetchFileTemp1991695137328668827.tmp has been previously copied to /tmp/spark-03eba575-1428-480e-b01a-3d2c95883d76/userFiles-fedcfb38-be4c-434f-87ee-730bd37d3fda/org.wildfly.openssl_wildfly-openssl-1.0.7.Final.jar
[2026-01-22T23:31:03.126+0000] {subprocess.py:93} INFO - 26/01/22 23:31:03 INFO Executor: Adding file:/tmp/spark-03eba575-1428-480e-b01a-3d2c95883d76/userFiles-fedcfb38-be4c-434f-87ee-730bd37d3fda/org.wildfly.openssl_wildfly-openssl-1.0.7.Final.jar to class loader default
[2026-01-22T23:31:03.127+0000] {subprocess.py:93} INFO - 26/01/22 23:31:03 INFO Executor: Fetching spark://41164ea0b858:37811/jars/org.apache.hadoop_hadoop-aws-3.3.4.jar with timestamp 1769124649770
[2026-01-22T23:31:03.129+0000] {subprocess.py:93} INFO - 26/01/22 23:31:03 INFO Utils: Fetching spark://41164ea0b858:37811/jars/org.apache.hadoop_hadoop-aws-3.3.4.jar to /tmp/spark-03eba575-1428-480e-b01a-3d2c95883d76/userFiles-fedcfb38-be4c-434f-87ee-730bd37d3fda/fetchFileTemp912966322277858161.tmp
[2026-01-22T23:31:03.148+0000] {subprocess.py:93} INFO - 26/01/22 23:31:03 INFO Utils: /tmp/spark-03eba575-1428-480e-b01a-3d2c95883d76/userFiles-fedcfb38-be4c-434f-87ee-730bd37d3fda/fetchFileTemp912966322277858161.tmp has been previously copied to /tmp/spark-03eba575-1428-480e-b01a-3d2c95883d76/userFiles-fedcfb38-be4c-434f-87ee-730bd37d3fda/org.apache.hadoop_hadoop-aws-3.3.4.jar
[2026-01-22T23:31:03.462+0000] {subprocess.py:93} INFO - 26/01/22 23:31:03 INFO Executor: Adding file:/tmp/spark-03eba575-1428-480e-b01a-3d2c95883d76/userFiles-fedcfb38-be4c-434f-87ee-730bd37d3fda/org.apache.hadoop_hadoop-aws-3.3.4.jar to class loader default
[2026-01-22T23:31:03.463+0000] {subprocess.py:93} INFO - 26/01/22 23:31:03 INFO Executor: Fetching spark://41164ea0b858:37811/jars/io.delta_delta-spark_2.12-3.1.0.jar with timestamp 1769124649770
[2026-01-22T23:31:03.463+0000] {subprocess.py:93} INFO - 26/01/22 23:31:03 INFO Utils: Fetching spark://41164ea0b858:37811/jars/io.delta_delta-spark_2.12-3.1.0.jar to /tmp/spark-03eba575-1428-480e-b01a-3d2c95883d76/userFiles-fedcfb38-be4c-434f-87ee-730bd37d3fda/fetchFileTemp3053431412546272645.tmp
[2026-01-22T23:31:03.535+0000] {subprocess.py:93} INFO - 26/01/22 23:31:03 INFO Utils: /tmp/spark-03eba575-1428-480e-b01a-3d2c95883d76/userFiles-fedcfb38-be4c-434f-87ee-730bd37d3fda/fetchFileTemp3053431412546272645.tmp has been previously copied to /tmp/spark-03eba575-1428-480e-b01a-3d2c95883d76/userFiles-fedcfb38-be4c-434f-87ee-730bd37d3fda/io.delta_delta-spark_2.12-3.1.0.jar
[2026-01-22T23:31:03.621+0000] {subprocess.py:93} INFO - 26/01/22 23:31:03 INFO Executor: Adding file:/tmp/spark-03eba575-1428-480e-b01a-3d2c95883d76/userFiles-fedcfb38-be4c-434f-87ee-730bd37d3fda/io.delta_delta-spark_2.12-3.1.0.jar to class loader default
[2026-01-22T23:31:03.622+0000] {subprocess.py:93} INFO - 26/01/22 23:31:03 INFO Executor: Fetching spark://41164ea0b858:37811/jars/io.delta_delta-storage-3.1.0.jar with timestamp 1769124649770
[2026-01-22T23:31:03.623+0000] {subprocess.py:93} INFO - 26/01/22 23:31:03 INFO Utils: Fetching spark://41164ea0b858:37811/jars/io.delta_delta-storage-3.1.0.jar to /tmp/spark-03eba575-1428-480e-b01a-3d2c95883d76/userFiles-fedcfb38-be4c-434f-87ee-730bd37d3fda/fetchFileTemp2370570477838737622.tmp
[2026-01-22T23:31:03.626+0000] {subprocess.py:93} INFO - 26/01/22 23:31:03 INFO Utils: /tmp/spark-03eba575-1428-480e-b01a-3d2c95883d76/userFiles-fedcfb38-be4c-434f-87ee-730bd37d3fda/fetchFileTemp2370570477838737622.tmp has been previously copied to /tmp/spark-03eba575-1428-480e-b01a-3d2c95883d76/userFiles-fedcfb38-be4c-434f-87ee-730bd37d3fda/io.delta_delta-storage-3.1.0.jar
[2026-01-22T23:31:03.635+0000] {subprocess.py:93} INFO - 26/01/22 23:31:03 INFO Executor: Adding file:/tmp/spark-03eba575-1428-480e-b01a-3d2c95883d76/userFiles-fedcfb38-be4c-434f-87ee-730bd37d3fda/io.delta_delta-storage-3.1.0.jar to class loader default
[2026-01-22T23:31:03.635+0000] {subprocess.py:93} INFO - 26/01/22 23:31:03 INFO Executor: Fetching spark://41164ea0b858:37811/jars/com.amazonaws_aws-java-sdk-bundle-1.12.262.jar with timestamp 1769124649770
[2026-01-22T23:31:03.637+0000] {subprocess.py:93} INFO - 26/01/22 23:31:03 INFO Utils: Fetching spark://41164ea0b858:37811/jars/com.amazonaws_aws-java-sdk-bundle-1.12.262.jar to /tmp/spark-03eba575-1428-480e-b01a-3d2c95883d76/userFiles-fedcfb38-be4c-434f-87ee-730bd37d3fda/fetchFileTemp8186075803259401282.tmp
[2026-01-22T23:31:12.552+0000] {subprocess.py:93} INFO - 26/01/22 23:31:12 INFO Utils: /tmp/spark-03eba575-1428-480e-b01a-3d2c95883d76/userFiles-fedcfb38-be4c-434f-87ee-730bd37d3fda/fetchFileTemp8186075803259401282.tmp has been previously copied to /tmp/spark-03eba575-1428-480e-b01a-3d2c95883d76/userFiles-fedcfb38-be4c-434f-87ee-730bd37d3fda/com.amazonaws_aws-java-sdk-bundle-1.12.262.jar
[2026-01-22T23:31:12.619+0000] {subprocess.py:93} INFO - 26/01/22 23:31:12 INFO Executor: Adding file:/tmp/spark-03eba575-1428-480e-b01a-3d2c95883d76/userFiles-fedcfb38-be4c-434f-87ee-730bd37d3fda/com.amazonaws_aws-java-sdk-bundle-1.12.262.jar to class loader default
[2026-01-22T23:31:12.645+0000] {subprocess.py:93} INFO - 26/01/22 23:31:12 INFO Utils: Successfully started service 'org.apache.spark.network.netty.NettyBlockTransferService' on port 46369.
[2026-01-22T23:31:12.646+0000] {subprocess.py:93} INFO - 26/01/22 23:31:12 INFO NettyBlockTransferService: Server created on 41164ea0b858:46369
[2026-01-22T23:31:12.650+0000] {subprocess.py:93} INFO - 26/01/22 23:31:12 INFO BlockManager: Using org.apache.spark.storage.RandomBlockReplicationPolicy for block replication policy
[2026-01-22T23:31:12.664+0000] {subprocess.py:93} INFO - 26/01/22 23:31:12 INFO BlockManagerMaster: Registering BlockManager BlockManagerId(driver, 41164ea0b858, 46369, None)
[2026-01-22T23:31:12.670+0000] {subprocess.py:93} INFO - 26/01/22 23:31:12 INFO BlockManagerMasterEndpoint: Registering block manager 41164ea0b858:46369 with 434.4 MiB RAM, BlockManagerId(driver, 41164ea0b858, 46369, None)
[2026-01-22T23:31:12.674+0000] {subprocess.py:93} INFO - 26/01/22 23:31:12 INFO BlockManagerMaster: Registered BlockManager BlockManagerId(driver, 41164ea0b858, 46369, None)
[2026-01-22T23:31:12.677+0000] {subprocess.py:93} INFO - 26/01/22 23:31:12 INFO BlockManager: Initialized BlockManager: BlockManagerId(driver, 41164ea0b858, 46369, None)
[2026-01-22T23:31:13.460+0000] {subprocess.py:93} INFO - >>> Reading from Bronze layer...
[2026-01-22T23:31:13.471+0000] {subprocess.py:93} INFO - 26/01/22 23:31:13 INFO SharedState: Setting hive.metastore.warehouse.dir ('null') to the value of spark.sql.warehouse.dir.
[2026-01-22T23:31:13.475+0000] {subprocess.py:93} INFO - 26/01/22 23:31:13 INFO SharedState: Warehouse path is 'file:/opt/spark/spark-warehouse'.
[2026-01-22T23:31:18.379+0000] {subprocess.py:93} INFO - 26/01/22 23:31:18 WARN MetricsConfig: Cannot locate configuration: tried hadoop-metrics2-s3a-file-system.properties,hadoop-metrics2.properties
[2026-01-22T23:31:18.405+0000] {subprocess.py:93} INFO - 26/01/22 23:31:18 INFO MetricsSystemImpl: Scheduled Metric snapshot period at 10 second(s).
[2026-01-22T23:31:18.406+0000] {subprocess.py:93} INFO - 26/01/22 23:31:18 INFO MetricsSystemImpl: s3a-file-system metrics system started
[2026-01-22T23:31:19.847+0000] {subprocess.py:93} INFO - 26/01/22 23:31:19 INFO DelegatingLogStore: LogStore `LogStoreAdapter(io.delta.storage.S3SingleDriverLogStore)` is used for scheme `s3a`
[2026-01-22T23:31:19.876+0000] {subprocess.py:93} INFO - 26/01/22 23:31:19 INFO DeltaLog: Creating initial snapshot without metadata, because the directory is empty
[2026-01-22T23:31:21.162+0000] {subprocess.py:93} INFO - 26/01/22 23:31:21 INFO InitialSnapshot: [tableId=49a870b1-c9f9-4adb-adbd-25ed125853d6] Created snapshot InitialSnapshot(path=s3a://bronze/data/orders/_delta_log, version=-1, metadata=Metadata(eafcc98e-3545-4c63-804f-261beae38e2f,null,null,Format(parquet,Map()),null,List(),Map(),Some(1769124681153)), logSegment=LogSegment(s3a://bronze/data/orders/_delta_log,-1,List(),org.apache.spark.sql.delta.EmptyCheckpointProvider$@4db29867,-1), checksumOpt=None)
[2026-01-22T23:31:21.687+0000] {subprocess.py:93} INFO - !!! Bronze read error. Did you definitely start Streaming? Message: [DELTA_TABLE_NOT_FOUND] Delta table `s3a://bronze/data/orders` doesn't exist.
[2026-01-22T23:31:21.770+0000] {subprocess.py:93} INFO - 26/01/22 23:31:21 INFO SparkContext: Invoking stop() from shutdown hook
[2026-01-22T23:31:21.770+0000] {subprocess.py:93} INFO - 26/01/22 23:31:21 INFO SparkContext: SparkContext is stopping with exitCode 0.
[2026-01-22T23:31:21.789+0000] {subprocess.py:93} INFO - 26/01/22 23:31:21 INFO SparkUI: Stopped Spark web UI at http://41164ea0b858:4040
[2026-01-22T23:31:21.873+0000] {subprocess.py:93} INFO - 26/01/22 23:31:21 INFO MapOutputTrackerMasterEndpoint: MapOutputTrackerMasterEndpoint stopped!
[2026-01-22T23:31:21.911+0000] {subprocess.py:93} INFO - 26/01/22 23:31:21 INFO MemoryStore: MemoryStore cleared
[2026-01-22T23:31:21.912+0000] {subprocess.py:93} INFO - 26/01/22 23:31:21 INFO BlockManager: BlockManager stopped
[2026-01-22T23:31:21.947+0000] {subprocess.py:93} INFO - 26/01/22 23:31:21 INFO BlockManagerMaster: BlockManagerMaster stopped
[2026-01-22T23:31:21.953+0000] {subprocess.py:93} INFO - 26/01/22 23:31:21 INFO OutputCommitCoordinator$OutputCommitCoordinatorEndpoint: OutputCommitCoordinator stopped!
[2026-01-22T23:31:22.018+0000] {subprocess.py:93} INFO - 26/01/22 23:31:22 INFO SparkContext: Successfully stopped SparkContext
[2026-01-22T23:31:22.019+0000] {subprocess.py:93} INFO - 26/01/22 23:31:22 INFO ShutdownHookManager: Shutdown hook called
[2026-01-22T23:31:22.021+0000] {subprocess.py:93} INFO - 26/01/22 23:31:22 INFO ShutdownHookManager: Deleting directory /tmp/spark-034fdd83-db45-49d1-884c-f08c3d134dd6
[2026-01-22T23:31:22.027+0000] {subprocess.py:93} INFO - 26/01/22 23:31:22 INFO ShutdownHookManager: Deleting directory /tmp/spark-03eba575-1428-480e-b01a-3d2c95883d76/pyspark-266be6d0-fd39-4f5c-8b12-0b983ee060ea
[2026-01-22T23:31:22.032+0000] {subprocess.py:93} INFO - 26/01/22 23:31:22 INFO ShutdownHookManager: Deleting directory /tmp/spark-03eba575-1428-480e-b01a-3d2c95883d76
[2026-01-22T23:31:22.046+0000] {subprocess.py:93} INFO - 26/01/22 23:31:22 INFO MetricsSystemImpl: Stopping s3a-file-system metrics system...
[2026-01-22T23:31:22.047+0000] {subprocess.py:93} INFO - 26/01/22 23:31:22 INFO MetricsSystemImpl: s3a-file-system metrics system stopped.
[2026-01-22T23:31:22.047+0000] {subprocess.py:93} INFO - 26/01/22 23:31:22 INFO MetricsSystemImpl: s3a-file-system metrics system shutdown complete.
[2026-01-22T23:31:22.202+0000] {subprocess.py:97} INFO - Command exited with return code 0
[2026-01-22T23:31:22.245+0000] {taskinstance.py:1398} INFO - Marking task as SUCCESS. dag_id=3_mlops_full_pipeline, task_id=spark_bronze_to_silver, execution_date=20260122T232904, start_date=20260122T233017, end_date=20260122T233122
[2026-01-22T23:31:22.332+0000] {local_task_job_runner.py:228} INFO - Task exited with return code 0
[2026-01-22T23:31:22.356+0000] {taskinstance.py:2776} INFO - 1 downstream tasks scheduled from follow-on schedule check
