[2026-01-23T16:18:19.462+0000] {taskinstance.py:1157} INFO - Dependencies all met for dep_context=non-requeueable deps ti=<TaskInstance: 3_mlops_full_pipeline.mlflow_training manual__2026-01-23T16:14:45+00:00 [queued]>
[2026-01-23T16:18:19.479+0000] {taskinstance.py:1157} INFO - Dependencies all met for dep_context=requeueable deps ti=<TaskInstance: 3_mlops_full_pipeline.mlflow_training manual__2026-01-23T16:14:45+00:00 [queued]>
[2026-01-23T16:18:19.480+0000] {taskinstance.py:1359} INFO - Starting attempt 1 of 1
[2026-01-23T16:18:19.498+0000] {taskinstance.py:1380} INFO - Executing <Task(BashOperator): mlflow_training> on 2026-01-23 16:14:45+00:00
[2026-01-23T16:18:19.504+0000] {standard_task_runner.py:57} INFO - Started process 481 to run task
[2026-01-23T16:18:19.509+0000] {standard_task_runner.py:84} INFO - Running: ['***', 'tasks', 'run', '3_mlops_full_pipeline', 'mlflow_training', 'manual__2026-01-23T16:14:45+00:00', '--job-id', '8', '--raw', '--subdir', 'DAGS_FOLDER/mlops_pipeline.py', '--cfg-path', '/tmp/tmpboxphoah']
[2026-01-23T16:18:19.514+0000] {standard_task_runner.py:85} INFO - Job 8: Subtask mlflow_training
[2026-01-23T16:18:19.580+0000] {task_command.py:415} INFO - Running <TaskInstance: 3_mlops_full_pipeline.mlflow_training manual__2026-01-23T16:14:45+00:00 [running]> on host 9b26c2287a34
[2026-01-23T16:18:19.676+0000] {taskinstance.py:1660} INFO - Exporting env vars: AIRFLOW_CTX_DAG_OWNER='***' AIRFLOW_CTX_DAG_ID='3_mlops_full_pipeline' AIRFLOW_CTX_TASK_ID='mlflow_training' AIRFLOW_CTX_EXECUTION_DATE='2026-01-23T16:14:45+00:00' AIRFLOW_CTX_TRY_NUMBER='1' AIRFLOW_CTX_DAG_RUN_ID='manual__2026-01-23T16:14:45+00:00'
[2026-01-23T16:18:19.678+0000] {subprocess.py:63} INFO - Tmp dir root location: /tmp
[2026-01-23T16:18:19.680+0000] {subprocess.py:75} INFO - Running command: ['/bin/bash', '-c', 'python /opt/***/dags/train_model.py']
[2026-01-23T16:18:19.694+0000] {subprocess.py:86} INFO - Output:
[2026-01-23T16:18:25.418+0000] {subprocess.py:93} INFO - 2026/01/23 16:18:25 INFO mlflow.tracking.fluent: Experiment with name 'Product_Demand_Prediction' does not exist. Creating a new experiment.
[2026-01-23T16:18:26.085+0000] {subprocess.py:93} INFO - 2026/01/23 16:18:26 WARNING mlflow.utils.git_utils: Failed to import Git (the Git executable is probably not on your PATH), so Git SHA is not available. Error: Failed to initialize: Bad git executable.
[2026-01-23T16:18:26.085+0000] {subprocess.py:93} INFO - The git executable must be specified in one of the following ways:
[2026-01-23T16:18:26.085+0000] {subprocess.py:93} INFO -     - be included in your $PATH
[2026-01-23T16:18:26.085+0000] {subprocess.py:93} INFO -     - be set via $GIT_PYTHON_GIT_EXECUTABLE
[2026-01-23T16:18:26.085+0000] {subprocess.py:93} INFO -     - explicitly set via git.refresh(<full-path-to-git-executable>)
[2026-01-23T16:18:26.085+0000] {subprocess.py:93} INFO - 
[2026-01-23T16:18:26.086+0000] {subprocess.py:93} INFO - All git commands will error until this is rectified.
[2026-01-23T16:18:26.086+0000] {subprocess.py:93} INFO - 
[2026-01-23T16:18:26.086+0000] {subprocess.py:93} INFO - This initial message can be silenced or aggravated in the future by setting the
[2026-01-23T16:18:26.086+0000] {subprocess.py:93} INFO - $GIT_PYTHON_REFRESH environment variable. Use one of the following values:
[2026-01-23T16:18:26.086+0000] {subprocess.py:93} INFO -     - quiet|q|silence|s|silent|none|n|0: for no message or exception
[2026-01-23T16:18:26.086+0000] {subprocess.py:93} INFO -     - warn|w|warning|log|l|1: for a warning message (logging level CRITICAL, displayed by default)
[2026-01-23T16:18:26.086+0000] {subprocess.py:93} INFO -     - error|e|exception|raise|r|2: for a raised exception
[2026-01-23T16:18:26.086+0000] {subprocess.py:93} INFO - 
[2026-01-23T16:18:26.086+0000] {subprocess.py:93} INFO - Example:
[2026-01-23T16:18:26.087+0000] {subprocess.py:93} INFO -     export GIT_PYTHON_REFRESH=quiet
[2026-01-23T16:18:26.087+0000] {subprocess.py:93} INFO - 
[2026-01-23T16:18:31.034+0000] {subprocess.py:93} INFO - Successfully registered model 'ProductDemandModel'.
[2026-01-23T16:18:31.034+0000] {subprocess.py:93} INFO - 2026/01/23 16:18:31 INFO mlflow.store.model_registry.abstract_store: Waiting up to 300 seconds for model version to finish creation. Model name: ProductDemandModel, version 1
[2026-01-23T16:18:31.105+0000] {subprocess.py:93} INFO - Created version '1' of model 'ProductDemandModel'.
[2026-01-23T16:18:31.105+0000] {subprocess.py:93} INFO - /opt/***/dags/train_model.py:88: FutureWarning: ``mlflow.tracking.client.MlflowClient.get_latest_versions`` is deprecated since 2.9.0. Model registry stages will be removed in a future major release. To learn more about the deprecation of model registry stages, see our migration guide here: https://mlflow.org/docs/latest/model-registry.html#migrating-from-stages
[2026-01-23T16:18:31.106+0000] {subprocess.py:93} INFO -   versions = client.get_latest_versions(model_name, stages=["None"])
[2026-01-23T16:18:31.106+0000] {subprocess.py:93} INFO - /opt/***/dags/train_model.py:97: FutureWarning: ``mlflow.tracking.client.MlflowClient.transition_model_version_stage`` is deprecated since 2.9.0. Model registry stages will be removed in a future major release. To learn more about the deprecation of model registry stages, see our migration guide here: https://mlflow.org/docs/latest/model-registry.html#migrating-from-stages
[2026-01-23T16:18:31.106+0000] {subprocess.py:93} INFO -   client.transition_model_version_stage(
[2026-01-23T16:18:31.106+0000] {subprocess.py:93} INFO - 2026/01/23 16:18:31 INFO mlflow.tracking._tracking_service.client: 🏃 View run lyrical-perch-537 at: http://mlflow:5000/#/experiments/1/runs/3f6afca04c904e5f9b473e2f318aa31b.
[2026-01-23T16:18:31.106+0000] {subprocess.py:93} INFO - 2026/01/23 16:18:31 INFO mlflow.tracking._tracking_service.client: 🧪 View experiment at: http://mlflow:5000/#/experiments/1.
[2026-01-23T16:18:31.130+0000] {subprocess.py:93} INFO - >>> [Training] Starting the training process...
[2026-01-23T16:18:31.130+0000] {subprocess.py:93} INFO - >>> Downloading data from Gold Layer (MinIO)...
[2026-01-23T16:18:31.131+0000] {subprocess.py:93} INFO - >>> Data loaded successfully: 5 rows.
[2026-01-23T16:18:31.131+0000] {subprocess.py:93} INFO - >>> Training Linear Regression model...
[2026-01-23T16:18:31.131+0000] {subprocess.py:93} INFO - >>> Metrics: MSE=712.1913, R2=0.0
[2026-01-23T16:18:31.131+0000] {subprocess.py:93} INFO - >>> Model logged and registered as 'ProductDemandModel'.
[2026-01-23T16:18:31.131+0000] {subprocess.py:93} INFO - >>> Transitioning model to Production...
[2026-01-23T16:18:31.131+0000] {subprocess.py:93} INFO - >>> Promoting version 1 to Production...
[2026-01-23T16:18:31.131+0000] {subprocess.py:93} INFO - >>> SUCCESS! Model is now in Production stage.
[2026-01-23T16:18:31.710+0000] {subprocess.py:97} INFO - Command exited with return code 0
[2026-01-23T16:18:31.746+0000] {taskinstance.py:1398} INFO - Marking task as SUCCESS. dag_id=3_mlops_full_pipeline, task_id=mlflow_training, execution_date=20260123T161445, start_date=20260123T161819, end_date=20260123T161831
[2026-01-23T16:18:31.784+0000] {local_task_job_runner.py:228} INFO - Task exited with return code 0
[2026-01-23T16:18:31.806+0000] {taskinstance.py:2776} INFO - 1 downstream tasks scheduled from follow-on schedule check
