[2026-01-22T22:06:32.618+0000] {taskinstance.py:1157} INFO - Dependencies all met for dep_context=non-requeueable deps ti=<TaskInstance: 3_mlops_full_pipeline.mlflow_training manual__2026-01-22T22:02:05.159748+00:00 [queued]>
[2026-01-22T22:06:32.628+0000] {taskinstance.py:1157} INFO - Dependencies all met for dep_context=requeueable deps ti=<TaskInstance: 3_mlops_full_pipeline.mlflow_training manual__2026-01-22T22:02:05.159748+00:00 [queued]>
[2026-01-22T22:06:32.628+0000] {taskinstance.py:1359} INFO - Starting attempt 2 of 2
[2026-01-22T22:06:32.643+0000] {taskinstance.py:1380} INFO - Executing <Task(BashOperator): mlflow_training> on 2026-01-22 22:02:05.159748+00:00
[2026-01-22T22:06:32.648+0000] {standard_task_runner.py:57} INFO - Started process 1394 to run task
[2026-01-22T22:06:32.652+0000] {standard_task_runner.py:84} INFO - Running: ['***', 'tasks', 'run', '3_mlops_full_pipeline', 'mlflow_training', 'manual__2026-01-22T22:02:05.159748+00:00', '--job-id', '87', '--raw', '--subdir', 'DAGS_FOLDER/mlops_pipeline.py', '--cfg-path', '/tmp/tmp0jk4syyd']
[2026-01-22T22:06:32.655+0000] {standard_task_runner.py:85} INFO - Job 87: Subtask mlflow_training
[2026-01-22T22:06:32.707+0000] {task_command.py:415} INFO - Running <TaskInstance: 3_mlops_full_pipeline.mlflow_training manual__2026-01-22T22:02:05.159748+00:00 [running]> on host 24f0deffc5ba
[2026-01-22T22:06:32.785+0000] {taskinstance.py:1660} INFO - Exporting env vars: AIRFLOW_CTX_DAG_OWNER='***' AIRFLOW_CTX_DAG_ID='3_mlops_full_pipeline' AIRFLOW_CTX_TASK_ID='mlflow_training' AIRFLOW_CTX_EXECUTION_DATE='2026-01-22T22:02:05.159748+00:00' AIRFLOW_CTX_TRY_NUMBER='2' AIRFLOW_CTX_DAG_RUN_ID='manual__2026-01-22T22:02:05.159748+00:00'
[2026-01-22T22:06:32.787+0000] {subprocess.py:63} INFO - Tmp dir root location: /tmp
[2026-01-22T22:06:32.788+0000] {subprocess.py:75} INFO - Running command: ['/bin/bash', '-c', 'python /opt/***/dags/train_model.py']
[2026-01-22T22:06:32.797+0000] {subprocess.py:86} INFO - Output:
[2026-01-22T22:06:35.216+0000] {subprocess.py:93} INFO - 2026/01/22 22:06:35 WARNING mlflow.utils.git_utils: Failed to import Git (the Git executable is probably not on your PATH), so Git SHA is not available. Error: Failed to initialize: Bad git executable.
[2026-01-22T22:06:35.216+0000] {subprocess.py:93} INFO - The git executable must be specified in one of the following ways:
[2026-01-22T22:06:35.217+0000] {subprocess.py:93} INFO -     - be included in your $PATH
[2026-01-22T22:06:35.217+0000] {subprocess.py:93} INFO -     - be set via $GIT_PYTHON_GIT_EXECUTABLE
[2026-01-22T22:06:35.217+0000] {subprocess.py:93} INFO -     - explicitly set via git.refresh(<full-path-to-git-executable>)
[2026-01-22T22:06:35.217+0000] {subprocess.py:93} INFO - 
[2026-01-22T22:06:35.217+0000] {subprocess.py:93} INFO - All git commands will error until this is rectified.
[2026-01-22T22:06:35.217+0000] {subprocess.py:93} INFO - 
[2026-01-22T22:06:35.217+0000] {subprocess.py:93} INFO - This initial message can be silenced or aggravated in the future by setting the
[2026-01-22T22:06:35.217+0000] {subprocess.py:93} INFO - $GIT_PYTHON_REFRESH environment variable. Use one of the following values:
[2026-01-22T22:06:35.217+0000] {subprocess.py:93} INFO -     - quiet|q|silence|s|silent|none|n|0: for no message or exception
[2026-01-22T22:06:35.218+0000] {subprocess.py:93} INFO -     - warn|w|warning|log|l|1: for a warning message (logging level CRITICAL, displayed by default)
[2026-01-22T22:06:35.218+0000] {subprocess.py:93} INFO -     - error|e|exception|raise|r|2: for a raised exception
[2026-01-22T22:06:35.218+0000] {subprocess.py:93} INFO - 
[2026-01-22T22:06:35.218+0000] {subprocess.py:93} INFO - Example:
[2026-01-22T22:06:35.218+0000] {subprocess.py:93} INFO -     export GIT_PYTHON_REFRESH=quiet
[2026-01-22T22:06:35.218+0000] {subprocess.py:93} INFO - 
[2026-01-22T22:06:38.104+0000] {subprocess.py:93} INFO - /home/***/.local/lib/python3.8/site-packages/sklearn/metrics/_regression.py:996: UndefinedMetricWarning: R^2 score is not well-defined with less than two samples.
[2026-01-22T22:06:38.105+0000] {subprocess.py:93} INFO -   warnings.warn(msg, UndefinedMetricWarning)
[2026-01-22T22:06:38.105+0000] {subprocess.py:93} INFO - 2026/01/22 22:06:38 INFO mlflow.tracking._tracking_service.client: 🏃 View run enthused-shrew-259 at: http://mlflow:5000/#/experiments/1/runs/65a02f01a2c8407797d396b59419d6b3.
[2026-01-22T22:06:38.105+0000] {subprocess.py:93} INFO - 2026/01/22 22:06:38 INFO mlflow.tracking._tracking_service.client: 🧪 View experiment at: http://mlflow:5000/#/experiments/1.
[2026-01-22T22:06:38.124+0000] {subprocess.py:93} INFO - >>> [Training] Pobieranie danych z Gold...
[2026-01-22T22:06:38.124+0000] {subprocess.py:93} INFO - Dane wczytane: 5 wierszy.
[2026-01-22T22:06:38.124+0000] {subprocess.py:93} INFO - >>> Rozpoczynam trening...
[2026-01-22T22:06:38.124+0000] {subprocess.py:93} INFO - Metrics: MSE=8114.852313539298, R2=nan
[2026-01-22T22:06:38.134+0000] {subprocess.py:93} INFO - Traceback (most recent call last):
[2026-01-22T22:06:38.135+0000] {subprocess.py:93} INFO -   File "/opt/***/dags/train_model.py", line 75, in <module>
[2026-01-22T22:06:38.135+0000] {subprocess.py:93} INFO -     train()
[2026-01-22T22:06:38.135+0000] {subprocess.py:93} INFO -   File "/opt/***/dags/train_model.py", line 66, in train
[2026-01-22T22:06:38.135+0000] {subprocess.py:93} INFO -     mlflow.sklearn.log_model(
[2026-01-22T22:06:38.135+0000] {subprocess.py:93} INFO -   File "/home/***/.local/lib/python3.8/site-packages/mlflow/sklearn/__init__.py", line 413, in log_model
[2026-01-22T22:06:38.136+0000] {subprocess.py:93} INFO -     return Model.log(
[2026-01-22T22:06:38.136+0000] {subprocess.py:93} INFO -   File "/home/***/.local/lib/python3.8/site-packages/mlflow/models/model.py", line 744, in log
[2026-01-22T22:06:38.136+0000] {subprocess.py:93} INFO -     mlflow.tracking.fluent.log_artifacts(local_path, mlflow_model.artifact_path, run_id)
[2026-01-22T22:06:38.136+0000] {subprocess.py:93} INFO -   File "/home/***/.local/lib/python3.8/site-packages/mlflow/tracking/fluent.py", line 1170, in log_artifacts
[2026-01-22T22:06:38.136+0000] {subprocess.py:93} INFO -     MlflowClient().log_artifacts(run_id, local_dir, artifact_path)
[2026-01-22T22:06:38.136+0000] {subprocess.py:93} INFO -   File "/home/***/.local/lib/python3.8/site-packages/mlflow/tracking/client.py", line 1977, in log_artifacts
[2026-01-22T22:06:38.136+0000] {subprocess.py:93} INFO -     self._tracking_client.log_artifacts(run_id, local_dir, artifact_path)
[2026-01-22T22:06:38.136+0000] {subprocess.py:93} INFO -   File "/home/***/.local/lib/python3.8/site-packages/mlflow/tracking/_tracking_service/client.py", line 874, in log_artifacts
[2026-01-22T22:06:38.136+0000] {subprocess.py:93} INFO -     self._get_artifact_repo(run_id).log_artifacts(local_dir, artifact_path)
[2026-01-22T22:06:38.136+0000] {subprocess.py:93} INFO -   File "/home/***/.local/lib/python3.8/site-packages/mlflow/store/artifact/s3_artifact_repo.py", line 194, in log_artifacts
[2026-01-22T22:06:38.136+0000] {subprocess.py:93} INFO -     self._upload_file(
[2026-01-22T22:06:38.136+0000] {subprocess.py:93} INFO -   File "/home/***/.local/lib/python3.8/site-packages/mlflow/store/artifact/s3_artifact_repo.py", line 169, in _upload_file
[2026-01-22T22:06:38.136+0000] {subprocess.py:93} INFO -     s3_client.upload_file(Filename=local_file, Bucket=bucket, Key=key, ExtraArgs=extra_args)
[2026-01-22T22:06:38.136+0000] {subprocess.py:93} INFO -   File "/home/***/.local/lib/python3.8/site-packages/boto3/s3/inject.py", line 143, in upload_file
[2026-01-22T22:06:38.136+0000] {subprocess.py:93} INFO -     return transfer.upload_file(
[2026-01-22T22:06:38.137+0000] {subprocess.py:93} INFO -   File "/home/***/.local/lib/python3.8/site-packages/boto3/s3/transfer.py", line 292, in upload_file
[2026-01-22T22:06:38.137+0000] {subprocess.py:93} INFO -     future.result()
[2026-01-22T22:06:38.137+0000] {subprocess.py:93} INFO -   File "/home/***/.local/lib/python3.8/site-packages/s3transfer/futures.py", line 103, in result
[2026-01-22T22:06:38.137+0000] {subprocess.py:93} INFO -     return self._coordinator.result()
[2026-01-22T22:06:38.137+0000] {subprocess.py:93} INFO -   File "/home/***/.local/lib/python3.8/site-packages/s3transfer/futures.py", line 266, in result
[2026-01-22T22:06:38.137+0000] {subprocess.py:93} INFO -     raise self._exception
[2026-01-22T22:06:38.137+0000] {subprocess.py:93} INFO -   File "/home/***/.local/lib/python3.8/site-packages/s3transfer/tasks.py", line 139, in __call__
[2026-01-22T22:06:38.137+0000] {subprocess.py:93} INFO -     return self._execute_main(kwargs)
[2026-01-22T22:06:38.137+0000] {subprocess.py:93} INFO -   File "/home/***/.local/lib/python3.8/site-packages/s3transfer/tasks.py", line 162, in _execute_main
[2026-01-22T22:06:38.137+0000] {subprocess.py:93} INFO -     return_value = self._main(**kwargs)
[2026-01-22T22:06:38.138+0000] {subprocess.py:93} INFO -   File "/home/***/.local/lib/python3.8/site-packages/s3transfer/upload.py", line 758, in _main
[2026-01-22T22:06:38.138+0000] {subprocess.py:93} INFO -     client.put_object(Bucket=bucket, Key=key, Body=body, **extra_args)
[2026-01-22T22:06:38.138+0000] {subprocess.py:93} INFO -   File "/home/***/.local/lib/python3.8/site-packages/botocore/client.py", line 535, in _api_call
[2026-01-22T22:06:38.138+0000] {subprocess.py:93} INFO -     return self._make_api_call(operation_name, kwargs)
[2026-01-22T22:06:38.138+0000] {subprocess.py:93} INFO -   File "/home/***/.local/lib/python3.8/site-packages/botocore/client.py", line 963, in _make_api_call
[2026-01-22T22:06:38.138+0000] {subprocess.py:93} INFO -     http, parsed_response = self._make_request(
[2026-01-22T22:06:38.138+0000] {subprocess.py:93} INFO -   File "/home/***/.local/lib/python3.8/site-packages/botocore/client.py", line 986, in _make_request
[2026-01-22T22:06:38.138+0000] {subprocess.py:93} INFO -     return self._endpoint.make_request(operation_model, request_dict)
[2026-01-22T22:06:38.138+0000] {subprocess.py:93} INFO -   File "/home/***/.local/lib/python3.8/site-packages/botocore/endpoint.py", line 119, in make_request
[2026-01-22T22:06:38.138+0000] {subprocess.py:93} INFO -     return self._send_request(request_dict, operation_model)
[2026-01-22T22:06:38.138+0000] {subprocess.py:93} INFO -   File "/home/***/.local/lib/python3.8/site-packages/botocore/endpoint.py", line 198, in _send_request
[2026-01-22T22:06:38.138+0000] {subprocess.py:93} INFO -     request = self.create_request(request_dict, operation_model)
[2026-01-22T22:06:38.139+0000] {subprocess.py:93} INFO -   File "/home/***/.local/lib/python3.8/site-packages/botocore/endpoint.py", line 134, in create_request
[2026-01-22T22:06:38.139+0000] {subprocess.py:93} INFO -     self._event_emitter.emit(
[2026-01-22T22:06:38.139+0000] {subprocess.py:93} INFO -   File "/home/***/.local/lib/python3.8/site-packages/botocore/hooks.py", line 412, in emit
[2026-01-22T22:06:38.139+0000] {subprocess.py:93} INFO -     return self._emitter.emit(aliased_event_name, **kwargs)
[2026-01-22T22:06:38.139+0000] {subprocess.py:93} INFO -   File "/home/***/.local/lib/python3.8/site-packages/botocore/hooks.py", line 256, in emit
[2026-01-22T22:06:38.139+0000] {subprocess.py:93} INFO -     return self._emit(event_name, kwargs)
[2026-01-22T22:06:38.139+0000] {subprocess.py:93} INFO -   File "/home/***/.local/lib/python3.8/site-packages/botocore/hooks.py", line 239, in _emit
[2026-01-22T22:06:38.139+0000] {subprocess.py:93} INFO -     response = handler(**kwargs)
[2026-01-22T22:06:38.139+0000] {subprocess.py:93} INFO -   File "/home/***/.local/lib/python3.8/site-packages/botocore/signers.py", line 105, in handler
[2026-01-22T22:06:38.139+0000] {subprocess.py:93} INFO -     return self.sign(operation_name, request)
[2026-01-22T22:06:38.139+0000] {subprocess.py:93} INFO -   File "/home/***/.local/lib/python3.8/site-packages/botocore/signers.py", line 189, in sign
[2026-01-22T22:06:38.139+0000] {subprocess.py:93} INFO -     auth.add_auth(request)
[2026-01-22T22:06:38.139+0000] {subprocess.py:93} INFO -   File "/home/***/.local/lib/python3.8/site-packages/botocore/auth.py", line 418, in add_auth
[2026-01-22T22:06:38.139+0000] {subprocess.py:93} INFO -     raise NoCredentialsError()
[2026-01-22T22:06:38.140+0000] {subprocess.py:93} INFO - botocore.exceptions.NoCredentialsError: Unable to locate credentials
[2026-01-22T22:06:38.679+0000] {subprocess.py:97} INFO - Command exited with return code 1
[2026-01-22T22:06:38.690+0000] {taskinstance.py:1935} ERROR - Task failed with exception
Traceback (most recent call last):
  File "/home/airflow/.local/lib/python3.8/site-packages/airflow/operators/bash.py", line 210, in execute
    raise AirflowException(
airflow.exceptions.AirflowException: Bash command failed. The command returned a non-zero exit code 1.
[2026-01-22T22:06:38.695+0000] {taskinstance.py:1398} INFO - Marking task as FAILED. dag_id=3_mlops_full_pipeline, task_id=mlflow_training, execution_date=20260122T220205, start_date=20260122T220632, end_date=20260122T220638
[2026-01-22T22:06:38.712+0000] {standard_task_runner.py:104} ERROR - Failed to execute job 87 for task mlflow_training (Bash command failed. The command returned a non-zero exit code 1.; 1394)
[2026-01-22T22:06:38.733+0000] {local_task_job_runner.py:228} INFO - Task exited with return code 1
[2026-01-22T22:06:38.747+0000] {taskinstance.py:2776} INFO - 0 downstream tasks scheduled from follow-on schedule check
