[2026-01-22T21:39:04.163+0000] {taskinstance.py:1157} INFO - Dependencies all met for dep_context=non-requeueable deps ti=<TaskInstance: 3_mlops_full_pipeline.ingest_to_bronze manual__2026-01-22T21:38:49.781228+00:00 [queued]>
[2026-01-22T21:39:04.177+0000] {taskinstance.py:1157} INFO - Dependencies all met for dep_context=requeueable deps ti=<TaskInstance: 3_mlops_full_pipeline.ingest_to_bronze manual__2026-01-22T21:38:49.781228+00:00 [queued]>
[2026-01-22T21:39:04.178+0000] {taskinstance.py:1359} INFO - Starting attempt 1 of 1
[2026-01-22T21:39:04.196+0000] {taskinstance.py:1380} INFO - Executing <Task(BashOperator): ingest_to_bronze> on 2026-01-22 21:38:49.781228+00:00
[2026-01-22T21:39:04.203+0000] {standard_task_runner.py:57} INFO - Started process 5732 to run task
[2026-01-22T21:39:04.208+0000] {standard_task_runner.py:84} INFO - Running: ['***', 'tasks', 'run', '3_mlops_full_pipeline', 'ingest_to_bronze', 'manual__2026-01-22T21:38:49.781228+00:00', '--job-id', '69', '--raw', '--subdir', 'DAGS_FOLDER/mlops_pipeline.py', '--cfg-path', '/tmp/tmp7ul9k8y0']
[2026-01-22T21:39:04.213+0000] {standard_task_runner.py:85} INFO - Job 69: Subtask ingest_to_bronze
[2026-01-22T21:39:04.287+0000] {task_command.py:415} INFO - Running <TaskInstance: 3_mlops_full_pipeline.ingest_to_bronze manual__2026-01-22T21:38:49.781228+00:00 [running]> on host 4fbdf2312f2b
[2026-01-22T21:39:04.406+0000] {taskinstance.py:1660} INFO - Exporting env vars: AIRFLOW_CTX_DAG_OWNER='***' AIRFLOW_CTX_DAG_ID='3_mlops_full_pipeline' AIRFLOW_CTX_TASK_ID='ingest_to_bronze' AIRFLOW_CTX_EXECUTION_DATE='2026-01-22T21:38:49.781228+00:00' AIRFLOW_CTX_TRY_NUMBER='1' AIRFLOW_CTX_DAG_RUN_ID='manual__2026-01-22T21:38:49.781228+00:00'
[2026-01-22T21:39:04.409+0000] {subprocess.py:63} INFO - Tmp dir root location: /tmp
[2026-01-22T21:39:04.411+0000] {subprocess.py:75} INFO - Running command: ['/bin/bash', '-c', 'python /opt/***/dags/ingest_postgres_to_bronze.py']
[2026-01-22T21:39:04.427+0000] {subprocess.py:86} INFO - Output:
[2026-01-22T21:39:06.314+0000] {subprocess.py:93} INFO - /opt/***/dags/ingest_postgres_to_bronze.py:20: UserWarning: pandas only supports SQLAlchemy connectable (engine/connection) or database string URI or sqlite3 DBAPI2 connection. Other DBAPI2 objects are not tested. Please consider using SQLAlchemy.
[2026-01-22T21:39:06.315+0000] {subprocess.py:93} INFO -   df = pd.read_sql(query, conn)
[2026-01-22T21:39:06.315+0000] {subprocess.py:93} INFO - >>> [Ingest] Łączenie z Postgres...
[2026-01-22T21:39:06.316+0000] {subprocess.py:93} INFO - >>> [Ingest] Zapisywanie 4826 wierszy do: s3://bronze/data/orders/orders_20260122213905.parquet
[2026-01-22T21:39:06.316+0000] {subprocess.py:93} INFO - >>> Sukces!
[2026-01-22T21:39:06.479+0000] {subprocess.py:97} INFO - Command exited with return code 0
[2026-01-22T21:39:06.526+0000] {taskinstance.py:1398} INFO - Marking task as SUCCESS. dag_id=3_mlops_full_pipeline, task_id=ingest_to_bronze, execution_date=20260122T213849, start_date=20260122T213904, end_date=20260122T213906
[2026-01-22T21:39:06.592+0000] {local_task_job_runner.py:228} INFO - Task exited with return code 0
[2026-01-22T21:39:06.616+0000] {taskinstance.py:2776} INFO - 0 downstream tasks scheduled from follow-on schedule check
