[2026-01-22T22:16:41.715+0000] {taskinstance.py:1157} INFO - Dependencies all met for dep_context=non-requeueable deps ti=<TaskInstance: 3_mlops_full_pipeline.mlflow_training manual__2026-01-22T22:11:05.476573+00:00 [queued]>
[2026-01-22T22:16:41.727+0000] {taskinstance.py:1157} INFO - Dependencies all met for dep_context=requeueable deps ti=<TaskInstance: 3_mlops_full_pipeline.mlflow_training manual__2026-01-22T22:11:05.476573+00:00 [queued]>
[2026-01-22T22:16:41.728+0000] {taskinstance.py:1359} INFO - Starting attempt 1 of 1
[2026-01-22T22:16:41.753+0000] {taskinstance.py:1380} INFO - Executing <Task(BashOperator): mlflow_training> on 2026-01-22 22:11:05.476573+00:00
[2026-01-22T22:16:41.759+0000] {standard_task_runner.py:57} INFO - Started process 1976 to run task
[2026-01-22T22:16:41.763+0000] {standard_task_runner.py:84} INFO - Running: ['***', 'tasks', 'run', '3_mlops_full_pipeline', 'mlflow_training', 'manual__2026-01-22T22:11:05.476573+00:00', '--job-id', '99', '--raw', '--subdir', 'DAGS_FOLDER/mlops_pipeline.py', '--cfg-path', '/tmp/tmpcvcurwez']
[2026-01-22T22:16:41.765+0000] {standard_task_runner.py:85} INFO - Job 99: Subtask mlflow_training
[2026-01-22T22:16:41.826+0000] {task_command.py:415} INFO - Running <TaskInstance: 3_mlops_full_pipeline.mlflow_training manual__2026-01-22T22:11:05.476573+00:00 [running]> on host 24f0deffc5ba
[2026-01-22T22:16:41.942+0000] {taskinstance.py:1660} INFO - Exporting env vars: AIRFLOW_CTX_DAG_OWNER='***' AIRFLOW_CTX_DAG_ID='3_mlops_full_pipeline' AIRFLOW_CTX_TASK_ID='mlflow_training' AIRFLOW_CTX_EXECUTION_DATE='2026-01-22T22:11:05.476573+00:00' AIRFLOW_CTX_TRY_NUMBER='1' AIRFLOW_CTX_DAG_RUN_ID='manual__2026-01-22T22:11:05.476573+00:00'
[2026-01-22T22:16:41.944+0000] {subprocess.py:63} INFO - Tmp dir root location: /tmp
[2026-01-22T22:16:41.946+0000] {subprocess.py:75} INFO - Running command: ['/bin/bash', '-c', 'python /opt/***/dags/train_model.py']
[2026-01-22T22:16:41.965+0000] {subprocess.py:86} INFO - Output:
[2026-01-22T22:16:46.887+0000] {subprocess.py:93} INFO - 2026/01/22 22:16:46 WARNING mlflow.utils.git_utils: Failed to import Git (the Git executable is probably not on your PATH), so Git SHA is not available. Error: Failed to initialize: Bad git executable.
[2026-01-22T22:16:46.888+0000] {subprocess.py:93} INFO - The git executable must be specified in one of the following ways:
[2026-01-22T22:16:46.888+0000] {subprocess.py:93} INFO -     - be included in your $PATH
[2026-01-22T22:16:46.888+0000] {subprocess.py:93} INFO -     - be set via $GIT_PYTHON_GIT_EXECUTABLE
[2026-01-22T22:16:46.888+0000] {subprocess.py:93} INFO -     - explicitly set via git.refresh(<full-path-to-git-executable>)
[2026-01-22T22:16:46.888+0000] {subprocess.py:93} INFO - 
[2026-01-22T22:16:46.888+0000] {subprocess.py:93} INFO - All git commands will error until this is rectified.
[2026-01-22T22:16:46.888+0000] {subprocess.py:93} INFO - 
[2026-01-22T22:16:46.888+0000] {subprocess.py:93} INFO - This initial message can be silenced or aggravated in the future by setting the
[2026-01-22T22:16:46.888+0000] {subprocess.py:93} INFO - $GIT_PYTHON_REFRESH environment variable. Use one of the following values:
[2026-01-22T22:16:46.888+0000] {subprocess.py:93} INFO -     - quiet|q|silence|s|silent|none|n|0: for no message or exception
[2026-01-22T22:16:46.888+0000] {subprocess.py:93} INFO -     - warn|w|warning|log|l|1: for a warning message (logging level CRITICAL, displayed by default)
[2026-01-22T22:16:46.888+0000] {subprocess.py:93} INFO -     - error|e|exception|raise|r|2: for a raised exception
[2026-01-22T22:16:46.889+0000] {subprocess.py:93} INFO - 
[2026-01-22T22:16:46.889+0000] {subprocess.py:93} INFO - Example:
[2026-01-22T22:16:46.889+0000] {subprocess.py:93} INFO -     export GIT_PYTHON_REFRESH=quiet
[2026-01-22T22:16:46.889+0000] {subprocess.py:93} INFO - 
[2026-01-22T22:16:51.099+0000] {subprocess.py:93} INFO - Registered model 'ProductDemandModel' already exists. Creating a new version of this model...
[2026-01-22T22:16:51.099+0000] {subprocess.py:93} INFO - 2026/01/22 22:16:51 INFO mlflow.store.model_registry.abstract_store: Waiting up to 300 seconds for model version to finish creation. Model name: ProductDemandModel, version 8
[2026-01-22T22:16:51.118+0000] {subprocess.py:93} INFO - Created version '8' of model 'ProductDemandModel'.
[2026-01-22T22:16:51.118+0000] {subprocess.py:93} INFO - 2026/01/22 22:16:51 INFO mlflow.tracking._tracking_service.client: 🏃 View run placid-roo-205 at: http://mlflow:5000/#/experiments/1/runs/e4333abf67194d5da7044116d57f661f.
[2026-01-22T22:16:51.118+0000] {subprocess.py:93} INFO - 2026/01/22 22:16:51 INFO mlflow.tracking._tracking_service.client: 🧪 View experiment at: http://mlflow:5000/#/experiments/1.
[2026-01-22T22:16:51.135+0000] {subprocess.py:93} INFO - >>> [Training] Pobieranie danych z Gold...
[2026-01-22T22:16:51.136+0000] {subprocess.py:93} INFO - Dane wczytane: 5 wierszy.
[2026-01-22T22:16:51.136+0000] {subprocess.py:93} INFO - >>> Rozpoczynam trening...
[2026-01-22T22:16:51.136+0000] {subprocess.py:93} INFO - Zbyt mały zbiór testowy, by policzyć R2.
[2026-01-22T22:16:51.136+0000] {subprocess.py:93} INFO - Metrics: MSE=8114.852313539298, R2=0.0
[2026-01-22T22:16:51.136+0000] {subprocess.py:93} INFO - >>> Model zapisany w MLflow!
[2026-01-22T22:16:51.751+0000] {subprocess.py:97} INFO - Command exited with return code 0
[2026-01-22T22:16:51.789+0000] {taskinstance.py:1398} INFO - Marking task as SUCCESS. dag_id=3_mlops_full_pipeline, task_id=mlflow_training, execution_date=20260122T221105, start_date=20260122T221641, end_date=20260122T221651
[2026-01-22T22:16:51.819+0000] {local_task_job_runner.py:228} INFO - Task exited with return code 0
[2026-01-22T22:16:51.835+0000] {taskinstance.py:2776} INFO - 0 downstream tasks scheduled from follow-on schedule check
