[2026-01-22T21:29:57.665+0000] {taskinstance.py:1157} INFO - Dependencies all met for dep_context=non-requeueable deps ti=<TaskInstance: 3_mlops_full_pipeline.run_simulation manual__2026-01-22T21:29:46.315791+00:00 [queued]>
[2026-01-22T21:29:57.673+0000] {taskinstance.py:1157} INFO - Dependencies all met for dep_context=requeueable deps ti=<TaskInstance: 3_mlops_full_pipeline.run_simulation manual__2026-01-22T21:29:46.315791+00:00 [queued]>
[2026-01-22T21:29:57.674+0000] {taskinstance.py:1359} INFO - Starting attempt 1 of 1
[2026-01-22T21:29:57.687+0000] {taskinstance.py:1380} INFO - Executing <Task(BashOperator): run_simulation> on 2026-01-22 21:29:46.315791+00:00
[2026-01-22T21:29:57.693+0000] {standard_task_runner.py:57} INFO - Started process 5214 to run task
[2026-01-22T21:29:57.696+0000] {standard_task_runner.py:84} INFO - Running: ['***', 'tasks', 'run', '3_mlops_full_pipeline', 'run_simulation', 'manual__2026-01-22T21:29:46.315791+00:00', '--job-id', '63', '--raw', '--subdir', 'DAGS_FOLDER/mlops_pipeline.py', '--cfg-path', '/tmp/tmp2l1uxuf4']
[2026-01-22T21:29:57.698+0000] {standard_task_runner.py:85} INFO - Job 63: Subtask run_simulation
[2026-01-22T21:29:57.740+0000] {task_command.py:415} INFO - Running <TaskInstance: 3_mlops_full_pipeline.run_simulation manual__2026-01-22T21:29:46.315791+00:00 [running]> on host 4fbdf2312f2b
[2026-01-22T21:29:57.815+0000] {taskinstance.py:1660} INFO - Exporting env vars: AIRFLOW_CTX_DAG_OWNER='***' AIRFLOW_CTX_DAG_ID='3_mlops_full_pipeline' AIRFLOW_CTX_TASK_ID='run_simulation' AIRFLOW_CTX_EXECUTION_DATE='2026-01-22T21:29:46.315791+00:00' AIRFLOW_CTX_TRY_NUMBER='1' AIRFLOW_CTX_DAG_RUN_ID='manual__2026-01-22T21:29:46.315791+00:00'
[2026-01-22T21:29:57.816+0000] {subprocess.py:63} INFO - Tmp dir root location: /tmp
[2026-01-22T21:29:57.817+0000] {subprocess.py:75} INFO - Running command: ['/bin/bash', '-c', 'python /opt/***/dags/simulate_process.py']
[2026-01-22T21:29:57.827+0000] {subprocess.py:86} INFO - Output:
[2026-01-22T21:30:01.362+0000] {subprocess.py:93} INFO - >>> Tabela orders gotowa.
[2026-01-22T21:30:01.362+0000] {subprocess.py:93} INFO - >>> Rozpoczynam generowanie paczki danych (20 rekordów)...
[2026-01-22T21:30:01.362+0000] {subprocess.py:93} INFO - Dodano: Keyboard | Klient: Donna Thomas
[2026-01-22T21:30:01.362+0000] {subprocess.py:93} INFO - Dodano: Laptop | Klient: Carla Schmidt
[2026-01-22T21:30:01.362+0000] {subprocess.py:93} INFO - Dodano: Monitor | Klient: Ryan Fowler
[2026-01-22T21:30:01.362+0000] {subprocess.py:93} INFO - Dodano: Keyboard | Klient: Joel Rodriguez
[2026-01-22T21:30:01.363+0000] {subprocess.py:93} INFO - Dodano: Laptop | Klient: Patricia Parker
[2026-01-22T21:30:01.363+0000] {subprocess.py:93} INFO - Dodano: Mouse | Klient: Austin Rodriguez
[2026-01-22T21:30:01.363+0000] {subprocess.py:93} INFO - Dodano: Headphones | Klient: Miss Jamie Garcia
[2026-01-22T21:30:01.363+0000] {subprocess.py:93} INFO - Dodano: Monitor | Klient: Kristin Turner
[2026-01-22T21:30:01.363+0000] {subprocess.py:93} INFO - Dodano: Keyboard | Klient: Benjamin Kelly
[2026-01-22T21:30:01.363+0000] {subprocess.py:93} INFO - Dodano: Laptop | Klient: John Thomas
[2026-01-22T21:30:01.363+0000] {subprocess.py:93} INFO - Dodano: Keyboard | Klient: Christy Lewis
[2026-01-22T21:30:01.363+0000] {subprocess.py:93} INFO - Dodano: Keyboard | Klient: Helen Wilson
[2026-01-22T21:30:01.363+0000] {subprocess.py:93} INFO - Dodano: Keyboard | Klient: Christopher Walters
[2026-01-22T21:30:01.363+0000] {subprocess.py:93} INFO - Dodano: Keyboard | Klient: Christopher King
[2026-01-22T21:30:01.364+0000] {subprocess.py:93} INFO - Dodano: Mouse | Klient: Steven Lamb
[2026-01-22T21:30:01.364+0000] {subprocess.py:93} INFO - Dodano: Mouse | Klient: Robin Manning
[2026-01-22T21:30:01.364+0000] {subprocess.py:93} INFO - Dodano: Laptop | Klient: James Whitney
[2026-01-22T21:30:01.364+0000] {subprocess.py:93} INFO - Dodano: Laptop | Klient: Christine Stewart
[2026-01-22T21:30:01.364+0000] {subprocess.py:93} INFO - Dodano: Laptop | Klient: Marie Jefferson
[2026-01-22T21:30:01.364+0000] {subprocess.py:93} INFO - Dodano: Laptop | Klient: Jacob Smith
[2026-01-22T21:30:01.364+0000] {subprocess.py:93} INFO - >>> Zakończono generowanie danych.
[2026-01-22T21:30:01.377+0000] {subprocess.py:97} INFO - Command exited with return code 0
[2026-01-22T21:30:01.404+0000] {taskinstance.py:1398} INFO - Marking task as SUCCESS. dag_id=3_mlops_full_pipeline, task_id=run_simulation, execution_date=20260122T212946, start_date=20260122T212957, end_date=20260122T213001
[2026-01-22T21:30:01.445+0000] {local_task_job_runner.py:228} INFO - Task exited with return code 0
[2026-01-22T21:30:01.466+0000] {taskinstance.py:2776} INFO - 1 downstream tasks scheduled from follow-on schedule check
