[2026-01-23T08:33:16.235+0000] {taskinstance.py:1157} INFO - Dependencies all met for dep_context=non-requeueable deps ti=<TaskInstance: 3_mlops_full_pipeline.run_simulation manual__2026-01-23T08:32:25+00:00 [queued]>
[2026-01-23T08:33:16.245+0000] {taskinstance.py:1157} INFO - Dependencies all met for dep_context=requeueable deps ti=<TaskInstance: 3_mlops_full_pipeline.run_simulation manual__2026-01-23T08:32:25+00:00 [queued]>
[2026-01-23T08:33:16.245+0000] {taskinstance.py:1359} INFO - Starting attempt 1 of 1
[2026-01-23T08:33:16.260+0000] {taskinstance.py:1380} INFO - Executing <Task(BashOperator): run_simulation> on 2026-01-23 08:32:25+00:00
[2026-01-23T08:33:16.266+0000] {standard_task_runner.py:57} INFO - Started process 298 to run task
[2026-01-23T08:33:16.270+0000] {standard_task_runner.py:84} INFO - Running: ['***', 'tasks', 'run', '3_mlops_full_pipeline', 'run_simulation', 'manual__2026-01-23T08:32:25+00:00', '--job-id', '3', '--raw', '--subdir', 'DAGS_FOLDER/mlops_pipeline.py', '--cfg-path', '/tmp/tmp7d3182b5']
[2026-01-23T08:33:16.272+0000] {standard_task_runner.py:85} INFO - Job 3: Subtask run_simulation
[2026-01-23T08:33:16.323+0000] {task_command.py:415} INFO - Running <TaskInstance: 3_mlops_full_pipeline.run_simulation manual__2026-01-23T08:32:25+00:00 [running]> on host c88838c425df
[2026-01-23T08:33:16.397+0000] {taskinstance.py:1660} INFO - Exporting env vars: AIRFLOW_CTX_DAG_OWNER='***' AIRFLOW_CTX_DAG_ID='3_mlops_full_pipeline' AIRFLOW_CTX_TASK_ID='run_simulation' AIRFLOW_CTX_EXECUTION_DATE='2026-01-23T08:32:25+00:00' AIRFLOW_CTX_TRY_NUMBER='1' AIRFLOW_CTX_DAG_RUN_ID='manual__2026-01-23T08:32:25+00:00'
[2026-01-23T08:33:16.398+0000] {subprocess.py:63} INFO - Tmp dir root location: /tmp
[2026-01-23T08:33:16.399+0000] {subprocess.py:75} INFO - Running command: ['/bin/bash', '-c', 'python /opt/***/dags/simulate_process.py']
[2026-01-23T08:33:16.411+0000] {subprocess.py:86} INFO - Output:
[2026-01-23T08:33:20.018+0000] {subprocess.py:93} INFO - >>> Tabela orders gotowa.
[2026-01-23T08:33:20.019+0000] {subprocess.py:93} INFO - >>> Rozpoczynam generowanie paczki danych (20 rekordów)...
[2026-01-23T08:33:20.019+0000] {subprocess.py:93} INFO - Dodano: Keyboard | Klient: Michael Lopez
[2026-01-23T08:33:20.019+0000] {subprocess.py:93} INFO - Dodano: Laptop | Klient: Susan Williamson
[2026-01-23T08:33:20.019+0000] {subprocess.py:93} INFO - Dodano: Headphones | Klient: Paul Jordan
[2026-01-23T08:33:20.019+0000] {subprocess.py:93} INFO - Dodano: Laptop | Klient: Amanda Bryant
[2026-01-23T08:33:20.019+0000] {subprocess.py:93} INFO - Dodano: Mouse | Klient: James Brown
[2026-01-23T08:33:20.019+0000] {subprocess.py:93} INFO - Dodano: Monitor | Klient: Ethan Stewart
[2026-01-23T08:33:20.019+0000] {subprocess.py:93} INFO - Dodano: Monitor | Klient: Christopher Jones
[2026-01-23T08:33:20.019+0000] {subprocess.py:93} INFO - Dodano: Mouse | Klient: Sarah Reynolds
[2026-01-23T08:33:20.020+0000] {subprocess.py:93} INFO - Dodano: Mouse | Klient: Heather Gray
[2026-01-23T08:33:20.020+0000] {subprocess.py:93} INFO - Dodano: Headphones | Klient: Mrs. Denise Baldwin
[2026-01-23T08:33:20.020+0000] {subprocess.py:93} INFO - Dodano: Keyboard | Klient: Linda Mckee
[2026-01-23T08:33:20.020+0000] {subprocess.py:93} INFO - Dodano: Mouse | Klient: Troy Garrison
[2026-01-23T08:33:20.020+0000] {subprocess.py:93} INFO - Dodano: Headphones | Klient: Paula Freeman
[2026-01-23T08:33:20.020+0000] {subprocess.py:93} INFO - Dodano: Mouse | Klient: Katherine Mcdonald
[2026-01-23T08:33:20.020+0000] {subprocess.py:93} INFO - Dodano: Laptop | Klient: James Brock
[2026-01-23T08:33:20.020+0000] {subprocess.py:93} INFO - Dodano: Headphones | Klient: Joshua Thomas
[2026-01-23T08:33:20.020+0000] {subprocess.py:93} INFO - Dodano: Headphones | Klient: Sara Anderson
[2026-01-23T08:33:20.020+0000] {subprocess.py:93} INFO - Dodano: Mouse | Klient: Brandi Leonard
[2026-01-23T08:33:20.020+0000] {subprocess.py:93} INFO - Dodano: Mouse | Klient: Benjamin Kirby
[2026-01-23T08:33:20.020+0000] {subprocess.py:93} INFO - Dodano: Keyboard | Klient: Nicholas Jenkins
[2026-01-23T08:33:20.020+0000] {subprocess.py:93} INFO - >>> Zakończono generowanie danych.
[2026-01-23T08:33:20.038+0000] {subprocess.py:97} INFO - Command exited with return code 0
[2026-01-23T08:33:20.066+0000] {taskinstance.py:1398} INFO - Marking task as SUCCESS. dag_id=3_mlops_full_pipeline, task_id=run_simulation, execution_date=20260123T083225, start_date=20260123T083316, end_date=20260123T083320
[2026-01-23T08:33:20.093+0000] {local_task_job_runner.py:228} INFO - Task exited with return code 0
[2026-01-23T08:33:20.119+0000] {taskinstance.py:2776} INFO - 1 downstream tasks scheduled from follow-on schedule check
