[2026-01-22T23:59:13.803+0000] {taskinstance.py:1157} INFO - Dependencies all met for dep_context=non-requeueable deps ti=<TaskInstance: 3_mlops_full_pipeline.ingest_to_bronze manual__2026-01-22T23:59:00+00:00 [queued]>
[2026-01-22T23:59:13.812+0000] {taskinstance.py:1157} INFO - Dependencies all met for dep_context=requeueable deps ti=<TaskInstance: 3_mlops_full_pipeline.ingest_to_bronze manual__2026-01-22T23:59:00+00:00 [queued]>
[2026-01-22T23:59:13.812+0000] {taskinstance.py:1359} INFO - Starting attempt 1 of 1
[2026-01-22T23:59:13.825+0000] {taskinstance.py:1380} INFO - Executing <Task(BashOperator): ingest_to_bronze> on 2026-01-22 23:59:00+00:00
[2026-01-22T23:59:13.830+0000] {standard_task_runner.py:57} INFO - Started process 1850 to run task
[2026-01-22T23:59:13.833+0000] {standard_task_runner.py:84} INFO - Running: ['***', 'tasks', 'run', '3_mlops_full_pipeline', 'ingest_to_bronze', 'manual__2026-01-22T23:59:00+00:00', '--job-id', '22', '--raw', '--subdir', 'DAGS_FOLDER/mlops_pipeline.py', '--cfg-path', '/tmp/tmpsrjq3zf3']
[2026-01-22T23:59:13.835+0000] {standard_task_runner.py:85} INFO - Job 22: Subtask ingest_to_bronze
[2026-01-22T23:59:13.879+0000] {task_command.py:415} INFO - Running <TaskInstance: 3_mlops_full_pipeline.ingest_to_bronze manual__2026-01-22T23:59:00+00:00 [running]> on host c636ac6d211b
[2026-01-22T23:59:13.947+0000] {taskinstance.py:1660} INFO - Exporting env vars: AIRFLOW_CTX_DAG_OWNER='***' AIRFLOW_CTX_DAG_ID='3_mlops_full_pipeline' AIRFLOW_CTX_TASK_ID='ingest_to_bronze' AIRFLOW_CTX_EXECUTION_DATE='2026-01-22T23:59:00+00:00' AIRFLOW_CTX_TRY_NUMBER='1' AIRFLOW_CTX_DAG_RUN_ID='manual__2026-01-22T23:59:00+00:00'
[2026-01-22T23:59:13.948+0000] {subprocess.py:63} INFO - Tmp dir root location: /tmp
[2026-01-22T23:59:13.949+0000] {subprocess.py:75} INFO - Running command: ['/bin/bash', '-c', 'python /opt/***/dags/ingest_postgres_to_bronze.py']
[2026-01-22T23:59:13.958+0000] {subprocess.py:86} INFO - Output:
[2026-01-22T23:59:15.184+0000] {subprocess.py:93} INFO - /opt/***/dags/ingest_postgres_to_bronze.py:20: UserWarning: pandas only supports SQLAlchemy connectable (engine/connection) or database string URI or sqlite3 DBAPI2 connection. Other DBAPI2 objects are not tested. Please consider using SQLAlchemy.
[2026-01-22T23:59:15.185+0000] {subprocess.py:93} INFO -   df = pd.read_sql(query, conn)
[2026-01-22T23:59:15.185+0000] {subprocess.py:93} INFO - >>> [Ingest] Łączenie z Postgres...
[2026-01-22T23:59:15.185+0000] {subprocess.py:93} INFO - >>> [Ingest] Zapisywanie 80 wierszy do: s3://bronze/data/orders/orders_20260122235914.parquet
[2026-01-22T23:59:15.185+0000] {subprocess.py:93} INFO - >>> Sukces!
[2026-01-22T23:59:15.353+0000] {subprocess.py:97} INFO - Command exited with return code 0
[2026-01-22T23:59:15.379+0000] {taskinstance.py:1398} INFO - Marking task as SUCCESS. dag_id=3_mlops_full_pipeline, task_id=ingest_to_bronze, execution_date=20260122T235900, start_date=20260122T235913, end_date=20260122T235915
[2026-01-22T23:59:15.413+0000] {local_task_job_runner.py:228} INFO - Task exited with return code 0
[2026-01-22T23:59:15.436+0000] {taskinstance.py:2776} INFO - 1 downstream tasks scheduled from follow-on schedule check
