[2026-01-22T18:04:11.488+0000] {taskinstance.py:1157} INFO - Dependencies all met for dep_context=non-requeueable deps ti=<TaskInstance: 1_process_bronze_to_silver.check_spark_connection manual__2026-01-22T18:04:10.157506+00:00 [queued]>
[2026-01-22T18:04:11.500+0000] {taskinstance.py:1157} INFO - Dependencies all met for dep_context=requeueable deps ti=<TaskInstance: 1_process_bronze_to_silver.check_spark_connection manual__2026-01-22T18:04:10.157506+00:00 [queued]>
[2026-01-22T18:04:11.500+0000] {taskinstance.py:1359} INFO - Starting attempt 1 of 2
[2026-01-22T18:04:11.514+0000] {taskinstance.py:1380} INFO - Executing <Task(BashOperator): check_spark_connection> on 2026-01-22 18:04:10.157506+00:00
[2026-01-22T18:04:11.524+0000] {standard_task_runner.py:57} INFO - Started process 299 to run task
[2026-01-22T18:04:11.527+0000] {standard_task_runner.py:84} INFO - Running: ['***', 'tasks', 'run', '1_process_bronze_to_silver', 'check_spark_connection', 'manual__2026-01-22T18:04:10.157506+00:00', '--job-id', '5', '--raw', '--subdir', 'DAGS_FOLDER/spark_processing_dag.py', '--cfg-path', '/tmp/tmpwzo926f3']
[2026-01-22T18:04:11.530+0000] {standard_task_runner.py:85} INFO - Job 5: Subtask check_spark_connection
[2026-01-22T18:04:11.585+0000] {task_command.py:415} INFO - Running <TaskInstance: 1_process_bronze_to_silver.check_spark_connection manual__2026-01-22T18:04:10.157506+00:00 [running]> on host 4fbdf2312f2b
[2026-01-22T18:04:11.656+0000] {taskinstance.py:1660} INFO - Exporting env vars: AIRFLOW_CTX_DAG_OWNER='***' AIRFLOW_CTX_DAG_ID='1_process_bronze_to_silver' AIRFLOW_CTX_TASK_ID='check_spark_connection' AIRFLOW_CTX_EXECUTION_DATE='2026-01-22T18:04:10.157506+00:00' AIRFLOW_CTX_TRY_NUMBER='1' AIRFLOW_CTX_DAG_RUN_ID='manual__2026-01-22T18:04:10.157506+00:00'
[2026-01-22T18:04:11.658+0000] {subprocess.py:63} INFO - Tmp dir root location: /tmp
[2026-01-22T18:04:11.659+0000] {subprocess.py:75} INFO - Running command: ['/bin/bash', '-c', 'ping -c 1 spark-master']
[2026-01-22T18:04:11.669+0000] {subprocess.py:86} INFO - Output:
[2026-01-22T18:04:11.671+0000] {subprocess.py:93} INFO - /bin/bash: line 1: ping: command not found
[2026-01-22T18:04:11.671+0000] {subprocess.py:97} INFO - Command exited with return code 127
[2026-01-22T18:04:11.684+0000] {taskinstance.py:1935} ERROR - Task failed with exception
Traceback (most recent call last):
  File "/home/airflow/.local/lib/python3.8/site-packages/airflow/operators/bash.py", line 210, in execute
    raise AirflowException(
airflow.exceptions.AirflowException: Bash command failed. The command returned a non-zero exit code 127.
[2026-01-22T18:04:11.688+0000] {taskinstance.py:1398} INFO - Marking task as UP_FOR_RETRY. dag_id=1_process_bronze_to_silver, task_id=check_spark_connection, execution_date=20260122T180410, start_date=20260122T180411, end_date=20260122T180411
[2026-01-22T18:04:11.702+0000] {standard_task_runner.py:104} ERROR - Failed to execute job 5 for task check_spark_connection (Bash command failed. The command returned a non-zero exit code 127.; 299)
[2026-01-22T18:04:11.740+0000] {local_task_job_runner.py:228} INFO - Task exited with return code 1
[2026-01-22T18:04:11.760+0000] {taskinstance.py:2776} INFO - 0 downstream tasks scheduled from follow-on schedule check
