[2026-01-23T15:24:20.337+0000] {taskinstance.py:1157} INFO - Dependencies all met for dep_context=non-requeueable deps ti=<TaskInstance: 3_mlops_full_pipeline.run_simulation manual__2026-01-23T15:24:07.372174+00:00 [queued]>
[2026-01-23T15:24:20.345+0000] {taskinstance.py:1157} INFO - Dependencies all met for dep_context=requeueable deps ti=<TaskInstance: 3_mlops_full_pipeline.run_simulation manual__2026-01-23T15:24:07.372174+00:00 [queued]>
[2026-01-23T15:24:20.345+0000] {taskinstance.py:1359} INFO - Starting attempt 1 of 1
[2026-01-23T15:24:20.357+0000] {taskinstance.py:1380} INFO - Executing <Task(BashOperator): run_simulation> on 2026-01-23 15:24:07.372174+00:00
[2026-01-23T15:24:20.362+0000] {standard_task_runner.py:57} INFO - Started process 790 to run task
[2026-01-23T15:24:20.366+0000] {standard_task_runner.py:84} INFO - Running: ['***', 'tasks', 'run', '3_mlops_full_pipeline', 'run_simulation', 'manual__2026-01-23T15:24:07.372174+00:00', '--job-id', '11', '--raw', '--subdir', 'DAGS_FOLDER/mlops_pipeline.py', '--cfg-path', '/tmp/tmpusuhr2tr']
[2026-01-23T15:24:20.369+0000] {standard_task_runner.py:85} INFO - Job 11: Subtask run_simulation
[2026-01-23T15:24:20.416+0000] {task_command.py:415} INFO - Running <TaskInstance: 3_mlops_full_pipeline.run_simulation manual__2026-01-23T15:24:07.372174+00:00 [running]> on host a8d715f94a49
[2026-01-23T15:24:20.495+0000] {taskinstance.py:1660} INFO - Exporting env vars: AIRFLOW_CTX_DAG_OWNER='***' AIRFLOW_CTX_DAG_ID='3_mlops_full_pipeline' AIRFLOW_CTX_TASK_ID='run_simulation' AIRFLOW_CTX_EXECUTION_DATE='2026-01-23T15:24:07.372174+00:00' AIRFLOW_CTX_TRY_NUMBER='1' AIRFLOW_CTX_DAG_RUN_ID='manual__2026-01-23T15:24:07.372174+00:00'
[2026-01-23T15:24:20.497+0000] {subprocess.py:63} INFO - Tmp dir root location: /tmp
[2026-01-23T15:24:20.497+0000] {subprocess.py:75} INFO - Running command: ['/bin/bash', '-c', 'python /opt/***/dags/simulate_process.py']
[2026-01-23T15:24:20.507+0000] {subprocess.py:86} INFO - Output:
[2026-01-23T15:24:24.180+0000] {subprocess.py:93} INFO - >>> Tabela orders gotowa.
[2026-01-23T15:24:24.180+0000] {subprocess.py:93} INFO - >>> Rozpoczynam generowanie paczki danych (20 rekordów)...
[2026-01-23T15:24:24.180+0000] {subprocess.py:93} INFO - Dodano: Headphones | Klient: Kimberly Valdez
[2026-01-23T15:24:24.181+0000] {subprocess.py:93} INFO - Dodano: Headphones | Klient: Brent Wilson
[2026-01-23T15:24:24.181+0000] {subprocess.py:93} INFO - Dodano: Keyboard | Klient: Jillian Wallace
[2026-01-23T15:24:24.181+0000] {subprocess.py:93} INFO - Dodano: Monitor | Klient: Lisa Rogers
[2026-01-23T15:24:24.181+0000] {subprocess.py:93} INFO - Dodano: Keyboard | Klient: Brandy Jones
[2026-01-23T15:24:24.181+0000] {subprocess.py:93} INFO - Dodano: Monitor | Klient: Blake Phillips
[2026-01-23T15:24:24.181+0000] {subprocess.py:93} INFO - Dodano: Laptop | Klient: Debra Harris
[2026-01-23T15:24:24.181+0000] {subprocess.py:93} INFO - Dodano: Laptop | Klient: Kevin Hamilton
[2026-01-23T15:24:24.181+0000] {subprocess.py:93} INFO - Dodano: Mouse | Klient: Kayla Rice DVM
[2026-01-23T15:24:24.181+0000] {subprocess.py:93} INFO - Dodano: Headphones | Klient: Ian Robinson
[2026-01-23T15:24:24.181+0000] {subprocess.py:93} INFO - Dodano: Headphones | Klient: Patricia Leonard DVM
[2026-01-23T15:24:24.181+0000] {subprocess.py:93} INFO - Dodano: Keyboard | Klient: Dorothy Dunn
[2026-01-23T15:24:24.181+0000] {subprocess.py:93} INFO - Dodano: Keyboard | Klient: Gina Munoz
[2026-01-23T15:24:24.181+0000] {subprocess.py:93} INFO - Dodano: Monitor | Klient: Michelle Cox
[2026-01-23T15:24:24.181+0000] {subprocess.py:93} INFO - Dodano: Keyboard | Klient: Darlene Campbell
[2026-01-23T15:24:24.182+0000] {subprocess.py:93} INFO - Dodano: Monitor | Klient: Bradley Higgins
[2026-01-23T15:24:24.182+0000] {subprocess.py:93} INFO - Dodano: Headphones | Klient: Kevin Wall
[2026-01-23T15:24:24.182+0000] {subprocess.py:93} INFO - Dodano: Laptop | Klient: Kathleen Caldwell
[2026-01-23T15:24:24.182+0000] {subprocess.py:93} INFO - Dodano: Headphones | Klient: Caroline Graham
[2026-01-23T15:24:24.182+0000] {subprocess.py:93} INFO - Dodano: Keyboard | Klient: Mary Romero
[2026-01-23T15:24:24.182+0000] {subprocess.py:93} INFO - >>> Zakończono generowanie danych.
[2026-01-23T15:24:24.197+0000] {subprocess.py:97} INFO - Command exited with return code 0
[2026-01-23T15:24:24.223+0000] {taskinstance.py:1398} INFO - Marking task as SUCCESS. dag_id=3_mlops_full_pipeline, task_id=run_simulation, execution_date=20260123T152407, start_date=20260123T152420, end_date=20260123T152424
[2026-01-23T15:24:24.270+0000] {local_task_job_runner.py:228} INFO - Task exited with return code 0
[2026-01-23T15:24:24.292+0000] {taskinstance.py:2776} INFO - 1 downstream tasks scheduled from follow-on schedule check
