[2026-01-22T20:50:52.813+0000] {taskinstance.py:1157} INFO - Dependencies all met for dep_context=non-requeueable deps ti=<TaskInstance: 3_mlops_full_pipeline.run_simulation manual__2026-01-22T20:50:41.033720+00:00 [queued]>
[2026-01-22T20:50:52.824+0000] {taskinstance.py:1157} INFO - Dependencies all met for dep_context=requeueable deps ti=<TaskInstance: 3_mlops_full_pipeline.run_simulation manual__2026-01-22T20:50:41.033720+00:00 [queued]>
[2026-01-22T20:50:52.824+0000] {taskinstance.py:1359} INFO - Starting attempt 1 of 1
[2026-01-22T20:50:52.838+0000] {taskinstance.py:1380} INFO - Executing <Task(BashOperator): run_simulation> on 2026-01-22 20:50:41.033720+00:00
[2026-01-22T20:50:52.843+0000] {standard_task_runner.py:57} INFO - Started process 3535 to run task
[2026-01-22T20:50:52.847+0000] {standard_task_runner.py:84} INFO - Running: ['***', 'tasks', 'run', '3_mlops_full_pipeline', 'run_simulation', 'manual__2026-01-22T20:50:41.033720+00:00', '--job-id', '53', '--raw', '--subdir', 'DAGS_FOLDER/mlops_pipeline.py', '--cfg-path', '/tmp/tmpteumon1f']
[2026-01-22T20:50:52.851+0000] {standard_task_runner.py:85} INFO - Job 53: Subtask run_simulation
[2026-01-22T20:50:52.912+0000] {task_command.py:415} INFO - Running <TaskInstance: 3_mlops_full_pipeline.run_simulation manual__2026-01-22T20:50:41.033720+00:00 [running]> on host 4fbdf2312f2b
[2026-01-22T20:50:53.013+0000] {taskinstance.py:1660} INFO - Exporting env vars: AIRFLOW_CTX_DAG_OWNER='***' AIRFLOW_CTX_DAG_ID='3_mlops_full_pipeline' AIRFLOW_CTX_TASK_ID='run_simulation' AIRFLOW_CTX_EXECUTION_DATE='2026-01-22T20:50:41.033720+00:00' AIRFLOW_CTX_TRY_NUMBER='1' AIRFLOW_CTX_DAG_RUN_ID='manual__2026-01-22T20:50:41.033720+00:00'
[2026-01-22T20:50:53.015+0000] {subprocess.py:63} INFO - Tmp dir root location: /tmp
[2026-01-22T20:50:53.016+0000] {subprocess.py:75} INFO - Running command: ['/bin/bash', '-c', 'python /opt/***/dags/simulate_process.py']
[2026-01-22T20:50:53.032+0000] {subprocess.py:86} INFO - Output:
[2026-01-22T20:50:56.695+0000] {subprocess.py:93} INFO - >>> Tabela orders gotowa.
[2026-01-22T20:50:56.695+0000] {subprocess.py:93} INFO - >>> Rozpoczynam generowanie paczki danych (20 rekordów)...
[2026-01-22T20:50:56.695+0000] {subprocess.py:93} INFO - Dodano: Monitor | Klient: John Flores
[2026-01-22T20:50:56.696+0000] {subprocess.py:93} INFO - Dodano: Laptop | Klient: Erin Ayala
[2026-01-22T20:50:56.696+0000] {subprocess.py:93} INFO - Dodano: Keyboard | Klient: Patrick Jones
[2026-01-22T20:50:56.696+0000] {subprocess.py:93} INFO - Dodano: Headphones | Klient: Sandra White
[2026-01-22T20:50:56.696+0000] {subprocess.py:93} INFO - Dodano: Headphones | Klient: Mathew West
[2026-01-22T20:50:56.696+0000] {subprocess.py:93} INFO - Dodano: Mouse | Klient: Michael Mcdaniel
[2026-01-22T20:50:56.696+0000] {subprocess.py:93} INFO - Dodano: Headphones | Klient: Maria Johnson
[2026-01-22T20:50:56.696+0000] {subprocess.py:93} INFO - Dodano: Keyboard | Klient: Mark Sanchez
[2026-01-22T20:50:56.696+0000] {subprocess.py:93} INFO - Dodano: Mouse | Klient: Kevin Pollard
[2026-01-22T20:50:56.696+0000] {subprocess.py:93} INFO - Dodano: Keyboard | Klient: Jodi Adams
[2026-01-22T20:50:56.696+0000] {subprocess.py:93} INFO - Dodano: Monitor | Klient: Luis Wells
[2026-01-22T20:50:56.696+0000] {subprocess.py:93} INFO - Dodano: Laptop | Klient: Larry Clark
[2026-01-22T20:50:56.696+0000] {subprocess.py:93} INFO - Dodano: Laptop | Klient: Jared Everett
[2026-01-22T20:50:56.696+0000] {subprocess.py:93} INFO - Dodano: Monitor | Klient: Joshua Sanchez
[2026-01-22T20:50:56.696+0000] {subprocess.py:93} INFO - Dodano: Keyboard | Klient: Jocelyn Gray
[2026-01-22T20:50:56.697+0000] {subprocess.py:93} INFO - Dodano: Keyboard | Klient: Ronnie Ball
[2026-01-22T20:50:56.697+0000] {subprocess.py:93} INFO - Dodano: Mouse | Klient: Deborah Jenkins
[2026-01-22T20:50:56.697+0000] {subprocess.py:93} INFO - Dodano: Headphones | Klient: Sharon Jordan
[2026-01-22T20:50:56.697+0000] {subprocess.py:93} INFO - Dodano: Keyboard | Klient: Robert Jones
[2026-01-22T20:50:56.697+0000] {subprocess.py:93} INFO - Dodano: Monitor | Klient: Jason King
[2026-01-22T20:50:56.697+0000] {subprocess.py:93} INFO - >>> Zakończono generowanie danych.
[2026-01-22T20:50:56.717+0000] {subprocess.py:97} INFO - Command exited with return code 0
[2026-01-22T20:50:56.771+0000] {taskinstance.py:1398} INFO - Marking task as SUCCESS. dag_id=3_mlops_full_pipeline, task_id=run_simulation, execution_date=20260122T205041, start_date=20260122T205052, end_date=20260122T205056
[2026-01-22T20:50:56.798+0000] {local_task_job_runner.py:228} INFO - Task exited with return code 0
[2026-01-22T20:50:56.822+0000] {taskinstance.py:2776} INFO - 1 downstream tasks scheduled from follow-on schedule check
