[2026-01-22T20:51:04.535+0000] {taskinstance.py:1157} INFO - Dependencies all met for dep_context=non-requeueable deps ti=<TaskInstance: 3_mlops_full_pipeline.mlflow_training manual__2026-01-22T20:50:41.033720+00:00 [queued]>
[2026-01-22T20:51:04.545+0000] {taskinstance.py:1157} INFO - Dependencies all met for dep_context=requeueable deps ti=<TaskInstance: 3_mlops_full_pipeline.mlflow_training manual__2026-01-22T20:50:41.033720+00:00 [queued]>
[2026-01-22T20:51:04.545+0000] {taskinstance.py:1359} INFO - Starting attempt 1 of 1
[2026-01-22T20:51:04.558+0000] {taskinstance.py:1380} INFO - Executing <Task(BashOperator): mlflow_training> on 2026-01-22 20:50:41.033720+00:00
[2026-01-22T20:51:04.563+0000] {standard_task_runner.py:57} INFO - Started process 3580 to run task
[2026-01-22T20:51:04.566+0000] {standard_task_runner.py:84} INFO - Running: ['***', 'tasks', 'run', '3_mlops_full_pipeline', 'mlflow_training', 'manual__2026-01-22T20:50:41.033720+00:00', '--job-id', '56', '--raw', '--subdir', 'DAGS_FOLDER/mlops_pipeline.py', '--cfg-path', '/tmp/tmpjtd8w3m4']
[2026-01-22T20:51:04.569+0000] {standard_task_runner.py:85} INFO - Job 56: Subtask mlflow_training
[2026-01-22T20:51:04.619+0000] {task_command.py:415} INFO - Running <TaskInstance: 3_mlops_full_pipeline.mlflow_training manual__2026-01-22T20:50:41.033720+00:00 [running]> on host 4fbdf2312f2b
[2026-01-22T20:51:04.694+0000] {taskinstance.py:1660} INFO - Exporting env vars: AIRFLOW_CTX_DAG_OWNER='***' AIRFLOW_CTX_DAG_ID='3_mlops_full_pipeline' AIRFLOW_CTX_TASK_ID='mlflow_training' AIRFLOW_CTX_EXECUTION_DATE='2026-01-22T20:50:41.033720+00:00' AIRFLOW_CTX_TRY_NUMBER='1' AIRFLOW_CTX_DAG_RUN_ID='manual__2026-01-22T20:50:41.033720+00:00'
[2026-01-22T20:51:04.696+0000] {subprocess.py:63} INFO - Tmp dir root location: /tmp
[2026-01-22T20:51:04.696+0000] {subprocess.py:75} INFO - Running command: ['/bin/bash', '-c', 'python /opt/***/dags/train_model.py']
[2026-01-22T20:51:04.707+0000] {subprocess.py:86} INFO - Output:
[2026-01-22T20:51:09.102+0000] {subprocess.py:93} INFO - 2026/01/22 20:51:09 WARNING mlflow.utils.git_utils: Failed to import Git (the Git executable is probably not on your PATH), so Git SHA is not available. Error: Failed to initialize: Bad git executable.
[2026-01-22T20:51:09.103+0000] {subprocess.py:93} INFO - The git executable must be specified in one of the following ways:
[2026-01-22T20:51:09.103+0000] {subprocess.py:93} INFO -     - be included in your $PATH
[2026-01-22T20:51:09.103+0000] {subprocess.py:93} INFO -     - be set via $GIT_PYTHON_GIT_EXECUTABLE
[2026-01-22T20:51:09.103+0000] {subprocess.py:93} INFO -     - explicitly set via git.refresh(<full-path-to-git-executable>)
[2026-01-22T20:51:09.103+0000] {subprocess.py:93} INFO - 
[2026-01-22T20:51:09.103+0000] {subprocess.py:93} INFO - All git commands will error until this is rectified.
[2026-01-22T20:51:09.103+0000] {subprocess.py:93} INFO - 
[2026-01-22T20:51:09.103+0000] {subprocess.py:93} INFO - This initial message can be silenced or aggravated in the future by setting the
[2026-01-22T20:51:09.104+0000] {subprocess.py:93} INFO - $GIT_PYTHON_REFRESH environment variable. Use one of the following values:
[2026-01-22T20:51:09.104+0000] {subprocess.py:93} INFO -     - quiet|q|silence|s|silent|none|n|0: for no message or exception
[2026-01-22T20:51:09.104+0000] {subprocess.py:93} INFO -     - warn|w|warning|log|l|1: for a warning message (logging level CRITICAL, displayed by default)
[2026-01-22T20:51:09.104+0000] {subprocess.py:93} INFO -     - error|e|exception|raise|r|2: for a raised exception
[2026-01-22T20:51:09.104+0000] {subprocess.py:93} INFO - 
[2026-01-22T20:51:09.104+0000] {subprocess.py:93} INFO - Example:
[2026-01-22T20:51:09.104+0000] {subprocess.py:93} INFO -     export GIT_PYTHON_REFRESH=quiet
[2026-01-22T20:51:09.104+0000] {subprocess.py:93} INFO - 
[2026-01-22T20:51:15.697+0000] {subprocess.py:93} INFO - 2026/01/22 20:51:15 WARNING mlflow.models.model: Model logged without a signature and input example. Please set `input_example` parameter when logging the model to auto infer the model signature.
[2026-01-22T20:51:16.959+0000] {subprocess.py:93} INFO - Registered model 'ProductDemandModel' already exists. Creating a new version of this model...
[2026-01-22T20:51:16.959+0000] {subprocess.py:93} INFO - 2026/01/22 20:51:16 INFO mlflow.store.model_registry.abstract_store: Waiting up to 300 seconds for model version to finish creation. Model name: ProductDemandModel, version 2
[2026-01-22T20:51:16.980+0000] {subprocess.py:93} INFO - Created version '2' of model 'ProductDemandModel'.
[2026-01-22T20:51:16.981+0000] {subprocess.py:93} INFO - 2026/01/22 20:51:16 INFO mlflow.tracking._tracking_service.client: 🏃 View run blushing-mink-916 at: http://mlflow:5000/#/experiments/1/runs/9e9f5df9a2f445f7a664c66775b150bb.
[2026-01-22T20:51:16.981+0000] {subprocess.py:93} INFO - 2026/01/22 20:51:16 INFO mlflow.tracking._tracking_service.client: 🧪 View experiment at: http://mlflow:5000/#/experiments/1.
[2026-01-22T20:51:16.996+0000] {subprocess.py:93} INFO - >>> Pobieranie danych treningowych z Gold...
[2026-01-22T20:51:16.996+0000] {subprocess.py:93} INFO - >>> Trenowanie modelu...
[2026-01-22T20:51:16.996+0000] {subprocess.py:93} INFO - Metrics: MSE=106.63676478765132, R2=-4.266013075933398
[2026-01-22T20:51:16.996+0000] {subprocess.py:93} INFO - >>> Model zapisany w MLflow! Run ID: 9e9f5df9a2f445f7a664c66775b150bb
[2026-01-22T20:51:17.523+0000] {subprocess.py:97} INFO - Command exited with return code 0
[2026-01-22T20:51:17.553+0000] {taskinstance.py:1398} INFO - Marking task as SUCCESS. dag_id=3_mlops_full_pipeline, task_id=mlflow_training, execution_date=20260122T205041, start_date=20260122T205104, end_date=20260122T205117
[2026-01-22T20:51:17.598+0000] {local_task_job_runner.py:228} INFO - Task exited with return code 0
[2026-01-22T20:51:17.613+0000] {taskinstance.py:2776} INFO - 0 downstream tasks scheduled from follow-on schedule check
