[2026-01-22T22:16:59.375+0000] {taskinstance.py:1157} INFO - Dependencies all met for dep_context=non-requeueable deps ti=<TaskInstance: 3_mlops_full_pipeline.ingest_to_bronze manual__2026-01-22T22:16:41.647610+00:00 [queued]>
[2026-01-22T22:16:59.386+0000] {taskinstance.py:1157} INFO - Dependencies all met for dep_context=requeueable deps ti=<TaskInstance: 3_mlops_full_pipeline.ingest_to_bronze manual__2026-01-22T22:16:41.647610+00:00 [queued]>
[2026-01-22T22:16:59.386+0000] {taskinstance.py:1359} INFO - Starting attempt 1 of 1
[2026-01-22T22:16:59.402+0000] {taskinstance.py:1380} INFO - Executing <Task(BashOperator): ingest_to_bronze> on 2026-01-22 22:16:41.647610+00:00
[2026-01-22T22:16:59.408+0000] {standard_task_runner.py:57} INFO - Started process 2089 to run task
[2026-01-22T22:16:59.411+0000] {standard_task_runner.py:84} INFO - Running: ['***', 'tasks', 'run', '3_mlops_full_pipeline', 'ingest_to_bronze', 'manual__2026-01-22T22:16:41.647610+00:00', '--job-id', '102', '--raw', '--subdir', 'DAGS_FOLDER/mlops_pipeline.py', '--cfg-path', '/tmp/tmpblld1c_r']
[2026-01-22T22:16:59.414+0000] {standard_task_runner.py:85} INFO - Job 102: Subtask ingest_to_bronze
[2026-01-22T22:16:59.465+0000] {task_command.py:415} INFO - Running <TaskInstance: 3_mlops_full_pipeline.ingest_to_bronze manual__2026-01-22T22:16:41.647610+00:00 [running]> on host 24f0deffc5ba
[2026-01-22T22:16:59.547+0000] {taskinstance.py:1660} INFO - Exporting env vars: AIRFLOW_CTX_DAG_OWNER='***' AIRFLOW_CTX_DAG_ID='3_mlops_full_pipeline' AIRFLOW_CTX_TASK_ID='ingest_to_bronze' AIRFLOW_CTX_EXECUTION_DATE='2026-01-22T22:16:41.647610+00:00' AIRFLOW_CTX_TRY_NUMBER='1' AIRFLOW_CTX_DAG_RUN_ID='manual__2026-01-22T22:16:41.647610+00:00'
[2026-01-22T22:16:59.549+0000] {subprocess.py:63} INFO - Tmp dir root location: /tmp
[2026-01-22T22:16:59.550+0000] {subprocess.py:75} INFO - Running command: ['/bin/bash', '-c', 'python /opt/***/dags/ingest_postgres_to_bronze.py']
[2026-01-22T22:16:59.561+0000] {subprocess.py:86} INFO - Output:
[2026-01-22T22:17:00.887+0000] {subprocess.py:93} INFO - /opt/***/dags/ingest_postgres_to_bronze.py:20: UserWarning: pandas only supports SQLAlchemy connectable (engine/connection) or database string URI or sqlite3 DBAPI2 connection. Other DBAPI2 objects are not tested. Please consider using SQLAlchemy.
[2026-01-22T22:17:00.888+0000] {subprocess.py:93} INFO -   df = pd.read_sql(query, conn)
[2026-01-22T22:17:00.888+0000] {subprocess.py:93} INFO - >>> [Ingest] Łączenie z Postgres...
[2026-01-22T22:17:00.888+0000] {subprocess.py:93} INFO - >>> [Ingest] Zapisywanie 5286 wierszy do: s3://bronze/data/orders/orders_20260122221700.parquet
[2026-01-22T22:17:00.888+0000] {subprocess.py:93} INFO - >>> Sukces!
[2026-01-22T22:17:01.074+0000] {subprocess.py:97} INFO - Command exited with return code 0
[2026-01-22T22:17:01.101+0000] {taskinstance.py:1398} INFO - Marking task as SUCCESS. dag_id=3_mlops_full_pipeline, task_id=ingest_to_bronze, execution_date=20260122T221641, start_date=20260122T221659, end_date=20260122T221701
[2026-01-22T22:17:01.151+0000] {local_task_job_runner.py:228} INFO - Task exited with return code 0
[2026-01-22T22:17:01.178+0000] {taskinstance.py:2776} INFO - 0 downstream tasks scheduled from follow-on schedule check
